[ 2015-05-09T15:31:55+08:00 ] 127.0.0.1 /miao/index.php?s=/Erp/index.html
INFO: [ app_begin ] --START--
INFO: Run Behavior\ReadHtmlCacheBehavior [ RunTime:0.000384s ]
INFO: Run Behavior\CheckLangBehavior [ RunTime:0.000376s ]
INFO: [ app_begin ] --END-- [ RunTime:0.001073s ]
ERR: 无法加载控制器:Index

[ 2015-05-09T15:32:54+08:00 ] 127.0.0.1 /miao/index.php?s=/Erp/index.html
INFO: [ app_begin ] --START--
INFO: Run Behavior\ReadHtmlCacheBehavior [ RunTime:0.000265s ]
INFO: Run Behavior\CheckLangBehavior [ RunTime:0.000205s ]
INFO: [ app_begin ] --END-- [ RunTime:0.000684s ]
INFO: [ view_parse ] --START--
INFO: [ template_filter ] --START--
INFO: Run Behavior\ContentReplaceBehavior [ RunTime:0.000063s ]
INFO: [ template_filter ] --END-- [ RunTime:0.000125s ]
INFO: Run Behavior\ParseTemplateBehavior [ RunTime:0.014861s ]
INFO: [ view_parse ] --END-- [ RunTime:0.014951s ]
INFO: [ view_filter ] --START--
INFO: Run Behavior\WriteHtmlCacheBehavior [ RunTime:0.000219s ]
INFO: [ view_filter ] --END-- [ RunTime:0.000288s ]
INFO: [ app_end ] --START--
INFO: Run Behavior\ShowPageTraceBehavior [ RunTime:0.000722s ]
INFO: [ app_end ] --END-- [ RunTime:0.000798s ]

[ 2015-05-09T15:33:08+08:00 ] 127.0.0.1 /miao/index.php?s=/Erp/index.html
INFO: [ app_begin ] --START--
INFO: Run Behavior\ReadHtmlCacheBehavior [ RunTime:0.000614s ]
INFO: Run Behavior\CheckLangBehavior [ RunTime:0.000363s ]
INFO: [ app_begin ] --END-- [ RunTime:0.001528s ]
INFO: [ view_parse ] --START--
INFO: [ template_filter ] --START--
INFO: Run Behavior\ContentReplaceBehavior [ RunTime:0.000032s ]
INFO: [ template_filter ] --END-- [ RunTime:0.000065s ]
INFO: Run Behavior\ParseTemplateBehavior [ RunTime:0.001455s ]
INFO: [ view_parse ] --END-- [ RunTime:0.001493s ]
INFO: [ view_filter ] --START--
INFO: Run Behavior\WriteHtmlCacheBehavior [ RunTime:0.000111s ]
INFO: [ view_filter ] --END-- [ RunTime:0.000137s ]
INFO: [ app_end ] --START--
INFO: Run Behavior\ShowPageTraceBehavior [ RunTime:0.000340s ]
INFO: [ app_end ] --END-- [ RunTime:0.000368s ]

[ 2015-05-09T15:36:25+08:00 ] 127.0.0.1 /miao/index.php?s=/Erp/index.html
INFO: [ app_begin ] --START--
INFO: Run Behavior\ReadHtmlCacheBehavior [ RunTime:0.000340s ]
INFO: Run Behavior\CheckLangBehavior [ RunTime:0.000238s ]
INFO: [ app_begin ] --END-- [ RunTime:0.000824s ]
INFO: [ app_end ] --START--
INFO: Run Behavior\ShowPageTraceBehavior [ RunTime:0.000353s ]
INFO: [ app_end ] --END-- [ RunTime:0.000397s ]

[ 2015-05-09T15:38:28+08:00 ] 127.0.0.1 /miao/index.php?s=/Erp/index.html
INFO: [ app_begin ] --START--
INFO: Run Behavior\ReadHtmlCacheBehavior [ RunTime:0.000445s ]
INFO: Run Behavior\CheckLangBehavior [ RunTime:0.000339s ]
INFO: [ app_begin ] --END-- [ RunTime:0.001118s ]
INFO: [ app_end ] --START--
INFO: Run Behavior\ShowPageTraceBehavior [ RunTime:0.000671s ]
INFO: [ app_end ] --END-- [ RunTime:0.000739s ]

[ 2015-05-09T15:39:05+08:00 ] 127.0.0.1 /miao/index.php?s=/Erp/index.html
INFO: [ app_begin ] --START--
INFO: Run Behavior\ReadHtmlCacheBehavior [ RunTime:0.000300s ]
INFO: Run Behavior\CheckLangBehavior [ RunTime:0.000227s ]
INFO: [ app_begin ] --END-- [ RunTime:0.000771s ]
INFO: [ app_end ] --START--
INFO: Run Behavior\ShowPageTraceBehavior [ RunTime:0.000337s ]
INFO: [ app_end ] --END-- [ RunTime:0.000379s ]

[ 2015-05-09T15:39:26+08:00 ] 127.0.0.1 /miao/index.php?s=/Erp/index.html
INFO: [ app_begin ] --START--
INFO: Run Behavior\ReadHtmlCacheBehavior [ RunTime:0.000451s ]
INFO: Run Behavior\CheckLangBehavior [ RunTime:0.000329s ]
INFO: [ app_begin ] --END-- [ RunTime:0.001124s ]
INFO: [ app_end ] --START--
INFO: Run Behavior\ShowPageTraceBehavior [ RunTime:0.000710s ]
INFO: [ app_end ] --END-- [ RunTime:0.000797s ]

[ 2015-05-09T15:40:06+08:00 ] 127.0.0.1 /miao/index.php?s=/Erp/index.html
INFO: [ app_begin ] --START--
INFO: Run Behavior\ReadHtmlCacheBehavior [ RunTime:0.000437s ]
INFO: Run Behavior\CheckLangBehavior [ RunTime:0.000332s ]
INFO: [ app_begin ] --END-- [ RunTime:0.001103s ]
INFO: [ app_end ] --START--
INFO: Run Behavior\ShowPageTraceBehavior [ RunTime:0.000418s ]
INFO: [ app_end ] --END-- [ RunTime:0.000462s ]

[ 2015-05-09T15:42:01+08:00 ] 127.0.0.1 /miao/index.php?s=/Erp/index.html
INFO: [ app_begin ] --START--
INFO: Run Behavior\ReadHtmlCacheBehavior [ RunTime:0.000280s ]
INFO: Run Behavior\CheckLangBehavior [ RunTime:0.000211s ]
INFO: [ app_begin ] --END-- [ RunTime:0.000718s ]
INFO: [ app_end ] --START--
INFO: Run Behavior\ShowPageTraceBehavior [ RunTime:0.000399s ]
INFO: [ app_end ] --END-- [ RunTime:0.000442s ]

[ 2015-05-09T15:45:01+08:00 ] 127.0.0.1 /miao/index.php?s=/Erp/index.html
INFO: [ app_begin ] --START--
INFO: Run Behavior\ReadHtmlCacheBehavior [ RunTime:0.000641s ]
INFO: Run Behavior\CheckLangBehavior [ RunTime:0.000677s ]
INFO: [ app_begin ] --END-- [ RunTime:0.001853s ]
INFO: [ app_end ] --START--
INFO: Run Behavior\ShowPageTraceBehavior [ RunTime:0.000423s ]
INFO: [ app_end ] --END-- [ RunTime:0.000467s ]

[ 2015-05-09T15:46:48+08:00 ] 127.0.0.1 /miao/index.php?s=/Erp/index.html
INFO: [ app_begin ] --START--
INFO: Run Behavior\ReadHtmlCacheBehavior [ RunTime:0.000333s ]
INFO: Run Behavior\CheckLangBehavior [ RunTime:0.000230s ]
INFO: [ app_begin ] --END-- [ RunTime:0.000831s ]
NOTIC: [8] Undefined variable: arr /Library/WebServer/Documents/miao/Application/Erp/Controller/IndexController.class.php 第 40 行.
INFO: [ app_end ] --START--
INFO: Run Behavior\ShowPageTraceBehavior [ RunTime:0.000422s ]
INFO: [ app_end ] --END-- [ RunTime:0.000459s ]

[ 2015-05-09T15:46:50+08:00 ] 127.0.0.1 /miao/index.php?s=/Erp/index.html
INFO: [ app_begin ] --START--
INFO: Run Behavior\ReadHtmlCacheBehavior [ RunTime:0.000435s ]
INFO: Run Behavior\CheckLangBehavior [ RunTime:0.000327s ]
INFO: [ app_begin ] --END-- [ RunTime:0.001085s ]
NOTIC: [8] Undefined variable: arr /Library/WebServer/Documents/miao/Application/Erp/Controller/IndexController.class.php 第 40 行.
INFO: [ app_end ] --START--
INFO: Run Behavior\ShowPageTraceBehavior [ RunTime:0.000385s ]
INFO: [ app_end ] --END-- [ RunTime:0.000422s ]

[ 2015-05-09T15:47:56+08:00 ] 127.0.0.1 /miao/index.php?s=/Erp/index.html
INFO: [ app_begin ] --START--
INFO: Run Behavior\ReadHtmlCacheBehavior [ RunTime:0.000328s ]
INFO: Run Behavior\CheckLangBehavior [ RunTime:0.000245s ]
INFO: [ app_begin ] --END-- [ RunTime:0.000830s ]
INFO: [ app_end ] --START--
INFO: Run Behavior\ShowPageTraceBehavior [ RunTime:0.000446s ]
INFO: [ app_end ] --END-- [ RunTime:0.000498s ]

[ 2015-05-09T15:52:10+08:00 ] 127.0.0.1 /miao/index.php?s=/Erp/index.html
INFO: [ app_begin ] --START--
INFO: Run Behavior\ReadHtmlCacheBehavior [ RunTime:0.000595s ]
INFO: Run Behavior\CheckLangBehavior [ RunTime:0.000521s ]
INFO: [ app_begin ] --END-- [ RunTime:0.001607s ]
INFO: [ app_end ] --START--
INFO: Run Behavior\ShowPageTraceBehavior [ RunTime:0.000422s ]
INFO: [ app_end ] --END-- [ RunTime:0.000478s ]

[ 2015-05-09T16:01:43+08:00 ] 127.0.0.1 /miao/index.php?s=/Erp/index.html
INFO: [ app_begin ] --START--
INFO: Run Behavior\ReadHtmlCacheBehavior [ RunTime:0.000319s ]
INFO: Run Behavior\CheckLangBehavior [ RunTime:0.000248s ]
INFO: [ app_begin ] --END-- [ RunTime:0.000825s ]
ERR: Invalid cell coordinate 6K

[ 2015-05-09T16:01:53+08:00 ] 127.0.0.1 /miao/index.php?s=/Erp/index.html
INFO: [ app_begin ] --START--
INFO: Run Behavior\ReadHtmlCacheBehavior [ RunTime:0.000340s ]
INFO: Run Behavior\CheckLangBehavior [ RunTime:0.000243s ]
INFO: [ app_begin ] --END-- [ RunTime:0.000830s ]
ERR: Invalid cell coordinate 6K

[ 2015-05-09T16:02:08+08:00 ] 127.0.0.1 /miao/index.php?s=/Erp/index.html
INFO: [ app_begin ] --START--
INFO: Run Behavior\ReadHtmlCacheBehavior [ RunTime:0.000320s ]
INFO: Run Behavior\CheckLangBehavior [ RunTime:0.000240s ]
INFO: [ app_begin ] --END-- [ RunTime:0.000804s ]
ERR: Invalid cell coordinate 6K

[ 2015-05-09T16:02:10+08:00 ] 127.0.0.1 /miao/index.php?s=/Erp/index.html
INFO: [ app_begin ] --START--
INFO: Run Behavior\ReadHtmlCacheBehavior [ RunTime:0.000300s ]
INFO: Run Behavior\CheckLangBehavior [ RunTime:0.000231s ]
INFO: [ app_begin ] --END-- [ RunTime:0.000772s ]
ERR: Invalid cell coordinate 6K

[ 2015-05-09T16:02:18+08:00 ] 127.0.0.1 /miao/index.php?s=/Erp/index.html
INFO: [ app_begin ] --START--
INFO: Run Behavior\ReadHtmlCacheBehavior [ RunTime:0.000290s ]
INFO: Run Behavior\CheckLangBehavior [ RunTime:0.000220s ]
INFO: [ app_begin ] --END-- [ RunTime:0.000745s ]
INFO: [ app_end ] --START--
INFO: Run Behavior\ShowPageTraceBehavior [ RunTime:0.000409s ]
INFO: [ app_end ] --END-- [ RunTime:0.000453s ]

[ 2015-05-09T16:02:31+08:00 ] 127.0.0.1 /miao/index.php?s=/Erp/index.html
INFO: [ app_begin ] --START--
INFO: Run Behavior\ReadHtmlCacheBehavior [ RunTime:0.000307s ]
INFO: Run Behavior\CheckLangBehavior [ RunTime:0.000261s ]
INFO: [ app_begin ] --END-- [ RunTime:0.000816s ]

[ 2015-05-09T16:03:11+08:00 ] 127.0.0.1 /miao/index.php?s=/Erp/index.html
INFO: [ app_begin ] --START--
INFO: Run Behavior\ReadHtmlCacheBehavior [ RunTime:0.000313s ]
INFO: Run Behavior\CheckLangBehavior [ RunTime:0.000240s ]
INFO: [ app_begin ] --END-- [ RunTime:0.000805s ]

[ 2015-05-09T16:04:21+08:00 ] 127.0.0.1 /miao/index.php?s=/Erp/index.html
INFO: [ app_begin ] --START--
INFO: Run Behavior\ReadHtmlCacheBehavior [ RunTime:0.000325s ]
INFO: Run Behavior\CheckLangBehavior [ RunTime:0.000241s ]
INFO: [ app_begin ] --END-- [ RunTime:0.000815s ]

[ 2015-05-09T16:04:28+08:00 ] 127.0.0.1 /miao/index.php?s=/Erp/index.html
INFO: [ app_begin ] --START--
INFO: Run Behavior\ReadHtmlCacheBehavior [ RunTime:0.000362s ]
INFO: Run Behavior\CheckLangBehavior [ RunTime:0.000245s ]
INFO: [ app_begin ] --END-- [ RunTime:0.000852s ]

[ 2015-05-09T16:12:25+08:00 ] 127.0.0.1 /miao/index.php?s=/Erp/index.html
INFO: [ app_begin ] --START--
INFO: Run Behavior\ReadHtmlCacheBehavior [ RunTime:0.000532s ]
INFO: Run Behavior\CheckLangBehavior [ RunTime:0.000420s ]
INFO: [ app_begin ] --END-- [ RunTime:0.001382s ]

[ 2015-05-09T16:16:50+08:00 ] 127.0.0.1 /miao/index.php?s=/Erp/index.html
INFO: [ app_begin ] --START--
INFO: Run Behavior\ReadHtmlCacheBehavior [ RunTime:0.000433s ]
INFO: Run Behavior\CheckLangBehavior [ RunTime:0.000332s ]
INFO: [ app_begin ] --END-- [ RunTime:0.001097s ]

[ 2015-05-09T16:20:45+08:00 ] 127.0.0.1 /miao/index.php?s=/Erp/index.html
INFO: [ app_begin ] --START--
INFO: Run Behavior\ReadHtmlCacheBehavior [ RunTime:0.000316s ]
INFO: Run Behavior\CheckLangBehavior [ RunTime:0.000242s ]
INFO: [ app_begin ] --END-- [ RunTime:0.000821s ]

[ 2015-05-09T16:20:51+08:00 ] 127.0.0.1 /miao/index.php?s=/Erp/index.html
INFO: [ app_begin ] --START--
INFO: Run Behavior\ReadHtmlCacheBehavior [ RunTime:0.000424s ]
INFO: Run Behavior\CheckLangBehavior [ RunTime:0.000339s ]
INFO: [ app_begin ] --END-- [ RunTime:0.001099s ]
NOTIC: [8] Undefined variable: currentRow /Library/WebServer/Documents/miao/Application/Erp/Controller/IndexController.class.php 第 39 行.
INFO: [ app_end ] --START--
INFO: Run Behavior\ShowPageTraceBehavior [ RunTime:0.000401s ]
INFO: [ app_end ] --END-- [ RunTime:0.000438s ]

[ 2015-05-09T16:21:42+08:00 ] 127.0.0.1 /miao/index.php?s=/Erp/index.html
INFO: [ app_begin ] --START--
INFO: Run Behavior\ReadHtmlCacheBehavior [ RunTime:0.000307s ]
INFO: Run Behavior\CheckLangBehavior [ RunTime:0.000240s ]
INFO: [ app_begin ] --END-- [ RunTime:0.000795s ]

[ 2015-05-09T16:24:23+08:00 ] 127.0.0.1 /miao/index.php?s=/Erp/index.html
INFO: [ app_begin ] --START--
INFO: Run Behavior\ReadHtmlCacheBehavior [ RunTime:0.000278s ]
INFO: Run Behavior\CheckLangBehavior [ RunTime:0.000213s ]
INFO: [ app_begin ] --END-- [ RunTime:0.000713s ]

[ 2015-05-09T16:31:51+08:00 ] 127.0.0.1 /miao/index.php?s=/Erp/index.html
INFO: [ app_begin ] --START--
INFO: Run Behavior\ReadHtmlCacheBehavior [ RunTime:0.000428s ]
INFO: Run Behavior\CheckLangBehavior [ RunTime:0.000352s ]
INFO: [ app_begin ] --END-- [ RunTime:0.001112s ]
NOTIC: [8] Use of undefined constant i - assumed 'i' /Library/WebServer/Documents/miao/Application/Erp/Controller/IndexController.class.php 第 41 行.
NOTIC: [8] Undefined index: i /Library/WebServer/Documents/miao/Application/Erp/Controller/IndexController.class.php 第 41 行.
ERR: Invalid cell coordinate 6

[ 2015-05-09T16:32:22+08:00 ] 127.0.0.1 /miao/index.php?s=/Erp/index.html
INFO: [ app_begin ] --START--
INFO: Run Behavior\ReadHtmlCacheBehavior [ RunTime:0.000520s ]
INFO: Run Behavior\CheckLangBehavior [ RunTime:0.000444s ]
INFO: [ app_begin ] --END-- [ RunTime:0.001355s ]

[ 2015-05-09T16:32:34+08:00 ] 127.0.0.1 /miao/index.php?s=/Erp/index.html
INFO: [ app_begin ] --START--
INFO: Run Behavior\ReadHtmlCacheBehavior [ RunTime:0.000355s ]
INFO: Run Behavior\CheckLangBehavior [ RunTime:0.000239s ]
INFO: [ app_begin ] --END-- [ RunTime:0.000921s ]

[ 2015-05-09T16:32:55+08:00 ] 127.0.0.1 /miao/index.php?s=/Erp/index.html
INFO: [ app_begin ] --START--
INFO: Run Behavior\ReadHtmlCacheBehavior [ RunTime:0.000307s ]
INFO: Run Behavior\CheckLangBehavior [ RunTime:0.000232s ]
INFO: [ app_begin ] --END-- [ RunTime:0.000837s ]
NOTIC: [8] Undefined offset: 52 /Library/WebServer/Documents/miao/Application/Erp/Controller/IndexController.class.php 第 41 行.
ERR: Invalid cell coordinate 6

[ 2015-05-09T16:33:03+08:00 ] 127.0.0.1 /miao/index.php?s=/Erp/index.html
INFO: [ app_begin ] --START--
INFO: Run Behavior\ReadHtmlCacheBehavior [ RunTime:0.000314s ]
INFO: Run Behavior\CheckLangBehavior [ RunTime:0.000238s ]
INFO: [ app_begin ] --END-- [ RunTime:0.000806s ]
NOTIC: [8] Undefined offset: 52 /Library/WebServer/Documents/miao/Application/Erp/Controller/IndexController.class.php 第 41 行.
ERR: Invalid cell coordinate 6

[ 2015-05-09T16:33:08+08:00 ] 127.0.0.1 /miao/index.php?s=/Erp/index.html
INFO: [ app_begin ] --START--
INFO: Run Behavior\ReadHtmlCacheBehavior [ RunTime:0.000435s ]
INFO: Run Behavior\CheckLangBehavior [ RunTime:0.000381s ]
INFO: [ app_begin ] --END-- [ RunTime:0.001169s ]
NOTIC: [8] Undefined offset: 52 /Library/WebServer/Documents/miao/Application/Erp/Controller/IndexController.class.php 第 41 行.
ERR: Invalid cell coordinate 6

[ 2015-05-09T16:33:37+08:00 ] 127.0.0.1 /miao/index.php?s=/Erp/index.html
INFO: [ app_begin ] --START--
INFO: Run Behavior\ReadHtmlCacheBehavior [ RunTime:0.000525s ]
INFO: Run Behavior\CheckLangBehavior [ RunTime:0.000349s ]
INFO: [ app_begin ] --END-- [ RunTime:0.001266s ]
NOTIC: [8] Undefined offset: 30 /Library/WebServer/Documents/miao/Application/Erp/Controller/IndexController.class.php 第 39 行.
ERR: Invalid cell coordinate 6

[ 2015-05-09T16:33:53+08:00 ] 127.0.0.1 /miao/index.php?s=/Erp/index.html
INFO: [ app_begin ] --START--
INFO: Run Behavior\ReadHtmlCacheBehavior [ RunTime:0.000434s ]
INFO: Run Behavior\CheckLangBehavior [ RunTime:0.000340s ]
INFO: [ app_begin ] --END-- [ RunTime:0.001119s ]
NOTIC: [8] Undefined offset: 30 /Library/WebServer/Documents/miao/Application/Erp/Controller/IndexController.class.php 第 39 行.
ERR: Invalid cell coordinate 6

[ 2015-05-09T16:34:23+08:00 ] 127.0.0.1 /miao/index.php?s=/Erp/index.html
INFO: [ app_begin ] --START--
INFO: Run Behavior\ReadHtmlCacheBehavior [ RunTime:0.000309s ]
INFO: Run Behavior\CheckLangBehavior [ RunTime:0.000244s ]
INFO: [ app_begin ] --END-- [ RunTime:0.000798s ]

[ 2015-05-09T16:34:49+08:00 ] 127.0.0.1 /miao/index.php?s=/Erp/index.html
INFO: [ app_begin ] --START--
INFO: Run Behavior\ReadHtmlCacheBehavior [ RunTime:0.000281s ]
INFO: Run Behavior\CheckLangBehavior [ RunTime:0.000212s ]
INFO: [ app_begin ] --END-- [ RunTime:0.000722s ]

[ 2015-05-09T16:35:48+08:00 ] 127.0.0.1 /miao/index.php?s=/Erp/index.html
INFO: [ app_begin ] --START--
INFO: Run Behavior\ReadHtmlCacheBehavior [ RunTime:0.000308s ]
INFO: Run Behavior\CheckLangBehavior [ RunTime:0.000212s ]
INFO: [ app_begin ] --END-- [ RunTime:0.000775s ]
NOTIC: [2] array_push() expects parameter 1 to be array, null given /Library/WebServer/Documents/miao/Application/Erp/Controller/IndexController.class.php 第 42 行.
NOTIC: [2] array_push() expects parameter 1 to be array, null given /Library/WebServer/Documents/miao/Application/Erp/Controller/IndexController.class.php 第 42 行.
NOTIC: [2] array_push() expects parameter 1 to be array, null given /Library/WebServer/Documents/miao/Application/Erp/Controller/IndexController.class.php 第 42 行.
NOTIC: [2] array_push() expects parameter 1 to be array, null given /Library/WebServer/Documents/miao/Application/Erp/Controller/IndexController.class.php 第 42 行.
NOTIC: [2] array_push() expects parameter 1 to be array, null given /Library/WebServer/Documents/miao/Application/Erp/Controller/IndexController.class.php 第 42 行.
NOTIC: [2] array_push() expects parameter 1 to be array, null given /Library/WebServer/Documents/miao/Application/Erp/Controller/IndexController.class.php 第 42 行.
NOTIC: [2] array_push() expects parameter 1 to be array, null given /Library/WebServer/Documents/miao/Application/Erp/Controller/IndexController.class.php 第 42 行.
NOTIC: [2] array_push() expects parameter 1 to be array, null given /Library/WebServer/Documents/miao/Application/Erp/Controller/IndexController.class.php 第 42 行.
NOTIC: [2] array_push() expects parameter 1 to be array, null given /Library/WebServer/Documents/miao/Application/Erp/Controller/IndexController.class.php 第 42 行.
NOTIC: [2] array_push() expects parameter 1 to be array, null given /Library/WebServer/Documents/miao/Application/Erp/Controller/IndexController.class.php 第 42 行.
NOTIC: [2] array_push() expects parameter 1 to be array, null given /Library/WebServer/Documents/miao/Application/Erp/Controller/IndexController.class.php 第 42 行.
NOTIC: [2] array_push() expects parameter 1 to be array, null given /Library/WebServer/Documents/miao/Application/Erp/Controller/IndexController.class.php 第 42 行.
NOTIC: [2] array_push() expects parameter 1 to be array, null given /Library/WebServer/Documents/miao/Application/Erp/Controller/IndexController.class.php 第 42 行.
NOTIC: [2] array_push() expects parameter 1 to be array, null given /Library/WebServer/Documents/miao/Application/Erp/Controller/IndexController.class.php 第 42 行.
NOTIC: [2] array_push() expects parameter 1 to be array, null given /Library/WebServer/Documents/miao/Application/Erp/Controller/IndexController.class.php 第 42 行.
NOTIC: [2] array_push() expects parameter 1 to be array, null given /Library/WebServer/Documents/miao/Application/Erp/Controller/IndexController.class.php 第 42 行.
NOTIC: [2] array_push() expects parameter 1 to be array, null given /Library/WebServer/Documents/miao/Application/Erp/Controller/IndexController.class.php 第 42 行.
NOTIC: [2] array_push() expects parameter 1 to be array, null given /Library/WebServer/Documents/miao/Application/Erp/Controller/IndexController.class.php 第 42 行.
NOTIC: [2] array_push() expects parameter 1 to be array, null given /Library/WebServer/Documents/miao/Application/Erp/Controller/IndexController.class.php 第 42 行.
NOTIC: [2] array_push() expects parameter 1 to be array, null given /Library/WebServer/Documents/miao/Application/Erp/Controller/IndexController.class.php 第 42 行.
NOTIC: [2] array_push() expects parameter 1 to be array, null given /Library/WebServer/Documents/miao/Application/Erp/Controller/IndexController.class.php 第 42 行.
NOTIC: [2] array_push() expects parameter 1 to be array, null given /Library/WebServer/Documents/miao/Application/Erp/Controller/IndexController.class.php 第 42 行.
NOTIC: [2] array_push() expects parameter 1 to be array, null given /Library/WebServer/Documents/miao/Application/Erp/Controller/IndexController.class.php 第 42 行.
NOTIC: [2] array_push() expects parameter 1 to be array, null given /Library/WebServer/Documents/miao/Application/Erp/Controller/IndexController.class.php 第 42 行.
NOTIC: [2] array_push() expects parameter 1 to be array, null given /Library/WebServer/Documents/miao/Application/Erp/Controller/IndexController.class.php 第 42 行.
NOTIC: [2] array_push() expects parameter 1 to be array, null given /Library/WebServer/Documents/miao/Application/Erp/Controller/IndexController.class.php 第 42 行.
NOTIC: [2] array_push() expects parameter 1 to be array, null given /Library/WebServer/Documents/miao/Application/Erp/Controller/IndexController.class.php 第 42 行.
NOTIC: [2] array_push() expects parameter 1 to be array, null given /Library/WebServer/Documents/miao/Application/Erp/Controller/IndexController.class.php 第 42 行.
NOTIC: [2] array_push() expects parameter 1 to be array, null given /Library/WebServer/Documents/miao/Application/Erp/Controller/IndexController.class.php 第 42 行.
NOTIC: [2] array_push() expects parameter 1 to be array, null given /Library/WebServer/Documents/miao/Application/Erp/Controller/IndexController.class.php 第 42 行.
NOTIC: [8] Undefined variable: arr /Library/WebServer/Documents/miao/Application/Erp/Controller/IndexController.class.php 第 44 行.

[ 2015-05-09T16:36:02+08:00 ] 127.0.0.1 /miao/index.php?s=/Erp/index.html
INFO: [ app_begin ] --START--
INFO: Run Behavior\ReadHtmlCacheBehavior [ RunTime:0.000494s ]
INFO: Run Behavior\CheckLangBehavior [ RunTime:0.000430s ]
INFO: [ app_begin ] --END-- [ RunTime:0.001218s ]
NOTIC: [2] array_push() expects parameter 1 to be array, null given /Library/WebServer/Documents/miao/Application/Erp/Controller/IndexController.class.php 第 42 行.
NOTIC: [2] array_push() expects parameter 1 to be array, null given /Library/WebServer/Documents/miao/Application/Erp/Controller/IndexController.class.php 第 42 行.
NOTIC: [2] array_push() expects parameter 1 to be array, null given /Library/WebServer/Documents/miao/Application/Erp/Controller/IndexController.class.php 第 42 行.
NOTIC: [2] array_push() expects parameter 1 to be array, null given /Library/WebServer/Documents/miao/Application/Erp/Controller/IndexController.class.php 第 42 行.
NOTIC: [2] array_push() expects parameter 1 to be array, null given /Library/WebServer/Documents/miao/Application/Erp/Controller/IndexController.class.php 第 42 行.
NOTIC: [2] array_push() expects parameter 1 to be array, null given /Library/WebServer/Documents/miao/Application/Erp/Controller/IndexController.class.php 第 42 行.
NOTIC: [2] array_push() expects parameter 1 to be array, null given /Library/WebServer/Documents/miao/Application/Erp/Controller/IndexController.class.php 第 42 行.
NOTIC: [2] array_push() expects parameter 1 to be array, null given /Library/WebServer/Documents/miao/Application/Erp/Controller/IndexController.class.php 第 42 行.
NOTIC: [2] array_push() expects parameter 1 to be array, null given /Library/WebServer/Documents/miao/Application/Erp/Controller/IndexController.class.php 第 42 行.
NOTIC: [2] array_push() expects parameter 1 to be array, null given /Library/WebServer/Documents/miao/Application/Erp/Controller/IndexController.class.php 第 42 行.
NOTIC: [2] array_push() expects parameter 1 to be array, null given /Library/WebServer/Documents/miao/Application/Erp/Controller/IndexController.class.php 第 42 行.
NOTIC: [2] array_push() expects parameter 1 to be array, null given /Library/WebServer/Documents/miao/Application/Erp/Controller/IndexController.class.php 第 42 行.
NOTIC: [2] array_push() expects parameter 1 to be array, null given /Library/WebServer/Documents/miao/Application/Erp/Controller/IndexController.class.php 第 42 行.
NOTIC: [2] array_push() expects parameter 1 to be array, null given /Library/WebServer/Documents/miao/Application/Erp/Controller/IndexController.class.php 第 42 行.
NOTIC: [2] array_push() expects parameter 1 to be array, null given /Library/WebServer/Documents/miao/Application/Erp/Controller/IndexController.class.php 第 42 行.
NOTIC: [2] array_push() expects parameter 1 to be array, null given /Library/WebServer/Documents/miao/Application/Erp/Controller/IndexController.class.php 第 42 行.
NOTIC: [2] array_push() expects parameter 1 to be array, null given /Library/WebServer/Documents/miao/Application/Erp/Controller/IndexController.class.php 第 42 行.
NOTIC: [2] array_push() expects parameter 1 to be array, null given /Library/WebServer/Documents/miao/Application/Erp/Controller/IndexController.class.php 第 42 行.
NOTIC: [2] array_push() expects parameter 1 to be array, null given /Library/WebServer/Documents/miao/Application/Erp/Controller/IndexController.class.php 第 42 行.
NOTIC: [2] array_push() expects parameter 1 to be array, null given /Library/WebServer/Documents/miao/Application/Erp/Controller/IndexController.class.php 第 42 行.
NOTIC: [2] array_push() expects parameter 1 to be array, null given /Library/WebServer/Documents/miao/Application/Erp/Controller/IndexController.class.php 第 42 行.
NOTIC: [2] array_push() expects parameter 1 to be array, null given /Library/WebServer/Documents/miao/Application/Erp/Controller/IndexController.class.php 第 42 行.
NOTIC: [2] array_push() expects parameter 1 to be array, null given /Library/WebServer/Documents/miao/Application/Erp/Controller/IndexController.class.php 第 42 行.
NOTIC: [2] array_push() expects parameter 1 to be array, null given /Library/WebServer/Documents/miao/Application/Erp/Controller/IndexController.class.php 第 42 行.
NOTIC: [2] array_push() expects parameter 1 to be array, null given /Library/WebServer/Documents/miao/Application/Erp/Controller/IndexController.class.php 第 42 行.
NOTIC: [2] array_push() expects parameter 1 to be array, null given /Library/WebServer/Documents/miao/Application/Erp/Controller/IndexController.class.php 第 42 行.
NOTIC: [2] array_push() expects parameter 1 to be array, null given /Library/WebServer/Documents/miao/Application/Erp/Controller/IndexController.class.php 第 42 行.
NOTIC: [2] array_push() expects parameter 1 to be array, null given /Library/WebServer/Documents/miao/Application/Erp/Controller/IndexController.class.php 第 42 行.
NOTIC: [2] array_push() expects parameter 1 to be array, null given /Library/WebServer/Documents/miao/Application/Erp/Controller/IndexController.class.php 第 42 行.
NOTIC: [2] array_push() expects parameter 1 to be array, null given /Library/WebServer/Documents/miao/Application/Erp/Controller/IndexController.class.php 第 42 行.

[ 2015-05-09T16:37:16+08:00 ] 127.0.0.1 /miao/index.php?s=/Erp/index.html
INFO: [ app_begin ] --START--
INFO: Run Behavior\ReadHtmlCacheBehavior [ RunTime:0.000523s ]
INFO: Run Behavior\CheckLangBehavior [ RunTime:0.000912s ]
INFO: [ app_begin ] --END-- [ RunTime:0.001914s ]

[ 2015-05-09T16:38:05+08:00 ] 127.0.0.1 /miao/index.php?s=/Erp/index.html
INFO: [ app_begin ] --START--
INFO: Run Behavior\ReadHtmlCacheBehavior [ RunTime:0.000339s ]
INFO: Run Behavior\CheckLangBehavior [ RunTime:0.000246s ]
INFO: [ app_begin ] --END-- [ RunTime:0.000894s ]

[ 2015-05-09T16:43:55+08:00 ] 127.0.0.1 /miao/index.php?s=/Erp/index.html
INFO: [ app_begin ] --START--
INFO: Run Behavior\ReadHtmlCacheBehavior [ RunTime:0.000332s ]
INFO: Run Behavior\CheckLangBehavior [ RunTime:0.000249s ]
INFO: [ app_begin ] --END-- [ RunTime:0.000838s ]

[ 2015-05-09T16:56:45+08:00 ] 127.0.0.1 /miao/index.php?s=/Erp/index.html
INFO: [ app_begin ] --START--
INFO: Run Behavior\ReadHtmlCacheBehavior [ RunTime:0.000402s ]
INFO: Run Behavior\CheckLangBehavior [ RunTime:0.000255s ]
INFO: [ app_begin ] --END-- [ RunTime:0.000927s ]

[ 2015-05-09T16:57:11+08:00 ] 127.0.0.1 /miao/index.php?s=/Erp/index.html
INFO: [ app_begin ] --START--
INFO: Run Behavior\ReadHtmlCacheBehavior [ RunTime:0.000306s ]
INFO: Run Behavior\CheckLangBehavior [ RunTime:0.000236s ]
INFO: [ app_begin ] --END-- [ RunTime:0.000786s ]

[ 2015-05-09T16:57:37+08:00 ] 127.0.0.1 /miao/index.php?s=/Erp/index.html
INFO: [ app_begin ] --START--
INFO: Run Behavior\ReadHtmlCacheBehavior [ RunTime:0.000336s ]
INFO: Run Behavior\CheckLangBehavior [ RunTime:0.000242s ]
INFO: [ app_begin ] --END-- [ RunTime:0.000824s ]

[ 2015-05-09T16:57:49+08:00 ] 127.0.0.1 /miao/index.php?s=/Erp/index.html
INFO: [ app_begin ] --START--
INFO: Run Behavior\ReadHtmlCacheBehavior [ RunTime:0.000328s ]
INFO: Run Behavior\CheckLangBehavior [ RunTime:0.000231s ]
INFO: [ app_begin ] --END-- [ RunTime:0.000792s ]

[ 2015-05-09T16:57:57+08:00 ] 127.0.0.1 /miao/index.php?s=/Erp/index.html
INFO: [ app_begin ] --START--
INFO: Run Behavior\ReadHtmlCacheBehavior [ RunTime:0.000416s ]
INFO: Run Behavior\CheckLangBehavior [ RunTime:0.000334s ]
INFO: [ app_begin ] --END-- [ RunTime:0.001080s ]

[ 2015-05-09T16:58:17+08:00 ] 127.0.0.1 /miao/index.php?s=/Erp/index.html
INFO: [ app_begin ] --START--
INFO: Run Behavior\ReadHtmlCacheBehavior [ RunTime:0.000279s ]
INFO: Run Behavior\CheckLangBehavior [ RunTime:0.000214s ]
INFO: [ app_begin ] --END-- [ RunTime:0.000715s ]

[ 2015-05-09T16:59:43+08:00 ] 127.0.0.1 /miao/index.php?s=/Erp/index.html
INFO: [ app_begin ] --START--
INFO: Run Behavior\ReadHtmlCacheBehavior [ RunTime:0.000461s ]
INFO: Run Behavior\CheckLangBehavior [ RunTime:0.000472s ]
INFO: [ app_begin ] --END-- [ RunTime:0.001338s ]

[ 2015-05-09T16:59:45+08:00 ] 127.0.0.1 /miao/index.php?s=/Erp/index.html
INFO: [ app_begin ] --START--
INFO: Run Behavior\ReadHtmlCacheBehavior [ RunTime:0.000438s ]
INFO: Run Behavior\CheckLangBehavior [ RunTime:0.000355s ]
INFO: [ app_begin ] --END-- [ RunTime:0.001139s ]

[ 2015-05-09T16:59:55+08:00 ] 127.0.0.1 /miao/index.php?s=/Erp/index.html
INFO: [ app_begin ] --START--
INFO: Run Behavior\ReadHtmlCacheBehavior [ RunTime:0.000333s ]
INFO: Run Behavior\CheckLangBehavior [ RunTime:0.000254s ]
INFO: [ app_begin ] --END-- [ RunTime:0.000820s ]

[ 2015-05-09T17:00:51+08:00 ] 127.0.0.1 /miao/index.php?s=/Erp/index.html
INFO: [ app_begin ] --START--
INFO: Run Behavior\ReadHtmlCacheBehavior [ RunTime:0.000730s ]
INFO: Run Behavior\CheckLangBehavior [ RunTime:0.000689s ]
INFO: [ app_begin ] --END-- [ RunTime:0.001796s ]

[ 2015-05-09T17:01:05+08:00 ] 127.0.0.1 /miao/index.php?s=/Erp/index.html
INFO: [ app_begin ] --START--
INFO: Run Behavior\ReadHtmlCacheBehavior [ RunTime:0.000307s ]
INFO: Run Behavior\CheckLangBehavior [ RunTime:0.000238s ]
INFO: [ app_begin ] --END-- [ RunTime:0.000791s ]

[ 2015-05-09T17:01:07+08:00 ] 127.0.0.1 /miao/index.php?s=/Erp/index.html
INFO: [ app_begin ] --START--
INFO: Run Behavior\ReadHtmlCacheBehavior [ RunTime:0.000573s ]
INFO: Run Behavior\CheckLangBehavior [ RunTime:0.000519s ]
INFO: [ app_begin ] --END-- [ RunTime:0.001576s ]

[ 2015-05-09T17:01:27+08:00 ] 127.0.0.1 /miao/index.php?s=/Erp/index.html
INFO: [ app_begin ] --START--
INFO: Run Behavior\ReadHtmlCacheBehavior [ RunTime:0.000461s ]
INFO: Run Behavior\CheckLangBehavior [ RunTime:0.000504s ]
INFO: [ app_begin ] --END-- [ RunTime:0.001348s ]

[ 2015-05-09T17:01:57+08:00 ] 127.0.0.1 /miao/index.php?s=/Erp/index.html
INFO: [ app_begin ] --START--
INFO: Run Behavior\ReadHtmlCacheBehavior [ RunTime:0.000320s ]
INFO: Run Behavior\CheckLangBehavior [ RunTime:0.000246s ]
INFO: [ app_begin ] --END-- [ RunTime:0.000825s ]

[ 2015-05-09T17:06:10+08:00 ] 127.0.0.1 /miao/index.php?s=/Erp/index.html
INFO: [ app_begin ] --START--
INFO: Run Behavior\ReadHtmlCacheBehavior [ RunTime:0.000712s ]
INFO: Run Behavior\CheckLangBehavior [ RunTime:0.000561s ]
INFO: [ app_begin ] --END-- [ RunTime:0.001918s ]

[ 2015-05-09T17:10:37+08:00 ] 127.0.0.1 /miao/index.php?s=/Erp/index.html
INFO: [ app_begin ] --START--
INFO: Run Behavior\ReadHtmlCacheBehavior [ RunTime:0.000320s ]
INFO: Run Behavior\CheckLangBehavior [ RunTime:0.000249s ]
INFO: [ app_begin ] --END-- [ RunTime:0.000826s ]

[ 2015-05-09T17:11:13+08:00 ] 127.0.0.1 /miao/index.php?s=/Erp/index.html
INFO: [ app_begin ] --START--
INFO: Run Behavior\ReadHtmlCacheBehavior [ RunTime:0.000308s ]
INFO: Run Behavior\CheckLangBehavior [ RunTime:0.000242s ]
INFO: [ app_begin ] --END-- [ RunTime:0.000795s ]

[ 2015-05-09T17:12:09+08:00 ] 127.0.0.1 /miao/index.php?s=/Erp/index.html
INFO: [ app_begin ] --START--
INFO: Run Behavior\ReadHtmlCacheBehavior [ RunTime:0.000496s ]
INFO: Run Behavior\CheckLangBehavior [ RunTime:0.000331s ]
INFO: [ app_begin ] --END-- [ RunTime:0.001204s ]

[ 2015-05-09T17:12:28+08:00 ] 127.0.0.1 /miao/index.php?s=/Erp/index.html
INFO: [ app_begin ] --START--
INFO: Run Behavior\ReadHtmlCacheBehavior [ RunTime:0.000306s ]
INFO: Run Behavior\CheckLangBehavior [ RunTime:0.000222s ]
INFO: [ app_begin ] --END-- [ RunTime:0.000805s ]

[ 2015-05-09T17:13:07+08:00 ] 127.0.0.1 /miao/index.php?s=/Erp/index.html
INFO: [ app_begin ] --START--
INFO: Run Behavior\ReadHtmlCacheBehavior [ RunTime:0.000313s ]
INFO: Run Behavior\CheckLangBehavior [ RunTime:0.000241s ]
INFO: [ app_begin ] --END-- [ RunTime:0.000805s ]

[ 2015-05-09T17:13:08+08:00 ] 127.0.0.1 /miao/index.php?s=/Erp/index.html
INFO: [ app_begin ] --START--
INFO: Run Behavior\ReadHtmlCacheBehavior [ RunTime:0.000613s ]
INFO: Run Behavior\CheckLangBehavior [ RunTime:0.000575s ]
INFO: [ app_begin ] --END-- [ RunTime:0.001741s ]

[ 2015-05-09T17:13:27+08:00 ] 127.0.0.1 /miao/index.php?s=/Erp/index.html
INFO: [ app_begin ] --START--
INFO: Run Behavior\ReadHtmlCacheBehavior [ RunTime:0.000284s ]
INFO: Run Behavior\CheckLangBehavior [ RunTime:0.000216s ]
INFO: [ app_begin ] --END-- [ RunTime:0.000777s ]

[ 2015-05-09T17:14:29+08:00 ] 127.0.0.1 /miao/index.php?s=/Erp/index.html
INFO: [ app_begin ] --START--
INFO: Run Behavior\ReadHtmlCacheBehavior [ RunTime:0.000626s ]
INFO: Run Behavior\CheckLangBehavior [ RunTime:0.000342s ]
INFO: [ app_begin ] --END-- [ RunTime:0.001681s ]

[ 2015-05-09T17:15:35+08:00 ] 127.0.0.1 /miao/index.php?s=/Erp/index.html
INFO: [ app_begin ] --START--
INFO: Run Behavior\ReadHtmlCacheBehavior [ RunTime:0.000279s ]
INFO: Run Behavior\CheckLangBehavior [ RunTime:0.000213s ]
INFO: [ app_begin ] --END-- [ RunTime:0.000735s ]

[ 2015-05-09T17:16:43+08:00 ] 127.0.0.1 /miao/index.php?s=/Erp/index.html
INFO: [ app_begin ] --START--
INFO: Run Behavior\ReadHtmlCacheBehavior [ RunTime:0.000337s ]
INFO: Run Behavior\CheckLangBehavior [ RunTime:0.000219s ]
INFO: [ app_begin ] --END-- [ RunTime:0.000808s ]

[ 2015-05-09T17:17:14+08:00 ] 127.0.0.1 /miao/index.php?s=/Erp/index.html
INFO: [ app_begin ] --START--
INFO: Run Behavior\ReadHtmlCacheBehavior [ RunTime:0.000397s ]
INFO: Run Behavior\CheckLangBehavior [ RunTime:0.000263s ]
INFO: [ app_begin ] --END-- [ RunTime:0.000994s ]

[ 2015-05-09T17:17:29+08:00 ] 127.0.0.1 /miao/index.php?s=/Erp/index.html
INFO: [ app_begin ] --START--
INFO: Run Behavior\ReadHtmlCacheBehavior [ RunTime:0.000442s ]
INFO: Run Behavior\CheckLangBehavior [ RunTime:0.000332s ]
INFO: [ app_begin ] --END-- [ RunTime:0.001114s ]

[ 2015-05-09T17:19:22+08:00 ] 127.0.0.1 /miao/index.php?s=/Erp/index.html
INFO: [ app_begin ] --START--
INFO: Run Behavior\ReadHtmlCacheBehavior [ RunTime:0.000332s ]
INFO: Run Behavior\CheckLangBehavior [ RunTime:0.000215s ]
INFO: [ app_begin ] --END-- [ RunTime:0.000809s ]

[ 2015-05-09T17:23:15+08:00 ] 127.0.0.1 /miao/index.php?s=/Erp/index.html
INFO: [ app_begin ] --START--
INFO: Run Behavior\ReadHtmlCacheBehavior [ RunTime:0.000510s ]
INFO: Run Behavior\CheckLangBehavior [ RunTime:0.000392s ]
INFO: [ app_begin ] --END-- [ RunTime:0.001309s ]

[ 2015-05-09T17:23:16+08:00 ] 127.0.0.1 /miao/index.php?s=/Erp/index.html
INFO: [ app_begin ] --START--
INFO: Run Behavior\ReadHtmlCacheBehavior [ RunTime:0.000315s ]
INFO: Run Behavior\CheckLangBehavior [ RunTime:0.000234s ]
INFO: [ app_begin ] --END-- [ RunTime:0.000808s ]

[ 2015-05-09T17:24:32+08:00 ] 127.0.0.1 /miao/index.php?s=/Erp/index.html
INFO: [ app_begin ] --START--
INFO: Run Behavior\ReadHtmlCacheBehavior [ RunTime:0.000313s ]
INFO: Run Behavior\CheckLangBehavior [ RunTime:0.000241s ]
INFO: [ app_begin ] --END-- [ RunTime:0.000807s ]

[ 2015-05-09T17:25:06+08:00 ] 127.0.0.1 /miao/index.php?s=/Erp/index.html
INFO: [ app_begin ] --START--
INFO: Run Behavior\ReadHtmlCacheBehavior [ RunTime:0.000282s ]
INFO: Run Behavior\CheckLangBehavior [ RunTime:0.000214s ]
INFO: [ app_begin ] --END-- [ RunTime:0.000728s ]

[ 2015-05-09T17:26:30+08:00 ] 127.0.0.1 /miao/index.php?s=/Erp/index.html
INFO: [ app_begin ] --START--
INFO: Run Behavior\ReadHtmlCacheBehavior [ RunTime:0.000485s ]
INFO: Run Behavior\CheckLangBehavior [ RunTime:0.000357s ]
INFO: [ app_begin ] --END-- [ RunTime:0.001173s ]

[ 2015-05-09T17:31:08+08:00 ] 127.0.0.1 /miao/index.php?s=/Erp/index.html
INFO: [ app_begin ] --START--
INFO: Run Behavior\ReadHtmlCacheBehavior [ RunTime:0.000308s ]
INFO: Run Behavior\CheckLangBehavior [ RunTime:0.000244s ]
INFO: [ app_begin ] --END-- [ RunTime:0.000800s ]

[ 2015-05-09T17:31:46+08:00 ] 127.0.0.1 /miao/index.php?s=/Erp/index.html
INFO: [ app_begin ] --START--
INFO: Run Behavior\ReadHtmlCacheBehavior [ RunTime:0.000339s ]
INFO: Run Behavior\CheckLangBehavior [ RunTime:0.000259s ]
INFO: [ app_begin ] --END-- [ RunTime:0.000847s ]

[ 2015-05-09T17:31:54+08:00 ] 127.0.0.1 /miao/index.php?s=/Erp/index.html
INFO: [ app_begin ] --START--
INFO: Run Behavior\ReadHtmlCacheBehavior [ RunTime:0.000310s ]
INFO: Run Behavior\CheckLangBehavior [ RunTime:0.000292s ]
INFO: [ app_begin ] --END-- [ RunTime:0.000852s ]

[ 2015-05-09T17:32:00+08:00 ] 127.0.0.1 /miao/index.php?s=/Erp/index.html
INFO: [ app_begin ] --START--
INFO: Run Behavior\ReadHtmlCacheBehavior [ RunTime:0.000265s ]
INFO: Run Behavior\CheckLangBehavior [ RunTime:0.000208s ]
INFO: [ app_begin ] --END-- [ RunTime:0.000681s ]

[ 2015-05-09T17:32:16+08:00 ] 127.0.0.1 /miao/index.php?s=/Erp/index.html
INFO: [ app_begin ] --START--
INFO: Run Behavior\ReadHtmlCacheBehavior [ RunTime:0.000489s ]
INFO: Run Behavior\CheckLangBehavior [ RunTime:0.000343s ]
INFO: [ app_begin ] --END-- [ RunTime:0.001168s ]

[ 2015-05-09T17:32:23+08:00 ] 127.0.0.1 /miao/index.php?s=/Erp/index.html
INFO: [ app_begin ] --START--
INFO: Run Behavior\ReadHtmlCacheBehavior [ RunTime:0.000896s ]
INFO: Run Behavior\CheckLangBehavior [ RunTime:0.000485s ]
INFO: [ app_begin ] --END-- [ RunTime:0.001918s ]

[ 2015-05-09T17:32:28+08:00 ] 127.0.0.1 /miao/index.php?s=/Erp/index.html
INFO: [ app_begin ] --START--
INFO: Run Behavior\ReadHtmlCacheBehavior [ RunTime:0.000468s ]
INFO: Run Behavior\CheckLangBehavior [ RunTime:0.000451s ]
INFO: [ app_begin ] --END-- [ RunTime:0.001330s ]

[ 2015-05-09T17:32:34+08:00 ] 127.0.0.1 /miao/index.php?s=/Erp/index.html
INFO: [ app_begin ] --START--
INFO: Run Behavior\ReadHtmlCacheBehavior [ RunTime:0.000304s ]
INFO: Run Behavior\CheckLangBehavior [ RunTime:0.000231s ]
INFO: [ app_begin ] --END-- [ RunTime:0.000785s ]
NOTIC: [8] Uninitialized string offset: 5 /Library/WebServer/Documents/miao/Application/Erp/Controller/IndexController.class.php 第 44 行.

[ 2015-05-09T17:32:39+08:00 ] 127.0.0.1 /miao/index.php?s=/Erp/index.html
INFO: [ app_begin ] --START--
INFO: Run Behavior\ReadHtmlCacheBehavior [ RunTime:0.000714s ]
INFO: Run Behavior\CheckLangBehavior [ RunTime:0.000696s ]
INFO: [ app_begin ] --END-- [ RunTime:0.001925s ]

[ 2015-05-09T17:32:44+08:00 ] 127.0.0.1 /miao/index.php?s=/Erp/index.html
INFO: [ app_begin ] --START--
INFO: Run Behavior\ReadHtmlCacheBehavior [ RunTime:0.000280s ]
INFO: Run Behavior\CheckLangBehavior [ RunTime:0.000212s ]
INFO: [ app_begin ] --END-- [ RunTime:0.000783s ]

[ 2015-05-09T17:33:33+08:00 ] 127.0.0.1 /miao/index.php?s=/Erp/index.html
INFO: [ app_begin ] --START--
INFO: Run Behavior\ReadHtmlCacheBehavior [ RunTime:0.000277s ]
INFO: Run Behavior\CheckLangBehavior [ RunTime:0.000213s ]
INFO: [ app_begin ] --END-- [ RunTime:0.000715s ]

[ 2015-05-09T17:35:23+08:00 ] 127.0.0.1 /miao/index.php?s=/Erp/index.html
INFO: [ app_begin ] --START--
INFO: Run Behavior\ReadHtmlCacheBehavior [ RunTime:0.000427s ]
INFO: Run Behavior\CheckLangBehavior [ RunTime:0.000330s ]
INFO: [ app_begin ] --END-- [ RunTime:0.001091s ]

[ 2015-05-09T17:37:04+08:00 ] 127.0.0.1 /miao/index.php?s=/Erp/index.html
INFO: [ app_begin ] --START--
INFO: Run Behavior\ReadHtmlCacheBehavior [ RunTime:0.000458s ]
INFO: Run Behavior\CheckLangBehavior [ RunTime:0.000445s ]
INFO: [ app_begin ] --END-- [ RunTime:0.001249s ]

[ 2015-05-09T17:37:34+08:00 ] 127.0.0.1 /miao/index.php?s=/Erp/index.html
INFO: [ app_begin ] --START--
INFO: Run Behavior\ReadHtmlCacheBehavior [ RunTime:0.000347s ]
INFO: Run Behavior\CheckLangBehavior [ RunTime:0.000381s ]
INFO: [ app_begin ] --END-- [ RunTime:0.001007s ]

[ 2015-05-09T17:39:07+08:00 ] 127.0.0.1 /miao/index.php?s=/Erp/index.html
INFO: [ app_begin ] --START--
INFO: Run Behavior\ReadHtmlCacheBehavior [ RunTime:0.000321s ]
INFO: Run Behavior\CheckLangBehavior [ RunTime:0.000242s ]
INFO: [ app_begin ] --END-- [ RunTime:0.000819s ]

[ 2015-05-09T17:40:08+08:00 ] 127.0.0.1 /miao/index.php?s=/Erp/index.html
INFO: [ app_begin ] --START--
INFO: Run Behavior\ReadHtmlCacheBehavior [ RunTime:0.000308s ]
INFO: Run Behavior\CheckLangBehavior [ RunTime:0.000242s ]
INFO: [ app_begin ] --END-- [ RunTime:0.000796s ]

[ 2015-05-09T17:40:09+08:00 ] 127.0.0.1 /miao/index.php?s=/Erp/index.html
INFO: [ app_begin ] --START--
INFO: Run Behavior\ReadHtmlCacheBehavior [ RunTime:0.000425s ]
INFO: Run Behavior\CheckLangBehavior [ RunTime:0.000338s ]
INFO: [ app_begin ] --END-- [ RunTime:0.001094s ]

[ 2015-05-09T17:40:15+08:00 ] 127.0.0.1 /miao/index.php?s=/Erp/index.html
INFO: [ app_begin ] --START--
INFO: Run Behavior\ReadHtmlCacheBehavior [ RunTime:0.000281s ]
INFO: Run Behavior\CheckLangBehavior [ RunTime:0.000209s ]
INFO: [ app_begin ] --END-- [ RunTime:0.000710s ]

[ 2015-05-09T17:40:46+08:00 ] 127.0.0.1 /miao/index.php?s=/Erp/index.html
INFO: [ app_begin ] --START--
INFO: Run Behavior\ReadHtmlCacheBehavior [ RunTime:0.000467s ]
INFO: Run Behavior\CheckLangBehavior [ RunTime:0.000464s ]
INFO: [ app_begin ] --END-- [ RunTime:0.001343s ]

[ 2015-05-09T17:42:05+08:00 ] 127.0.0.1 /miao/index.php?s=/Erp/index.html
INFO: [ app_begin ] --START--
INFO: Run Behavior\ReadHtmlCacheBehavior [ RunTime:0.000287s ]
INFO: Run Behavior\CheckLangBehavior [ RunTime:0.000216s ]
INFO: [ app_begin ] --END-- [ RunTime:0.000799s ]

[ 2015-05-09T17:45:33+08:00 ] 127.0.0.1 /miao/index.php?s=/Erp/index.html
INFO: [ app_begin ] --START--
INFO: Run Behavior\ReadHtmlCacheBehavior [ RunTime:0.000434s ]
INFO: Run Behavior\CheckLangBehavior [ RunTime:0.000332s ]
INFO: [ app_begin ] --END-- [ RunTime:0.001113s ]

[ 2015-05-09T17:45:41+08:00 ] 127.0.0.1 /miao/index.php?s=/Erp/index.html
INFO: [ app_begin ] --START--
INFO: Run Behavior\ReadHtmlCacheBehavior [ RunTime:0.000279s ]
INFO: Run Behavior\CheckLangBehavior [ RunTime:0.000211s ]
INFO: [ app_begin ] --END-- [ RunTime:0.000763s ]

[ 2015-05-09T17:52:10+08:00 ] 127.0.0.1 /miao/index.php?s=/Erp/index.html
INFO: [ app_begin ] --START--
INFO: Run Behavior\ReadHtmlCacheBehavior [ RunTime:0.001119s ]
INFO: Run Behavior\CheckLangBehavior [ RunTime:0.000861s ]
INFO: [ app_begin ] --END-- [ RunTime:0.002836s ]

[ 2015-05-09T17:53:10+08:00 ] 127.0.0.1 /miao/index.php?s=/Erp/index.html
INFO: [ app_begin ] --START--
INFO: Run Behavior\ReadHtmlCacheBehavior [ RunTime:0.000347s ]
INFO: Run Behavior\CheckLangBehavior [ RunTime:0.000256s ]
INFO: [ app_begin ] --END-- [ RunTime:0.000930s ]

[ 2015-05-09T17:53:20+08:00 ] 127.0.0.1 /miao/index.php?s=/Erp/index.html
INFO: [ app_begin ] --START--
INFO: Run Behavior\ReadHtmlCacheBehavior [ RunTime:0.000502s ]
INFO: Run Behavior\CheckLangBehavior [ RunTime:0.000404s ]
INFO: [ app_begin ] --END-- [ RunTime:0.001294s ]

[ 2015-05-09T17:53:36+08:00 ] 127.0.0.1 /miao/index.php?s=/Erp/index.html
INFO: [ app_begin ] --START--
INFO: Run Behavior\ReadHtmlCacheBehavior [ RunTime:0.000314s ]
INFO: Run Behavior\CheckLangBehavior [ RunTime:0.000245s ]
INFO: [ app_begin ] --END-- [ RunTime:0.000809s ]

[ 2015-05-09T17:53:43+08:00 ] 127.0.0.1 /miao/index.php?s=/Erp/index.html
INFO: [ app_begin ] --START--
INFO: Run Behavior\ReadHtmlCacheBehavior [ RunTime:0.000309s ]
INFO: Run Behavior\CheckLangBehavior [ RunTime:0.000240s ]
INFO: [ app_begin ] --END-- [ RunTime:0.000791s ]

[ 2015-05-09T20:51:04+08:00 ] 127.0.0.1 /miao/index.php?s=/Erp/index.html
INFO: [ app_begin ] --START--
INFO: Run Behavior\ReadHtmlCacheBehavior [ RunTime:0.001037s ]
INFO: Run Behavior\CheckLangBehavior [ RunTime:0.000857s ]
INFO: [ app_begin ] --END-- [ RunTime:0.002669s ]

[ 2015-05-09T20:51:17+08:00 ] 127.0.0.1 /miao/index.php?s=/Erp/index.html
INFO: [ app_begin ] --START--
INFO: Run Behavior\ReadHtmlCacheBehavior [ RunTime:0.000502s ]
INFO: Run Behavior\CheckLangBehavior [ RunTime:0.000377s ]
INFO: [ app_begin ] --END-- [ RunTime:0.001389s ]

[ 2015-05-09T20:51:44+08:00 ] 127.0.0.1 /miao/index.php?s=/Erp/index.html
INFO: [ app_begin ] --START--
INFO: Run Behavior\ReadHtmlCacheBehavior [ RunTime:0.000446s ]
INFO: Run Behavior\CheckLangBehavior [ RunTime:0.000326s ]
INFO: [ app_begin ] --END-- [ RunTime:0.001095s ]

[ 2015-05-09T20:56:37+08:00 ] 127.0.0.1 /miao/index.php?s=/Erp/index.html
INFO: [ app_begin ] --START--
INFO: Run Behavior\ReadHtmlCacheBehavior [ RunTime:0.000602s ]
INFO: Run Behavior\CheckLangBehavior [ RunTime:0.000655s ]
INFO: [ app_begin ] --END-- [ RunTime:0.001856s ]

[ 2015-05-09T21:14:31+08:00 ] 127.0.0.1 /miao/index.php?s=/Erp/index.html
INFO: [ app_begin ] --START--
INFO: Run Behavior\ReadHtmlCacheBehavior [ RunTime:0.000872s ]
INFO: Run Behavior\CheckLangBehavior [ RunTime:0.000678s ]
INFO: [ app_begin ] --END-- [ RunTime:0.002163s ]

[ 2015-05-09T21:16:58+08:00 ] 127.0.0.1 /miao/index.php?s=/Erp/index.html
INFO: [ app_begin ] --START--
INFO: Run Behavior\ReadHtmlCacheBehavior [ RunTime:0.000947s ]
INFO: Run Behavior\CheckLangBehavior [ RunTime:0.001399s ]
INFO: [ app_begin ] --END-- [ RunTime:0.002973s ]

[ 2015-05-09T21:19:27+08:00 ] 127.0.0.1 /miao/index.php?s=/Erp/index.html
INFO: [ app_begin ] --START--
INFO: Run Behavior\ReadHtmlCacheBehavior [ RunTime:0.000967s ]
INFO: Run Behavior\CheckLangBehavior [ RunTime:0.000722s ]
INFO: [ app_begin ] --END-- [ RunTime:0.002708s ]

[ 2015-05-09T21:19:44+08:00 ] 127.0.0.1 /miao/index.php?s=/Erp/index.html
INFO: [ app_begin ] --START--
INFO: Run Behavior\ReadHtmlCacheBehavior [ RunTime:0.000410s ]
INFO: Run Behavior\CheckLangBehavior [ RunTime:0.000400s ]
INFO: [ app_begin ] --END-- [ RunTime:0.001100s ]

[ 2015-05-09T21:19:50+08:00 ] 127.0.0.1 /miao/index.php?s=/Erp/index.html
INFO: [ app_begin ] --START--
INFO: Run Behavior\ReadHtmlCacheBehavior [ RunTime:0.000328s ]
INFO: Run Behavior\CheckLangBehavior [ RunTime:0.000261s ]
INFO: [ app_begin ] --END-- [ RunTime:0.000848s ]

[ 2015-05-09T21:23:06+08:00 ] 127.0.0.1 /miao/index.php?s=/Erp/index.html
INFO: [ app_begin ] --START--
INFO: Run Behavior\ReadHtmlCacheBehavior [ RunTime:0.000365s ]
INFO: Run Behavior\CheckLangBehavior [ RunTime:0.000281s ]
INFO: [ app_begin ] --END-- [ RunTime:0.000902s ]

[ 2015-05-09T21:23:21+08:00 ] 127.0.0.1 /miao/index.php?s=/Erp/index.html
INFO: [ app_begin ] --START--
INFO: Run Behavior\ReadHtmlCacheBehavior [ RunTime:0.000326s ]
INFO: Run Behavior\CheckLangBehavior [ RunTime:0.000255s ]
INFO: [ app_begin ] --END-- [ RunTime:0.000842s ]

[ 2015-05-09T21:23:40+08:00 ] 127.0.0.1 /miao/index.php?s=/Erp/index.html
INFO: [ app_begin ] --START--
INFO: Run Behavior\ReadHtmlCacheBehavior [ RunTime:0.000673s ]
INFO: Run Behavior\CheckLangBehavior [ RunTime:0.000425s ]
INFO: [ app_begin ] --END-- [ RunTime:0.001548s ]

[ 2015-05-09T21:30:17+08:00 ] 127.0.0.1 /miao/index.php?s=/Erp/index.html
INFO: [ app_begin ] --START--
INFO: Run Behavior\ReadHtmlCacheBehavior [ RunTime:0.000627s ]
INFO: Run Behavior\CheckLangBehavior [ RunTime:0.000485s ]
INFO: [ app_begin ] --END-- [ RunTime:0.001506s ]

[ 2015-05-09T21:30:48+08:00 ] 127.0.0.1 /miao/index.php?s=/Erp/index.html
INFO: [ app_begin ] --START--
INFO: Run Behavior\ReadHtmlCacheBehavior [ RunTime:0.000484s ]
INFO: Run Behavior\CheckLangBehavior [ RunTime:0.000390s ]
INFO: [ app_begin ] --END-- [ RunTime:0.001260s ]

