[ 2015-06-12T17:05:43+08:00 ] 117.24.27.68 /
INFO: [ app_begin ] --START--
INFO: Run Behavior\ReadHtmlCacheBehavior [ RunTime:0.000318s ]
INFO: Run Behavior\CheckLangBehavior [ RunTime:0.000304s ]
INFO: [ app_begin ] --END-- [ RunTime:0.000928s ]
INFO: [ view_parse ] --START--
INFO: [ template_filter ] --START--
INFO: Run Behavior\ContentReplaceBehavior [ RunTime:0.000210s ]
INFO: [ template_filter ] --END-- [ RunTime:0.000270s ]
INFO: Run Behavior\ParseTemplateBehavior [ RunTime:0.011799s ]
INFO: [ view_parse ] --END-- [ RunTime:0.011854s ]
INFO: [ view_filter ] --START--
INFO: Run Behavior\WriteHtmlCacheBehavior [ RunTime:0.000117s ]
INFO: [ view_filter ] --END-- [ RunTime:0.000163s ]
INFO: [ app_end ] --START--
INFO: Run Behavior\ShowPageTraceBehavior [ RunTime:0.000373s ]
INFO: [ app_end ] --END-- [ RunTime:0.000429s ]

[ 2015-06-12T17:05:44+08:00 ] 117.24.27.68 /index.php?s=/Index/index_layout.html&_=1434099928080
INFO: [ app_begin ] --START--
INFO: Run Behavior\ReadHtmlCacheBehavior [ RunTime:0.000319s ]
INFO: Run Behavior\CheckLangBehavior [ RunTime:0.000323s ]
INFO: [ app_begin ] --END-- [ RunTime:0.000916s ]
INFO: [ view_parse ] --START--
INFO: [ template_filter ] --START--
INFO: Run Behavior\ContentReplaceBehavior [ RunTime:0.000062s ]
INFO: [ template_filter ] --END-- [ RunTime:0.000113s ]
INFO: Run Behavior\ParseTemplateBehavior [ RunTime:0.005869s ]
INFO: [ view_parse ] --END-- [ RunTime:0.005918s ]
INFO: [ view_filter ] --START--
INFO: Run Behavior\WriteHtmlCacheBehavior [ RunTime:0.000126s ]
INFO: [ view_filter ] --END-- [ RunTime:0.000180s ]
INFO: [ app_end ] --START--
INFO: Run Behavior\ShowPageTraceBehavior [ RunTime:0.000590s ]
INFO: [ app_end ] --END-- [ RunTime:0.000638s ]

[ 2015-06-12T17:05:45+08:00 ] 117.24.27.68 /index.php?s=/Index/git.html
INFO: [ app_begin ] --START--
INFO: Run Behavior\ReadHtmlCacheBehavior [ RunTime:0.000332s ]
INFO: Run Behavior\CheckLangBehavior [ RunTime:0.000355s ]
INFO: [ app_begin ] --END-- [ RunTime:0.001000s ]
INFO: [ view_parse ] --START--
INFO: [ template_filter ] --START--
INFO: Run Behavior\ContentReplaceBehavior [ RunTime:0.000043s ]
INFO: [ template_filter ] --END-- [ RunTime:0.000099s ]
INFO: Run Behavior\ParseTemplateBehavior [ RunTime:0.003892s ]
INFO: [ view_parse ] --END-- [ RunTime:0.003947s ]
INFO: [ view_filter ] --START--
INFO: Run Behavior\WriteHtmlCacheBehavior [ RunTime:0.000125s ]
INFO: [ view_filter ] --END-- [ RunTime:0.000171s ]
INFO: [ app_end ] --START--
INFO: Run Behavior\ShowPageTraceBehavior [ RunTime:0.000330s ]
INFO: [ app_end ] --END-- [ RunTime:0.000377s ]

