[ 2015-11-18T14:25:14+08:00 ] 120.33.36.19 /
INFO: [ app_begin ] --START--
INFO: Run Behavior\ReadHtmlCacheBehavior [ RunTime:0.000430s ]
INFO: Run Behavior\CheckLangBehavior [ RunTime:0.000342s ]
INFO: [ app_begin ] --END-- [ RunTime:0.001121s ]
INFO: [ view_parse ] --START--
INFO: [ template_filter ] --START--
INFO: Run Behavior\ContentReplaceBehavior [ RunTime:0.000241s ]
INFO: [ template_filter ] --END-- [ RunTime:0.000316s ]
INFO: Run Behavior\ParseTemplateBehavior [ RunTime:0.036549s ]
INFO: [ view_parse ] --END-- [ RunTime:0.036633s ]
INFO: [ view_filter ] --START--
INFO: Run Behavior\WriteHtmlCacheBehavior [ RunTime:0.000154s ]
INFO: [ view_filter ] --END-- [ RunTime:0.000227s ]
INFO: [ app_end ] --START--
INFO: Run Behavior\ShowPageTraceBehavior [ RunTime:0.000405s ]
INFO: [ app_end ] --END-- [ RunTime:0.000459s ]

[ 2015-11-18T14:25:16+08:00 ] 120.33.36.19 /index.php?s=/Index/index_layout.html&_=1447827755966
INFO: [ app_begin ] --START--
INFO: Run Behavior\ReadHtmlCacheBehavior [ RunTime:0.000398s ]
INFO: Run Behavior\CheckLangBehavior [ RunTime:0.000344s ]
INFO: [ app_begin ] --END-- [ RunTime:0.001114s ]
INFO: [ view_parse ] --START--
INFO: [ template_filter ] --START--
INFO: Run Behavior\ContentReplaceBehavior [ RunTime:0.000123s ]
INFO: [ template_filter ] --END-- [ RunTime:0.000268s ]
INFO: Run Behavior\ParseTemplateBehavior [ RunTime:0.028612s ]
INFO: [ view_parse ] --END-- [ RunTime:0.028698s ]
INFO: [ view_filter ] --START--
INFO: Run Behavior\WriteHtmlCacheBehavior [ RunTime:0.000165s ]
INFO: [ view_filter ] --END-- [ RunTime:0.000212s ]
INFO: [ app_end ] --START--
INFO: Run Behavior\ShowPageTraceBehavior [ RunTime:0.000427s ]
INFO: [ app_end ] --END-- [ RunTime:0.000480s ]

[ 2015-11-18T14:25:16+08:00 ] 120.33.36.19 /index.php?s=/Index/git.html
INFO: [ app_begin ] --START--
INFO: Run Behavior\ReadHtmlCacheBehavior [ RunTime:0.000322s ]
INFO: Run Behavior\CheckLangBehavior [ RunTime:0.000262s ]
INFO: [ app_begin ] --END-- [ RunTime:0.000870s ]
INFO: [ view_parse ] --START--
INFO: [ template_filter ] --START--
INFO: Run Behavior\ContentReplaceBehavior [ RunTime:0.000044s ]
INFO: [ template_filter ] --END-- [ RunTime:0.000104s ]
INFO: Run Behavior\ParseTemplateBehavior [ RunTime:0.014774s ]
INFO: [ view_parse ] --END-- [ RunTime:0.014847s ]
INFO: [ view_filter ] --START--
INFO: Run Behavior\WriteHtmlCacheBehavior [ RunTime:0.000133s ]
INFO: [ view_filter ] --END-- [ RunTime:0.000182s ]
INFO: [ app_end ] --START--
INFO: Run Behavior\ShowPageTraceBehavior [ RunTime:0.000366s ]
INFO: [ app_end ] --END-- [ RunTime:0.000415s ]

[ 2015-11-18T14:25:59+08:00 ] 120.33.36.19 /
INFO: [ app_begin ] --START--
INFO: Run Behavior\ReadHtmlCacheBehavior [ RunTime:0.000387s ]
INFO: Run Behavior\CheckLangBehavior [ RunTime:0.000265s ]
INFO: [ app_begin ] --END-- [ RunTime:0.000984s ]
INFO: [ view_parse ] --START--
INFO: [ template_filter ] --START--
INFO: Run Behavior\ContentReplaceBehavior [ RunTime:0.000199s ]
INFO: [ template_filter ] --END-- [ RunTime:0.000309s ]
INFO: Run Behavior\ParseTemplateBehavior [ RunTime:0.012786s ]
INFO: [ view_parse ] --END-- [ RunTime:0.012843s ]
INFO: [ view_filter ] --START--
INFO: Run Behavior\WriteHtmlCacheBehavior [ RunTime:0.000126s ]
INFO: [ view_filter ] --END-- [ RunTime:0.000198s ]
INFO: [ app_end ] --START--
INFO: Run Behavior\ShowPageTraceBehavior [ RunTime:0.000368s ]
INFO: [ app_end ] --END-- [ RunTime:0.000425s ]

[ 2015-11-18T14:25:59+08:00 ] 120.33.36.19 /index.php?s=/Index/index_layout.html&_=1447827799806
INFO: [ app_begin ] --START--
INFO: Run Behavior\ReadHtmlCacheBehavior [ RunTime:0.000383s ]
INFO: Run Behavior\CheckLangBehavior [ RunTime:0.000288s ]
INFO: [ app_begin ] --END-- [ RunTime:0.001006s ]
INFO: [ view_parse ] --START--
INFO: [ template_filter ] --START--
INFO: Run Behavior\ContentReplaceBehavior [ RunTime:0.000067s ]
INFO: [ template_filter ] --END-- [ RunTime:0.000125s ]
INFO: Run Behavior\ParseTemplateBehavior [ RunTime:0.006476s ]
INFO: [ view_parse ] --END-- [ RunTime:0.006535s ]
INFO: [ view_filter ] --START--
INFO: Run Behavior\WriteHtmlCacheBehavior [ RunTime:0.000122s ]
INFO: [ view_filter ] --END-- [ RunTime:0.000169s ]
INFO: [ app_end ] --START--
INFO: Run Behavior\ShowPageTraceBehavior [ RunTime:0.000353s ]
INFO: [ app_end ] --END-- [ RunTime:0.000404s ]

[ 2015-11-18T14:26:00+08:00 ] 120.33.36.19 /index.php?s=/Index/git.html
INFO: [ app_begin ] --START--
INFO: Run Behavior\ReadHtmlCacheBehavior [ RunTime:0.000328s ]
INFO: Run Behavior\CheckLangBehavior [ RunTime:0.000261s ]
INFO: [ app_begin ] --END-- [ RunTime:0.000893s ]
INFO: [ view_parse ] --START--
INFO: [ template_filter ] --START--
INFO: Run Behavior\ContentReplaceBehavior [ RunTime:0.000050s ]
INFO: [ template_filter ] --END-- [ RunTime:0.000109s ]
INFO: Run Behavior\ParseTemplateBehavior [ RunTime:0.003971s ]
INFO: [ view_parse ] --END-- [ RunTime:0.004026s ]
INFO: [ view_filter ] --START--
INFO: Run Behavior\WriteHtmlCacheBehavior [ RunTime:0.000110s ]
INFO: [ view_filter ] --END-- [ RunTime:0.000157s ]
INFO: [ app_end ] --START--
INFO: Run Behavior\ShowPageTraceBehavior [ RunTime:0.000366s ]
INFO: [ app_end ] --END-- [ RunTime:0.000416s ]

[ 2015-11-18T14:26:00+08:00 ] 120.33.36.19 /index.php?s=/Attence/index.html&_=1447827800756
INFO: [ app_begin ] --START--
INFO: Run Behavior\ReadHtmlCacheBehavior [ RunTime:0.000350s ]
INFO: Run Behavior\CheckLangBehavior [ RunTime:0.000263s ]
INFO: [ app_begin ] --END-- [ RunTime:0.000921s ]
ERR: SQLSTATE[42S02]: Base table or view not found: 1146 Table 'miao.m_staff' doesn't exist

[ 2015-11-18T14:26:04+08:00 ] 120.33.36.19 /index.php?s=/Attence/build.html&_=1447827804327
INFO: [ app_begin ] --START--
INFO: Run Behavior\ReadHtmlCacheBehavior [ RunTime:0.000352s ]
INFO: Run Behavior\CheckLangBehavior [ RunTime:0.000297s ]
INFO: [ app_begin ] --END-- [ RunTime:0.000979s ]
SQL: SHOW COLUMNS FROM `m_attence_rules` [ RunTime:0.0007s ]
SQL: SELECT `id`,`name` FROM `m_attence_rules`  [ RunTime:0.0003s ]
INFO: [ view_parse ] --START--
INFO: [ template_filter ] --START--
INFO: Run Behavior\ContentReplaceBehavior [ RunTime:0.000055s ]
INFO: [ template_filter ] --END-- [ RunTime:0.000127s ]
INFO: Run Behavior\ParseTemplateBehavior [ RunTime:0.037508s ]
INFO: [ view_parse ] --END-- [ RunTime:0.037586s ]
INFO: [ view_filter ] --START--
INFO: Run Behavior\WriteHtmlCacheBehavior [ RunTime:0.000130s ]
INFO: [ view_filter ] --END-- [ RunTime:0.000173s ]
INFO: [ app_end ] --START--
INFO: Run Behavior\ShowPageTraceBehavior [ RunTime:0.000379s ]
INFO: [ app_end ] --END-- [ RunTime:0.000432s ]

[ 2015-11-18T14:26:09+08:00 ] 120.33.36.19 /index.php?s=/Attence/build.html
INFO: [ app_begin ] --START--
INFO: Run Behavior\ReadHtmlCacheBehavior [ RunTime:0.000442s ]
INFO: Run Behavior\CheckLangBehavior [ RunTime:0.000283s ]
INFO: [ app_begin ] --END-- [ RunTime:0.001025s ]
SQL: SHOW COLUMNS FROM `m_attence` [ RunTime:0.0007s ]
SQL: SELECT * FROM `m_attence`  [ RunTime:0.0005s ]
SQL: SHOW COLUMNS FROM `m_attence_rules` [ RunTime:0.0004s ]
SQL: SELECT `condition` FROM `m_attence_rules` WHERE `id` = 1 LIMIT 1   [ RunTime:0.0003s ]
NOTIC: [2] Invalid argument supplied for foreach() /alidata/www/miao/Application/Erp/Controller/AttenceController.class.php 第 104 行.
NOTIC: [2] Invalid argument supplied for foreach() /alidata/www/miao/Application/Erp/Controller/AttenceController.class.php 第 104 行.
NOTIC: [2] Invalid argument supplied for foreach() /alidata/www/miao/Application/Erp/Controller/AttenceController.class.php 第 104 行.
NOTIC: [2] Invalid argument supplied for foreach() /alidata/www/miao/Application/Erp/Controller/AttenceController.class.php 第 104 行.
NOTIC: [2] Invalid argument supplied for foreach() /alidata/www/miao/Application/Erp/Controller/AttenceController.class.php 第 104 行.
NOTIC: [2] Invalid argument supplied for foreach() /alidata/www/miao/Application/Erp/Controller/AttenceController.class.php 第 104 行.
NOTIC: [2] Invalid argument supplied for foreach() /alidata/www/miao/Application/Erp/Controller/AttenceController.class.php 第 104 行.
NOTIC: [2] Invalid argument supplied for foreach() /alidata/www/miao/Application/Erp/Controller/AttenceController.class.php 第 104 行.
NOTIC: [2] Invalid argument supplied for foreach() /alidata/www/miao/Application/Erp/Controller/AttenceController.class.php 第 104 行.
NOTIC: [2] Invalid argument supplied for foreach() /alidata/www/miao/Application/Erp/Controller/AttenceController.class.php 第 104 行.
NOTIC: [2] Invalid argument supplied for foreach() /alidata/www/miao/Application/Erp/Controller/AttenceController.class.php 第 104 行.
NOTIC: [2] Invalid argument supplied for foreach() /alidata/www/miao/Application/Erp/Controller/AttenceController.class.php 第 104 行.
NOTIC: [2] Invalid argument supplied for foreach() /alidata/www/miao/Application/Erp/Controller/AttenceController.class.php 第 104 行.
NOTIC: [2] Invalid argument supplied for foreach() /alidata/www/miao/Application/Erp/Controller/AttenceController.class.php 第 104 行.
NOTIC: [2] Invalid argument supplied for foreach() /alidata/www/miao/Application/Erp/Controller/AttenceController.class.php 第 104 行.
NOTIC: [2] Invalid argument supplied for foreach() /alidata/www/miao/Application/Erp/Controller/AttenceController.class.php 第 104 行.
NOTIC: [2] Invalid argument supplied for foreach() /alidata/www/miao/Application/Erp/Controller/AttenceController.class.php 第 104 行.
NOTIC: [2] Invalid argument supplied for foreach() /alidata/www/miao/Application/Erp/Controller/AttenceController.class.php 第 104 行.
NOTIC: [2] Invalid argument supplied for foreach() /alidata/www/miao/Application/Erp/Controller/AttenceController.class.php 第 104 行.
NOTIC: [2] Invalid argument supplied for foreach() /alidata/www/miao/Application/Erp/Controller/AttenceController.class.php 第 104 行.
NOTIC: [2] Invalid argument supplied for foreach() /alidata/www/miao/Application/Erp/Controller/AttenceController.class.php 第 104 行.
NOTIC: [2] Invalid argument supplied for foreach() /alidata/www/miao/Application/Erp/Controller/AttenceController.class.php 第 104 行.
NOTIC: [2] Invalid argument supplied for foreach() /alidata/www/miao/Application/Erp/Controller/AttenceController.class.php 第 104 行.
NOTIC: [2] Invalid argument supplied for foreach() /alidata/www/miao/Application/Erp/Controller/AttenceController.class.php 第 104 行.
NOTIC: [2] Invalid argument supplied for foreach() /alidata/www/miao/Application/Erp/Controller/AttenceController.class.php 第 104 行.
NOTIC: [2] Invalid argument supplied for foreach() /alidata/www/miao/Application/Erp/Controller/AttenceController.class.php 第 104 行.
NOTIC: [2] Invalid argument supplied for foreach() /alidata/www/miao/Application/Erp/Controller/AttenceController.class.php 第 104 行.
NOTIC: [2] Invalid argument supplied for foreach() /alidata/www/miao/Application/Erp/Controller/AttenceController.class.php 第 104 行.
NOTIC: [2] Invalid argument supplied for foreach() /alidata/www/miao/Application/Erp/Controller/AttenceController.class.php 第 104 行.
NOTIC: [2] Invalid argument supplied for foreach() /alidata/www/miao/Application/Erp/Controller/AttenceController.class.php 第 104 行.
NOTIC: [2] Invalid argument supplied for foreach() /alidata/www/miao/Application/Erp/Controller/AttenceController.class.php 第 104 行.
NOTIC: [2] Invalid argument supplied for foreach() /alidata/www/miao/Application/Erp/Controller/AttenceController.class.php 第 104 行.
NOTIC: [2] Invalid argument supplied for foreach() /alidata/www/miao/Application/Erp/Controller/AttenceController.class.php 第 104 行.
NOTIC: [2] Invalid argument supplied for foreach() /alidata/www/miao/Application/Erp/Controller/AttenceController.class.php 第 104 行.
NOTIC: [2] Invalid argument supplied for foreach() /alidata/www/miao/Application/Erp/Controller/AttenceController.class.php 第 104 行.
NOTIC: [2] Invalid argument supplied for foreach() /alidata/www/miao/Application/Erp/Controller/AttenceController.class.php 第 104 行.
NOTIC: [2] Invalid argument supplied for foreach() /alidata/www/miao/Application/Erp/Controller/AttenceController.class.php 第 104 行.
NOTIC: [2] Invalid argument supplied for foreach() /alidata/www/miao/Application/Erp/Controller/AttenceController.class.php 第 104 行.
NOTIC: [2] Invalid argument supplied for foreach() /alidata/www/miao/Application/Erp/Controller/AttenceController.class.php 第 104 行.
NOTIC: [2] Invalid argument supplied for foreach() /alidata/www/miao/Application/Erp/Controller/AttenceController.class.php 第 104 行.
NOTIC: [2] Invalid argument supplied for foreach() /alidata/www/miao/Application/Erp/Controller/AttenceController.class.php 第 104 行.
NOTIC: [2] Invalid argument supplied for foreach() /alidata/www/miao/Application/Erp/Controller/AttenceController.class.php 第 104 行.
NOTIC: [2] Invalid argument supplied for foreach() /alidata/www/miao/Application/Erp/Controller/AttenceController.class.php 第 104 行.
NOTIC: [2] Invalid argument supplied for foreach() /alidata/www/miao/Application/Erp/Controller/AttenceController.class.php 第 104 行.
NOTIC: [2] Invalid argument supplied for foreach() /alidata/www/miao/Application/Erp/Controller/AttenceController.class.php 第 104 行.
NOTIC: [2] Invalid argument supplied for foreach() /alidata/www/miao/Application/Erp/Controller/AttenceController.class.php 第 104 行.
NOTIC: [2] Invalid argument supplied for foreach() /alidata/www/miao/Application/Erp/Controller/AttenceController.class.php 第 104 行.
NOTIC: [2] Invalid argument supplied for foreach() /alidata/www/miao/Application/Erp/Controller/AttenceController.class.php 第 104 行.
NOTIC: [2] Invalid argument supplied for foreach() /alidata/www/miao/Application/Erp/Controller/AttenceController.class.php 第 104 行.
NOTIC: [2] Invalid argument supplied for foreach() /alidata/www/miao/Application/Erp/Controller/AttenceController.class.php 第 104 行.
NOTIC: [2] Invalid argument supplied for foreach() /alidata/www/miao/Application/Erp/Controller/AttenceController.class.php 第 104 行.
NOTIC: [2] Invalid argument supplied for foreach() /alidata/www/miao/Application/Erp/Controller/AttenceController.class.php 第 104 行.
NOTIC: [2] Invalid argument supplied for foreach() /alidata/www/miao/Application/Erp/Controller/AttenceController.class.php 第 104 行.
NOTIC: [2] Invalid argument supplied for foreach() /alidata/www/miao/Application/Erp/Controller/AttenceController.class.php 第 104 行.
NOTIC: [2] Invalid argument supplied for foreach() /alidata/www/miao/Application/Erp/Controller/AttenceController.class.php 第 104 行.
NOTIC: [2] Invalid argument supplied for foreach() /alidata/www/miao/Application/Erp/Controller/AttenceController.class.php 第 104 行.
NOTIC: [2] Invalid argument supplied for foreach() /alidata/www/miao/Application/Erp/Controller/AttenceController.class.php 第 104 行.
NOTIC: [2] Invalid argument supplied for foreach() /alidata/www/miao/Application/Erp/Controller/AttenceController.class.php 第 104 行.
NOTIC: [2] Invalid argument supplied for foreach() /alidata/www/miao/Application/Erp/Controller/AttenceController.class.php 第 104 行.
NOTIC: [2] Invalid argument supplied for foreach() /alidata/www/miao/Application/Erp/Controller/AttenceController.class.php 第 104 行.
NOTIC: [2] Invalid argument supplied for foreach() /alidata/www/miao/Application/Erp/Controller/AttenceController.class.php 第 104 行.
NOTIC: [2] Invalid argument supplied for foreach() /alidata/www/miao/Application/Erp/Controller/AttenceController.class.php 第 104 行.
NOTIC: [2] Invalid argument supplied for foreach() /alidata/www/miao/Application/Erp/Controller/AttenceController.class.php 第 104 行.
NOTIC: [2] Invalid argument supplied for foreach() /alidata/www/miao/Application/Erp/Controller/AttenceController.class.php 第 104 行.
NOTIC: [2] Invalid argument supplied for foreach() /alidata/www/miao/Application/Erp/Controller/AttenceController.class.php 第 104 行.
NOTIC: [2] Invalid argument supplied for foreach() /alidata/www/miao/Application/Erp/Controller/AttenceController.class.php 第 104 行.
NOTIC: [2] Invalid argument supplied for foreach() /alidata/www/miao/Application/Erp/Controller/AttenceController.class.php 第 104 行.
NOTIC: [2] Invalid argument supplied for foreach() /alidata/www/miao/Application/Erp/Controller/AttenceController.class.php 第 104 行.
NOTIC: [2] Invalid argument supplied for foreach() /alidata/www/miao/Application/Erp/Controller/AttenceController.class.php 第 104 行.
NOTIC: [2] Invalid argument supplied for foreach() /alidata/www/miao/Application/Erp/Controller/AttenceController.class.php 第 104 行.
NOTIC: [2] Invalid argument supplied for foreach() /alidata/www/miao/Application/Erp/Controller/AttenceController.class.php 第 104 行.
NOTIC: [2] Invalid argument supplied for foreach() /alidata/www/miao/Application/Erp/Controller/AttenceController.class.php 第 104 行.
NOTIC: [2] Invalid argument supplied for foreach() /alidata/www/miao/Application/Erp/Controller/AttenceController.class.php 第 104 行.
NOTIC: [2] Invalid argument supplied for foreach() /alidata/www/miao/Application/Erp/Controller/AttenceController.class.php 第 104 行.
NOTIC: [2] Invalid argument supplied for foreach() /alidata/www/miao/Application/Erp/Controller/AttenceController.class.php 第 104 行.
NOTIC: [2] Invalid argument supplied for foreach() /alidata/www/miao/Application/Erp/Controller/AttenceController.class.php 第 104 行.
NOTIC: [2] Invalid argument supplied for foreach() /alidata/www/miao/Application/Erp/Controller/AttenceController.class.php 第 104 行.
NOTIC: [2] Invalid argument supplied for foreach() /alidata/www/miao/Application/Erp/Controller/AttenceController.class.php 第 104 行.
NOTIC: [2] Invalid argument supplied for foreach() /alidata/www/miao/Application/Erp/Controller/AttenceController.class.php 第 104 行.
NOTIC: [2] Invalid argument supplied for foreach() /alidata/www/miao/Application/Erp/Controller/AttenceController.class.php 第 104 行.
NOTIC: [2] Invalid argument supplied for foreach() /alidata/www/miao/Application/Erp/Controller/AttenceController.class.php 第 104 行.
NOTIC: [2] Invalid argument supplied for foreach() /alidata/www/miao/Application/Erp/Controller/AttenceController.class.php 第 104 行.
NOTIC: [2] Invalid argument supplied for foreach() /alidata/www/miao/Application/Erp/Controller/AttenceController.class.php 第 104 行.
NOTIC: [2] Invalid argument supplied for foreach() /alidata/www/miao/Application/Erp/Controller/AttenceController.class.php 第 104 行.
NOTIC: [2] Invalid argument supplied for foreach() /alidata/www/miao/Application/Erp/Controller/AttenceController.class.php 第 104 行.
NOTIC: [2] Invalid argument supplied for foreach() /alidata/www/miao/Application/Erp/Controller/AttenceController.class.php 第 104 行.
NOTIC: [2] Invalid argument supplied for foreach() /alidata/www/miao/Application/Erp/Controller/AttenceController.class.php 第 104 行.
NOTIC: [2] Invalid argument supplied for foreach() /alidata/www/miao/Application/Erp/Controller/AttenceController.class.php 第 104 行.
NOTIC: [2] Invalid argument supplied for foreach() /alidata/www/miao/Application/Erp/Controller/AttenceController.class.php 第 104 行.
NOTIC: [2] Invalid argument supplied for foreach() /alidata/www/miao/Application/Erp/Controller/AttenceController.class.php 第 104 行.
NOTIC: [2] Invalid argument supplied for foreach() /alidata/www/miao/Application/Erp/Controller/AttenceController.class.php 第 104 行.
NOTIC: [2] Invalid argument supplied for foreach() /alidata/www/miao/Application/Erp/Controller/AttenceController.class.php 第 104 行.
NOTIC: [2] Invalid argument supplied for foreach() /alidata/www/miao/Application/Erp/Controller/AttenceController.class.php 第 104 行.
NOTIC: [2] Invalid argument supplied for foreach() /alidata/www/miao/Application/Erp/Controller/AttenceController.class.php 第 104 行.
NOTIC: [2] Invalid argument supplied for foreach() /alidata/www/miao/Application/Erp/Controller/AttenceController.class.php 第 104 行.
NOTIC: [2] Invalid argument supplied for foreach() /alidata/www/miao/Application/Erp/Controller/AttenceController.class.php 第 104 行.
NOTIC: [2] Invalid argument supplied for foreach() /alidata/www/miao/Application/Erp/Controller/AttenceController.class.php 第 104 行.
NOTIC: [2] Invalid argument supplied for foreach() /alidata/www/miao/Application/Erp/Controller/AttenceController.class.php 第 104 行.
NOTIC: [2] Invalid argument supplied for foreach() /alidata/www/miao/Application/Erp/Controller/AttenceController.class.php 第 104 行.
NOTIC: [2] Invalid argument supplied for foreach() /alidata/www/miao/Application/Erp/Controller/AttenceController.class.php 第 104 行.
NOTIC: [2] Invalid argument supplied for foreach() /alidata/www/miao/Application/Erp/Controller/AttenceController.class.php 第 104 行.
NOTIC: [2] Invalid argument supplied for foreach() /alidata/www/miao/Application/Erp/Controller/AttenceController.class.php 第 104 行.
NOTIC: [2] Invalid argument supplied for foreach() /alidata/www/miao/Application/Erp/Controller/AttenceController.class.php 第 104 行.
NOTIC: [2] Invalid argument supplied for foreach() /alidata/www/miao/Application/Erp/Controller/AttenceController.class.php 第 104 行.
NOTIC: [2] Invalid argument supplied for foreach() /alidata/www/miao/Application/Erp/Controller/AttenceController.class.php 第 104 行.
NOTIC: [2] Invalid argument supplied for foreach() /alidata/www/miao/Application/Erp/Controller/AttenceController.class.php 第 104 行.
NOTIC: [2] Invalid argument supplied for foreach() /alidata/www/miao/Application/Erp/Controller/AttenceController.class.php 第 104 行.
NOTIC: [2] Invalid argument supplied for foreach() /alidata/www/miao/Application/Erp/Controller/AttenceController.class.php 第 104 行.
NOTIC: [2] Invalid argument supplied for foreach() /alidata/www/miao/Application/Erp/Controller/AttenceController.class.php 第 104 行.
NOTIC: [2] Invalid argument supplied for foreach() /alidata/www/miao/Application/Erp/Controller/AttenceController.class.php 第 104 行.
NOTIC: [2] Invalid argument supplied for foreach() /alidata/www/miao/Application/Erp/Controller/AttenceController.class.php 第 104 行.
NOTIC: [2] Invalid argument supplied for foreach() /alidata/www/miao/Application/Erp/Controller/AttenceController.class.php 第 104 行.
NOTIC: [2] Invalid argument supplied for foreach() /alidata/www/miao/Application/Erp/Controller/AttenceController.class.php 第 104 行.
NOTIC: [2] Invalid argument supplied for foreach() /alidata/www/miao/Application/Erp/Controller/AttenceController.class.php 第 104 行.
NOTIC: [2] Invalid argument supplied for foreach() /alidata/www/miao/Application/Erp/Controller/AttenceController.class.php 第 104 行.
NOTIC: [2] Invalid argument supplied for foreach() /alidata/www/miao/Application/Erp/Controller/AttenceController.class.php 第 104 行.
NOTIC: [2] Invalid argument supplied for foreach() /alidata/www/miao/Application/Erp/Controller/AttenceController.class.php 第 104 行.
NOTIC: [2] Invalid argument supplied for foreach() /alidata/www/miao/Application/Erp/Controller/AttenceController.class.php 第 104 行.
NOTIC: [2] Invalid argument supplied for foreach() /alidata/www/miao/Application/Erp/Controller/AttenceController.class.php 第 104 行.
NOTIC: [2] Invalid argument supplied for foreach() /alidata/www/miao/Application/Erp/Controller/AttenceController.class.php 第 104 行.
NOTIC: [2] Invalid argument supplied for foreach() /alidata/www/miao/Application/Erp/Controller/AttenceController.class.php 第 104 行.
NOTIC: [2] Invalid argument supplied for foreach() /alidata/www/miao/Application/Erp/Controller/AttenceController.class.php 第 104 行.
NOTIC: [2] Invalid argument supplied for foreach() /alidata/www/miao/Application/Erp/Controller/AttenceController.class.php 第 104 行.
NOTIC: [2] Invalid argument supplied for foreach() /alidata/www/miao/Application/Erp/Controller/AttenceController.class.php 第 104 行.
NOTIC: [2] Invalid argument supplied for foreach() /alidata/www/miao/Application/Erp/Controller/AttenceController.class.php 第 104 行.
NOTIC: [2] Invalid argument supplied for foreach() /alidata/www/miao/Application/Erp/Controller/AttenceController.class.php 第 104 行.
NOTIC: [2] Invalid argument supplied for foreach() /alidata/www/miao/Application/Erp/Controller/AttenceController.class.php 第 104 行.
NOTIC: [2] Invalid argument supplied for foreach() /alidata/www/miao/Application/Erp/Controller/AttenceController.class.php 第 104 行.
NOTIC: [2] Invalid argument supplied for foreach() /alidata/www/miao/Application/Erp/Controller/AttenceController.class.php 第 104 行.
NOTIC: [2] Invalid argument supplied for foreach() /alidata/www/miao/Application/Erp/Controller/AttenceController.class.php 第 104 行.
NOTIC: [2] Invalid argument supplied for foreach() /alidata/www/miao/Application/Erp/Controller/AttenceController.class.php 第 104 行.
NOTIC: [2] Invalid argument supplied for foreach() /alidata/www/miao/Application/Erp/Controller/AttenceController.class.php 第 104 行.
NOTIC: [2] Invalid argument supplied for foreach() /alidata/www/miao/Application/Erp/Controller/AttenceController.class.php 第 104 行.
NOTIC: [2] Invalid argument supplied for foreach() /alidata/www/miao/Application/Erp/Controller/AttenceController.class.php 第 104 行.
NOTIC: [2] Invalid argument supplied for foreach() /alidata/www/miao/Application/Erp/Controller/AttenceController.class.php 第 104 行.
NOTIC: [2] Invalid argument supplied for foreach() /alidata/www/miao/Application/Erp/Controller/AttenceController.class.php 第 104 行.
NOTIC: [2] Invalid argument supplied for foreach() /alidata/www/miao/Application/Erp/Controller/AttenceController.class.php 第 104 行.
NOTIC: [2] Invalid argument supplied for foreach() /alidata/www/miao/Application/Erp/Controller/AttenceController.class.php 第 104 行.
NOTIC: [2] Invalid argument supplied for foreach() /alidata/www/miao/Application/Erp/Controller/AttenceController.class.php 第 104 行.
NOTIC: [2] Invalid argument supplied for foreach() /alidata/www/miao/Application/Erp/Controller/AttenceController.class.php 第 104 行.
NOTIC: [2] Invalid argument supplied for foreach() /alidata/www/miao/Application/Erp/Controller/AttenceController.class.php 第 104 行.
NOTIC: [2] Invalid argument supplied for foreach() /alidata/www/miao/Application/Erp/Controller/AttenceController.class.php 第 104 行.
NOTIC: [2] Invalid argument supplied for foreach() /alidata/www/miao/Application/Erp/Controller/AttenceController.class.php 第 104 行.
NOTIC: [2] Invalid argument supplied for foreach() /alidata/www/miao/Application/Erp/Controller/AttenceController.class.php 第 104 行.
NOTIC: [2] Invalid argument supplied for foreach() /alidata/www/miao/Application/Erp/Controller/AttenceController.class.php 第 104 行.
NOTIC: [2] Invalid argument supplied for foreach() /alidata/www/miao/Application/Erp/Controller/AttenceController.class.php 第 104 行.
NOTIC: [2] Invalid argument supplied for foreach() /alidata/www/miao/Application/Erp/Controller/AttenceController.class.php 第 104 行.
NOTIC: [2] Invalid argument supplied for foreach() /alidata/www/miao/Application/Erp/Controller/AttenceController.class.php 第 104 行.
NOTIC: [2] Invalid argument supplied for foreach() /alidata/www/miao/Application/Erp/Controller/AttenceController.class.php 第 104 行.
NOTIC: [2] Invalid argument supplied for foreach() /alidata/www/miao/Application/Erp/Controller/AttenceController.class.php 第 104 行.
NOTIC: [2] Invalid argument supplied for foreach() /alidata/www/miao/Application/Erp/Controller/AttenceController.class.php 第 104 行.
NOTIC: [2] Invalid argument supplied for foreach() /alidata/www/miao/Application/Erp/Controller/AttenceController.class.php 第 104 行.
NOTIC: [2] Invalid argument supplied for foreach() /alidata/www/miao/Application/Erp/Controller/AttenceController.class.php 第 104 行.
NOTIC: [2] Invalid argument supplied for foreach() /alidata/www/miao/Application/Erp/Controller/AttenceController.class.php 第 104 行.
NOTIC: [2] Invalid argument supplied for foreach() /alidata/www/miao/Application/Erp/Controller/AttenceController.class.php 第 104 行.
NOTIC: [2] Invalid argument supplied for foreach() /alidata/www/miao/Application/Erp/Controller/AttenceController.class.php 第 104 行.
NOTIC: [2] Invalid argument supplied for foreach() /alidata/www/miao/Application/Erp/Controller/AttenceController.class.php 第 104 行.
NOTIC: [2] Invalid argument supplied for foreach() /alidata/www/miao/Application/Erp/Controller/AttenceController.class.php 第 104 行.
NOTIC: [2] Invalid argument supplied for foreach() /alidata/www/miao/Application/Erp/Controller/AttenceController.class.php 第 104 行.
NOTIC: [2] Invalid argument supplied for foreach() /alidata/www/miao/Application/Erp/Controller/AttenceController.class.php 第 104 行.
NOTIC: [2] Invalid argument supplied for foreach() /alidata/www/miao/Application/Erp/Controller/AttenceController.class.php 第 104 行.
NOTIC: [2] Invalid argument supplied for foreach() /alidata/www/miao/Application/Erp/Controller/AttenceController.class.php 第 104 行.
NOTIC: [2] Invalid argument supplied for foreach() /alidata/www/miao/Application/Erp/Controller/AttenceController.class.php 第 104 行.
NOTIC: [2] Invalid argument supplied for foreach() /alidata/www/miao/Application/Erp/Controller/AttenceController.class.php 第 104 行.
NOTIC: [2] Invalid argument supplied for foreach() /alidata/www/miao/Application/Erp/Controller/AttenceController.class.php 第 104 行.
NOTIC: [2] Invalid argument supplied for foreach() /alidata/www/miao/Application/Erp/Controller/AttenceController.class.php 第 104 行.
NOTIC: [2] Invalid argument supplied for foreach() /alidata/www/miao/Application/Erp/Controller/AttenceController.class.php 第 104 行.
NOTIC: [2] Invalid argument supplied for foreach() /alidata/www/miao/Application/Erp/Controller/AttenceController.class.php 第 104 行.
NOTIC: [2] Invalid argument supplied for foreach() /alidata/www/miao/Application/Erp/Controller/AttenceController.class.php 第 104 行.
NOTIC: [2] Invalid argument supplied for foreach() /alidata/www/miao/Application/Erp/Controller/AttenceController.class.php 第 104 行.
NOTIC: [2] Invalid argument supplied for foreach() /alidata/www/miao/Application/Erp/Controller/AttenceController.class.php 第 104 行.
NOTIC: [2] Invalid argument supplied for foreach() /alidata/www/miao/Application/Erp/Controller/AttenceController.class.php 第 104 行.
NOTIC: [2] Invalid argument supplied for foreach() /alidata/www/miao/Application/Erp/Controller/AttenceController.class.php 第 104 行.
NOTIC: [2] Invalid argument supplied for foreach() /alidata/www/miao/Application/Erp/Controller/AttenceController.class.php 第 104 行.
INFO: [ app_end ] --START--
INFO: Run Behavior\ShowPageTraceBehavior [ RunTime:0.000451s ]
INFO: [ app_end ] --END-- [ RunTime:0.000517s ]

[ 2015-11-18T14:26:21+08:00 ] 120.33.36.19 /index.php?s=/Attence/import.html&_=1447827820812
INFO: [ app_begin ] --START--
INFO: Run Behavior\ReadHtmlCacheBehavior [ RunTime:0.000332s ]
INFO: Run Behavior\CheckLangBehavior [ RunTime:0.000290s ]
INFO: [ app_begin ] --END-- [ RunTime:0.000905s ]
INFO: [ view_parse ] --START--
INFO: [ template_filter ] --START--
INFO: Run Behavior\ContentReplaceBehavior [ RunTime:0.000060s ]
INFO: [ template_filter ] --END-- [ RunTime:0.000128s ]
INFO: Run Behavior\ParseTemplateBehavior [ RunTime:0.035981s ]
INFO: [ view_parse ] --END-- [ RunTime:0.036043s ]
INFO: [ view_filter ] --START--
INFO: Run Behavior\WriteHtmlCacheBehavior [ RunTime:0.000140s ]
INFO: [ view_filter ] --END-- [ RunTime:0.000186s ]
INFO: [ app_end ] --START--
INFO: Run Behavior\ShowPageTraceBehavior [ RunTime:0.000387s ]
INFO: [ app_end ] --END-- [ RunTime:0.000435s ]

[ 2015-11-18T14:26:40+08:00 ] 120.33.36.19 /index.php?s=/Attence/rule.html&_=1447827840362
INFO: [ app_begin ] --START--
INFO: Run Behavior\ReadHtmlCacheBehavior [ RunTime:0.000439s ]
INFO: Run Behavior\CheckLangBehavior [ RunTime:0.000350s ]
INFO: [ app_begin ] --END-- [ RunTime:0.001104s ]
INFO: [ view_parse ] --START--
INFO: [ template_filter ] --START--
INFO: Run Behavior\ContentReplaceBehavior [ RunTime:0.000198s ]
INFO: [ template_filter ] --END-- [ RunTime:0.000326s ]
INFO: Run Behavior\ParseTemplateBehavior [ RunTime:0.031750s ]
INFO: [ view_parse ] --END-- [ RunTime:0.031840s ]
INFO: [ view_filter ] --START--
INFO: Run Behavior\WriteHtmlCacheBehavior [ RunTime:0.000209s ]
INFO: [ view_filter ] --END-- [ RunTime:0.000298s ]
INFO: [ app_end ] --START--
INFO: Run Behavior\ShowPageTraceBehavior [ RunTime:0.000661s ]
INFO: [ app_end ] --END-- [ RunTime:0.000740s ]

[ 2015-11-18T14:26:47+08:00 ] 112.64.235.246 /
INFO: [ app_begin ] --START--
INFO: Run Behavior\ReadHtmlCacheBehavior [ RunTime:0.000312s ]
INFO: Run Behavior\CheckLangBehavior [ RunTime:0.000325s ]
INFO: [ app_begin ] --END-- [ RunTime:0.000912s ]
INFO: [ view_parse ] --START--
INFO: [ template_filter ] --START--
INFO: Run Behavior\ContentReplaceBehavior [ RunTime:0.000185s ]
INFO: [ template_filter ] --END-- [ RunTime:0.000244s ]
INFO: Run Behavior\ParseTemplateBehavior [ RunTime:0.012037s ]
INFO: [ view_parse ] --END-- [ RunTime:0.012092s ]
INFO: [ view_filter ] --START--
INFO: Run Behavior\WriteHtmlCacheBehavior [ RunTime:0.000116s ]
INFO: [ view_filter ] --END-- [ RunTime:0.000186s ]
INFO: [ app_end ] --START--
INFO: Run Behavior\ShowPageTraceBehavior [ RunTime:0.000347s ]
INFO: [ app_end ] --END-- [ RunTime:0.000398s ]

