[ 2015-07-11T09:00:46+08:00 ] 27.153.13.191 /
INFO: [ app_begin ] --START--
INFO: Run Behavior\ReadHtmlCacheBehavior [ RunTime:0.000356s ]
INFO: Run Behavior\CheckLangBehavior [ RunTime:0.000345s ]
INFO: [ app_begin ] --END-- [ RunTime:0.001032s ]
INFO: [ view_parse ] --START--
INFO: [ template_filter ] --START--
INFO: Run Behavior\ContentReplaceBehavior [ RunTime:0.000201s ]
INFO: [ template_filter ] --END-- [ RunTime:0.000273s ]
INFO: Run Behavior\ParseTemplateBehavior [ RunTime:0.015596s ]
INFO: [ view_parse ] --END-- [ RunTime:0.015656s ]
INFO: [ view_filter ] --START--
INFO: Run Behavior\WriteHtmlCacheBehavior [ RunTime:0.000127s ]
INFO: [ view_filter ] --END-- [ RunTime:0.000174s ]
INFO: [ app_end ] --START--
INFO: Run Behavior\ShowPageTraceBehavior [ RunTime:0.000378s ]
INFO: [ app_end ] --END-- [ RunTime:0.000442s ]

[ 2015-07-11T09:00:48+08:00 ] 27.153.13.191 /
INFO: [ app_begin ] --START--
INFO: Run Behavior\ReadHtmlCacheBehavior [ RunTime:0.000321s ]
INFO: Run Behavior\CheckLangBehavior [ RunTime:0.000266s ]
INFO: [ app_begin ] --END-- [ RunTime:0.000904s ]
INFO: [ view_parse ] --START--
INFO: [ template_filter ] --START--
INFO: Run Behavior\ContentReplaceBehavior [ RunTime:0.000153s ]
INFO: [ template_filter ] --END-- [ RunTime:0.000230s ]
INFO: Run Behavior\ParseTemplateBehavior [ RunTime:0.015476s ]
INFO: [ view_parse ] --END-- [ RunTime:0.015531s ]
INFO: [ view_filter ] --START--
INFO: Run Behavior\WriteHtmlCacheBehavior [ RunTime:0.000145s ]
INFO: [ view_filter ] --END-- [ RunTime:0.000215s ]
INFO: [ app_end ] --START--
INFO: Run Behavior\ShowPageTraceBehavior [ RunTime:0.000342s ]
INFO: [ app_end ] --END-- [ RunTime:0.000393s ]

