[ 2015-05-06T10:37:48+08:00 ] 127.0.0.1 /miao/index.php?s=/Home/Index/reg.html
INFO: [ app_begin ] --START--
INFO: Run Behavior\ReadHtmlCacheBehavior [ RunTime:0.001286s ]
INFO: Run Behavior\CheckLangBehavior [ RunTime:0.002057s ]
INFO: [ app_begin ] --END-- [ RunTime:0.004405s ]
INFO: [ view_parse ] --START--
INFO: [ template_filter ] --START--
INFO: Run Behavior\ContentReplaceBehavior [ RunTime:0.000068s ]
INFO: [ template_filter ] --END-- [ RunTime:0.000125s ]
INFO: Run Behavior\ParseTemplateBehavior [ RunTime:0.020596s ]
INFO: [ view_parse ] --END-- [ RunTime:0.020748s ]
INFO: [ view_filter ] --START--
INFO: Run Behavior\WriteHtmlCacheBehavior [ RunTime:0.000588s ]
INFO: [ view_filter ] --END-- [ RunTime:0.000646s ]
INFO: [ app_end ] --START--
INFO: Run Behavior\ShowPageTraceBehavior [ RunTime:0.000956s ]
INFO: [ app_end ] --END-- [ RunTime:0.001029s ]

[ 2015-05-06T10:37:50+08:00 ] 127.0.0.1 /miao/index.php?s=/Home/Index/verify.html
INFO: [ app_begin ] --START--
INFO: Run Behavior\ReadHtmlCacheBehavior [ RunTime:0.000505s ]
INFO: Run Behavior\CheckLangBehavior [ RunTime:0.000386s ]
INFO: [ app_begin ] --END-- [ RunTime:0.001384s ]
INFO: [ app_end ] --START--
INFO: Run Behavior\ShowPageTraceBehavior [ RunTime:0.000548s ]
INFO: [ app_end ] --END-- [ RunTime:0.000627s ]

[ 2015-05-06T10:37:54+08:00 ] 127.0.0.1 /miao/index.php?s=/Home/Index/changeLanguage.html
INFO: [ app_begin ] --START--
INFO: Run Behavior\ReadHtmlCacheBehavior [ RunTime:0.000301s ]
INFO: Run Behavior\CheckLangBehavior [ RunTime:0.000230s ]
INFO: [ app_begin ] --END-- [ RunTime:0.000778s ]

[ 2015-05-06T10:37:54+08:00 ] 127.0.0.1 /miao/index.php?s=/Home/Index/reg.html
INFO: [ app_begin ] --START--
INFO: Run Behavior\ReadHtmlCacheBehavior [ RunTime:0.000260s ]
INFO: Run Behavior\CheckLangBehavior [ RunTime:0.000956s ]
INFO: [ app_begin ] --END-- [ RunTime:0.001433s ]
INFO: [ view_parse ] --START--
INFO: [ template_filter ] --START--
INFO: Run Behavior\ContentReplaceBehavior [ RunTime:0.000085s ]
INFO: [ template_filter ] --END-- [ RunTime:0.000168s ]
INFO: Run Behavior\ParseTemplateBehavior [ RunTime:0.008319s ]
INFO: [ view_parse ] --END-- [ RunTime:0.008372s ]
INFO: [ view_filter ] --START--
INFO: Run Behavior\WriteHtmlCacheBehavior [ RunTime:0.000172s ]
INFO: [ view_filter ] --END-- [ RunTime:0.000206s ]
INFO: [ app_end ] --START--
INFO: Run Behavior\ShowPageTraceBehavior [ RunTime:0.000429s ]
INFO: [ app_end ] --END-- [ RunTime:0.000458s ]

[ 2015-05-06T10:37:54+08:00 ] 127.0.0.1 /miao/index.php?s=/Home/Index/verify.html
INFO: [ app_begin ] --START--
INFO: Run Behavior\ReadHtmlCacheBehavior [ RunTime:0.000331s ]
INFO: Run Behavior\CheckLangBehavior [ RunTime:0.000537s ]
INFO: [ app_begin ] --END-- [ RunTime:0.001104s ]
INFO: [ app_end ] --START--
INFO: Run Behavior\ShowPageTraceBehavior [ RunTime:0.000399s ]
INFO: [ app_end ] --END-- [ RunTime:0.000452s ]

[ 2015-05-06T10:37:56+08:00 ] 127.0.0.1 /miao/index.php?s=/Home/Index/changeLanguage.html
INFO: [ app_begin ] --START--
INFO: Run Behavior\ReadHtmlCacheBehavior [ RunTime:0.000263s ]
INFO: Run Behavior\CheckLangBehavior [ RunTime:0.000460s ]
INFO: [ app_begin ] --END-- [ RunTime:0.000926s ]

[ 2015-05-06T10:37:56+08:00 ] 127.0.0.1 /miao/index.php?s=/Home/Index/reg.html
INFO: [ app_begin ] --START--
INFO: Run Behavior\ReadHtmlCacheBehavior [ RunTime:0.000451s ]
INFO: Run Behavior\CheckLangBehavior [ RunTime:0.000389s ]
INFO: [ app_begin ] --END-- [ RunTime:0.001374s ]
INFO: [ view_parse ] --START--
INFO: [ template_filter ] --START--
INFO: Run Behavior\ContentReplaceBehavior [ RunTime:0.000049s ]
INFO: [ template_filter ] --END-- [ RunTime:0.000095s ]
INFO: Run Behavior\ParseTemplateBehavior [ RunTime:0.005411s ]
INFO: [ view_parse ] --END-- [ RunTime:0.005452s ]
INFO: [ view_filter ] --START--
INFO: Run Behavior\WriteHtmlCacheBehavior [ RunTime:0.000120s ]
INFO: [ view_filter ] --END-- [ RunTime:0.000147s ]
INFO: [ app_end ] --START--
INFO: Run Behavior\ShowPageTraceBehavior [ RunTime:0.000337s ]
INFO: [ app_end ] --END-- [ RunTime:0.000372s ]

[ 2015-05-06T10:37:56+08:00 ] 127.0.0.1 /miao/index.php?s=/Home/Index/verify.html
INFO: [ app_begin ] --START--
INFO: Run Behavior\ReadHtmlCacheBehavior [ RunTime:0.000304s ]
INFO: Run Behavior\CheckLangBehavior [ RunTime:0.000232s ]
INFO: [ app_begin ] --END-- [ RunTime:0.000777s ]
INFO: [ app_end ] --START--
INFO: Run Behavior\ShowPageTraceBehavior [ RunTime:0.000582s ]
INFO: [ app_end ] --END-- [ RunTime:0.000655s ]

[ 2015-05-06T10:38:00+08:00 ] 127.0.0.1 /miao/index.php?s=/Home/Index/changeLanguage.html
INFO: [ app_begin ] --START--
INFO: Run Behavior\ReadHtmlCacheBehavior [ RunTime:0.000293s ]
INFO: Run Behavior\CheckLangBehavior [ RunTime:0.000234s ]
INFO: [ app_begin ] --END-- [ RunTime:0.000756s ]

[ 2015-05-06T10:38:00+08:00 ] 127.0.0.1 /miao/index.php?s=/Home/Index/reg.html
INFO: [ app_begin ] --START--
INFO: Run Behavior\ReadHtmlCacheBehavior [ RunTime:0.000329s ]
INFO: Run Behavior\CheckLangBehavior [ RunTime:0.000237s ]
INFO: [ app_begin ] --END-- [ RunTime:0.000822s ]
INFO: [ view_parse ] --START--
INFO: [ template_filter ] --START--
INFO: Run Behavior\ContentReplaceBehavior [ RunTime:0.000044s ]
INFO: [ template_filter ] --END-- [ RunTime:0.000084s ]
INFO: Run Behavior\ParseTemplateBehavior [ RunTime:0.006181s ]
INFO: [ view_parse ] --END-- [ RunTime:0.006219s ]
INFO: [ view_filter ] --START--
INFO: Run Behavior\WriteHtmlCacheBehavior [ RunTime:0.000115s ]
INFO: [ view_filter ] --END-- [ RunTime:0.000143s ]
INFO: [ app_end ] --START--
INFO: Run Behavior\ShowPageTraceBehavior [ RunTime:0.000534s ]
INFO: [ app_end ] --END-- [ RunTime:0.000628s ]

[ 2015-05-06T10:38:01+08:00 ] 127.0.0.1 /miao/index.php?s=/Home/Index/verify.html
INFO: [ app_begin ] --START--
INFO: Run Behavior\ReadHtmlCacheBehavior [ RunTime:0.000308s ]
INFO: Run Behavior\CheckLangBehavior [ RunTime:0.000233s ]
INFO: [ app_begin ] --END-- [ RunTime:0.000781s ]
INFO: [ app_end ] --START--
INFO: Run Behavior\ShowPageTraceBehavior [ RunTime:0.000459s ]
INFO: [ app_end ] --END-- [ RunTime:0.000519s ]

[ 2015-05-06T10:38:02+08:00 ] 127.0.0.1 /miao/index.php?s=/Home/Index/changeLanguage.html
INFO: [ app_begin ] --START--
INFO: Run Behavior\ReadHtmlCacheBehavior [ RunTime:0.000279s ]
INFO: Run Behavior\CheckLangBehavior [ RunTime:0.000231s ]
INFO: [ app_begin ] --END-- [ RunTime:0.000716s ]

[ 2015-05-06T10:38:02+08:00 ] 127.0.0.1 /miao/index.php?s=/Home/Index/reg.html
INFO: [ app_begin ] --START--
INFO: Run Behavior\ReadHtmlCacheBehavior [ RunTime:0.000269s ]
INFO: Run Behavior\CheckLangBehavior [ RunTime:0.000469s ]
INFO: [ app_begin ] --END-- [ RunTime:0.000952s ]
INFO: [ view_parse ] --START--
INFO: [ template_filter ] --START--
INFO: Run Behavior\ContentReplaceBehavior [ RunTime:0.000049s ]
INFO: [ template_filter ] --END-- [ RunTime:0.000089s ]
INFO: Run Behavior\ParseTemplateBehavior [ RunTime:0.005050s ]
INFO: [ view_parse ] --END-- [ RunTime:0.005120s ]
INFO: [ view_filter ] --START--
INFO: Run Behavior\WriteHtmlCacheBehavior [ RunTime:0.000220s ]
INFO: [ view_filter ] --END-- [ RunTime:0.000255s ]
INFO: [ app_end ] --START--
INFO: Run Behavior\ShowPageTraceBehavior [ RunTime:0.000521s ]
INFO: [ app_end ] --END-- [ RunTime:0.000583s ]

[ 2015-05-06T10:38:02+08:00 ] 127.0.0.1 /miao/index.php?s=/Home/Index/verify.html
INFO: [ app_begin ] --START--
INFO: Run Behavior\ReadHtmlCacheBehavior [ RunTime:0.000296s ]
INFO: Run Behavior\CheckLangBehavior [ RunTime:0.000566s ]
INFO: [ app_begin ] --END-- [ RunTime:0.001098s ]
INFO: [ app_end ] --START--
INFO: Run Behavior\ShowPageTraceBehavior [ RunTime:0.000394s ]
INFO: [ app_end ] --END-- [ RunTime:0.000449s ]

[ 2015-05-06T10:38:04+08:00 ] 127.0.0.1 /miao/index.php?s=/Home/Index/index.html
INFO: [ app_begin ] --START--
INFO: Run Behavior\ReadHtmlCacheBehavior [ RunTime:0.000404s ]
INFO: Run Behavior\CheckLangBehavior [ RunTime:0.000727s ]
INFO: [ app_begin ] --END-- [ RunTime:0.001465s ]
INFO: [ view_parse ] --START--
INFO: [ template_filter ] --START--
INFO: Run Behavior\ContentReplaceBehavior [ RunTime:0.000047s ]
INFO: [ template_filter ] --END-- [ RunTime:0.000093s ]
INFO: Run Behavior\ParseTemplateBehavior [ RunTime:0.012203s ]
INFO: [ view_parse ] --END-- [ RunTime:0.012248s ]
INFO: [ view_filter ] --START--
INFO: Run Behavior\WriteHtmlCacheBehavior [ RunTime:0.000123s ]
INFO: [ view_filter ] --END-- [ RunTime:0.000150s ]
INFO: [ app_end ] --START--
INFO: Run Behavior\ShowPageTraceBehavior [ RunTime:0.000347s ]
INFO: [ app_end ] --END-- [ RunTime:0.000381s ]

[ 2015-05-06T10:38:14+08:00 ] 127.0.0.1 /miao/index.php?s=/Home/Index/reg.html
INFO: [ app_begin ] --START--
INFO: Run Behavior\ReadHtmlCacheBehavior [ RunTime:0.000328s ]
INFO: Run Behavior\CheckLangBehavior [ RunTime:0.000557s ]
INFO: [ app_begin ] --END-- [ RunTime:0.001120s ]
INFO: [ view_parse ] --START--
INFO: [ template_filter ] --START--
INFO: Run Behavior\ContentReplaceBehavior [ RunTime:0.000077s ]
INFO: [ template_filter ] --END-- [ RunTime:0.000142s ]
INFO: Run Behavior\ParseTemplateBehavior [ RunTime:0.015557s ]
INFO: [ view_parse ] --END-- [ RunTime:0.015638s ]
INFO: [ view_filter ] --START--
INFO: Run Behavior\WriteHtmlCacheBehavior [ RunTime:0.000246s ]
INFO: [ view_filter ] --END-- [ RunTime:0.000295s ]
INFO: [ app_end ] --START--
INFO: Run Behavior\ShowPageTraceBehavior [ RunTime:0.000617s ]
INFO: [ app_end ] --END-- [ RunTime:0.000684s ]

[ 2015-05-06T10:38:14+08:00 ] 127.0.0.1 /miao/index.php?s=/Home/Index/verify.html
INFO: [ app_begin ] --START--
INFO: Run Behavior\ReadHtmlCacheBehavior [ RunTime:0.000343s ]
INFO: Run Behavior\CheckLangBehavior [ RunTime:0.000551s ]
INFO: [ app_begin ] --END-- [ RunTime:0.001145s ]
INFO: [ app_end ] --START--
INFO: Run Behavior\ShowPageTraceBehavior [ RunTime:0.000414s ]
INFO: [ app_end ] --END-- [ RunTime:0.000466s ]

[ 2015-05-06T10:43:46+08:00 ] 127.0.0.1 /miao/index.php?s=/Home/Index/reg.html
INFO: [ app_begin ] --START--
INFO: Run Behavior\ReadHtmlCacheBehavior [ RunTime:0.000319s ]
INFO: Run Behavior\CheckLangBehavior [ RunTime:0.000597s ]
INFO: [ app_begin ] --END-- [ RunTime:0.001145s ]
INFO: [ view_parse ] --START--
INFO: [ template_filter ] --START--
INFO: Run Behavior\ContentReplaceBehavior [ RunTime:0.000054s ]
INFO: [ template_filter ] --END-- [ RunTime:0.000101s ]
INFO: Run Behavior\ParseTemplateBehavior [ RunTime:0.015947s ]
INFO: [ view_parse ] --END-- [ RunTime:0.016025s ]
INFO: [ view_filter ] --START--
INFO: Run Behavior\WriteHtmlCacheBehavior [ RunTime:0.000247s ]
INFO: [ view_filter ] --END-- [ RunTime:0.000295s ]
INFO: [ app_end ] --START--
INFO: Run Behavior\ShowPageTraceBehavior [ RunTime:0.000625s ]
INFO: [ app_end ] --END-- [ RunTime:0.000687s ]

[ 2015-05-06T10:43:46+08:00 ] 127.0.0.1 /miao/index.php?s=/Home/Index/verify.html
INFO: [ app_begin ] --START--
INFO: Run Behavior\ReadHtmlCacheBehavior [ RunTime:0.000614s ]
INFO: Run Behavior\CheckLangBehavior [ RunTime:0.000576s ]
INFO: [ app_begin ] --END-- [ RunTime:0.001701s ]
INFO: [ app_end ] --START--
INFO: Run Behavior\ShowPageTraceBehavior [ RunTime:0.000694s ]
INFO: [ app_end ] --END-- [ RunTime:0.000800s ]

[ 2015-05-06T10:43:47+08:00 ] 127.0.0.1 /miao/index.php?s=/Home/Index/verify.html&random=0.7160180158822191
INFO: [ app_begin ] --START--
INFO: Run Behavior\ReadHtmlCacheBehavior [ RunTime:0.000297s ]
INFO: Run Behavior\CheckLangBehavior [ RunTime:0.000476s ]
INFO: [ app_begin ] --END-- [ RunTime:0.000981s ]
INFO: [ app_end ] --START--
INFO: Run Behavior\ShowPageTraceBehavior [ RunTime:0.000358s ]
INFO: [ app_end ] --END-- [ RunTime:0.000404s ]

[ 2015-05-06T10:43:48+08:00 ] 127.0.0.1 /miao/index.php?s=/Home/Index/verify.html&random=0.8718022532444659
INFO: [ app_begin ] --START--
INFO: Run Behavior\ReadHtmlCacheBehavior [ RunTime:0.000265s ]
INFO: Run Behavior\CheckLangBehavior [ RunTime:0.000465s ]
INFO: [ app_begin ] --END-- [ RunTime:0.000935s ]
INFO: [ app_end ] --START--
INFO: Run Behavior\ShowPageTraceBehavior [ RunTime:0.000314s ]
INFO: [ app_end ] --END-- [ RunTime:0.000353s ]

[ 2015-05-06T10:46:02+08:00 ] 127.0.0.1 /miao/index.php?s=/Home/Index/reg.html
INFO: [ app_begin ] --START--
INFO: Run Behavior\ReadHtmlCacheBehavior [ RunTime:0.000266s ]
INFO: Run Behavior\CheckLangBehavior [ RunTime:0.000468s ]
INFO: [ app_begin ] --END-- [ RunTime:0.000940s ]
INFO: [ view_parse ] --START--
INFO: [ template_filter ] --START--
INFO: Run Behavior\ContentReplaceBehavior [ RunTime:0.000062s ]
INFO: [ template_filter ] --END-- [ RunTime:0.000110s ]
INFO: Run Behavior\ParseTemplateBehavior [ RunTime:0.016873s ]
INFO: [ view_parse ] --END-- [ RunTime:0.016938s ]
INFO: [ view_filter ] --START--
INFO: Run Behavior\WriteHtmlCacheBehavior [ RunTime:0.000222s ]
INFO: [ view_filter ] --END-- [ RunTime:0.000271s ]
INFO: [ app_end ] --START--
INFO: Run Behavior\ShowPageTraceBehavior [ RunTime:0.000552s ]
INFO: [ app_end ] --END-- [ RunTime:0.000616s ]

[ 2015-05-06T10:46:02+08:00 ] 127.0.0.1 /miao/index.php?s=/Home/Index/verify.html
INFO: [ app_begin ] --START--
INFO: Run Behavior\ReadHtmlCacheBehavior [ RunTime:0.000446s ]
INFO: Run Behavior\CheckLangBehavior [ RunTime:0.000818s ]
INFO: [ app_begin ] --END-- [ RunTime:0.001615s ]
INFO: [ app_end ] --START--
INFO: Run Behavior\ShowPageTraceBehavior [ RunTime:0.000894s ]
INFO: [ app_end ] --END-- [ RunTime:0.000984s ]

[ 2015-05-06T10:46:39+08:00 ] 127.0.0.1 /miao/index.php?s=/Home/Index/verify.html&random=0.009066363611864525
INFO: [ app_begin ] --START--
INFO: Run Behavior\ReadHtmlCacheBehavior [ RunTime:0.000416s ]
INFO: Run Behavior\CheckLangBehavior [ RunTime:0.000647s ]
INFO: [ app_begin ] --END-- [ RunTime:0.001413s ]
INFO: [ app_end ] --START--
INFO: Run Behavior\ShowPageTraceBehavior [ RunTime:0.000440s ]
INFO: [ app_end ] --END-- [ RunTime:0.000500s ]

[ 2015-05-06T10:46:40+08:00 ] 127.0.0.1 /miao/index.php?s=/Home/Index/verify.html&random=0.7378170840809009
INFO: [ app_begin ] --START--
INFO: Run Behavior\ReadHtmlCacheBehavior [ RunTime:0.000265s ]
INFO: Run Behavior\CheckLangBehavior [ RunTime:0.000512s ]
INFO: [ app_begin ] --END-- [ RunTime:0.000982s ]
INFO: [ app_end ] --START--
INFO: Run Behavior\ShowPageTraceBehavior [ RunTime:0.000311s ]
INFO: [ app_end ] --END-- [ RunTime:0.000349s ]

[ 2015-05-06T10:46:40+08:00 ] 127.0.0.1 /miao/index.php?s=/Home/Index/verify.html&random=0.6368877753355648
INFO: [ app_begin ] --START--
INFO: Run Behavior\ReadHtmlCacheBehavior [ RunTime:0.000266s ]
INFO: Run Behavior\CheckLangBehavior [ RunTime:0.000467s ]
INFO: [ app_begin ] --END-- [ RunTime:0.000978s ]
INFO: [ app_end ] --START--
INFO: Run Behavior\ShowPageTraceBehavior [ RunTime:0.000307s ]
INFO: [ app_end ] --END-- [ RunTime:0.000345s ]

[ 2015-05-06T10:46:59+08:00 ] 127.0.0.1 /miao/index.php?s=/Home/Index/changeLanguage.html
INFO: [ app_begin ] --START--
INFO: Run Behavior\ReadHtmlCacheBehavior [ RunTime:0.000344s ]
INFO: Run Behavior\CheckLangBehavior [ RunTime:0.000755s ]
INFO: [ app_begin ] --END-- [ RunTime:0.001319s ]

[ 2015-05-06T10:46:59+08:00 ] 127.0.0.1 /miao/index.php?s=/Home/Index/reg.html
INFO: [ app_begin ] --START--
INFO: Run Behavior\ReadHtmlCacheBehavior [ RunTime:0.000269s ]
INFO: Run Behavior\CheckLangBehavior [ RunTime:0.000200s ]
INFO: [ app_begin ] --END-- [ RunTime:0.000674s ]
INFO: [ view_parse ] --START--
INFO: [ template_filter ] --START--
INFO: Run Behavior\ContentReplaceBehavior [ RunTime:0.000070s ]
INFO: [ template_filter ] --END-- [ RunTime:0.000122s ]
INFO: Run Behavior\ParseTemplateBehavior [ RunTime:0.010157s ]
INFO: [ view_parse ] --END-- [ RunTime:0.010322s ]
INFO: [ view_filter ] --START--
INFO: Run Behavior\WriteHtmlCacheBehavior [ RunTime:0.000353s ]
INFO: [ view_filter ] --END-- [ RunTime:0.000419s ]
INFO: [ app_end ] --START--
INFO: Run Behavior\ShowPageTraceBehavior [ RunTime:0.001004s ]
INFO: [ app_end ] --END-- [ RunTime:0.001152s ]

[ 2015-05-06T10:47:00+08:00 ] 127.0.0.1 /miao/index.php?s=/Home/Index/verify.html
INFO: [ app_begin ] --START--
INFO: Run Behavior\ReadHtmlCacheBehavior [ RunTime:0.000305s ]
INFO: Run Behavior\CheckLangBehavior [ RunTime:0.000257s ]
INFO: [ app_begin ] --END-- [ RunTime:0.000796s ]
INFO: [ app_end ] --START--
INFO: Run Behavior\ShowPageTraceBehavior [ RunTime:0.001135s ]
INFO: [ app_end ] --END-- [ RunTime:0.001261s ]

[ 2015-05-06T10:47:03+08:00 ] 127.0.0.1 /miao/index.php?s=/Home/Index/changeLanguage.html
INFO: [ app_begin ] --START--
INFO: Run Behavior\ReadHtmlCacheBehavior [ RunTime:0.000492s ]
INFO: Run Behavior\CheckLangBehavior [ RunTime:0.000562s ]
INFO: [ app_begin ] --END-- [ RunTime:0.001416s ]

[ 2015-05-06T10:47:03+08:00 ] 127.0.0.1 /miao/index.php?s=/Home/Index/reg.html
INFO: [ app_begin ] --START--
INFO: Run Behavior\ReadHtmlCacheBehavior [ RunTime:0.000284s ]
INFO: Run Behavior\CheckLangBehavior [ RunTime:0.000535s ]
INFO: [ app_begin ] --END-- [ RunTime:0.001031s ]
INFO: [ view_parse ] --START--
INFO: [ template_filter ] --START--
INFO: Run Behavior\ContentReplaceBehavior [ RunTime:0.000123s ]
INFO: [ template_filter ] --END-- [ RunTime:0.000226s ]
INFO: Run Behavior\ParseTemplateBehavior [ RunTime:0.009720s ]
INFO: [ view_parse ] --END-- [ RunTime:0.009762s ]
INFO: [ view_filter ] --START--
INFO: Run Behavior\WriteHtmlCacheBehavior [ RunTime:0.000121s ]
INFO: [ view_filter ] --END-- [ RunTime:0.000147s ]
INFO: [ app_end ] --START--
INFO: Run Behavior\ShowPageTraceBehavior [ RunTime:0.000352s ]
INFO: [ app_end ] --END-- [ RunTime:0.000384s ]

[ 2015-05-06T10:47:03+08:00 ] 127.0.0.1 /miao/index.php?s=/Home/Index/verify.html
INFO: [ app_begin ] --START--
INFO: Run Behavior\ReadHtmlCacheBehavior [ RunTime:0.000326s ]
INFO: Run Behavior\CheckLangBehavior [ RunTime:0.000566s ]
INFO: [ app_begin ] --END-- [ RunTime:0.001135s ]
INFO: [ app_end ] --START--
INFO: Run Behavior\ShowPageTraceBehavior [ RunTime:0.000426s ]
INFO: [ app_end ] --END-- [ RunTime:0.000482s ]

[ 2015-05-06T10:48:28+08:00 ] 127.0.0.1 /miao/index.php?s=/Home/Index/reg.html
INFO: [ app_begin ] --START--
INFO: Run Behavior\ReadHtmlCacheBehavior [ RunTime:0.000297s ]
INFO: Run Behavior\CheckLangBehavior [ RunTime:0.000548s ]
INFO: [ app_begin ] --END-- [ RunTime:0.001069s ]
INFO: [ view_parse ] --START--
INFO: [ template_filter ] --START--
INFO: Run Behavior\ContentReplaceBehavior [ RunTime:0.000057s ]
INFO: [ template_filter ] --END-- [ RunTime:0.000102s ]
INFO: Run Behavior\ParseTemplateBehavior [ RunTime:0.010220s ]
INFO: [ view_parse ] --END-- [ RunTime:0.010257s ]
INFO: [ view_filter ] --START--
INFO: Run Behavior\WriteHtmlCacheBehavior [ RunTime:0.000151s ]
INFO: [ view_filter ] --END-- [ RunTime:0.000176s ]
INFO: [ app_end ] --START--
INFO: Run Behavior\ShowPageTraceBehavior [ RunTime:0.000380s ]
INFO: [ app_end ] --END-- [ RunTime:0.000413s ]

[ 2015-05-06T10:48:28+08:00 ] 127.0.0.1 /miao/index.php?s=/Home/Index/verify.html
INFO: [ app_begin ] --START--
INFO: Run Behavior\ReadHtmlCacheBehavior [ RunTime:0.000341s ]
INFO: Run Behavior\CheckLangBehavior [ RunTime:0.000546s ]
INFO: [ app_begin ] --END-- [ RunTime:0.001122s ]
INFO: [ app_end ] --START--
INFO: Run Behavior\ShowPageTraceBehavior [ RunTime:0.000628s ]
INFO: [ app_end ] --END-- [ RunTime:0.000715s ]

[ 2015-05-06T10:48:39+08:00 ] 127.0.0.1 /miao/index.php?s=/Home/Index/reg.html
INFO: [ app_begin ] --START--
INFO: Run Behavior\ReadHtmlCacheBehavior [ RunTime:0.000343s ]
INFO: Run Behavior\CheckLangBehavior [ RunTime:0.000486s ]
INFO: [ app_begin ] --END-- [ RunTime:0.001065s ]
INFO: [ view_parse ] --START--
INFO: [ template_filter ] --START--
INFO: Run Behavior\ContentReplaceBehavior [ RunTime:0.000056s ]
INFO: [ template_filter ] --END-- [ RunTime:0.000099s ]
INFO: Run Behavior\ParseTemplateBehavior [ RunTime:0.017717s ]
INFO: [ view_parse ] --END-- [ RunTime:0.017779s ]
INFO: [ view_filter ] --START--
INFO: Run Behavior\WriteHtmlCacheBehavior [ RunTime:0.000203s ]
INFO: [ view_filter ] --END-- [ RunTime:0.000250s ]
INFO: [ app_end ] --START--
INFO: Run Behavior\ShowPageTraceBehavior [ RunTime:0.000648s ]
INFO: [ app_end ] --END-- [ RunTime:0.000706s ]

[ 2015-05-06T10:48:39+08:00 ] 127.0.0.1 /miao/index.php?s=/Home/Index/verify.html
INFO: [ app_begin ] --START--
INFO: Run Behavior\ReadHtmlCacheBehavior [ RunTime:0.000513s ]
INFO: Run Behavior\CheckLangBehavior [ RunTime:0.001587s ]
INFO: [ app_begin ] --END-- [ RunTime:0.002575s ]
INFO: [ app_end ] --START--
INFO: Run Behavior\ShowPageTraceBehavior [ RunTime:0.000534s ]
INFO: [ app_end ] --END-- [ RunTime:0.000600s ]

[ 2015-05-06T10:48:53+08:00 ] 127.0.0.1 /miao/index.php?s=/Home/Index/reg.html
INFO: [ app_begin ] --START--
INFO: Run Behavior\ReadHtmlCacheBehavior [ RunTime:0.000272s ]
INFO: Run Behavior\CheckLangBehavior [ RunTime:0.000482s ]
INFO: [ app_begin ] --END-- [ RunTime:0.000964s ]
INFO: [ view_parse ] --START--
INFO: [ template_filter ] --START--
INFO: Run Behavior\ContentReplaceBehavior [ RunTime:0.000079s ]
INFO: [ template_filter ] --END-- [ RunTime:0.000127s ]
INFO: Run Behavior\ParseTemplateBehavior [ RunTime:0.009534s ]
INFO: [ view_parse ] --END-- [ RunTime:0.009621s ]
INFO: [ view_filter ] --START--
INFO: Run Behavior\WriteHtmlCacheBehavior [ RunTime:0.000328s ]
INFO: [ view_filter ] --END-- [ RunTime:0.000374s ]
INFO: [ app_end ] --START--
INFO: Run Behavior\ShowPageTraceBehavior [ RunTime:0.000551s ]
INFO: [ app_end ] --END-- [ RunTime:0.000604s ]

[ 2015-05-06T10:48:54+08:00 ] 127.0.0.1 /miao/index.php?s=/Home/Index/verify.html
INFO: [ app_begin ] --START--
INFO: Run Behavior\ReadHtmlCacheBehavior [ RunTime:0.000310s ]
INFO: Run Behavior\CheckLangBehavior [ RunTime:0.000585s ]
INFO: [ app_begin ] --END-- [ RunTime:0.001152s ]
INFO: [ app_end ] --START--
INFO: Run Behavior\ShowPageTraceBehavior [ RunTime:0.000404s ]
INFO: [ app_end ] --END-- [ RunTime:0.000456s ]

[ 2015-05-06T10:48:55+08:00 ] 127.0.0.1 /miao/index.php?s=/Home/Index/reg.html
INFO: [ app_begin ] --START--
INFO: Run Behavior\ReadHtmlCacheBehavior [ RunTime:0.000267s ]
INFO: Run Behavior\CheckLangBehavior [ RunTime:0.000513s ]
INFO: [ app_begin ] --END-- [ RunTime:0.000987s ]
INFO: [ view_parse ] --START--
INFO: [ template_filter ] --START--
INFO: Run Behavior\ContentReplaceBehavior [ RunTime:0.000118s ]
INFO: [ template_filter ] --END-- [ RunTime:0.000234s ]
INFO: Run Behavior\ParseTemplateBehavior [ RunTime:0.017394s ]
INFO: [ view_parse ] --END-- [ RunTime:0.017446s ]
INFO: [ view_filter ] --START--
INFO: Run Behavior\WriteHtmlCacheBehavior [ RunTime:0.000155s ]
INFO: [ view_filter ] --END-- [ RunTime:0.000188s ]
INFO: [ app_end ] --START--
INFO: Run Behavior\ShowPageTraceBehavior [ RunTime:0.000674s ]
INFO: [ app_end ] --END-- [ RunTime:0.000742s ]

[ 2015-05-06T10:48:55+08:00 ] 127.0.0.1 /miao/index.php?s=/Home/Index/verify.html
INFO: [ app_begin ] --START--
INFO: Run Behavior\ReadHtmlCacheBehavior [ RunTime:0.000357s ]
INFO: Run Behavior\CheckLangBehavior [ RunTime:0.000541s ]
INFO: [ app_begin ] --END-- [ RunTime:0.001132s ]
INFO: [ app_end ] --START--
INFO: Run Behavior\ShowPageTraceBehavior [ RunTime:0.000615s ]
INFO: [ app_end ] --END-- [ RunTime:0.000691s ]

[ 2015-05-06T10:49:55+08:00 ] 127.0.0.1 /miao/index.php?s=/Home/Index/reg.html
INFO: [ app_begin ] --START--
INFO: Run Behavior\ReadHtmlCacheBehavior [ RunTime:0.000317s ]
INFO: Run Behavior\CheckLangBehavior [ RunTime:0.000538s ]
INFO: [ app_begin ] --END-- [ RunTime:0.001078s ]
INFO: [ view_parse ] --START--
INFO: [ template_filter ] --START--
INFO: Run Behavior\ContentReplaceBehavior [ RunTime:0.000080s ]
INFO: [ template_filter ] --END-- [ RunTime:0.000128s ]
INFO: Run Behavior\ParseTemplateBehavior [ RunTime:0.017669s ]
INFO: [ view_parse ] --END-- [ RunTime:0.017737s ]
INFO: [ view_filter ] --START--
INFO: Run Behavior\WriteHtmlCacheBehavior [ RunTime:0.000250s ]
INFO: [ view_filter ] --END-- [ RunTime:0.000298s ]
INFO: [ app_end ] --START--
INFO: Run Behavior\ShowPageTraceBehavior [ RunTime:0.000863s ]
INFO: [ app_end ] --END-- [ RunTime:0.000941s ]

[ 2015-05-06T10:49:55+08:00 ] 127.0.0.1 /miao/index.php?s=/Home/Index/verify.html
INFO: [ app_begin ] --START--
INFO: Run Behavior\ReadHtmlCacheBehavior [ RunTime:0.000340s ]
INFO: Run Behavior\CheckLangBehavior [ RunTime:0.000539s ]
INFO: [ app_begin ] --END-- [ RunTime:0.001117s ]
INFO: [ app_end ] --START--
INFO: Run Behavior\ShowPageTraceBehavior [ RunTime:0.000531s ]
INFO: [ app_end ] --END-- [ RunTime:0.000596s ]

[ 2015-05-06T10:50:38+08:00 ] 127.0.0.1 /miao/index.php?s=/Home/Index/reg.html
INFO: [ app_begin ] --START--
INFO: Run Behavior\ReadHtmlCacheBehavior [ RunTime:0.000540s ]
INFO: Run Behavior\CheckLangBehavior [ RunTime:0.000969s ]
INFO: [ app_begin ] --END-- [ RunTime:0.001890s ]
INFO: [ view_parse ] --START--
INFO: [ template_filter ] --START--
INFO: Run Behavior\ContentReplaceBehavior [ RunTime:0.000069s ]
INFO: [ template_filter ] --END-- [ RunTime:0.000108s ]
INFO: Run Behavior\ParseTemplateBehavior [ RunTime:0.017559s ]
INFO: [ view_parse ] --END-- [ RunTime:0.017707s ]
INFO: [ view_filter ] --START--
INFO: Run Behavior\WriteHtmlCacheBehavior [ RunTime:0.000635s ]
INFO: [ view_filter ] --END-- [ RunTime:0.000755s ]
INFO: [ app_end ] --START--
INFO: Run Behavior\ShowPageTraceBehavior [ RunTime:0.001165s ]
INFO: [ app_end ] --END-- [ RunTime:0.001269s ]

[ 2015-05-06T10:50:38+08:00 ] 127.0.0.1 /miao/index.php?s=/Home/Index/verify.html
INFO: [ app_begin ] --START--
INFO: Run Behavior\ReadHtmlCacheBehavior [ RunTime:0.000443s ]
INFO: Run Behavior\CheckLangBehavior [ RunTime:0.000855s ]
INFO: [ app_begin ] --END-- [ RunTime:0.001643s ]
INFO: [ app_end ] --START--
INFO: Run Behavior\ShowPageTraceBehavior [ RunTime:0.000553s ]
INFO: [ app_end ] --END-- [ RunTime:0.000621s ]

[ 2015-05-06T10:50:43+08:00 ] 127.0.0.1 /miao/index.php?s=/Home/Index/changeLanguage.html
INFO: [ app_begin ] --START--
INFO: Run Behavior\ReadHtmlCacheBehavior [ RunTime:0.000421s ]
INFO: Run Behavior\CheckLangBehavior [ RunTime:0.000790s ]
INFO: [ app_begin ] --END-- [ RunTime:0.001520s ]

[ 2015-05-06T10:50:43+08:00 ] 127.0.0.1 /miao/index.php?s=/Home/Index/reg.html
INFO: [ app_begin ] --START--
INFO: Run Behavior\ReadHtmlCacheBehavior [ RunTime:0.000270s ]
INFO: Run Behavior\CheckLangBehavior [ RunTime:0.000205s ]
INFO: [ app_begin ] --END-- [ RunTime:0.000680s ]
INFO: [ view_parse ] --START--
INFO: [ template_filter ] --START--
INFO: Run Behavior\ContentReplaceBehavior [ RunTime:0.000110s ]
INFO: [ template_filter ] --END-- [ RunTime:0.000200s ]
INFO: Run Behavior\ParseTemplateBehavior [ RunTime:0.008746s ]
INFO: [ view_parse ] --END-- [ RunTime:0.008786s ]
INFO: [ view_filter ] --START--
INFO: Run Behavior\WriteHtmlCacheBehavior [ RunTime:0.000112s ]
INFO: [ view_filter ] --END-- [ RunTime:0.000136s ]
INFO: [ app_end ] --START--
INFO: Run Behavior\ShowPageTraceBehavior [ RunTime:0.000404s ]
INFO: [ app_end ] --END-- [ RunTime:0.000438s ]

[ 2015-05-06T10:50:43+08:00 ] 127.0.0.1 /miao/index.php?s=/Home/Index/verify.html
INFO: [ app_begin ] --START--
INFO: Run Behavior\ReadHtmlCacheBehavior [ RunTime:0.000338s ]
INFO: Run Behavior\CheckLangBehavior [ RunTime:0.000238s ]
INFO: [ app_begin ] --END-- [ RunTime:0.000837s ]
INFO: [ app_end ] --START--
INFO: Run Behavior\ShowPageTraceBehavior [ RunTime:0.000434s ]
INFO: [ app_end ] --END-- [ RunTime:0.000490s ]

[ 2015-05-06T10:50:45+08:00 ] 127.0.0.1 /miao/index.php?s=/Home/Index/changeLanguage.html
INFO: [ app_begin ] --START--
INFO: Run Behavior\ReadHtmlCacheBehavior [ RunTime:0.000263s ]
INFO: Run Behavior\CheckLangBehavior [ RunTime:0.000253s ]
INFO: [ app_begin ] --END-- [ RunTime:0.000719s ]

[ 2015-05-06T10:50:45+08:00 ] 127.0.0.1 /miao/index.php?s=/Home/Index/reg.html
INFO: [ app_begin ] --START--
INFO: Run Behavior\ReadHtmlCacheBehavior [ RunTime:0.000284s ]
INFO: Run Behavior\CheckLangBehavior [ RunTime:0.000493s ]
INFO: [ app_begin ] --END-- [ RunTime:0.000994s ]
INFO: [ view_parse ] --START--
INFO: [ template_filter ] --START--
INFO: Run Behavior\ContentReplaceBehavior [ RunTime:0.000065s ]
INFO: [ template_filter ] --END-- [ RunTime:0.000116s ]
INFO: Run Behavior\ParseTemplateBehavior [ RunTime:0.008602s ]
INFO: [ view_parse ] --END-- [ RunTime:0.008642s ]
INFO: [ view_filter ] --START--
INFO: Run Behavior\WriteHtmlCacheBehavior [ RunTime:0.000127s ]
INFO: [ view_filter ] --END-- [ RunTime:0.000153s ]
INFO: [ app_end ] --START--
INFO: Run Behavior\ShowPageTraceBehavior [ RunTime:0.000425s ]
INFO: [ app_end ] --END-- [ RunTime:0.000474s ]

[ 2015-05-06T10:50:46+08:00 ] 127.0.0.1 /miao/index.php?s=/Home/Index/verify.html
INFO: [ app_begin ] --START--
INFO: Run Behavior\ReadHtmlCacheBehavior [ RunTime:0.000509s ]
INFO: Run Behavior\CheckLangBehavior [ RunTime:0.001655s ]
INFO: [ app_begin ] --END-- [ RunTime:0.002728s ]
INFO: [ app_end ] --START--
INFO: Run Behavior\ShowPageTraceBehavior [ RunTime:0.000407s ]
INFO: [ app_end ] --END-- [ RunTime:0.000462s ]

[ 2015-05-06T10:51:23+08:00 ] 127.0.0.1 /miao/index.php?s=/Home/Index/reg.html
INFO: [ app_begin ] --START--
INFO: Run Behavior\ReadHtmlCacheBehavior [ RunTime:0.000300s ]
INFO: Run Behavior\CheckLangBehavior [ RunTime:0.000545s ]
INFO: [ app_begin ] --END-- [ RunTime:0.001057s ]
INFO: [ view_parse ] --START--
INFO: [ template_filter ] --START--
INFO: Run Behavior\ContentReplaceBehavior [ RunTime:0.000057s ]
INFO: [ template_filter ] --END-- [ RunTime:0.000103s ]
INFO: Run Behavior\ParseTemplateBehavior [ RunTime:0.016386s ]
INFO: [ view_parse ] --END-- [ RunTime:0.016451s ]
INFO: [ view_filter ] --START--
INFO: Run Behavior\WriteHtmlCacheBehavior [ RunTime:0.000220s ]
INFO: [ view_filter ] --END-- [ RunTime:0.000267s ]
INFO: [ app_end ] --START--
INFO: Run Behavior\ShowPageTraceBehavior [ RunTime:0.000581s ]
INFO: [ app_end ] --END-- [ RunTime:0.000650s ]

[ 2015-05-06T10:51:23+08:00 ] 127.0.0.1 /miao/index.php?s=/Home/Index/verify.html
INFO: [ app_begin ] --START--
INFO: Run Behavior\ReadHtmlCacheBehavior [ RunTime:0.000298s ]
INFO: Run Behavior\CheckLangBehavior [ RunTime:0.000559s ]
INFO: [ app_begin ] --END-- [ RunTime:0.001092s ]
INFO: [ app_end ] --START--
INFO: Run Behavior\ShowPageTraceBehavior [ RunTime:0.000630s ]
INFO: [ app_end ] --END-- [ RunTime:0.000718s ]

[ 2015-05-06T10:51:49+08:00 ] 127.0.0.1 /miao/index.php?s=/Home/Index/reg.html
INFO: [ app_begin ] --START--
INFO: Run Behavior\ReadHtmlCacheBehavior [ RunTime:0.000404s ]
INFO: Run Behavior\CheckLangBehavior [ RunTime:0.000536s ]
INFO: [ app_begin ] --END-- [ RunTime:0.001268s ]
INFO: [ view_parse ] --START--
INFO: [ template_filter ] --START--
INFO: Run Behavior\ContentReplaceBehavior [ RunTime:0.000052s ]
INFO: [ template_filter ] --END-- [ RunTime:0.000083s ]
INFO: Run Behavior\ParseTemplateBehavior [ RunTime:0.015567s ]
INFO: [ view_parse ] --END-- [ RunTime:0.015639s ]
INFO: [ view_filter ] --START--
INFO: Run Behavior\WriteHtmlCacheBehavior [ RunTime:0.000258s ]
INFO: [ view_filter ] --END-- [ RunTime:0.000308s ]
INFO: [ app_end ] --START--
INFO: Run Behavior\ShowPageTraceBehavior [ RunTime:0.000771s ]
INFO: [ app_end ] --END-- [ RunTime:0.000835s ]

[ 2015-05-06T10:51:49+08:00 ] 127.0.0.1 /miao/index.php?s=/Home/Index/verify.html
INFO: [ app_begin ] --START--
INFO: Run Behavior\ReadHtmlCacheBehavior [ RunTime:0.000457s ]
INFO: Run Behavior\CheckLangBehavior [ RunTime:0.000770s ]
INFO: [ app_begin ] --END-- [ RunTime:0.001550s ]
INFO: [ app_end ] --START--
INFO: Run Behavior\ShowPageTraceBehavior [ RunTime:0.000552s ]
INFO: [ app_end ] --END-- [ RunTime:0.000619s ]

[ 2015-05-06T10:52:08+08:00 ] 127.0.0.1 /miao/index.php?s=/Home/Index/reg.html
INFO: [ app_begin ] --START--
INFO: Run Behavior\ReadHtmlCacheBehavior [ RunTime:0.000267s ]
INFO: Run Behavior\CheckLangBehavior [ RunTime:0.000472s ]
INFO: [ app_begin ] --END-- [ RunTime:0.000944s ]
INFO: [ view_parse ] --START--
INFO: [ template_filter ] --START--
INFO: Run Behavior\ContentReplaceBehavior [ RunTime:0.000057s ]
INFO: [ template_filter ] --END-- [ RunTime:0.000104s ]
INFO: Run Behavior\ParseTemplateBehavior [ RunTime:0.019703s ]
INFO: [ view_parse ] --END-- [ RunTime:0.019777s ]
INFO: [ view_filter ] --START--
INFO: Run Behavior\WriteHtmlCacheBehavior [ RunTime:0.000262s ]
INFO: [ view_filter ] --END-- [ RunTime:0.000309s ]
INFO: [ app_end ] --START--
INFO: Run Behavior\ShowPageTraceBehavior [ RunTime:0.000805s ]
INFO: [ app_end ] --END-- [ RunTime:0.000872s ]

[ 2015-05-06T10:52:08+08:00 ] 127.0.0.1 /miao/index.php?s=/Home/Index/verify.html
INFO: [ app_begin ] --START--
INFO: Run Behavior\ReadHtmlCacheBehavior [ RunTime:0.000332s ]
INFO: Run Behavior\CheckLangBehavior [ RunTime:0.000543s ]
INFO: [ app_begin ] --END-- [ RunTime:0.001114s ]
INFO: [ app_end ] --START--
INFO: Run Behavior\ShowPageTraceBehavior [ RunTime:0.000391s ]
INFO: [ app_end ] --END-- [ RunTime:0.000440s ]

[ 2015-05-06T10:52:28+08:00 ] 127.0.0.1 /miao/index.php?s=/Home/Index/reg.html
INFO: [ app_begin ] --START--
INFO: Run Behavior\ReadHtmlCacheBehavior [ RunTime:0.000392s ]
INFO: Run Behavior\CheckLangBehavior [ RunTime:0.000507s ]
INFO: [ app_begin ] --END-- [ RunTime:0.001138s ]
INFO: [ view_parse ] --START--
INFO: [ template_filter ] --START--
INFO: Run Behavior\ContentReplaceBehavior [ RunTime:0.000066s ]
INFO: [ template_filter ] --END-- [ RunTime:0.000115s ]
INFO: Run Behavior\ParseTemplateBehavior [ RunTime:0.016295s ]
INFO: [ view_parse ] --END-- [ RunTime:0.016368s ]
INFO: [ view_filter ] --START--
INFO: Run Behavior\WriteHtmlCacheBehavior [ RunTime:0.000273s ]
INFO: [ view_filter ] --END-- [ RunTime:0.000324s ]
INFO: [ app_end ] --START--
INFO: Run Behavior\ShowPageTraceBehavior [ RunTime:0.000542s ]
INFO: [ app_end ] --END-- [ RunTime:0.000591s ]

[ 2015-05-06T10:52:28+08:00 ] 127.0.0.1 /miao/index.php?s=/Home/Index/verify.html
INFO: [ app_begin ] --START--
INFO: Run Behavior\ReadHtmlCacheBehavior [ RunTime:0.000427s ]
INFO: Run Behavior\CheckLangBehavior [ RunTime:0.000773s ]
INFO: [ app_begin ] --END-- [ RunTime:0.001520s ]
INFO: [ app_end ] --START--
INFO: Run Behavior\ShowPageTraceBehavior [ RunTime:0.000555s ]
INFO: [ app_end ] --END-- [ RunTime:0.000624s ]

[ 2015-05-06T10:52:37+08:00 ] 127.0.0.1 /miao/index.php?s=/Home/Index/reg.html
INFO: [ app_begin ] --START--
INFO: Run Behavior\ReadHtmlCacheBehavior [ RunTime:0.000380s ]
INFO: Run Behavior\CheckLangBehavior [ RunTime:0.000619s ]
INFO: [ app_begin ] --END-- [ RunTime:0.001264s ]
INFO: [ view_parse ] --START--
INFO: [ template_filter ] --START--
INFO: Run Behavior\ContentReplaceBehavior [ RunTime:0.000067s ]
INFO: [ template_filter ] --END-- [ RunTime:0.000107s ]
INFO: Run Behavior\ParseTemplateBehavior [ RunTime:0.017287s ]
INFO: [ view_parse ] --END-- [ RunTime:0.017360s ]
INFO: [ view_filter ] --START--
INFO: Run Behavior\WriteHtmlCacheBehavior [ RunTime:0.000232s ]
INFO: [ view_filter ] --END-- [ RunTime:0.000280s ]
INFO: [ app_end ] --START--
INFO: Run Behavior\ShowPageTraceBehavior [ RunTime:0.000599s ]
INFO: [ app_end ] --END-- [ RunTime:0.000656s ]

[ 2015-05-06T10:52:37+08:00 ] 127.0.0.1 /miao/index.php?s=/Home/Index/verify.html
INFO: [ app_begin ] --START--
INFO: Run Behavior\ReadHtmlCacheBehavior [ RunTime:0.000335s ]
INFO: Run Behavior\CheckLangBehavior [ RunTime:0.000542s ]
INFO: [ app_begin ] --END-- [ RunTime:0.001111s ]
INFO: [ app_end ] --START--
INFO: Run Behavior\ShowPageTraceBehavior [ RunTime:0.000534s ]
INFO: [ app_end ] --END-- [ RunTime:0.000600s ]

[ 2015-05-06T10:52:47+08:00 ] 127.0.0.1 /miao/index.php?s=/Home/Index/reg.html
INFO: [ app_begin ] --START--
INFO: Run Behavior\ReadHtmlCacheBehavior [ RunTime:0.000381s ]
INFO: Run Behavior\CheckLangBehavior [ RunTime:0.000627s ]
INFO: [ app_begin ] --END-- [ RunTime:0.001269s ]
INFO: [ view_parse ] --START--
INFO: [ template_filter ] --START--
INFO: Run Behavior\ContentReplaceBehavior [ RunTime:0.000160s ]
INFO: [ template_filter ] --END-- [ RunTime:0.000267s ]
INFO: Run Behavior\ParseTemplateBehavior [ RunTime:0.018969s ]
INFO: [ view_parse ] --END-- [ RunTime:0.019041s ]
INFO: [ view_filter ] --START--
INFO: Run Behavior\WriteHtmlCacheBehavior [ RunTime:0.000233s ]
INFO: [ view_filter ] --END-- [ RunTime:0.000281s ]
INFO: [ app_end ] --START--
INFO: Run Behavior\ShowPageTraceBehavior [ RunTime:0.000545s ]
INFO: [ app_end ] --END-- [ RunTime:0.000591s ]

[ 2015-05-06T10:52:48+08:00 ] 127.0.0.1 /miao/index.php?s=/Home/Index/verify.html
INFO: [ app_begin ] --START--
INFO: Run Behavior\ReadHtmlCacheBehavior [ RunTime:0.000394s ]
INFO: Run Behavior\CheckLangBehavior [ RunTime:0.000659s ]
INFO: [ app_begin ] --END-- [ RunTime:0.001381s ]
INFO: [ app_end ] --START--
INFO: Run Behavior\ShowPageTraceBehavior [ RunTime:0.000406s ]
INFO: [ app_end ] --END-- [ RunTime:0.000457s ]

[ 2015-05-06T10:53:20+08:00 ] 127.0.0.1 /miao/index.php?s=/Home/Index/reg.html
INFO: [ app_begin ] --START--
INFO: Run Behavior\ReadHtmlCacheBehavior [ RunTime:0.000270s ]
INFO: Run Behavior\CheckLangBehavior [ RunTime:0.000476s ]
INFO: [ app_begin ] --END-- [ RunTime:0.000954s ]
INFO: [ view_parse ] --START--
INFO: [ template_filter ] --START--
INFO: Run Behavior\ContentReplaceBehavior [ RunTime:0.000143s ]
INFO: [ template_filter ] --END-- [ RunTime:0.000263s ]
INFO: Run Behavior\ParseTemplateBehavior [ RunTime:0.018346s ]
INFO: [ view_parse ] --END-- [ RunTime:0.018410s ]
INFO: [ view_filter ] --START--
INFO: Run Behavior\WriteHtmlCacheBehavior [ RunTime:0.000213s ]
INFO: [ view_filter ] --END-- [ RunTime:0.000260s ]
INFO: [ app_end ] --START--
INFO: Run Behavior\ShowPageTraceBehavior [ RunTime:0.000824s ]
INFO: [ app_end ] --END-- [ RunTime:0.000898s ]

[ 2015-05-06T10:53:20+08:00 ] 127.0.0.1 /miao/index.php?s=/Home/Index/verify.html
INFO: [ app_begin ] --START--
INFO: Run Behavior\ReadHtmlCacheBehavior [ RunTime:0.000322s ]
INFO: Run Behavior\CheckLangBehavior [ RunTime:0.000746s ]
INFO: [ app_begin ] --END-- [ RunTime:0.001318s ]
INFO: [ app_end ] --START--
INFO: Run Behavior\ShowPageTraceBehavior [ RunTime:0.000405s ]
INFO: [ app_end ] --END-- [ RunTime:0.000459s ]

[ 2015-05-06T10:53:24+08:00 ] 127.0.0.1 /miao/index.php?s=/Home/Index/changeLanguage.html
INFO: [ app_begin ] --START--
INFO: Run Behavior\ReadHtmlCacheBehavior [ RunTime:0.000262s ]
INFO: Run Behavior\CheckLangBehavior [ RunTime:0.000621s ]
INFO: [ app_begin ] --END-- [ RunTime:0.001092s ]

[ 2015-05-06T10:53:24+08:00 ] 127.0.0.1 /miao/index.php?s=/Home/Index/reg.html
INFO: [ app_begin ] --START--
INFO: Run Behavior\ReadHtmlCacheBehavior [ RunTime:0.000267s ]
INFO: Run Behavior\CheckLangBehavior [ RunTime:0.000256s ]
INFO: [ app_begin ] --END-- [ RunTime:0.000731s ]
INFO: [ view_parse ] --START--
INFO: [ template_filter ] --START--
INFO: Run Behavior\ContentReplaceBehavior [ RunTime:0.000060s ]
INFO: [ template_filter ] --END-- [ RunTime:0.000110s ]
INFO: Run Behavior\ParseTemplateBehavior [ RunTime:0.011177s ]
INFO: [ view_parse ] --END-- [ RunTime:0.011225s ]
INFO: [ view_filter ] --START--
INFO: Run Behavior\WriteHtmlCacheBehavior [ RunTime:0.000234s ]
INFO: [ view_filter ] --END-- [ RunTime:0.000267s ]
INFO: [ app_end ] --START--
INFO: Run Behavior\ShowPageTraceBehavior [ RunTime:0.000530s ]
INFO: [ app_end ] --END-- [ RunTime:0.000581s ]

[ 2015-05-06T10:53:25+08:00 ] 127.0.0.1 /miao/index.php?s=/Home/Index/verify.html
INFO: [ app_begin ] --START--
INFO: Run Behavior\ReadHtmlCacheBehavior [ RunTime:0.000478s ]
INFO: Run Behavior\CheckLangBehavior [ RunTime:0.000335s ]
INFO: [ app_begin ] --END-- [ RunTime:0.001186s ]
INFO: [ app_end ] --START--
INFO: Run Behavior\ShowPageTraceBehavior [ RunTime:0.000541s ]
INFO: [ app_end ] --END-- [ RunTime:0.000609s ]

[ 2015-05-06T10:53:29+08:00 ] 127.0.0.1 /miao/index.php?s=/Home/Index/index.html
INFO: [ app_begin ] --START--
INFO: Run Behavior\ReadHtmlCacheBehavior [ RunTime:0.000638s ]
INFO: Run Behavior\CheckLangBehavior [ RunTime:0.000405s ]
INFO: [ app_begin ] --END-- [ RunTime:0.001448s ]
INFO: [ view_parse ] --START--
INFO: [ template_filter ] --START--
INFO: Run Behavior\ContentReplaceBehavior [ RunTime:0.000082s ]
INFO: [ template_filter ] --END-- [ RunTime:0.000185s ]
INFO: Run Behavior\ParseTemplateBehavior [ RunTime:0.014946s ]
INFO: [ view_parse ] --END-- [ RunTime:0.015024s ]
INFO: [ view_filter ] --START--
INFO: Run Behavior\WriteHtmlCacheBehavior [ RunTime:0.000133s ]
INFO: [ view_filter ] --END-- [ RunTime:0.000163s ]
INFO: [ app_end ] --START--
INFO: Run Behavior\ShowPageTraceBehavior [ RunTime:0.000365s ]
INFO: [ app_end ] --END-- [ RunTime:0.000397s ]

[ 2015-05-06T10:53:30+08:00 ] 127.0.0.1 /miao/index.php?s=/Home/Index/reg.html
INFO: [ app_begin ] --START--
INFO: Run Behavior\ReadHtmlCacheBehavior [ RunTime:0.000263s ]
INFO: Run Behavior\CheckLangBehavior [ RunTime:0.000196s ]
INFO: [ app_begin ] --END-- [ RunTime:0.000660s ]
INFO: [ view_parse ] --START--
INFO: [ template_filter ] --START--
INFO: Run Behavior\ContentReplaceBehavior [ RunTime:0.000057s ]
INFO: [ template_filter ] --END-- [ RunTime:0.000116s ]
INFO: Run Behavior\ParseTemplateBehavior [ RunTime:0.016931s ]
INFO: [ view_parse ] --END-- [ RunTime:0.016996s ]
INFO: [ view_filter ] --START--
INFO: Run Behavior\WriteHtmlCacheBehavior [ RunTime:0.000210s ]
INFO: [ view_filter ] --END-- [ RunTime:0.000258s ]
INFO: [ app_end ] --START--
INFO: Run Behavior\ShowPageTraceBehavior [ RunTime:0.000575s ]
INFO: [ app_end ] --END-- [ RunTime:0.000628s ]

[ 2015-05-06T10:53:30+08:00 ] 127.0.0.1 /miao/index.php?s=/Home/Index/verify.html
INFO: [ app_begin ] --START--
INFO: Run Behavior\ReadHtmlCacheBehavior [ RunTime:0.000316s ]
INFO: Run Behavior\CheckLangBehavior [ RunTime:0.000282s ]
INFO: [ app_begin ] --END-- [ RunTime:0.000847s ]
INFO: [ app_end ] --START--
INFO: Run Behavior\ShowPageTraceBehavior [ RunTime:0.000395s ]
INFO: [ app_end ] --END-- [ RunTime:0.000447s ]

[ 2015-05-06T11:25:08+08:00 ] 127.0.0.1 /miao/index.php
INFO: [ app_begin ] --START--
INFO: Run Behavior\ReadHtmlCacheBehavior [ RunTime:0.000581s ]
INFO: Run Behavior\CheckLangBehavior [ RunTime:0.000740s ]
INFO: [ app_begin ] --END-- [ RunTime:0.001773s ]
INFO: [ view_parse ] --START--
INFO: [ template_filter ] --START--
INFO: Run Behavior\ContentReplaceBehavior [ RunTime:0.000041s ]
INFO: [ template_filter ] --END-- [ RunTime:0.000082s ]
INFO: Run Behavior\ParseTemplateBehavior [ RunTime:0.013230s ]
INFO: [ view_parse ] --END-- [ RunTime:0.013320s ]
INFO: [ view_filter ] --START--
INFO: Run Behavior\WriteHtmlCacheBehavior [ RunTime:0.000248s ]
INFO: [ view_filter ] --END-- [ RunTime:0.000297s ]
INFO: [ app_end ] --START--
INFO: Run Behavior\ShowPageTraceBehavior [ RunTime:0.000556s ]
INFO: [ app_end ] --END-- [ RunTime:0.000616s ]

[ 2015-05-06T11:25:10+08:00 ] 127.0.0.1 /miao/index.php?s=/Home/Index/reg.html
INFO: [ app_begin ] --START--
INFO: Run Behavior\ReadHtmlCacheBehavior [ RunTime:0.000347s ]
INFO: Run Behavior\CheckLangBehavior [ RunTime:0.000289s ]
INFO: [ app_begin ] --END-- [ RunTime:0.000875s ]
INFO: [ view_parse ] --START--
INFO: [ template_filter ] --START--
INFO: Run Behavior\ContentReplaceBehavior [ RunTime:0.000057s ]
INFO: [ template_filter ] --END-- [ RunTime:0.000101s ]
INFO: Run Behavior\ParseTemplateBehavior [ RunTime:0.017709s ]
INFO: [ view_parse ] --END-- [ RunTime:0.017806s ]
INFO: [ view_filter ] --START--
INFO: Run Behavior\WriteHtmlCacheBehavior [ RunTime:0.000287s ]
INFO: [ view_filter ] --END-- [ RunTime:0.000339s ]
INFO: [ app_end ] --START--
INFO: Run Behavior\ShowPageTraceBehavior [ RunTime:0.000807s ]
INFO: [ app_end ] --END-- [ RunTime:0.000895s ]

[ 2015-05-06T11:25:10+08:00 ] 127.0.0.1 /miao/index.php?s=/Home/Index/verify.html
INFO: [ app_begin ] --START--
INFO: Run Behavior\ReadHtmlCacheBehavior [ RunTime:0.000314s ]
INFO: Run Behavior\CheckLangBehavior [ RunTime:0.000231s ]
INFO: [ app_begin ] --END-- [ RunTime:0.000781s ]
INFO: [ app_end ] --START--
INFO: Run Behavior\ShowPageTraceBehavior [ RunTime:0.000389s ]
INFO: [ app_end ] --END-- [ RunTime:0.000447s ]

