[ 2015-06-16T09:11:14+08:00 ] 27.153.10.70 /
INFO: [ app_begin ] --START--
INFO: Run Behavior\ReadHtmlCacheBehavior [ RunTime:0.000361s ]
INFO: Run Behavior\CheckLangBehavior [ RunTime:0.000310s ]
INFO: [ app_begin ] --END-- [ RunTime:0.000978s ]
INFO: [ view_parse ] --START--
INFO: [ template_filter ] --START--
INFO: Run Behavior\ContentReplaceBehavior [ RunTime:0.000055s ]
INFO: [ template_filter ] --END-- [ RunTime:0.000109s ]
INFO: Run Behavior\ParseTemplateBehavior [ RunTime:0.005021s ]
INFO: [ view_parse ] --END-- [ RunTime:0.005074s ]
INFO: [ view_filter ] --START--
INFO: Run Behavior\WriteHtmlCacheBehavior [ RunTime:0.000117s ]
INFO: [ view_filter ] --END-- [ RunTime:0.000163s ]
INFO: [ app_end ] --START--
INFO: Run Behavior\ShowPageTraceBehavior [ RunTime:0.000334s ]
INFO: [ app_end ] --END-- [ RunTime:0.000381s ]

[ 2015-06-16T09:11:19+08:00 ] 27.153.10.70 /index.php?s=/Index/reg.html
INFO: [ app_begin ] --START--
INFO: Run Behavior\ReadHtmlCacheBehavior [ RunTime:0.000358s ]
INFO: Run Behavior\CheckLangBehavior [ RunTime:0.000290s ]
INFO: [ app_begin ] --END-- [ RunTime:0.000947s ]
INFO: [ view_parse ] --START--
INFO: [ template_filter ] --START--
INFO: Run Behavior\ContentReplaceBehavior [ RunTime:0.000090s ]
INFO: [ template_filter ] --END-- [ RunTime:0.000145s ]
INFO: Run Behavior\ParseTemplateBehavior [ RunTime:0.011303s ]
INFO: [ view_parse ] --END-- [ RunTime:0.011358s ]
INFO: [ view_filter ] --START--
INFO: Run Behavior\WriteHtmlCacheBehavior [ RunTime:0.000138s ]
INFO: [ view_filter ] --END-- [ RunTime:0.000185s ]
INFO: [ app_end ] --START--
INFO: Run Behavior\ShowPageTraceBehavior [ RunTime:0.000347s ]
INFO: [ app_end ] --END-- [ RunTime:0.000400s ]

[ 2015-06-16T09:11:19+08:00 ] 27.153.10.70 /index.php?s=/Index/verify.html
INFO: [ app_begin ] --START--
INFO: Run Behavior\ReadHtmlCacheBehavior [ RunTime:0.000344s ]
INFO: Run Behavior\CheckLangBehavior [ RunTime:0.000265s ]
INFO: [ app_begin ] --END-- [ RunTime:0.000897s ]
INFO: [ app_end ] --START--
INFO: Run Behavior\ShowPageTraceBehavior [ RunTime:0.000384s ]
INFO: [ app_end ] --END-- [ RunTime:0.000447s ]

[ 2015-06-16T09:11:31+08:00 ] 27.153.10.70 /index.php?s=/binary
INFO: [ app_begin ] --START--
INFO: Run Behavior\ReadHtmlCacheBehavior [ RunTime:0.000325s ]
INFO: Run Behavior\CheckLangBehavior [ RunTime:0.000267s ]
INFO: [ app_begin ] --END-- [ RunTime:0.000893s ]
ERR: 无法加载控制器:Binary

[ 2015-06-16T09:11:36+08:00 ] 27.153.10.70 /index.php?s=/Binary
INFO: [ app_begin ] --START--
INFO: Run Behavior\ReadHtmlCacheBehavior [ RunTime:0.000437s ]
INFO: Run Behavior\CheckLangBehavior [ RunTime:0.000319s ]
INFO: [ app_begin ] --END-- [ RunTime:0.001074s ]
ERR: 无法加载控制器:Binary

[ 2015-06-16T09:11:48+08:00 ] 27.153.10.70 /index.php?s=/Index/binary.html
INFO: [ app_begin ] --START--
INFO: Run Behavior\ReadHtmlCacheBehavior [ RunTime:0.000319s ]
INFO: Run Behavior\CheckLangBehavior [ RunTime:0.000304s ]
INFO: [ app_begin ] --END-- [ RunTime:0.000906s ]
INFO: [ view_parse ] --START--
INFO: [ template_filter ] --START--
INFO: Run Behavior\ContentReplaceBehavior [ RunTime:0.000085s ]
INFO: [ template_filter ] --END-- [ RunTime:0.000141s ]
INFO: Run Behavior\ParseTemplateBehavior [ RunTime:0.006573s ]
INFO: [ view_parse ] --END-- [ RunTime:0.006628s ]
INFO: [ view_filter ] --START--
INFO: Run Behavior\WriteHtmlCacheBehavior [ RunTime:0.000113s ]
INFO: [ view_filter ] --END-- [ RunTime:0.000159s ]
INFO: [ app_end ] --START--
INFO: Run Behavior\ShowPageTraceBehavior [ RunTime:0.000347s ]
INFO: [ app_end ] --END-- [ RunTime:0.000408s ]

[ 2015-06-16T09:20:03+08:00 ] 27.153.10.70 /index.php?s=/Index/binary.html
INFO: [ app_begin ] --START--
INFO: Run Behavior\ReadHtmlCacheBehavior [ RunTime:0.000434s ]
INFO: Run Behavior\CheckLangBehavior [ RunTime:0.000275s ]
INFO: [ app_begin ] --END-- [ RunTime:0.001025s ]
INFO: [ view_parse ] --START--
INFO: [ template_filter ] --START--
INFO: Run Behavior\ContentReplaceBehavior [ RunTime:0.000113s ]
INFO: [ template_filter ] --END-- [ RunTime:0.000191s ]
INFO: Run Behavior\ParseTemplateBehavior [ RunTime:0.007291s ]
INFO: [ view_parse ] --END-- [ RunTime:0.007375s ]
INFO: [ view_filter ] --START--
INFO: Run Behavior\WriteHtmlCacheBehavior [ RunTime:0.000138s ]
INFO: [ view_filter ] --END-- [ RunTime:0.000198s ]
INFO: [ app_end ] --START--
INFO: Run Behavior\ShowPageTraceBehavior [ RunTime:0.000382s ]
INFO: [ app_end ] --END-- [ RunTime:0.000442s ]

[ 2015-06-16T09:20:03+08:00 ] 27.153.10.70 /index.php?s=/Index/binary.html
INFO: [ app_begin ] --START--
INFO: Run Behavior\ReadHtmlCacheBehavior [ RunTime:0.000327s ]
INFO: Run Behavior\CheckLangBehavior [ RunTime:0.000263s ]
INFO: [ app_begin ] --END-- [ RunTime:0.000960s ]
INFO: [ view_parse ] --START--
INFO: [ template_filter ] --START--
INFO: Run Behavior\ContentReplaceBehavior [ RunTime:0.000143s ]
INFO: [ template_filter ] --END-- [ RunTime:0.000238s ]
INFO: Run Behavior\ParseTemplateBehavior [ RunTime:0.008074s ]
INFO: [ view_parse ] --END-- [ RunTime:0.008178s ]
INFO: [ view_filter ] --START--
INFO: Run Behavior\WriteHtmlCacheBehavior [ RunTime:0.000133s ]
INFO: [ view_filter ] --END-- [ RunTime:0.000183s ]
INFO: [ app_end ] --START--
INFO: Run Behavior\ShowPageTraceBehavior [ RunTime:0.000425s ]
INFO: [ app_end ] --END-- [ RunTime:0.000495s ]

[ 2015-06-16T09:22:28+08:00 ] 27.153.10.70 /index.php?s=/Index/binary.html
INFO: [ app_begin ] --START--
INFO: Run Behavior\ReadHtmlCacheBehavior [ RunTime:0.000318s ]
INFO: Run Behavior\CheckLangBehavior [ RunTime:0.000265s ]
INFO: [ app_begin ] --END-- [ RunTime:0.000860s ]
INFO: [ view_parse ] --START--
INFO: [ template_filter ] --START--
INFO: Run Behavior\ContentReplaceBehavior [ RunTime:0.000087s ]
INFO: [ template_filter ] --END-- [ RunTime:0.000142s ]
INFO: Run Behavior\ParseTemplateBehavior [ RunTime:0.006623s ]
INFO: [ view_parse ] --END-- [ RunTime:0.006678s ]
INFO: [ view_filter ] --START--
INFO: Run Behavior\WriteHtmlCacheBehavior [ RunTime:0.000115s ]
INFO: [ view_filter ] --END-- [ RunTime:0.000160s ]
INFO: [ app_end ] --START--
INFO: Run Behavior\ShowPageTraceBehavior [ RunTime:0.000344s ]
INFO: [ app_end ] --END-- [ RunTime:0.000398s ]

[ 2015-06-16T09:55:32+08:00 ] 27.153.10.70 /index.php?s=/Index/binary.html
INFO: [ app_begin ] --START--
INFO: Run Behavior\ReadHtmlCacheBehavior [ RunTime:0.000344s ]
INFO: Run Behavior\CheckLangBehavior [ RunTime:0.000283s ]
INFO: [ app_begin ] --END-- [ RunTime:0.000906s ]
INFO: [ view_parse ] --START--
INFO: [ template_filter ] --START--
INFO: Run Behavior\ContentReplaceBehavior [ RunTime:0.000087s ]
INFO: [ template_filter ] --END-- [ RunTime:0.000144s ]
INFO: Run Behavior\ParseTemplateBehavior [ RunTime:0.006863s ]
INFO: [ view_parse ] --END-- [ RunTime:0.006917s ]
INFO: [ view_filter ] --START--
INFO: Run Behavior\WriteHtmlCacheBehavior [ RunTime:0.000115s ]
INFO: [ view_filter ] --END-- [ RunTime:0.000198s ]
INFO: [ app_end ] --START--
INFO: Run Behavior\ShowPageTraceBehavior [ RunTime:0.000344s ]
INFO: [ app_end ] --END-- [ RunTime:0.000398s ]

[ 2015-06-16T09:56:03+08:00 ] 27.153.10.70 /index.php?s=/Index/binary.html
INFO: [ app_begin ] --START--
INFO: Run Behavior\ReadHtmlCacheBehavior [ RunTime:0.000338s ]
INFO: Run Behavior\CheckLangBehavior [ RunTime:0.000270s ]
INFO: [ app_begin ] --END-- [ RunTime:0.000931s ]
INFO: [ view_parse ] --START--
INFO: [ template_filter ] --START--
INFO: Run Behavior\ContentReplaceBehavior [ RunTime:0.000139s ]
INFO: [ template_filter ] --END-- [ RunTime:0.000212s ]
INFO: Run Behavior\ParseTemplateBehavior [ RunTime:0.007095s ]
INFO: [ view_parse ] --END-- [ RunTime:0.007162s ]
INFO: [ view_filter ] --START--
INFO: Run Behavior\WriteHtmlCacheBehavior [ RunTime:0.000123s ]
INFO: [ view_filter ] --END-- [ RunTime:0.000171s ]
INFO: [ app_end ] --START--
INFO: Run Behavior\ShowPageTraceBehavior [ RunTime:0.000397s ]
INFO: [ app_end ] --END-- [ RunTime:0.000457s ]

[ 2015-06-16T09:56:20+08:00 ] 27.153.10.70 /index.php?s=/Index/binary.html
INFO: [ app_begin ] --START--
INFO: Run Behavior\ReadHtmlCacheBehavior [ RunTime:0.000319s ]
INFO: Run Behavior\CheckLangBehavior [ RunTime:0.000299s ]
INFO: [ app_begin ] --END-- [ RunTime:0.000905s ]
INFO: [ view_parse ] --START--
INFO: [ template_filter ] --START--
INFO: Run Behavior\ContentReplaceBehavior [ RunTime:0.000089s ]
INFO: [ template_filter ] --END-- [ RunTime:0.000146s ]
INFO: Run Behavior\ParseTemplateBehavior [ RunTime:0.006934s ]
INFO: [ view_parse ] --END-- [ RunTime:0.006990s ]
INFO: [ view_filter ] --START--
INFO: Run Behavior\WriteHtmlCacheBehavior [ RunTime:0.000116s ]
INFO: [ view_filter ] --END-- [ RunTime:0.000162s ]
INFO: [ app_end ] --START--
INFO: Run Behavior\ShowPageTraceBehavior [ RunTime:0.000375s ]
INFO: [ app_end ] --END-- [ RunTime:0.000430s ]

[ 2015-06-16T09:57:01+08:00 ] 27.153.10.70 /index.php?s=/Index/binary.html
INFO: [ app_begin ] --START--
INFO: Run Behavior\ReadHtmlCacheBehavior [ RunTime:0.000327s ]
INFO: Run Behavior\CheckLangBehavior [ RunTime:0.000264s ]
INFO: [ app_begin ] --END-- [ RunTime:0.000900s ]
INFO: [ view_parse ] --START--
INFO: [ template_filter ] --START--
INFO: Run Behavior\ContentReplaceBehavior [ RunTime:0.000087s ]
INFO: [ template_filter ] --END-- [ RunTime:0.000143s ]
INFO: Run Behavior\ParseTemplateBehavior [ RunTime:0.006651s ]
INFO: [ view_parse ] --END-- [ RunTime:0.006706s ]
INFO: [ view_filter ] --START--
INFO: Run Behavior\WriteHtmlCacheBehavior [ RunTime:0.000140s ]
INFO: [ view_filter ] --END-- [ RunTime:0.000194s ]
INFO: [ app_end ] --START--
INFO: Run Behavior\ShowPageTraceBehavior [ RunTime:0.000340s ]
INFO: [ app_end ] --END-- [ RunTime:0.000393s ]

[ 2015-06-16T09:57:28+08:00 ] 27.153.10.70 /index.php?s=/Index/binary.html
INFO: [ app_begin ] --START--
INFO: Run Behavior\ReadHtmlCacheBehavior [ RunTime:0.000323s ]
INFO: Run Behavior\CheckLangBehavior [ RunTime:0.000289s ]
INFO: [ app_begin ] --END-- [ RunTime:0.000895s ]
INFO: [ view_parse ] --START--
INFO: [ template_filter ] --START--
INFO: Run Behavior\ContentReplaceBehavior [ RunTime:0.000087s ]
INFO: [ template_filter ] --END-- [ RunTime:0.000145s ]
INFO: Run Behavior\ParseTemplateBehavior [ RunTime:0.006749s ]
INFO: [ view_parse ] --END-- [ RunTime:0.006805s ]
INFO: [ view_filter ] --START--
INFO: Run Behavior\WriteHtmlCacheBehavior [ RunTime:0.000121s ]
INFO: [ view_filter ] --END-- [ RunTime:0.000178s ]
INFO: [ app_end ] --START--
INFO: Run Behavior\ShowPageTraceBehavior [ RunTime:0.000369s ]
INFO: [ app_end ] --END-- [ RunTime:0.000422s ]

[ 2015-06-16T09:59:47+08:00 ] 27.153.10.70 /index.php?s=/Index/binary.html
INFO: [ app_begin ] --START--
INFO: Run Behavior\ReadHtmlCacheBehavior [ RunTime:0.000318s ]
INFO: Run Behavior\CheckLangBehavior [ RunTime:0.000265s ]
INFO: [ app_begin ] --END-- [ RunTime:0.000885s ]
INFO: [ view_parse ] --START--
INFO: [ template_filter ] --START--
INFO: Run Behavior\ContentReplaceBehavior [ RunTime:0.000118s ]
INFO: [ template_filter ] --END-- [ RunTime:0.000205s ]
INFO: Run Behavior\ParseTemplateBehavior [ RunTime:0.007091s ]
INFO: [ view_parse ] --END-- [ RunTime:0.007147s ]
INFO: [ view_filter ] --START--
INFO: Run Behavior\WriteHtmlCacheBehavior [ RunTime:0.000121s ]
INFO: [ view_filter ] --END-- [ RunTime:0.000168s ]
INFO: [ app_end ] --START--
INFO: Run Behavior\ShowPageTraceBehavior [ RunTime:0.000384s ]
INFO: [ app_end ] --END-- [ RunTime:0.000447s ]

[ 2015-06-16T11:02:59+08:00 ] 27.153.10.70 /index.php?s=/Index/binary.html
INFO: [ app_begin ] --START--
INFO: Run Behavior\ReadHtmlCacheBehavior [ RunTime:0.000343s ]
INFO: Run Behavior\CheckLangBehavior [ RunTime:0.000333s ]
INFO: [ app_begin ] --END-- [ RunTime:0.000956s ]
INFO: [ view_parse ] --START--
INFO: [ template_filter ] --START--
INFO: Run Behavior\ContentReplaceBehavior [ RunTime:0.000085s ]
INFO: [ template_filter ] --END-- [ RunTime:0.000140s ]
INFO: Run Behavior\ParseTemplateBehavior [ RunTime:0.006792s ]
INFO: [ view_parse ] --END-- [ RunTime:0.006848s ]
INFO: [ view_filter ] --START--
INFO: Run Behavior\WriteHtmlCacheBehavior [ RunTime:0.000115s ]
INFO: [ view_filter ] --END-- [ RunTime:0.000159s ]
INFO: [ app_end ] --START--
INFO: Run Behavior\ShowPageTraceBehavior [ RunTime:0.000373s ]
INFO: [ app_end ] --END-- [ RunTime:0.000428s ]

[ 2015-06-16T11:04:23+08:00 ] 27.153.10.70 /index.php?s=/Index/binary.html
INFO: [ app_begin ] --START--
INFO: Run Behavior\ReadHtmlCacheBehavior [ RunTime:0.000321s ]
INFO: Run Behavior\CheckLangBehavior [ RunTime:0.000263s ]
INFO: [ app_begin ] --END-- [ RunTime:0.000866s ]
INFO: [ view_parse ] --START--
INFO: [ template_filter ] --START--
INFO: Run Behavior\ContentReplaceBehavior [ RunTime:0.000085s ]
INFO: [ template_filter ] --END-- [ RunTime:0.000140s ]
INFO: Run Behavior\ParseTemplateBehavior [ RunTime:0.006686s ]
INFO: [ view_parse ] --END-- [ RunTime:0.006741s ]
INFO: [ view_filter ] --START--
INFO: Run Behavior\WriteHtmlCacheBehavior [ RunTime:0.000116s ]
INFO: [ view_filter ] --END-- [ RunTime:0.000162s ]
INFO: [ app_end ] --START--
INFO: Run Behavior\ShowPageTraceBehavior [ RunTime:0.000341s ]
INFO: [ app_end ] --END-- [ RunTime:0.000394s ]

[ 2015-06-16T11:04:24+08:00 ] 27.153.10.70 /index.php?s=/Index/historyquotes.html&symbol=XAUUSDbo&period=1&from=1434337445&to=1434423845&server=0
INFO: [ app_begin ] --START--
INFO: Run Behavior\ReadHtmlCacheBehavior [ RunTime:0.000344s ]
INFO: Run Behavior\CheckLangBehavior [ RunTime:0.000263s ]
INFO: [ app_begin ] --END-- [ RunTime:0.000885s ]

[ 2015-06-16T11:05:03+08:00 ] 27.153.10.70 /index.php?s=/Index/binary.html
INFO: [ app_begin ] --START--
INFO: Run Behavior\ReadHtmlCacheBehavior [ RunTime:0.000351s ]
INFO: Run Behavior\CheckLangBehavior [ RunTime:0.000267s ]
INFO: [ app_begin ] --END-- [ RunTime:0.000925s ]
INFO: [ view_parse ] --START--
INFO: [ template_filter ] --START--
INFO: Run Behavior\ContentReplaceBehavior [ RunTime:0.000120s ]
INFO: [ template_filter ] --END-- [ RunTime:0.000208s ]
INFO: Run Behavior\ParseTemplateBehavior [ RunTime:0.007814s ]
INFO: [ view_parse ] --END-- [ RunTime:0.007873s ]
INFO: [ view_filter ] --START--
INFO: Run Behavior\WriteHtmlCacheBehavior [ RunTime:0.000123s ]
INFO: [ view_filter ] --END-- [ RunTime:0.000169s ]
INFO: [ app_end ] --START--
INFO: Run Behavior\ShowPageTraceBehavior [ RunTime:0.000368s ]
INFO: [ app_end ] --END-- [ RunTime:0.000454s ]

[ 2015-06-16T11:05:04+08:00 ] 27.153.10.70 /index.php?s=/Index/historyquotes.html&symbol=XAUUSDbo&period=1&from=1434337485&to=1434423885&server=0
INFO: [ app_begin ] --START--
INFO: Run Behavior\ReadHtmlCacheBehavior [ RunTime:0.000343s ]
INFO: Run Behavior\CheckLangBehavior [ RunTime:0.000268s ]
INFO: [ app_begin ] --END-- [ RunTime:0.000902s ]

[ 2015-06-16T11:05:32+08:00 ] 27.153.10.70 /index.php?s=/Index/binary.html
INFO: [ app_begin ] --START--
INFO: Run Behavior\ReadHtmlCacheBehavior [ RunTime:0.000316s ]
INFO: Run Behavior\CheckLangBehavior [ RunTime:0.000293s ]
INFO: [ app_begin ] --END-- [ RunTime:0.000908s ]
INFO: [ view_parse ] --START--
INFO: [ template_filter ] --START--
INFO: Run Behavior\ContentReplaceBehavior [ RunTime:0.000204s ]
INFO: [ template_filter ] --END-- [ RunTime:0.000264s ]
INFO: Run Behavior\ParseTemplateBehavior [ RunTime:0.007102s ]
INFO: [ view_parse ] --END-- [ RunTime:0.007156s ]
INFO: [ view_filter ] --START--
INFO: Run Behavior\WriteHtmlCacheBehavior [ RunTime:0.000128s ]
INFO: [ view_filter ] --END-- [ RunTime:0.000174s ]
INFO: [ app_end ] --START--
INFO: Run Behavior\ShowPageTraceBehavior [ RunTime:0.000368s ]
INFO: [ app_end ] --END-- [ RunTime:0.000432s ]

[ 2015-06-16T11:05:33+08:00 ] 27.153.10.70 /index.php?s=/Index/historyquotes.html&symbol=XAUUSDbo&period=1&from=1434337514&to=1434423914&server=0
INFO: [ app_begin ] --START--
INFO: Run Behavior\ReadHtmlCacheBehavior [ RunTime:0.000325s ]
INFO: Run Behavior\CheckLangBehavior [ RunTime:0.000265s ]
INFO: [ app_begin ] --END-- [ RunTime:0.000901s ]

[ 2015-06-16T11:05:50+08:00 ] 27.153.10.70 /index.php?s=/Index/binary.html
INFO: [ app_begin ] --START--
INFO: Run Behavior\ReadHtmlCacheBehavior [ RunTime:0.000392s ]
INFO: Run Behavior\CheckLangBehavior [ RunTime:0.000278s ]
INFO: [ app_begin ] --END-- [ RunTime:0.000979s ]
INFO: [ view_parse ] --START--
INFO: [ template_filter ] --START--
INFO: Run Behavior\ContentReplaceBehavior [ RunTime:0.000110s ]
INFO: [ template_filter ] --END-- [ RunTime:0.000173s ]
INFO: Run Behavior\ParseTemplateBehavior [ RunTime:0.007269s ]
INFO: [ view_parse ] --END-- [ RunTime:0.007326s ]
INFO: [ view_filter ] --START--
INFO: Run Behavior\WriteHtmlCacheBehavior [ RunTime:0.000116s ]
INFO: [ view_filter ] --END-- [ RunTime:0.000162s ]
INFO: [ app_end ] --START--
INFO: Run Behavior\ShowPageTraceBehavior [ RunTime:0.000383s ]
INFO: [ app_end ] --END-- [ RunTime:0.000442s ]

[ 2015-06-16T11:05:51+08:00 ] 27.153.10.70 /index.php?s=/Binary/historyquotes.html&symbol=XAUUSDbo&period=1&from=1434337532&to=1434423932&server=0
INFO: [ app_begin ] --START--
INFO: Run Behavior\ReadHtmlCacheBehavior [ RunTime:0.000320s ]
INFO: Run Behavior\CheckLangBehavior [ RunTime:0.000262s ]
INFO: [ app_begin ] --END-- [ RunTime:0.000854s ]
ERR: 无法加载控制器:Binary

[ 2015-06-16T11:07:17+08:00 ] 27.153.10.70 /index.php?s=/Index/binary.html
INFO: [ app_begin ] --START--
INFO: Run Behavior\ReadHtmlCacheBehavior [ RunTime:0.000316s ]
INFO: Run Behavior\CheckLangBehavior [ RunTime:0.000263s ]
INFO: [ app_begin ] --END-- [ RunTime:0.000860s ]
INFO: [ view_parse ] --START--
INFO: [ template_filter ] --START--
INFO: Run Behavior\ContentReplaceBehavior [ RunTime:0.000085s ]
INFO: [ template_filter ] --END-- [ RunTime:0.000164s ]
INFO: Run Behavior\ParseTemplateBehavior [ RunTime:0.006750s ]
INFO: [ view_parse ] --END-- [ RunTime:0.006803s ]
INFO: [ view_filter ] --START--
INFO: Run Behavior\WriteHtmlCacheBehavior [ RunTime:0.000113s ]
INFO: [ view_filter ] --END-- [ RunTime:0.000158s ]
INFO: [ app_end ] --START--
INFO: Run Behavior\ShowPageTraceBehavior [ RunTime:0.000331s ]
INFO: [ app_end ] --END-- [ RunTime:0.000385s ]

[ 2015-06-16T11:07:18+08:00 ] 27.153.10.70 /index.php?s=/Index/historyquotes.html&symbol=XAUUSDbo&period=1&from=1434337620&to=1434424020&server=0
INFO: [ app_begin ] --START--
INFO: Run Behavior\ReadHtmlCacheBehavior [ RunTime:0.000334s ]
INFO: Run Behavior\CheckLangBehavior [ RunTime:0.000291s ]
INFO: [ app_begin ] --END-- [ RunTime:0.000907s ]

[ 2015-06-16T11:07:53+08:00 ] 27.153.10.70 /index.php?s=/Index/binary.html
INFO: [ app_begin ] --START--
INFO: Run Behavior\ReadHtmlCacheBehavior [ RunTime:0.000323s ]
INFO: Run Behavior\CheckLangBehavior [ RunTime:0.000266s ]
INFO: [ app_begin ] --END-- [ RunTime:0.000943s ]
INFO: [ view_parse ] --START--
INFO: [ template_filter ] --START--
INFO: Run Behavior\ContentReplaceBehavior [ RunTime:0.000112s ]
INFO: [ template_filter ] --END-- [ RunTime:0.000184s ]
INFO: Run Behavior\ParseTemplateBehavior [ RunTime:0.007126s ]
INFO: [ view_parse ] --END-- [ RunTime:0.007180s ]
INFO: [ view_filter ] --START--
INFO: Run Behavior\WriteHtmlCacheBehavior [ RunTime:0.000117s ]
INFO: [ view_filter ] --END-- [ RunTime:0.000163s ]
INFO: [ app_end ] --START--
INFO: Run Behavior\ShowPageTraceBehavior [ RunTime:0.000367s ]
INFO: [ app_end ] --END-- [ RunTime:0.000422s ]

[ 2015-06-16T11:07:54+08:00 ] 27.153.10.70 /index.php?s=/Index/historyquotes.html&symbol=XAUUSDbo&period=1&from=1434337655&to=1434424055&server=0
INFO: [ app_begin ] --START--
INFO: Run Behavior\ReadHtmlCacheBehavior [ RunTime:0.000350s ]
INFO: Run Behavior\CheckLangBehavior [ RunTime:0.000316s ]
INFO: [ app_begin ] --END-- [ RunTime:0.000972s ]

[ 2015-06-16T11:08:59+08:00 ] 27.153.10.70 /index.php?s=/Index/binary.html
INFO: [ app_begin ] --START--
INFO: Run Behavior\ReadHtmlCacheBehavior [ RunTime:0.000329s ]
INFO: Run Behavior\CheckLangBehavior [ RunTime:0.000289s ]
INFO: [ app_begin ] --END-- [ RunTime:0.000902s ]
INFO: [ view_parse ] --START--
INFO: [ template_filter ] --START--
INFO: Run Behavior\ContentReplaceBehavior [ RunTime:0.000088s ]
INFO: [ template_filter ] --END-- [ RunTime:0.000149s ]
INFO: Run Behavior\ParseTemplateBehavior [ RunTime:0.006833s ]
INFO: [ view_parse ] --END-- [ RunTime:0.006887s ]
INFO: [ view_filter ] --START--
INFO: Run Behavior\WriteHtmlCacheBehavior [ RunTime:0.000116s ]
INFO: [ view_filter ] --END-- [ RunTime:0.000162s ]
INFO: [ app_end ] --START--
INFO: Run Behavior\ShowPageTraceBehavior [ RunTime:0.000340s ]
INFO: [ app_end ] --END-- [ RunTime:0.000397s ]

[ 2015-06-16T11:09:01+08:00 ] 27.153.10.70 /index.php?s=/Index/historyquotes.html&symbol=XAUUSDbo&period=1&from=1434337722&to=1434424122&server=0
INFO: [ app_begin ] --START--
INFO: Run Behavior\ReadHtmlCacheBehavior [ RunTime:0.000344s ]
INFO: Run Behavior\CheckLangBehavior [ RunTime:0.000280s ]
INFO: [ app_begin ] --END-- [ RunTime:0.000932s ]

[ 2015-06-16T11:10:24+08:00 ] 27.153.10.70 /index.php?s=/Index/binary.html
INFO: [ app_begin ] --START--
INFO: Run Behavior\ReadHtmlCacheBehavior [ RunTime:0.000370s ]
INFO: Run Behavior\CheckLangBehavior [ RunTime:0.000275s ]
INFO: [ app_begin ] --END-- [ RunTime:0.000939s ]
INFO: [ view_parse ] --START--
INFO: [ template_filter ] --START--
INFO: Run Behavior\ContentReplaceBehavior [ RunTime:0.000085s ]
INFO: [ template_filter ] --END-- [ RunTime:0.000142s ]
INFO: Run Behavior\ParseTemplateBehavior [ RunTime:0.007349s ]
INFO: [ view_parse ] --END-- [ RunTime:0.007407s ]
INFO: [ view_filter ] --START--
INFO: Run Behavior\WriteHtmlCacheBehavior [ RunTime:0.000115s ]
INFO: [ view_filter ] --END-- [ RunTime:0.000162s ]
INFO: [ app_end ] --START--
INFO: Run Behavior\ShowPageTraceBehavior [ RunTime:0.000408s ]
INFO: [ app_end ] --END-- [ RunTime:0.000462s ]

[ 2015-06-16T11:10:26+08:00 ] 27.153.10.70 /index.php?s=/Index/historyquotes.html&symbol=XAUUSDbo&period=1&from=1434337807&to=1434424207&server=0
INFO: [ app_begin ] --START--
INFO: Run Behavior\ReadHtmlCacheBehavior [ RunTime:0.000350s ]
INFO: Run Behavior\CheckLangBehavior [ RunTime:0.000263s ]
INFO: [ app_begin ] --END-- [ RunTime:0.000920s ]

[ 2015-06-16T11:11:15+08:00 ] 27.153.10.70 /index.php?s=/Index/binary.html
INFO: [ app_begin ] --START--
INFO: Run Behavior\ReadHtmlCacheBehavior [ RunTime:0.000319s ]
INFO: Run Behavior\CheckLangBehavior [ RunTime:0.000288s ]
INFO: [ app_begin ] --END-- [ RunTime:0.000887s ]
INFO: [ view_parse ] --START--
INFO: [ template_filter ] --START--
INFO: Run Behavior\ContentReplaceBehavior [ RunTime:0.000086s ]
INFO: [ template_filter ] --END-- [ RunTime:0.000143s ]
INFO: Run Behavior\ParseTemplateBehavior [ RunTime:0.006973s ]
INFO: [ view_parse ] --END-- [ RunTime:0.007028s ]
INFO: [ view_filter ] --START--
INFO: Run Behavior\WriteHtmlCacheBehavior [ RunTime:0.000115s ]
INFO: [ view_filter ] --END-- [ RunTime:0.000161s ]
INFO: [ app_end ] --START--
INFO: Run Behavior\ShowPageTraceBehavior [ RunTime:0.000359s ]
INFO: [ app_end ] --END-- [ RunTime:0.000412s ]

[ 2015-06-16T11:11:17+08:00 ] 27.153.10.70 /index.php?s=/Index/historyquotes.html&symbol=XAUUSDbo&period=1&from=1434337858&to=1434424258&server=0
INFO: [ app_begin ] --START--
INFO: Run Behavior\ReadHtmlCacheBehavior [ RunTime:0.000383s ]
INFO: Run Behavior\CheckLangBehavior [ RunTime:0.000268s ]
INFO: [ app_begin ] --END-- [ RunTime:0.000935s ]
NOTIC: [8] Use of undefined constant CMD_GET_HISTORYQUOTES - assumed 'CMD_GET_HISTORYQUOTES' /alidata/www/miao/ThinkPHP/Library/Com/Mt.class.php 第 86 行.
NOTIC: [8] Undefined variable: chachedir /alidata/www/miao/ThinkPHP/Library/Com/Mt.class.php 第 89 行.
NOTIC: [8] Undefined variable: cachefilename /alidata/www/miao/ThinkPHP/Library/Com/Mt.class.php 第 92 行.
NOTIC: [8] Undefined variable: cacheTime /alidata/www/miao/ThinkPHP/Library/Com/Mt.class.php 第 190 行.
NOTIC: [8] Undefined variable: cacheDir /alidata/www/miao/ThinkPHP/Library/Com/Mt.class.php 第 217 行.
NOTIC: [8] Undefined variable: cacheDir /alidata/www/miao/ThinkPHP/Library/Com/Mt.class.php 第 220 行.
NOTIC: [8] Undefined variable: cacheDir /alidata/www/miao/ThinkPHP/Library/Com/Mt.class.php 第 226 行.

[ 2015-06-16T11:12:45+08:00 ] 27.153.10.70 /index.php?s=/Index/binary.html
INFO: [ app_begin ] --START--
INFO: Run Behavior\ReadHtmlCacheBehavior [ RunTime:0.000356s ]
INFO: Run Behavior\CheckLangBehavior [ RunTime:0.000274s ]
INFO: [ app_begin ] --END-- [ RunTime:0.000915s ]
INFO: [ view_parse ] --START--
INFO: [ template_filter ] --START--
INFO: Run Behavior\ContentReplaceBehavior [ RunTime:0.000086s ]
INFO: [ template_filter ] --END-- [ RunTime:0.000147s ]
INFO: Run Behavior\ParseTemplateBehavior [ RunTime:0.007144s ]
INFO: [ view_parse ] --END-- [ RunTime:0.007199s ]
INFO: [ view_filter ] --START--
INFO: Run Behavior\WriteHtmlCacheBehavior [ RunTime:0.000122s ]
INFO: [ view_filter ] --END-- [ RunTime:0.000170s ]
INFO: [ app_end ] --START--
INFO: Run Behavior\ShowPageTraceBehavior [ RunTime:0.000371s ]
INFO: [ app_end ] --END-- [ RunTime:0.000425s ]

[ 2015-06-16T11:12:47+08:00 ] 27.153.10.70 /index.php?s=/Index/historyquotes.html&symbol=XAUUSDbo&period=1&from=1434337947&to=1434424347&server=0
INFO: [ app_begin ] --START--
INFO: Run Behavior\ReadHtmlCacheBehavior [ RunTime:0.000319s ]
INFO: Run Behavior\CheckLangBehavior [ RunTime:0.000286s ]
INFO: [ app_begin ] --END-- [ RunTime:0.000878s ]
NOTIC: [8] Use of undefined constant CMD_GET_HISTORYQUOTES - assumed 'CMD_GET_HISTORYQUOTES' /alidata/www/miao/ThinkPHP/Library/Com/Mt.class.php 第 86 行.
NOTIC: [8] Undefined variable: chachedir /alidata/www/miao/ThinkPHP/Library/Com/Mt.class.php 第 89 行.
NOTIC: [8] Undefined variable: cachefilename /alidata/www/miao/ThinkPHP/Library/Com/Mt.class.php 第 92 行.
NOTIC: [8] Undefined variable: cacheTime /alidata/www/miao/ThinkPHP/Library/Com/Mt.class.php 第 190 行.
NOTIC: [8] Undefined variable: cacheDir /alidata/www/miao/ThinkPHP/Library/Com/Mt.class.php 第 217 行.
NOTIC: [8] Undefined variable: cacheDir /alidata/www/miao/ThinkPHP/Library/Com/Mt.class.php 第 220 行.
NOTIC: [8] Undefined variable: cacheDir /alidata/www/miao/ThinkPHP/Library/Com/Mt.class.php 第 226 行.

[ 2015-06-16T11:14:38+08:00 ] 27.153.10.70 /index.php?s=/Index/binary.html
INFO: [ app_begin ] --START--
INFO: Run Behavior\ReadHtmlCacheBehavior [ RunTime:0.000347s ]
INFO: Run Behavior\CheckLangBehavior [ RunTime:0.000268s ]
INFO: [ app_begin ] --END-- [ RunTime:0.000899s ]
INFO: [ view_parse ] --START--
INFO: [ template_filter ] --START--
INFO: Run Behavior\ContentReplaceBehavior [ RunTime:0.000085s ]
INFO: [ template_filter ] --END-- [ RunTime:0.000142s ]
INFO: Run Behavior\ParseTemplateBehavior [ RunTime:0.006793s ]
INFO: [ view_parse ] --END-- [ RunTime:0.006846s ]
INFO: [ view_filter ] --START--
INFO: Run Behavior\WriteHtmlCacheBehavior [ RunTime:0.000114s ]
INFO: [ view_filter ] --END-- [ RunTime:0.000160s ]
INFO: [ app_end ] --START--
INFO: Run Behavior\ShowPageTraceBehavior [ RunTime:0.000340s ]
INFO: [ app_end ] --END-- [ RunTime:0.000399s ]

[ 2015-06-16T11:14:39+08:00 ] 27.153.10.70 /index.php?s=/Index/historyquotes.html&symbol=XAUUSDbo&period=1&from=1434338060&to=1434424460&server=0
INFO: [ app_begin ] --START--
INFO: Run Behavior\ReadHtmlCacheBehavior [ RunTime:0.000354s ]
INFO: Run Behavior\CheckLangBehavior [ RunTime:0.000327s ]
INFO: [ app_begin ] --END-- [ RunTime:0.000952s ]

[ 2015-06-16T11:15:58+08:00 ] 27.153.10.70 /index.php?s=/Index/binary.html
INFO: [ app_begin ] --START--
INFO: Run Behavior\ReadHtmlCacheBehavior [ RunTime:0.000398s ]
INFO: Run Behavior\CheckLangBehavior [ RunTime:0.000301s ]
INFO: [ app_begin ] --END-- [ RunTime:0.001019s ]
INFO: [ view_parse ] --START--
INFO: [ template_filter ] --START--
INFO: Run Behavior\ContentReplaceBehavior [ RunTime:0.000129s ]
INFO: [ template_filter ] --END-- [ RunTime:0.000193s ]
INFO: Run Behavior\ParseTemplateBehavior [ RunTime:0.007382s ]
INFO: [ view_parse ] --END-- [ RunTime:0.007439s ]
INFO: [ view_filter ] --START--
INFO: Run Behavior\WriteHtmlCacheBehavior [ RunTime:0.000120s ]
INFO: [ view_filter ] --END-- [ RunTime:0.000167s ]
INFO: [ app_end ] --START--
INFO: Run Behavior\ShowPageTraceBehavior [ RunTime:0.000352s ]
INFO: [ app_end ] --END-- [ RunTime:0.000412s ]

[ 2015-06-16T11:15:59+08:00 ] 27.153.10.70 /index.php?s=/Index/historyquotes.html&symbol=XAUUSDbo&period=1&from=1434338140&to=1434424540&server=0
INFO: [ app_begin ] --START--
INFO: Run Behavior\ReadHtmlCacheBehavior [ RunTime:0.000319s ]
INFO: Run Behavior\CheckLangBehavior [ RunTime:0.000262s ]
INFO: [ app_begin ] --END-- [ RunTime:0.000875s ]

[ 2015-06-16T11:21:50+08:00 ] 27.153.10.70 /index.php?s=/Index/binary.html
INFO: [ app_begin ] --START--
INFO: Run Behavior\ReadHtmlCacheBehavior [ RunTime:0.000345s ]
INFO: Run Behavior\CheckLangBehavior [ RunTime:0.000266s ]
INFO: [ app_begin ] --END-- [ RunTime:0.000910s ]
INFO: [ view_parse ] --START--
INFO: [ template_filter ] --START--
INFO: Run Behavior\ContentReplaceBehavior [ RunTime:0.000085s ]
INFO: [ template_filter ] --END-- [ RunTime:0.000141s ]
INFO: Run Behavior\ParseTemplateBehavior [ RunTime:0.007078s ]
INFO: [ view_parse ] --END-- [ RunTime:0.007132s ]
INFO: [ view_filter ] --START--
INFO: Run Behavior\WriteHtmlCacheBehavior [ RunTime:0.000118s ]
INFO: [ view_filter ] --END-- [ RunTime:0.000164s ]
INFO: [ app_end ] --START--
INFO: Run Behavior\ShowPageTraceBehavior [ RunTime:0.000341s ]
INFO: [ app_end ] --END-- [ RunTime:0.000420s ]

[ 2015-06-16T11:21:53+08:00 ] 27.153.10.70 /index.php?s=/Index/historyquotes.html&symbol=XAUUSDbo&period=1&from=1434338493&to=1434424893&server=0
INFO: [ app_begin ] --START--
INFO: Run Behavior\ReadHtmlCacheBehavior [ RunTime:0.000359s ]
INFO: Run Behavior\CheckLangBehavior [ RunTime:0.000299s ]
INFO: [ app_begin ] --END-- [ RunTime:0.000959s ]
NOTIC: [8] Undefined variable: ret /alidata/www/miao/Application/Binary/Controller/IndexController.class.php 第 32 行.

[ 2015-06-16T11:22:09+08:00 ] 27.153.10.70 /index.php?s=/Index/historyquotes.html&symbol=XAUUSDbo&period=1&from=1434338493&to=1434424893&server=0
INFO: [ app_begin ] --START--
INFO: Run Behavior\ReadHtmlCacheBehavior [ RunTime:0.000319s ]
INFO: Run Behavior\CheckLangBehavior [ RunTime:0.000371s ]
INFO: [ app_begin ] --END-- [ RunTime:0.000970s ]
NOTIC: [8] Undefined variable: ret /alidata/www/miao/Application/Binary/Controller/IndexController.class.php 第 32 行.

[ 2015-06-16T11:32:42+08:00 ] 27.153.10.70 /index.php?s=/Index/binary.html
INFO: [ app_begin ] --START--
INFO: Run Behavior\ReadHtmlCacheBehavior [ RunTime:0.000318s ]
INFO: Run Behavior\CheckLangBehavior [ RunTime:0.000289s ]
INFO: [ app_begin ] --END-- [ RunTime:0.000894s ]
INFO: [ view_parse ] --START--
INFO: [ template_filter ] --START--
INFO: Run Behavior\ContentReplaceBehavior [ RunTime:0.000086s ]
INFO: [ template_filter ] --END-- [ RunTime:0.000141s ]
INFO: Run Behavior\ParseTemplateBehavior [ RunTime:0.007003s ]
INFO: [ view_parse ] --END-- [ RunTime:0.007067s ]
INFO: [ view_filter ] --START--
INFO: Run Behavior\WriteHtmlCacheBehavior [ RunTime:0.000132s ]
INFO: [ view_filter ] --END-- [ RunTime:0.000179s ]
INFO: [ app_end ] --START--
INFO: Run Behavior\ShowPageTraceBehavior [ RunTime:0.000346s ]
INFO: [ app_end ] --END-- [ RunTime:0.000402s ]

[ 2015-06-16T11:32:43+08:00 ] 27.153.10.70 /index.php?s=/Index/historyquotes.html&symbol=XAUUSDbo&period=1&from=1434339144&to=1434425544&server=0
INFO: [ app_begin ] --START--
INFO: Run Behavior\ReadHtmlCacheBehavior [ RunTime:0.000353s ]
INFO: Run Behavior\CheckLangBehavior [ RunTime:0.000264s ]
INFO: [ app_begin ] --END-- [ RunTime:0.000892s ]
NOTIC: [8] Undefined variable: ret /alidata/www/miao/Application/Binary/Controller/IndexController.class.php 第 32 行.
NOTIC: [8] Undefined variable: res /alidata/www/miao/Application/Binary/Controller/IndexController.class.php 第 41 行.

[ 2015-06-16T11:33:04+08:00 ] 27.153.10.70 /index.php?s=/Index/binary.html
INFO: [ app_begin ] --START--
INFO: Run Behavior\ReadHtmlCacheBehavior [ RunTime:0.000343s ]
INFO: Run Behavior\CheckLangBehavior [ RunTime:0.000260s ]
INFO: [ app_begin ] --END-- [ RunTime:0.000885s ]
INFO: [ view_parse ] --START--
INFO: [ template_filter ] --START--
INFO: Run Behavior\ContentReplaceBehavior [ RunTime:0.000086s ]
INFO: [ template_filter ] --END-- [ RunTime:0.000142s ]
INFO: Run Behavior\ParseTemplateBehavior [ RunTime:0.006800s ]
INFO: [ view_parse ] --END-- [ RunTime:0.006854s ]
INFO: [ view_filter ] --START--
INFO: Run Behavior\WriteHtmlCacheBehavior [ RunTime:0.000116s ]
INFO: [ view_filter ] --END-- [ RunTime:0.000165s ]
INFO: [ app_end ] --START--
INFO: Run Behavior\ShowPageTraceBehavior [ RunTime:0.000357s ]
INFO: [ app_end ] --END-- [ RunTime:0.000410s ]

[ 2015-06-16T11:33:05+08:00 ] 27.153.10.70 /index.php?s=/Index/historyquotes.html&symbol=XAUUSDbo&period=1&from=1434339165&to=1434425565&server=0
INFO: [ app_begin ] --START--
INFO: Run Behavior\ReadHtmlCacheBehavior [ RunTime:0.000348s ]
INFO: Run Behavior\CheckLangBehavior [ RunTime:0.000275s ]
INFO: [ app_begin ] --END-- [ RunTime:0.000922s ]
NOTIC: [8] Undefined variable: ret /alidata/www/miao/Application/Binary/Controller/IndexController.class.php 第 32 行.
NOTIC: [8] Undefined variable: res /alidata/www/miao/Application/Binary/Controller/IndexController.class.php 第 43 行.
NOTIC: [2] unpack(): Type i: not enough input, need 4, have 0 /alidata/www/miao/Application/Binary/Controller/IndexController.class.php 第 43 行.
NOTIC: [8] Undefined variable: res /alidata/www/miao/Application/Binary/Controller/IndexController.class.php 第 43 行.
NOTIC: [2] unpack(): Type @: outside of string /alidata/www/miao/Application/Binary/Controller/IndexController.class.php 第 43 行.
NOTIC: [2] unpack(): Type i: not enough input, need 4, have 0 /alidata/www/miao/Application/Binary/Controller/IndexController.class.php 第 43 行.
NOTIC: [8] Undefined variable: res /alidata/www/miao/Application/Binary/Controller/IndexController.class.php 第 43 行.
NOTIC: [2] unpack(): Type @: outside of string /alidata/www/miao/Application/Binary/Controller/IndexController.class.php 第 43 行.
NOTIC: [2] unpack(): Type i: not enough input, need 4, have 0 /alidata/www/miao/Application/Binary/Controller/IndexController.class.php 第 43 行.
NOTIC: [8] Undefined variable: res /alidata/www/miao/Application/Binary/Controller/IndexController.class.php 第 43 行.
NOTIC: [2] unpack(): Type @: outside of string /alidata/www/miao/Application/Binary/Controller/IndexController.class.php 第 43 行.
NOTIC: [2] unpack(): Type i: not enough input, need 4, have 0 /alidata/www/miao/Application/Binary/Controller/IndexController.class.php 第 43 行.
NOTIC: [8] Undefined variable: res /alidata/www/miao/Application/Binary/Controller/IndexController.class.php 第 43 行.
NOTIC: [2] unpack(): Type @: outside of string /alidata/www/miao/Application/Binary/Controller/IndexController.class.php 第 43 行.
NOTIC: [2] unpack(): Type i: not enough input, need 4, have 0 /alidata/www/miao/Application/Binary/Controller/IndexController.class.php 第 43 行.
NOTIC: [8] Undefined variable: res /alidata/www/miao/Application/Binary/Controller/IndexController.class.php 第 43 行.
NOTIC: [2] unpack(): Type @: outside of string /alidata/www/miao/Application/Binary/Controller/IndexController.class.php 第 43 行.
NOTIC: [2] unpack(): Type i: not enough input, need 4, have 0 /alidata/www/miao/Application/Binary/Controller/IndexController.class.php 第 43 行.
NOTIC: [8] Undefined variable: res /alidata/www/miao/Application/Binary/Controller/IndexController.class.php 第 43 行.
NOTIC: [2] unpack(): Type @: outside of string /alidata/www/miao/Application/Binary/Controller/IndexController.class.php 第 43 行.
NOTIC: [2] unpack(): Type i: not enough input, need 4, have 0 /alidata/www/miao/Application/Binary/Controller/IndexController.class.php 第 43 行.
NOTIC: [8] Undefined variable: res /alidata/www/miao/Application/Binary/Controller/IndexController.class.php 第 43 行.
NOTIC: [2] unpack(): Type @: outside of string /alidata/www/miao/Application/Binary/Controller/IndexController.class.php 第 43 行.
NOTIC: [2] unpack(): Type i: not enough input, need 4, have 0 /alidata/www/miao/Application/Binary/Controller/IndexController.class.php 第 43 行.
NOTIC: [8] Undefined variable: res /alidata/www/miao/Application/Binary/Controller/IndexController.class.php 第 43 行.
NOTIC: [2] unpack(): Type @: outside of string /alidata/www/miao/Application/Binary/Controller/IndexController.class.php 第 43 行.
NOTIC: [2] unpack(): Type i: not enough input, need 4, have 0 /alidata/www/miao/Application/Binary/Controller/IndexController.class.php 第 43 行.
NOTIC: [8] Undefined variable: res /alidata/www/miao/Application/Binary/Controller/IndexController.class.php 第 43 行.
NOTIC: [2] unpack(): Type @: outside of string /alidata/www/miao/Application/Binary/Controller/IndexController.class.php 第 43 行.
NOTIC: [2] unpack(): Type i: not enough input, need 4, have 0 /alidata/www/miao/Application/Binary/Controller/IndexController.class.php 第 43 行.
NOTIC: [8] Undefined variable: res /alidata/www/miao/Application/Binary/Controller/IndexController.class.php 第 43 行.
NOTIC: [2] unpack(): Type @: outside of string /alidata/www/miao/Application/Binary/Controller/IndexController.class.php 第 43 行.
NOTIC: [2] unpack(): Type i: not enough input, need 4, have 0 /alidata/www/miao/Application/Binary/Controller/IndexController.class.php 第 43 行.
NOTIC: [8] Undefined variable: res /alidata/www/miao/Application/Binary/Controller/IndexController.class.php 第 43 行.
NOTIC: [2] unpack(): Type @: outside of string /alidata/www/miao/Application/Binary/Controller/IndexController.class.php 第 43 行.
NOTIC: [2] unpack(): Type i: not enough input, need 4, have 0 /alidata/www/miao/Application/Binary/Controller/IndexController.class.php 第 43 行.
NOTIC: [8] Undefined variable: res /alidata/www/miao/Application/Binary/Controller/IndexController.class.php 第 43 行.
NOTIC: [2] unpack(): Type @: outside of string /alidata/www/miao/Application/Binary/Controller/IndexController.class.php 第 43 行.
NOTIC: [2] unpack(): Type i: not enough input, need 4, have 0 /alidata/www/miao/Application/Binary/Controller/IndexController.class.php 第 43 行.
NOTIC: [8] Undefined variable: res /alidata/www/miao/Application/Binary/Controller/IndexController.class.php 第 43 行.
NOTIC: [2] unpack(): Type @: outside of string /alidata/www/miao/Application/Binary/Controller/IndexController.class.php 第 43 行.
NOTIC: [2] unpack(): Type i: not enough input, need 4, have 0 /alidata/www/miao/Application/Binary/Controller/IndexController.class.php 第 43 行.
NOTIC: [8] Undefined variable: res /alidata/www/miao/Application/Binary/Controller/IndexController.class.php 第 43 行.
NOTIC: [2] unpack(): Type @: outside of string /alidata/www/miao/Application/Binary/Controller/IndexController.class.php 第 43 行.
NOTIC: [2] unpack(): Type i: not enough input, need 4, have 0 /alidata/www/miao/Application/Binary/Controller/IndexController.class.php 第 43 行.
NOTIC: [8] Undefined variable: res /alidata/www/miao/Application/Binary/Controller/IndexController.class.php 第 43 行.
NOTIC: [2] unpack(): Type @: outside of string /alidata/www/miao/Application/Binary/Controller/IndexController.class.php 第 43 行.
NOTIC: [2] unpack(): Type i: not enough input, need 4, have 0 /alidata/www/miao/Application/Binary/Controller/IndexController.class.php 第 43 行.
NOTIC: [8] Undefined variable: res /alidata/www/miao/Application/Binary/Controller/IndexController.class.php 第 43 行.
NOTIC: [2] unpack(): Type @: outside of string /alidata/www/miao/Application/Binary/Controller/IndexController.class.php 第 43 行.
NOTIC: [2] unpack(): Type i: not enough input, need 4, have 0 /alidata/www/miao/Application/Binary/Controller/IndexController.class.php 第 43 行.
NOTIC: [8] Undefined variable: res /alidata/www/miao/Application/Binary/Controller/IndexController.class.php 第 43 行.
NOTIC: [2] unpack(): Type @: outside of string /alidata/www/miao/Application/Binary/Controller/IndexController.class.php 第 43 行.
NOTIC: [2] unpack(): Type i: not enough input, need 4, have 0 /alidata/www/miao/Application/Binary/Controller/IndexController.class.php 第 43 行.
NOTIC: [8] Undefined variable: res /alidata/www/miao/Application/Binary/Controller/IndexController.class.php 第 43 行.
NOTIC: [2] unpack(): Type @: outside of string /alidata/www/miao/Application/Binary/Controller/IndexController.class.php 第 43 行.
NOTIC: [2] unpack(): Type i: not enough input, need 4, have 0 /alidata/www/miao/Application/Binary/Controller/IndexController.class.php 第 43 行.
NOTIC: [8] Undefined variable: res /alidata/www/miao/Application/Binary/Controller/IndexController.class.php 第 43 行.
NOTIC: [2] unpack(): Type @: outside of string /alidata/www/miao/Application/Binary/Controller/IndexController.class.php 第 43 行.
NOTIC: [2] unpack(): Type i: not enough input, need 4, have 0 /alidata/www/miao/Application/Binary/Controller/IndexController.class.php 第 43 行.
NOTIC: [8] Undefined variable: res /alidata/www/miao/Application/Binary/Controller/IndexController.class.php 第 43 行.
NOTIC: [2] unpack(): Type @: outside of string /alidata/www/miao/Application/Binary/Controller/IndexController.class.php 第 43 行.
NOTIC: [2] unpack(): Type i: not enough input, need 4, have 0 /alidata/www/miao/Application/Binary/Controller/IndexController.class.php 第 43 行.
NOTIC: [8] Undefined variable: res /alidata/www/miao/Application/Binary/Controller/IndexController.class.php 第 43 行.
NOTIC: [2] unpack(): Type @: outside of string /alidata/www/miao/Application/Binary/Controller/IndexController.class.php 第 43 行.
NOTIC: [2] unpack(): Type i: not enough input, need 4, have 0 /alidata/www/miao/Application/Binary/Controller/IndexController.class.php 第 43 行.
NOTIC: [8] Undefined variable: res /alidata/www/miao/Application/Binary/Controller/IndexController.class.php 第 43 行.
NOTIC: [2] unpack(): Type @: outside of string /alidata/www/miao/Application/Binary/Controller/IndexController.class.php 第 43 行.
NOTIC: [2] unpack(): Type i: not enough input, need 4, have 0 /alidata/www/miao/Application/Binary/Controller/IndexController.class.php 第 43 行.
NOTIC: [8] Undefined variable: res /alidata/www/miao/Application/Binary/Controller/IndexController.class.php 第 43 行.
NOTIC: [2] unpack(): Type @: outside of string /alidata/www/miao/Application/Binary/Controller/IndexController.class.php 第 43 行.
NOTIC: [2] unpack(): Type i: not enough input, need 4, have 0 /alidata/www/miao/Application/Binary/Controller/IndexController.class.php 第 43 行.
NOTIC: [8] Undefined variable: res /alidata/www/miao/Application/Binary/Controller/IndexController.class.php 第 43 行.
NOTIC: [2] unpack(): Type @: outside of string /alidata/www/miao/Application/Binary/Controller/IndexController.class.php 第 43 行.
NOTIC: [2] unpack(): Type i: not enough input, need 4, have 0 /alidata/www/miao/Application/Binary/Controller/IndexController.class.php 第 43 行.
NOTIC: [8] Undefined variable: res /alidata/www/miao/Application/Binary/Controller/IndexController.class.php 第 43 行.
NOTIC: [2] unpack(): Type @: outside of string /alidata/www/miao/Application/Binary/Controller/IndexController.class.php 第 43 行.
NOTIC: [2] unpack(): Type i: not enough input, need 4, have 0 /alidata/www/miao/Application/Binary/Controller/IndexController.class.php 第 43 行.
NOTIC: [8] Undefined variable: res /alidata/www/miao/Application/Binary/Controller/IndexController.class.php 第 43 行.
NOTIC: [2] unpack(): Type @: outside of string /alidata/www/miao/Application/Binary/Controller/IndexController.class.php 第 43 行.
NOTIC: [2] unpack(): Type i: not enough input, need 4, have 0 /alidata/www/miao/Application/Binary/Controller/IndexController.class.php 第 43 行.
NOTIC: [8] Undefined variable: res /alidata/www/miao/Application/Binary/Controller/IndexController.class.php 第 43 行.
NOTIC: [2] unpack(): Type @: outside of string /alidata/www/miao/Application/Binary/Controller/IndexController.class.php 第 43 行.
NOTIC: [2] unpack(): Type i: not enough input, need 4, have 0 /alidata/www/miao/Application/Binary/Controller/IndexController.class.php 第 43 行.
NOTIC: [8] Undefined variable: res /alidata/www/miao/Application/Binary/Controller/IndexController.class.php 第 43 行.
NOTIC: [2] unpack(): Type @: outside of string /alidata/www/miao/Application/Binary/Controller/IndexController.class.php 第 43 行.
NOTIC: [2] unpack(): Type i: not enough input, need 4, have 0 /alidata/www/miao/Application/Binary/Controller/IndexController.class.php 第 43 行.
NOTIC: [8] Undefined variable: res /alidata/www/miao/Application/Binary/Controller/IndexController.class.php 第 43 行.
NOTIC: [2] unpack(): Type @: outside of string /alidata/www/miao/Application/Binary/Controller/IndexController.class.php 第 43 行.
NOTIC: [2] unpack(): Type i: not enough input, need 4, have 0 /alidata/www/miao/Application/Binary/Controller/IndexController.class.php 第 43 行.
NOTIC: [8] Undefined variable: res /alidata/www/miao/Application/Binary/Controller/IndexController.class.php 第 43 行.
NOTIC: [2] unpack(): Type @: outside of string /alidata/www/miao/Application/Binary/Controller/IndexController.class.php 第 43 行.
NOTIC: [2] unpack(): Type i: not enough input, need 4, have 0 /alidata/www/miao/Application/Binary/Controller/IndexController.class.php 第 43 行.
NOTIC: [8] Undefined variable: res /alidata/www/miao/Application/Binary/Controller/IndexController.class.php 第 43 行.
NOTIC: [2] unpack(): Type @: outside of string /alidata/www/miao/Application/Binary/Controller/IndexController.class.php 第 43 行.
NOTIC: [2] unpack(): Type i: not enough input, need 4, have 0 /alidata/www/miao/Application/Binary/Controller/IndexController.class.php 第 43 行.
NOTIC: [8] Undefined variable: res /alidata/www/miao/Application/Binary/Controller/IndexController.class.php 第 43 行.
NOTIC: [2] unpack(): Type @: outside of string /alidata/www/miao/Application/Binary/Controller/IndexController.class.php 第 43 行.
NOTIC: [2] unpack(): Type i: not enough input, need 4, have 0 /alidata/www/miao/Application/Binary/Controller/IndexController.class.php 第 43 行.
NOTIC: [8] Undefined variable: res /alidata/www/miao/Application/Binary/Controller/IndexController.class.php 第 43 行.
NOTIC: [2] unpack(): Type @: outside of string /alidata/www/miao/Application/Binary/Controller/IndexController.class.php 第 43 行.
NOTIC: [2] unpack(): Type i: not enough input, need 4, have 0 /alidata/www/miao/Application/Binary/Controller/IndexController.class.php 第 43 行.
NOTIC: [8] Undefined variable: res /alidata/www/miao/Application/Binary/Controller/IndexController.class.php 第 43 行.
NOTIC: [2] unpack(): Type @: outside of string /alidata/www/miao/Application/Binary/Controller/IndexController.class.php 第 43 行.
NOTIC: [2] unpack(): Type i: not enough input, need 4, have 0 /alidata/www/miao/Application/Binary/Controller/IndexController.class.php 第 43 行.
NOTIC: [8] Undefined variable: res /alidata/www/miao/Application/Binary/Controller/IndexController.class.php 第 43 行.
NOTIC: [2] unpack(): Type @: outside of string /alidata/www/miao/Application/Binary/Controller/IndexController.class.php 第 43 行.
NOTIC: [2] unpack(): Type i: not enough input, need 4, have 0 /alidata/www/miao/Application/Binary/Controller/IndexController.class.php 第 43 行.
NOTIC: [8] Undefined variable: res /alidata/www/miao/Application/Binary/Controller/IndexController.class.php 第 43 行.
NOTIC: [2] unpack(): Type @: outside of string /alidata/www/miao/Application/Binary/Controller/IndexController.class.php 第 43 行.
NOTIC: [2] unpack(): Type i: not enough input, need 4, have 0 /alidata/www/miao/Application/Binary/Controller/IndexController.class.php 第 43 行.
NOTIC: [8] Undefined variable: res /alidata/www/miao/Application/Binary/Controller/IndexController.class.php 第 43 行.
NOTIC: [2] unpack(): Type @: outside of string /alidata/www/miao/Application/Binary/Controller/IndexController.class.php 第 43 行.
NOTIC: [2] unpack(): Type i: not enough input, need 4, have 0 /alidata/www/miao/Application/Binary/Controller/IndexController.class.php 第 43 行.
NOTIC: [8] Undefined variable: res /alidata/www/miao/Application/Binary/Controller/IndexController.class.php 第 43 行.
NOTIC: [2] unpack(): Type @: outside of string /alidata/www/miao/Application/Binary/Controller/IndexController.class.php 第 43 行.
NOTIC: [2] unpack(): Type i: not enough input, need 4, have 0 /alidata/www/miao/Application/Binary/Controller/IndexController.class.php 第 43 行.
NOTIC: [8] Undefined variable: res /alidata/www/miao/Application/Binary/Controller/IndexController.class.php 第 43 行.
NOTIC: [2] unpack(): Type @: outside of string /alidata/www/miao/Application/Binary/Controller/IndexController.class.php 第 43 行.
NOTIC: [2] unpack(): Type i: not enough input, need 4, have 0 /alidata/www/miao/Application/Binary/Controller/IndexController.class.php 第 43 行.
NOTIC: [8] Undefined variable: res /alidata/www/miao/Application/Binary/Controller/IndexController.class.php 第 43 行.
NOTIC: [2] unpack(): Type @: outside of string /alidata/www/miao/Application/Binary/Controller/IndexController.class.php 第 43 行.
NOTIC: [2] unpack(): Type i: not enough input, need 4, have 0 /alidata/www/miao/Application/Binary/Controller/IndexController.class.php 第 43 行.
NOTIC: [8] Undefined variable: res /alidata/www/miao/Application/Binary/Controller/IndexController.class.php 第 43 行.
NOTIC: [2] unpack(): Type @: outside of string /alidata/www/miao/Application/Binary/Controller/IndexController.class.php 第 43 行.
NOTIC: [2] unpack(): Type i: not enough input, need 4, have 0 /alidata/www/miao/Application/Binary/Controller/IndexController.class.php 第 43 行.
NOTIC: [8] Undefined variable: res /alidata/www/miao/Application/Binary/Controller/IndexController.class.php 第 43 行.
NOTIC: [2] unpack(): Type @: outside of string /alidata/www/miao/Application/Binary/Controller/IndexController.class.php 第 43 行.
NOTIC: [2] unpack(): Type i: not enough input, need 4, have 0 /alidata/www/miao/Application/Binary/Controller/IndexController.class.php 第 43 行.
NOTIC: [8] Undefined variable: res /alidata/www/miao/Application/Binary/Controller/IndexController.class.php 第 43 行.
NOTIC: [2] unpack(): Type @: outside of string /alidata/www/miao/Application/Binary/Controller/IndexController.class.php 第 43 行.
NOTIC: [2] unpack(): Type i: not enough input, need 4, have 0 /alidata/www/miao/Application/Binary/Controller/IndexController.class.php 第 43 行.
NOTIC: [8] Undefined variable: res /alidata/www/miao/Application/Binary/Controller/IndexController.class.php 第 43 行.
NOTIC: [2] unpack(): Type @: outside of string /alidata/www/miao/Application/Binary/Controller/IndexController.class.php 第 43 行.
NOTIC: [2] unpack(): Type i: not enough input, need 4, have 0 /alidata/www/miao/Application/Binary/Controller/IndexController.class.php 第 43 行.
NOTIC: [8] Undefined variable: res /alidata/www/miao/Application/Binary/Controller/IndexController.class.php 第 43 行.
NOTIC: [2] unpack(): Type @: outside of string /alidata/www/miao/Application/Binary/Controller/IndexController.class.php 第 43 行.
NOTIC: [2] unpack(): Type i: not enough input, need 4, have 0 /alidata/www/miao/Application/Binary/Controller/IndexController.class.php 第 43 行.
NOTIC: [8] Undefined variable: res /alidata/www/miao/Application/Binary/Controller/IndexController.class.php 第 43 行.
NOTIC: [2] unpack(): Type @: outside of string /alidata/www/miao/Application/Binary/Controller/IndexController.class.php 第 43 行.
NOTIC: [2] unpack(): Type i: not enough input, need 4, have 0 /alidata/www/miao/Application/Binary/Controller/IndexController.class.php 第 43 行.
NOTIC: [8] Undefined variable: res /alidata/www/miao/Application/Binary/Controller/IndexController.class.php 第 43 行.
NOTIC: [2] unpack(): Type @: outside of string /alidata/www/miao/Application/Binary/Controller/IndexController.class.php 第 43 行.
NOTIC: [2] unpack(): Type i: not enough input, need 4, have 0 /alidata/www/miao/Application/Binary/Controller/IndexController.class.php 第 43 行.
NOTIC: [8] Undefined variable: res /alidata/www/miao/Application/Binary/Controller/IndexController.class.php 第 43 行.
NOTIC: [2] unpack(): Type @: outside of string /alidata/www/miao/Application/Binary/Controller/IndexController.class.php 第 43 行.
NOTIC: [2] unpack(): Type i: not enough input, need 4, have 0 /alidata/www/miao/Application/Binary/Controller/IndexController.class.php 第 43 行.
NOTIC: [8] Undefined variable: res /alidata/www/miao/Application/Binary/Controller/IndexController.class.php 第 43 行.
NOTIC: [2] unpack(): Type @: outside of string /alidata/www/miao/Application/Binary/Controller/IndexController.class.php 第 43 行.
NOTIC: [2] unpack(): Type i: not enough input, need 4, have 0 /alidata/www/miao/Application/Binary/Controller/IndexController.class.php 第 43 行.
NOTIC: [8] Undefined variable: res /alidata/www/miao/Application/Binary/Controller/IndexController.class.php 第 43 行.
NOTIC: [2] unpack(): Type @: outside of string /alidata/www/miao/Application/Binary/Controller/IndexController.class.php 第 43 行.
NOTIC: [2] unpack(): Type i: not enough input, need 4, have 0 /alidata/www/miao/Application/Binary/Controller/IndexController.class.php 第 43 行.
NOTIC: [8] Undefined variable: res /alidata/www/miao/Application/Binary/Controller/IndexController.class.php 第 43 行.
NOTIC: [2] unpack(): Type @: outside of string /alidata/www/miao/Application/Binary/Controller/IndexController.class.php 第 43 行.
NOTIC: [2] unpack(): Type i: not enough input, need 4, have 0 /alidata/www/miao/Application/Binary/Controller/IndexController.class.php 第 43 行.
NOTIC: [8] Undefined variable: res /alidata/www/miao/Application/Binary/Controller/IndexController.class.php 第 43 行.
NOTIC: [2] unpack(): Type @: outside of string /alidata/www/miao/Application/Binary/Controller/IndexController.class.php 第 43 行.
NOTIC: [2] unpack(): Type i: not enough input, need 4, have 0 /alidata/www/miao/Application/Binary/Controller/IndexController.class.php 第 43 行.
NOTIC: [8] Undefined variable: res /alidata/www/miao/Application/Binary/Controller/IndexController.class.php 第 43 行.
NOTIC: [2] unpack(): Type @: outside of string /alidata/www/miao/Application/Binary/Controller/IndexController.class.php 第 43 行.
NOTIC: [2] unpack(): Type i: not enough input, need 4, have 0 /alidata/www/miao/Application/Binary/Controller/IndexController.class.php 第 43 行.
NOTIC: [8] Undefined variable: res /alidata/www/miao/Application/Binary/Controller/IndexController.class.php 第 43 行.
NOTIC: [2] unpack(): Type @: outside of string /alidata/www/miao/Application/Binary/Controller/IndexController.class.php 第 43 行.
NOTIC: [2] unpack(): Type i: not enough input, need 4, have 0 /alidata/www/miao/Application/Binary/Controller/IndexController.class.php 第 43 行.
NOTIC: [8] Undefined variable: res /alidata/www/miao/Application/Binary/Controller/IndexController.class.php 第 43 行.
NOTIC: [2] unpack(): Type @: outside of string /alidata/www/miao/Application/Binary/Controller/IndexController.class.php 第 43 行.
NOTIC: [2] unpack(): Type i: not enough input, need 4, have 0 /alidata/www/miao/Application/Binary/Controller/IndexController.class.php 第 43 行.
NOTIC: [8] Undefined variable: res /alidata/www/miao/Application/Binary/Controller/IndexController.class.php 第 43 行.
NOTIC: [2] unpack(): Type @: outside of string /alidata/www/miao/Application/Binary/Controller/IndexController.class.php 第 43 行.
NOTIC: [2] unpack(): Type i: not enough input, need 4, have 0 /alidata/www/miao/Application/Binary/Controller/IndexController.class.php 第 43 行.
NOTIC: [8] Undefined variable: res /alidata/www/miao/Application/Binary/Controller/IndexController.class.php 第 43 行.
NOTIC: [2] unpack(): Type @: outside of string /alidata/www/miao/Application/Binary/Controller/IndexController.class.php 第 43 行.
NOTIC: [2] unpack(): Type i: not enough input, need 4, have 0 /alidata/www/miao/Application/Binary/Controller/IndexController.class.php 第 43 行.
NOTIC: [8] Undefined variable: res /alidata/www/miao/Application/Binary/Controller/IndexController.class.php 第 43 行.
NOTIC: [2] unpack(): Type @: outside of string /alidata/www/miao/Application/Binary/Controller/IndexController.class.php 第 43 行.
NOTIC: [2] unpack(): Type i: not enough input, need 4, have 0 /alidata/www/miao/Application/Binary/Controller/IndexController.class.php 第 43 行.
NOTIC: [8] Undefined variable: res /alidata/www/miao/Application/Binary/Controller/IndexController.class.php 第 43 行.
NOTIC: [2] unpack(): Type @: outside of string /alidata/www/miao/Application/Binary/Controller/IndexController.class.php 第 43 行.
NOTIC: [2] unpack(): Type i: not enough input, need 4, have 0 /alidata/www/miao/Application/Binary/Controller/IndexController.class.php 第 43 行.

[ 2015-06-16T11:33:26+08:00 ] 27.153.10.70 /index.php?s=/Index/binary.html
INFO: [ app_begin ] --START--
INFO: Run Behavior\ReadHtmlCacheBehavior [ RunTime:0.000317s ]
INFO: Run Behavior\CheckLangBehavior [ RunTime:0.000305s ]
INFO: [ app_begin ] --END-- [ RunTime:0.000925s ]
INFO: [ view_parse ] --START--
INFO: [ template_filter ] --START--
INFO: Run Behavior\ContentReplaceBehavior [ RunTime:0.000087s ]
INFO: [ template_filter ] --END-- [ RunTime:0.000142s ]
INFO: Run Behavior\ParseTemplateBehavior [ RunTime:0.007023s ]
INFO: [ view_parse ] --END-- [ RunTime:0.007076s ]
INFO: [ view_filter ] --START--
INFO: Run Behavior\WriteHtmlCacheBehavior [ RunTime:0.000148s ]
INFO: [ view_filter ] --END-- [ RunTime:0.000194s ]
INFO: [ app_end ] --START--
INFO: Run Behavior\ShowPageTraceBehavior [ RunTime:0.000355s ]
INFO: [ app_end ] --END-- [ RunTime:0.000414s ]

[ 2015-06-16T11:35:38+08:00 ] 27.153.10.70 /index.php?s=/Index/binary.html
INFO: [ app_begin ] --START--
INFO: Run Behavior\ReadHtmlCacheBehavior [ RunTime:0.000359s ]
INFO: Run Behavior\CheckLangBehavior [ RunTime:0.000269s ]
INFO: [ app_begin ] --END-- [ RunTime:0.001008s ]
INFO: [ view_parse ] --START--
INFO: [ template_filter ] --START--
INFO: Run Behavior\ContentReplaceBehavior [ RunTime:0.000105s ]
INFO: [ template_filter ] --END-- [ RunTime:0.000181s ]
INFO: Run Behavior\ParseTemplateBehavior [ RunTime:0.007046s ]
INFO: [ view_parse ] --END-- [ RunTime:0.007100s ]
INFO: [ view_filter ] --START--
INFO: Run Behavior\WriteHtmlCacheBehavior [ RunTime:0.000142s ]
INFO: [ view_filter ] --END-- [ RunTime:0.000191s ]
INFO: [ app_end ] --START--
INFO: Run Behavior\ShowPageTraceBehavior [ RunTime:0.000353s ]
INFO: [ app_end ] --END-- [ RunTime:0.000429s ]

[ 2015-06-16T11:39:17+08:00 ] 27.153.10.70 /index.php?s=/Index/binary.html
INFO: [ app_begin ] --START--
INFO: Run Behavior\ReadHtmlCacheBehavior [ RunTime:0.000358s ]
INFO: Run Behavior\CheckLangBehavior [ RunTime:0.000270s ]
INFO: [ app_begin ] --END-- [ RunTime:0.000918s ]
INFO: [ view_parse ] --START--
INFO: [ template_filter ] --START--
INFO: Run Behavior\ContentReplaceBehavior [ RunTime:0.000086s ]
INFO: [ template_filter ] --END-- [ RunTime:0.000145s ]
INFO: Run Behavior\ParseTemplateBehavior [ RunTime:0.006947s ]
INFO: [ view_parse ] --END-- [ RunTime:0.007000s ]
INFO: [ view_filter ] --START--
INFO: Run Behavior\WriteHtmlCacheBehavior [ RunTime:0.000118s ]
INFO: [ view_filter ] --END-- [ RunTime:0.000164s ]
INFO: [ app_end ] --START--
INFO: Run Behavior\ShowPageTraceBehavior [ RunTime:0.000375s ]
INFO: [ app_end ] --END-- [ RunTime:0.000428s ]

[ 2015-06-16T11:39:21+08:00 ] 27.153.10.70 /index.php?s=/Index/historyquotes.html&symbol=XAUUSDbo&period=1&from=1434339538&to=1434425938&server=0
INFO: [ app_begin ] --START--
INFO: Run Behavior\ReadHtmlCacheBehavior [ RunTime:0.000364s ]
INFO: Run Behavior\CheckLangBehavior [ RunTime:0.000270s ]
INFO: [ app_begin ] --END-- [ RunTime:0.000952s ]
NOTIC: [8] Undefined variable: ret /alidata/www/miao/Application/Binary/Controller/IndexController.class.php 第 32 行.

[ 2015-06-16T11:40:43+08:00 ] 27.153.10.70 /index.php?s=/Index/binary.html
INFO: [ app_begin ] --START--
INFO: Run Behavior\ReadHtmlCacheBehavior [ RunTime:0.000362s ]
INFO: Run Behavior\CheckLangBehavior [ RunTime:0.000280s ]
INFO: [ app_begin ] --END-- [ RunTime:0.000957s ]
INFO: [ view_parse ] --START--
INFO: [ template_filter ] --START--
INFO: Run Behavior\ContentReplaceBehavior [ RunTime:0.000095s ]
INFO: [ template_filter ] --END-- [ RunTime:0.000165s ]
INFO: Run Behavior\ParseTemplateBehavior [ RunTime:0.007797s ]
INFO: [ view_parse ] --END-- [ RunTime:0.007852s ]
INFO: [ view_filter ] --START--
INFO: Run Behavior\WriteHtmlCacheBehavior [ RunTime:0.000121s ]
INFO: [ view_filter ] --END-- [ RunTime:0.000168s ]
INFO: [ app_end ] --START--
INFO: Run Behavior\ShowPageTraceBehavior [ RunTime:0.000345s ]
INFO: [ app_end ] --END-- [ RunTime:0.000401s ]

[ 2015-06-16T11:40:44+08:00 ] 27.153.10.70 /index.php?s=/Index/historyquotes.html&symbol=XAUUSDbo&period=1&from=1434339625&to=1434426025&server=0
INFO: [ app_begin ] --START--
INFO: Run Behavior\ReadHtmlCacheBehavior [ RunTime:0.000350s ]
INFO: Run Behavior\CheckLangBehavior [ RunTime:0.000264s ]
INFO: [ app_begin ] --END-- [ RunTime:0.000898s ]
NOTIC: [8] Undefined variable: ret /alidata/www/miao/Application/Binary/Controller/IndexController.class.php 第 32 行.
NOTIC: [2] unpack(): Type a: not enough input, need 64, have 44 /alidata/www/miao/Application/Binary/Controller/IndexController.class.php 第 44 行.

[ 2015-06-16T11:52:18+08:00 ] 27.153.10.70 /index.php?s=/Index/binary.html
INFO: [ app_begin ] --START--
INFO: Run Behavior\ReadHtmlCacheBehavior [ RunTime:0.000321s ]
INFO: Run Behavior\CheckLangBehavior [ RunTime:0.000296s ]
INFO: [ app_begin ] --END-- [ RunTime:0.000904s ]
INFO: [ view_parse ] --START--
INFO: [ template_filter ] --START--
INFO: Run Behavior\ContentReplaceBehavior [ RunTime:0.000121s ]
INFO: [ template_filter ] --END-- [ RunTime:0.000193s ]
INFO: Run Behavior\ParseTemplateBehavior [ RunTime:0.006810s ]
INFO: [ view_parse ] --END-- [ RunTime:0.006903s ]
INFO: [ view_filter ] --START--
INFO: Run Behavior\WriteHtmlCacheBehavior [ RunTime:0.000158s ]
INFO: [ view_filter ] --END-- [ RunTime:0.000218s ]
INFO: [ app_end ] --START--
INFO: Run Behavior\ShowPageTraceBehavior [ RunTime:0.000348s ]
INFO: [ app_end ] --END-- [ RunTime:0.000403s ]

[ 2015-06-16T11:52:20+08:00 ] 27.153.10.70 /index.php?s=/Index/historyquotes.html&symbol=XAUUSDbo&period=1&from=1434340320&to=1434426720&server=0
INFO: [ app_begin ] --START--
INFO: Run Behavior\ReadHtmlCacheBehavior [ RunTime:0.000406s ]
INFO: Run Behavior\CheckLangBehavior [ RunTime:0.000311s ]
INFO: [ app_begin ] --END-- [ RunTime:0.001043s ]
NOTIC: [8] Undefined variable: ret /alidata/www/miao/Application/Binary/Controller/IndexController.class.php 第 32 行.

