[ 2015-03-26T15:19:42+08:00 ] 121.207.65.214 /index.php?s=/Admin/Public/login.html
INFO: [ app_begin ] --START--
INFO: Run Behavior\ReadHtmlCacheBehavior [ RunTime:0.000270s ]
INFO: [ app_begin ] --END-- [ RunTime:0.000484s ]

[ 2015-03-26T15:19:44+08:00 ] 121.207.65.214 /index.php?s=/Admin/Public/login.html
INFO: [ app_begin ] --START--
INFO: Run Behavior\ReadHtmlCacheBehavior [ RunTime:0.000273s ]
INFO: [ app_begin ] --END-- [ RunTime:0.000514s ]

[ 2015-03-26T15:23:45+08:00 ] 121.207.65.214 /index.php?s=/Admin/Public/login.html
INFO: [ app_begin ] --START--
INFO: Run Behavior\ReadHtmlCacheBehavior [ RunTime:0.000268s ]
INFO: [ app_begin ] --END-- [ RunTime:0.000481s ]
NOTIC: [8] Undefined variable: id /alidata/www/miao/Application/Admin/Controller/PublicController.class.php 第 31 行.

[ 2015-03-26T15:26:57+08:00 ] 121.207.65.214 /index.php?s=/Admin/Public/login.html
INFO: [ app_begin ] --START--
INFO: Run Behavior\ReadHtmlCacheBehavior [ RunTime:0.000297s ]
INFO: [ app_begin ] --END-- [ RunTime:0.000522s ]

[ 2015-03-26T15:26:58+08:00 ] 121.207.65.214 /index.php?s=/Admin/Index/index.html
INFO: [ app_begin ] --START--
INFO: Run Behavior\ReadHtmlCacheBehavior [ RunTime:0.000291s ]
INFO: [ app_begin ] --END-- [ RunTime:0.000490s ]
INFO: [ view_parse ] --START--
INFO: [ template_filter ] --START--
INFO: Run Behavior\ContentReplaceBehavior [ RunTime:0.000060s ]
INFO: [ template_filter ] --END-- [ RunTime:0.000102s ]
SQL: SHOW COLUMNS FROM `m_modules` [ RunTime:0.0005s ]
SQL: SELECT * FROM `m_modules` ORDER BY sort asc  [ RunTime:0.0002s ]

[ 2015-03-26T15:28:23+08:00 ] 121.207.65.214 /index.php?s=/Admin/Public/login.html
INFO: [ app_begin ] --START--
INFO: Run Behavior\ReadHtmlCacheBehavior [ RunTime:0.000301s ]
INFO: [ app_begin ] --END-- [ RunTime:0.000516s ]

[ 2015-03-26T15:28:23+08:00 ] 121.207.65.214 /index.php?s=/Admin/Index/index.html
INFO: [ app_begin ] --START--
INFO: Run Behavior\ReadHtmlCacheBehavior [ RunTime:0.000287s ]
INFO: [ app_begin ] --END-- [ RunTime:0.000487s ]
INFO: [ view_parse ] --START--
INFO: [ template_filter ] --START--
INFO: Run Behavior\ContentReplaceBehavior [ RunTime:0.000059s ]
INFO: [ template_filter ] --END-- [ RunTime:0.000102s ]
SQL: SHOW COLUMNS FROM `m_modules` [ RunTime:0.0005s ]
SQL: SELECT * FROM `m_modules` ORDER BY sort asc  [ RunTime:0.0002s ]
INFO: Run Behavior\ParseTemplateBehavior [ RunTime:0.011179s ]
INFO: [ view_parse ] --END-- [ RunTime:0.011222s ]
INFO: [ view_filter ] --START--
INFO: Run Behavior\WriteHtmlCacheBehavior [ RunTime:0.000106s ]
INFO: [ view_filter ] --END-- [ RunTime:0.000144s ]
INFO: [ app_end ] --START--
INFO: Run Behavior\ShowPageTraceBehavior [ RunTime:0.000286s ]
INFO: [ app_end ] --END-- [ RunTime:0.000326s ]

[ 2015-03-26T15:59:44+08:00 ] 121.207.65.214 /index.php?s=/Admin/Member/index.html
ERR: 无法加载控制器:Member

[ 2015-03-26T16:03:04+08:00 ] 121.207.65.214 /index.php?s=/Admin/Auth/Node/gid/1.html
ERR: 模板不存在:./Application/Admin/View/default/Auth/Node.html

[ 2015-03-26T16:19:00+08:00 ] 121.207.65.214 /index.php?s=/Admin/Auth/addRole.html
INFO: [ app_begin ] --START--
INFO: Run Behavior\ReadHtmlCacheBehavior [ RunTime:0.000281s ]
INFO: [ app_begin ] --END-- [ RunTime:0.000531s ]
SQL: SHOW COLUMNS FROM `m_auth_group` [ RunTime:0.0005s ]
SQL: SELECT * FROM `m_auth_group` WHERE `title` = '' LIMIT 1   [ RunTime:0.0002s ]
SQL: INSERT INTO `m_auth_group` (`title`,`description`,`status`) VALUES ('','','0') [ RunTime:0.0002s ]

[ 2015-03-26T16:20:19+08:00 ] 121.207.65.214 /index.php?s=/Admin/Auth/addRole.html
INFO: [ app_begin ] --START--
INFO: Run Behavior\ReadHtmlCacheBehavior [ RunTime:0.000278s ]
INFO: [ app_begin ] --END-- [ RunTime:0.000485s ]
SQL: SHOW COLUMNS FROM `m_auth_group` [ RunTime:0.0005s ]
SQL: SELECT * FROM `m_auth_group` WHERE `title` = '' LIMIT 1   [ RunTime:0.0002s ]
SQL: INSERT INTO `m_auth_group` (`title`,`description`,`status`) VALUES ('','','0') [ RunTime:0.0002s ]

[ 2015-03-26T16:20:51+08:00 ] 121.207.65.214 /index.php?s=/Admin/Auth/addRole.html
INFO: [ app_begin ] --START--
INFO: Run Behavior\ReadHtmlCacheBehavior [ RunTime:0.000309s ]
INFO: [ app_begin ] --END-- [ RunTime:0.000517s ]
SQL: SHOW COLUMNS FROM `m_auth_group` [ RunTime:0.0005s ]
SQL: SELECT * FROM `m_auth_group` WHERE `title` = '' LIMIT 1   [ RunTime:0.0002s ]

[ 2015-03-26T16:20:54+08:00 ] 121.207.65.214 /index.php?s=/Admin/Auth/addRole.html
INFO: [ app_begin ] --START--
INFO: Run Behavior\ReadHtmlCacheBehavior [ RunTime:0.000287s ]
INFO: [ app_begin ] --END-- [ RunTime:0.000499s ]
SQL: SHOW COLUMNS FROM `m_auth_group` [ RunTime:0.0005s ]
SQL: SELECT * FROM `m_auth_group` WHERE `title` = '' LIMIT 1   [ RunTime:0.0002s ]

[ 2015-03-26T16:46:53+08:00 ] 121.207.65.214 /index.php?s=/Admin/Auth/addRole.html
INFO: [ app_begin ] --START--
INFO: Run Behavior\ReadHtmlCacheBehavior [ RunTime:0.000291s ]
INFO: [ app_begin ] --END-- [ RunTime:0.000497s ]
SQL: SHOW COLUMNS FROM `m_auth_group` [ RunTime:0.0005s ]
SQL: SELECT * FROM `m_auth_group` WHERE `title` = 'dsgds' LIMIT 1   [ RunTime:0.0002s ]
SQL: INSERT INTO `m_auth_group` (`title`,`description`,`status`) VALUES ('dsgds','dsgfds','0') [ RunTime:0.0002s ]

[ 2015-03-26T16:47:40+08:00 ] 121.207.65.214 /index.php?s=/Admin/Auth/addRole.html
INFO: [ app_begin ] --START--
INFO: Run Behavior\ReadHtmlCacheBehavior [ RunTime:0.000289s ]
INFO: [ app_begin ] --END-- [ RunTime:0.000505s ]
SQL: SHOW COLUMNS FROM `m_auth_group` [ RunTime:0.0005s ]
SQL: SELECT * FROM `m_auth_group` WHERE `title` = 'rfgds' LIMIT 1   [ RunTime:0.0002s ]
SQL: INSERT INTO `m_auth_group` (`title`,`description`,`status`) VALUES ('rfgds','gdsgs','0') [ RunTime:0.0002s ]

[ 2015-03-26T16:53:10+08:00 ] 121.207.65.214 /index.php?s=/Admin/Auth/addRole.html
INFO: [ app_begin ] --START--
INFO: Run Behavior\ReadHtmlCacheBehavior [ RunTime:0.000269s ]
INFO: [ app_begin ] --END-- [ RunTime:0.000495s ]
SQL: SHOW COLUMNS FROM `m_auth_group` [ RunTime:0.0005s ]
SQL: SELECT * FROM `m_auth_group` WHERE `title` = 'dsfsfds' LIMIT 1   [ RunTime:0.0004s ]
SQL: INSERT INTO `m_auth_group` (`title`,`description`,`status`) VALUES ('dsfsfds','dsfdsfdsf','0') [ RunTime:0.0002s ]

[ 2015-03-26T16:53:47+08:00 ] 121.207.65.214 /index.php?s=/Admin/Auth/addRole.html
INFO: [ app_begin ] --START--
INFO: Run Behavior\ReadHtmlCacheBehavior [ RunTime:0.000270s ]
INFO: [ app_begin ] --END-- [ RunTime:0.000484s ]
SQL: SHOW COLUMNS FROM `m_auth_group` [ RunTime:0.0005s ]
SQL: SELECT * FROM `m_auth_group` WHERE `title` = 'dsfsfds' LIMIT 1   [ RunTime:0.0002s ]

[ 2015-03-26T16:57:47+08:00 ] 121.207.65.214 /index.php?s=/Admin/Auth/Node.html
ERR: 模板不存在:./Application/Admin/View/default/Auth/Node.html

[ 2015-03-26T16:58:28+08:00 ] 121.207.65.214 /index.php?s=/Admin/Auth/Node.html
ERR: 模板不存在:./Application/Admin/View/default/Auth/Node.html

[ 2015-03-26T16:58:29+08:00 ] 121.207.65.214 /index.php?s=/Admin/Auth/Node.html
ERR: 模板不存在:./Application/Admin/View/default/Auth/Node.html

[ 2015-03-26T17:00:18+08:00 ] 121.207.65.214 /index.php?s=/Admin/Auth/Node.html
ERR: 模板不存在:./Application/Admin/View/default/Auth/Node.html

[ 2015-03-26T17:00:22+08:00 ] 121.207.65.214 /index.php?s=/Admin/Auth/Node.html
ERR: 模板不存在:./Application/Admin/View/default/Auth/Node.html

[ 2015-03-26T19:40:01+08:00 ] 117.24.145.74 /index.php?s=/Admin/Public/login.html
INFO: [ app_begin ] --START--
INFO: Run Behavior\ReadHtmlCacheBehavior [ RunTime:0.000268s ]
INFO: [ app_begin ] --END-- [ RunTime:0.000483s ]

[ 2015-03-26T19:40:02+08:00 ] 117.24.145.74 /index.php?s=/Admin/Index/index.html
INFO: [ app_begin ] --START--
INFO: Run Behavior\ReadHtmlCacheBehavior [ RunTime:0.000271s ]
INFO: [ app_begin ] --END-- [ RunTime:0.000486s ]
INFO: [ view_parse ] --START--
INFO: [ template_filter ] --START--
INFO: Run Behavior\ContentReplaceBehavior [ RunTime:0.000061s ]
INFO: [ template_filter ] --END-- [ RunTime:0.000104s ]
SQL: SHOW COLUMNS FROM `m_modules` [ RunTime:0.0005s ]
SQL: SELECT * FROM `m_modules` ORDER BY sort asc  [ RunTime:0.0002s ]
INFO: Run Behavior\ParseTemplateBehavior [ RunTime:0.011912s ]
INFO: [ view_parse ] --END-- [ RunTime:0.011959s ]
INFO: [ view_filter ] --START--
INFO: Run Behavior\WriteHtmlCacheBehavior [ RunTime:0.000107s ]
INFO: [ view_filter ] --END-- [ RunTime:0.000145s ]
INFO: [ app_end ] --START--
INFO: Run Behavior\ShowPageTraceBehavior [ RunTime:0.000293s ]
INFO: [ app_end ] --END-- [ RunTime:0.000333s ]

[ 2015-03-26T19:40:27+08:00 ] 117.24.145.74 /index.php?s=/Admin/Auth/Node.html
ERR: 模板不存在:./Application/Admin/View/default/Auth/Node.html

[ 2015-03-26T19:40:44+08:00 ] 117.24.145.74 /index.php?s=/Admin/Auth/Node.html
ERR: 模板不存在:./Application/Admin/View/default/Auth/Node.html

[ 2015-03-26T19:43:20+08:00 ] 117.24.145.74 /index.php?s=/Admin/Auth/Node.html
ERR: 模板不存在:./Application/Admin/View/default/Auth/Node.html

[ 2015-03-26T19:44:47+08:00 ] 117.24.145.74 /index.php?s=/Admin/Auth/Role.html
ERR: 非法操作:Role

[ 2015-03-26T19:45:12+08:00 ] 117.24.145.74 /index.php?s=/Admin/Auth/Node.html
ERR: 模板不存在:./Application/Admin/View/default/Auth/Node.html

[ 2015-03-26T19:47:24+08:00 ] 117.24.145.74 /index.php?s=/Admin/User/index.html
ERR: 无法加载控制器:User

[ 2015-03-26T19:48:13+08:00 ] 117.24.145.74 /index.php?s=/Admin/User/index.html
ERR: 无法加载控制器:User

[ 2015-03-26T19:48:18+08:00 ] 117.24.145.74 /index.php?s=/Admin/Auth/Node.html
ERR: 模板不存在:./Application/Admin/View/default/Auth/Node.html

[ 2015-03-26T19:48:49+08:00 ] 117.24.145.74 /index.php?s=/Admin/Auth/Node/gid/1.html
ERR: 模板不存在:./Application/Admin/View/default/Auth/Node.html

[ 2015-03-26T19:50:09+08:00 ] 117.24.145.74 /index.php?s=/Admin/Category/index.html
ERR: 无法加载控制器:Category

[ 2015-03-26T19:50:11+08:00 ] 117.24.145.74 /index.php?s=/Admin/Member/index.html
ERR: 无法加载控制器:Member

[ 2015-03-26T19:54:04+08:00 ] 117.24.145.74 /index.php?s=/Admin/wechat/index.html
ERR: 无法加载控制器:Wechat

