[ 2015-03-27T11:06:04+08:00 ] 117.24.13.163 /index.php?s=/Admin/Public/login.html
INFO: [ app_begin ] --START--
INFO: Run Behavior\ReadHtmlCacheBehavior [ RunTime:0.000283s ]
INFO: [ app_begin ] --END-- [ RunTime:0.000493s ]

[ 2015-03-27T11:06:04+08:00 ] 117.24.13.163 /index.php?s=/Admin/Index/index.html
INFO: [ app_begin ] --START--
INFO: Run Behavior\ReadHtmlCacheBehavior [ RunTime:0.000271s ]
INFO: [ app_begin ] --END-- [ RunTime:0.000479s ]
INFO: [ view_parse ] --START--
INFO: [ template_filter ] --START--
INFO: Run Behavior\ContentReplaceBehavior [ RunTime:0.000060s ]
INFO: [ template_filter ] --END-- [ RunTime:0.000102s ]
SQL: SHOW COLUMNS FROM `m_modules` [ RunTime:0.0005s ]
SQL: SELECT * FROM `m_modules` ORDER BY sort asc  [ RunTime:0.0003s ]
INFO: Run Behavior\ParseTemplateBehavior [ RunTime:0.011160s ]
INFO: [ view_parse ] --END-- [ RunTime:0.011204s ]
INFO: [ view_filter ] --START--
INFO: Run Behavior\WriteHtmlCacheBehavior [ RunTime:0.000102s ]
INFO: [ view_filter ] --END-- [ RunTime:0.000139s ]
INFO: [ app_end ] --START--
INFO: Run Behavior\ShowPageTraceBehavior [ RunTime:0.000296s ]
INFO: [ app_end ] --END-- [ RunTime:0.000338s ]

[ 2015-03-27T11:08:12+08:00 ] 117.24.13.163 /index.php?s=/Admin/Public/login.html
INFO: [ app_begin ] --START--
INFO: Run Behavior\ReadHtmlCacheBehavior [ RunTime:0.000317s ]
INFO: [ app_begin ] --END-- [ RunTime:0.000531s ]

[ 2015-03-27T11:08:12+08:00 ] 117.24.13.163 /index.php?s=/Admin/Index/index.html
INFO: [ app_begin ] --START--
INFO: Run Behavior\ReadHtmlCacheBehavior [ RunTime:0.000283s ]
INFO: [ app_begin ] --END-- [ RunTime:0.000492s ]
INFO: [ view_parse ] --START--
INFO: [ template_filter ] --START--
INFO: Run Behavior\ContentReplaceBehavior [ RunTime:0.000077s ]
INFO: [ template_filter ] --END-- [ RunTime:0.000139s ]
SQL: SHOW COLUMNS FROM `m_modules` [ RunTime:0.0005s ]
SQL: SELECT * FROM `m_modules` ORDER BY sort asc  [ RunTime:0.0002s ]
INFO: Run Behavior\ParseTemplateBehavior [ RunTime:0.011800s ]
INFO: [ view_parse ] --END-- [ RunTime:0.011845s ]
INFO: [ view_filter ] --START--
INFO: Run Behavior\WriteHtmlCacheBehavior [ RunTime:0.000108s ]
INFO: [ view_filter ] --END-- [ RunTime:0.000145s ]
INFO: [ app_end ] --START--
INFO: Run Behavior\ShowPageTraceBehavior [ RunTime:0.000274s ]
INFO: [ app_end ] --END-- [ RunTime:0.000315s ]

[ 2015-03-27T11:12:10+08:00 ] 117.24.13.163 /index.php?s=/Admin/Category/index.html
ERR: 无法加载控制器:Category

[ 2015-03-27T11:21:13+08:00 ] 117.24.13.163 /index.php?s=/Admin/User/index.html
ERR: 无法加载控制器:User

[ 2015-03-27T11:21:33+08:00 ] 117.24.13.163 /index.php?s=/Admin/Auth/role.html
ERR: 非法操作:role

[ 2015-03-27T11:21:37+08:00 ] 117.24.13.163 /index.php?s=/Admin/Auth/role.html
ERR: 非法操作:role

[ 2015-03-27T11:21:39+08:00 ] 117.24.13.163 /index.php?s=/Admin/Auth/role.html
ERR: 非法操作:role

[ 2015-03-27T11:21:50+08:00 ] 117.24.13.163 /index.php?s=/Admin/Auth/Role.html
ERR: 非法操作:Role

[ 2015-03-27T11:26:49+08:00 ] 117.24.13.163 /index.php?s=/Admin/User/index.html
ERR: 无法加载控制器:User

[ 2015-03-27T11:29:40+08:00 ] 117.24.13.163 /index.php?s=/Admin/User/index.html
ERR: SQLSTATE[42S02]: Base table or view not found: 1146 Table 'miao.m_user_relation' doesn't exist

[ 2015-03-27T11:30:14+08:00 ] 117.24.13.163 /index.php?s=/Admin/User/index.html
ERR: SQLSTATE[42S02]: Base table or view not found: 1146 Table 'miao.think_auth_group_access' doesn't exist

[ 2015-03-27T11:30:35+08:00 ] 117.24.13.163 /index.php?s=/Admin/User/index.html
ERR: SQLSTATE[42S02]: Base table or view not found: 1146 Table 'miao.think_auth_group_access' doesn't exist

[ 2015-03-27T11:30:59+08:00 ] 117.24.13.163 /index.php?s=/Admin/User/index.html
ERR: SQLSTATE[42S02]: Base table or view not found: 1146 Table 'miao.it_auth_group_access' doesn't exist

[ 2015-03-27T11:31:01+08:00 ] 117.24.13.163 /index.php?s=/Admin/User/index.html
ERR: SQLSTATE[42S02]: Base table or view not found: 1146 Table 'miao.it_auth_group_access' doesn't exist

[ 2015-03-27T11:31:03+08:00 ] 117.24.13.163 /index.php?s=/Admin/User/index.html
ERR: SQLSTATE[42S02]: Base table or view not found: 1146 Table 'miao.it_auth_group_access' doesn't exist

[ 2015-03-27T11:32:03+08:00 ] 117.24.13.163 /index.php?s=/Admin/User/index.html
ERR: SQLSTATE[42S02]: Base table or view not found: 1146 Table 'miao.it_auth_group_access' doesn't exist

[ 2015-03-27T11:48:12+08:00 ] 117.24.13.163 /index.php?s=/Admin/User/addUser.html
INFO: [ app_begin ] --START--
INFO: Run Behavior\ReadHtmlCacheBehavior [ RunTime:0.000294s ]
INFO: [ app_begin ] --END-- [ RunTime:0.000500s ]
SQL: SHOW COLUMNS FROM `m_user` [ RunTime:0.0005s ]
SQL: INSERT INTO `m_user` (`username`,`sex`,`email`,`last_login_ip`,`status`) VALUES ('','1','','117.24.13.163','1') [ RunTime:0.0108s ]

[ 2015-03-27T11:51:36+08:00 ] 117.24.13.163 /index.php?s=/Admin/User/addUser.html
INFO: [ app_begin ] --START--
INFO: Run Behavior\ReadHtmlCacheBehavior [ RunTime:0.000270s ]
INFO: [ app_begin ] --END-- [ RunTime:0.000484s ]
SQL: SHOW COLUMNS FROM `m_user` [ RunTime:0.0005s ]
SQL: INSERT INTO `m_user` (`username`,`sex`,`email`,`last_login_ip`,`status`) VALUES ('','1','','117.24.13.163','1') [ RunTime:0.0138s ]

[ 2015-03-27T13:41:32+08:00 ] 117.24.13.163 /index.php?s=/Admin/Auth/changeStatus.html
INFO: [ app_begin ] --START--
INFO: Run Behavior\ReadHtmlCacheBehavior [ RunTime:0.000281s ]
INFO: [ app_begin ] --END-- [ RunTime:0.000514s ]
ERR: 非法操作:changeStatus

[ 2015-03-27T13:48:01+08:00 ] 117.24.13.163 /index.php?s=/Admin/Auth/changeRoleStatus.html
INFO: [ app_begin ] --START--
INFO: Run Behavior\ReadHtmlCacheBehavior [ RunTime:0.000270s ]
INFO: [ app_begin ] --END-- [ RunTime:0.000484s ]
ERR: SQLSTATE[42S02]: Base table or view not found: 1146 Table 'miao.m_group' doesn't exist

[ 2015-03-27T13:48:30+08:00 ] 117.24.13.163 /index.php?s=/Admin/Auth/changeRoleStatus.html
INFO: [ app_begin ] --START--
INFO: Run Behavior\ReadHtmlCacheBehavior [ RunTime:0.000280s ]
INFO: [ app_begin ] --END-- [ RunTime:0.000485s ]
SQL: SHOW COLUMNS FROM `m_auth_group` [ RunTime:0.0005s ]

[ 2015-03-27T13:49:04+08:00 ] 117.24.13.163 /index.php?s=/Admin/Auth/changeRoleStatus.html
INFO: [ app_begin ] --START--
INFO: Run Behavior\ReadHtmlCacheBehavior [ RunTime:0.000289s ]
INFO: [ app_begin ] --END-- [ RunTime:0.000499s ]
SQL: SHOW COLUMNS FROM `m_auth_group` [ RunTime:0.0005s ]
SQL: UPDATE `m_auth_group` SET `status`='1' WHERE `id` = 1 [ RunTime:0.0002s ]

[ 2015-03-27T13:49:25+08:00 ] 117.24.13.163 /index.php?s=/Admin/Auth/changeRoleStatus.html
INFO: [ app_begin ] --START--
INFO: Run Behavior\ReadHtmlCacheBehavior [ RunTime:0.000266s ]
INFO: [ app_begin ] --END-- [ RunTime:0.000469s ]
SQL: SHOW COLUMNS FROM `m_auth_group` [ RunTime:0.0005s ]
SQL: UPDATE `m_auth_group` SET `status`='1' WHERE `id` = 1 [ RunTime:0.0002s ]

[ 2015-03-27T13:49:38+08:00 ] 117.24.13.163 /index.php?s=/Admin/Auth/changeRoleStatus.html
INFO: [ app_begin ] --START--
INFO: Run Behavior\ReadHtmlCacheBehavior [ RunTime:0.000281s ]
INFO: [ app_begin ] --END-- [ RunTime:0.000492s ]
SQL: SHOW COLUMNS FROM `m_auth_group` [ RunTime:0.0005s ]
SQL: UPDATE `m_auth_group` SET `status`='1' WHERE `id` = 1 [ RunTime:0.0002s ]

[ 2015-03-27T13:50:18+08:00 ] 117.24.13.163 /index.php?s=/Admin/Auth/changeRoleStatus.html
INFO: [ app_begin ] --START--
INFO: Run Behavior\ReadHtmlCacheBehavior [ RunTime:0.000271s ]
INFO: [ app_begin ] --END-- [ RunTime:0.000504s ]
SQL: SHOW COLUMNS FROM `m_auth_group` [ RunTime:0.0005s ]
SQL: UPDATE `m_auth_group` SET `status`='1' WHERE `id` = 1 [ RunTime:0.0002s ]

[ 2015-03-27T13:50:53+08:00 ] 117.24.13.163 /index.php?s=/Admin/Auth/changeRoleStatus.html
INFO: [ app_begin ] --START--
INFO: Run Behavior\ReadHtmlCacheBehavior [ RunTime:0.000286s ]
INFO: [ app_begin ] --END-- [ RunTime:0.000511s ]
SQL: SHOW COLUMNS FROM `m_auth_group` [ RunTime:0.0005s ]
SQL: UPDATE `m_auth_group` SET `status`='0' WHERE `id` = 1 [ RunTime:0.0002s ]

[ 2015-03-27T13:53:16+08:00 ] 117.24.13.163 /index.php?s=/Admin/Auth/changeRoleStatus.html
INFO: [ app_begin ] --START--
INFO: Run Behavior\ReadHtmlCacheBehavior [ RunTime:0.000328s ]
INFO: [ app_begin ] --END-- [ RunTime:0.000545s ]
SQL: SHOW COLUMNS FROM `m_auth_group` [ RunTime:0.0005s ]
SQL: UPDATE `m_auth_group` SET `status`='0' WHERE `id` = 1 [ RunTime:0.0002s ]

[ 2015-03-27T13:53:58+08:00 ] 117.24.13.163 /index.php?s=/Admin/Auth/changeRoleStatus.html
INFO: [ app_begin ] --START--
INFO: Run Behavior\ReadHtmlCacheBehavior [ RunTime:0.000291s ]
INFO: [ app_begin ] --END-- [ RunTime:0.000620s ]
SQL: SHOW COLUMNS FROM `m_auth_group` [ RunTime:0.0005s ]
SQL: UPDATE `m_auth_group` SET `status`='1' WHERE `id` = 1 [ RunTime:0.0002s ]

[ 2015-03-27T13:56:06+08:00 ] 117.24.13.163 /index.php?s=/Admin/Auth/changeRoleStatus.html
INFO: [ app_begin ] --START--
INFO: Run Behavior\ReadHtmlCacheBehavior [ RunTime:0.000270s ]
INFO: [ app_begin ] --END-- [ RunTime:0.000547s ]
SQL: SHOW COLUMNS FROM `m_auth_group` [ RunTime:0.0005s ]
SQL: UPDATE `m_auth_group` SET `status`='1' WHERE `id` = 1 [ RunTime:0.0002s ]

[ 2015-03-27T13:56:59+08:00 ] 117.24.13.163 /index.php?s=/Admin/Auth/changeRoleStatus.html
INFO: [ app_begin ] --START--
INFO: Run Behavior\ReadHtmlCacheBehavior [ RunTime:0.000300s ]
INFO: [ app_begin ] --END-- [ RunTime:0.000516s ]
SQL: SHOW COLUMNS FROM `m_auth_group` [ RunTime:0.0005s ]
SQL: UPDATE `m_auth_group` SET `status`='1' WHERE `id` = 1 [ RunTime:0.0002s ]

[ 2015-03-27T13:57:27+08:00 ] 117.24.13.163 /index.php?s=/Admin/Auth/changeRoleStatus.html
INFO: [ app_begin ] --START--
INFO: Run Behavior\ReadHtmlCacheBehavior [ RunTime:0.000279s ]
INFO: [ app_begin ] --END-- [ RunTime:0.000485s ]
SQL: SHOW COLUMNS FROM `m_auth_group` [ RunTime:0.0005s ]
SQL: UPDATE `m_auth_group` SET `status`='1' WHERE `id` = 1 [ RunTime:0.0002s ]

[ 2015-03-27T13:58:46+08:00 ] 117.24.13.163 /index.php?s=/Admin/Auth/changeRoleStatus.html
INFO: [ app_begin ] --START--
INFO: Run Behavior\ReadHtmlCacheBehavior [ RunTime:0.000269s ]
INFO: [ app_begin ] --END-- [ RunTime:0.000504s ]
SQL: SHOW COLUMNS FROM `m_auth_group` [ RunTime:0.0005s ]
SQL: UPDATE `m_auth_group` SET `status`='0' WHERE `id` = 1 [ RunTime:0.0002s ]

[ 2015-03-27T13:59:00+08:00 ] 117.24.13.163 /index.php?s=/Admin/Auth/changeRoleStatus.html
INFO: [ app_begin ] --START--
INFO: Run Behavior\ReadHtmlCacheBehavior [ RunTime:0.000269s ]
INFO: [ app_begin ] --END-- [ RunTime:0.000472s ]
SQL: SHOW COLUMNS FROM `m_auth_group` [ RunTime:0.0005s ]
SQL: UPDATE `m_auth_group` SET `status`='1' WHERE `id` = 1 [ RunTime:0.0002s ]

[ 2015-03-27T13:59:29+08:00 ] 117.24.13.163 /index.php?s=/Admin/Auth/changeRoleStatus.html
INFO: [ app_begin ] --START--
INFO: Run Behavior\ReadHtmlCacheBehavior [ RunTime:0.000277s ]
INFO: [ app_begin ] --END-- [ RunTime:0.000496s ]
SQL: SHOW COLUMNS FROM `m_auth_group` [ RunTime:0.0005s ]
SQL: UPDATE `m_auth_group` SET `status`='0' WHERE `id` = 1 [ RunTime:0.0002s ]

[ 2015-03-27T14:01:45+08:00 ] 117.24.13.163 /index.php?s=/Admin/Auth/changeRoleStatus.html
INFO: [ app_begin ] --START--
INFO: Run Behavior\ReadHtmlCacheBehavior [ RunTime:0.000268s ]
INFO: [ app_begin ] --END-- [ RunTime:0.000490s ]
SQL: SHOW COLUMNS FROM `m_auth_group` [ RunTime:0.0007s ]
SQL: UPDATE `m_auth_group` SET `status`='1' WHERE `id` = 1 [ RunTime:0.0002s ]

[ 2015-03-27T14:02:24+08:00 ] 117.24.13.163 /index.php?s=/Admin/Auth/changeRoleStatus.html
INFO: [ app_begin ] --START--
INFO: Run Behavior\ReadHtmlCacheBehavior [ RunTime:0.000281s ]
INFO: [ app_begin ] --END-- [ RunTime:0.000678s ]
SQL: SHOW COLUMNS FROM `m_auth_group` [ RunTime:0.0005s ]
SQL: UPDATE `m_auth_group` SET `status`='0' WHERE `id` = 1 [ RunTime:0.0002s ]

[ 2015-03-27T14:06:52+08:00 ] 117.24.13.163 /index.php?s=/Admin/Auth/changeRoleStatus.html
INFO: [ app_begin ] --START--
INFO: Run Behavior\ReadHtmlCacheBehavior [ RunTime:0.000271s ]
INFO: [ app_begin ] --END-- [ RunTime:0.000484s ]
SQL: SHOW COLUMNS FROM `m_auth_group` [ RunTime:0.0005s ]
SQL: UPDATE `m_auth_group` SET `status`='1' WHERE `id` = 1 [ RunTime:0.0002s ]

[ 2015-03-27T14:07:25+08:00 ] 117.24.13.163 /index.php?s=/Admin/Auth/changeRoleStatus.html
INFO: [ app_begin ] --START--
INFO: Run Behavior\ReadHtmlCacheBehavior [ RunTime:0.000276s ]
INFO: [ app_begin ] --END-- [ RunTime:0.000481s ]
SQL: SHOW COLUMNS FROM `m_auth_group` [ RunTime:0.0005s ]
SQL: UPDATE `m_auth_group` SET `status`='0' WHERE `id` = 1 [ RunTime:0.0002s ]

[ 2015-03-27T14:07:29+08:00 ] 117.24.13.163 /index.php?s=/Admin/Auth/changeRoleStatus.html
INFO: [ app_begin ] --START--
INFO: Run Behavior\ReadHtmlCacheBehavior [ RunTime:0.000268s ]
INFO: [ app_begin ] --END-- [ RunTime:0.000491s ]
SQL: SHOW COLUMNS FROM `m_auth_group` [ RunTime:0.0005s ]
SQL: UPDATE `m_auth_group` SET `status`='1' WHERE `id` = 1 [ RunTime:0.0002s ]

[ 2015-03-27T14:07:33+08:00 ] 117.24.13.163 /index.php?s=/Admin/Auth/changeRoleStatus.html
INFO: [ app_begin ] --START--
INFO: Run Behavior\ReadHtmlCacheBehavior [ RunTime:0.000284s ]
INFO: [ app_begin ] --END-- [ RunTime:0.000490s ]
SQL: SHOW COLUMNS FROM `m_auth_group` [ RunTime:0.0005s ]
SQL: UPDATE `m_auth_group` SET `status`='0' WHERE `id` = 1 [ RunTime:0.0002s ]

[ 2015-03-27T14:07:35+08:00 ] 117.24.13.163 /index.php?s=/Admin/Auth/changeRoleStatus.html
INFO: [ app_begin ] --START--
INFO: Run Behavior\ReadHtmlCacheBehavior [ RunTime:0.000272s ]
INFO: [ app_begin ] --END-- [ RunTime:0.000486s ]
SQL: SHOW COLUMNS FROM `m_auth_group` [ RunTime:0.0005s ]
SQL: UPDATE `m_auth_group` SET `status`='1' WHERE `id` = 1 [ RunTime:0.0002s ]

[ 2015-03-27T14:07:41+08:00 ] 117.24.13.163 /index.php?s=/Admin/Auth/changeRoleStatus.html
INFO: [ app_begin ] --START--
INFO: Run Behavior\ReadHtmlCacheBehavior [ RunTime:0.000298s ]
INFO: [ app_begin ] --END-- [ RunTime:0.000502s ]
SQL: SHOW COLUMNS FROM `m_auth_group` [ RunTime:0.0005s ]
SQL: UPDATE `m_auth_group` SET `status`='0' WHERE `id` = 1 [ RunTime:0.0002s ]

[ 2015-03-27T14:07:45+08:00 ] 117.24.13.163 /index.php?s=/Admin/Auth/changeRoleStatus.html
INFO: [ app_begin ] --START--
INFO: Run Behavior\ReadHtmlCacheBehavior [ RunTime:0.000279s ]
INFO: [ app_begin ] --END-- [ RunTime:0.000481s ]
SQL: SHOW COLUMNS FROM `m_auth_group` [ RunTime:0.0005s ]
SQL: UPDATE `m_auth_group` SET `status`='1' WHERE `id` = 1 [ RunTime:0.0002s ]

[ 2015-03-27T14:08:06+08:00 ] 117.24.13.163 /index.php?s=/Admin/Auth/changeRoleStatus.html
INFO: [ app_begin ] --START--
INFO: Run Behavior\ReadHtmlCacheBehavior [ RunTime:0.000285s ]
INFO: [ app_begin ] --END-- [ RunTime:0.000495s ]
SQL: SHOW COLUMNS FROM `m_auth_group` [ RunTime:0.0005s ]
SQL: UPDATE `m_auth_group` SET `status`='0' WHERE `id` = 1 [ RunTime:0.0002s ]

[ 2015-03-27T14:08:09+08:00 ] 117.24.13.163 /index.php?s=/Admin/Auth/changeRoleStatus.html
INFO: [ app_begin ] --START--
INFO: Run Behavior\ReadHtmlCacheBehavior [ RunTime:0.000287s ]
INFO: [ app_begin ] --END-- [ RunTime:0.000489s ]
SQL: SHOW COLUMNS FROM `m_auth_group` [ RunTime:0.0005s ]
SQL: UPDATE `m_auth_group` SET `status`='1' WHERE `id` = 1 [ RunTime:0.0002s ]

[ 2015-03-27T14:08:27+08:00 ] 117.24.13.163 /index.php?s=/Admin/User/deny.html
INFO: [ app_begin ] --START--
INFO: Run Behavior\ReadHtmlCacheBehavior [ RunTime:0.000296s ]
INFO: [ app_begin ] --END-- [ RunTime:0.000503s ]
SQL: SHOW COLUMNS FROM `m_user` [ RunTime:0.0005s ]
SQL: UPDATE `m_user` SET `status`='0' WHERE ( uid=2 ) [ RunTime:0.0095s ]

[ 2015-03-27T14:08:33+08:00 ] 117.24.13.163 /index.php?s=/Admin/User/deny.html
INFO: [ app_begin ] --START--
INFO: Run Behavior\ReadHtmlCacheBehavior [ RunTime:0.000270s ]
INFO: [ app_begin ] --END-- [ RunTime:0.000493s ]
SQL: SHOW COLUMNS FROM `m_user` [ RunTime:0.0005s ]
SQL: UPDATE `m_user` SET `status`='1' WHERE ( uid=2 ) [ RunTime:0.0067s ]

[ 2015-03-27T14:22:02+08:00 ] 117.24.13.163 /index.php?s=/Admin/Category/addCategory.html
INFO: [ app_begin ] --START--
INFO: Run Behavior\ReadHtmlCacheBehavior [ RunTime:0.000282s ]
INFO: [ app_begin ] --END-- [ RunTime:0.000503s ]
SQL: SHOW COLUMNS FROM `m_category` [ RunTime:0.0005s ]
SQL: INSERT INTO `m_category` (`pid`,`title`,`status`,`sort`) VALUES ('0','dd','1','2') [ RunTime:0.0091s ]

[ 2015-03-27T14:22:55+08:00 ] 117.24.13.163 /index.php?s=/Admin/Category/deny.html
INFO: [ app_begin ] --START--
INFO: Run Behavior\ReadHtmlCacheBehavior [ RunTime:0.000267s ]
INFO: [ app_begin ] --END-- [ RunTime:0.000469s ]
ERR: 非法操作:deny

[ 2015-03-27T14:40:57+08:00 ] 117.24.13.163 /index.php?s=/Admin/Category/changeCateStatus.html
INFO: [ app_begin ] --START--
INFO: Run Behavior\ReadHtmlCacheBehavior [ RunTime:0.000268s ]
INFO: [ app_begin ] --END-- [ RunTime:0.000481s ]
SQL: SHOW COLUMNS FROM `m_category` [ RunTime:0.0005s ]
SQL: UPDATE `m_category` SET `status`='0' WHERE `id` = 1 [ RunTime:0.0283s ]

[ 2015-03-27T14:41:47+08:00 ] 117.24.13.163 /index.php?s=/Admin/Category/changeCateStatus.html
INFO: [ app_begin ] --START--
INFO: Run Behavior\ReadHtmlCacheBehavior [ RunTime:0.000267s ]
INFO: [ app_begin ] --END-- [ RunTime:0.000471s ]
SQL: SHOW COLUMNS FROM `m_category` [ RunTime:0.0005s ]
SQL: UPDATE `m_category` SET `status`='0' WHERE `id` = 6 [ RunTime:0.0069s ]

[ 2015-03-27T14:42:34+08:00 ] 117.24.13.163 /index.php?s=/Admin/Category/changeCateStatus.html
INFO: [ app_begin ] --START--
INFO: Run Behavior\ReadHtmlCacheBehavior [ RunTime:0.000286s ]
INFO: [ app_begin ] --END-- [ RunTime:0.000509s ]
SQL: SHOW COLUMNS FROM `m_category` [ RunTime:0.0004s ]
SQL: UPDATE `m_category` SET `status`='1' WHERE `id` = 6 [ RunTime:0.0085s ]

[ 2015-03-27T14:43:42+08:00 ] 117.24.13.163 /index.php?s=/Admin/Category/changeCateStatus.html
INFO: [ app_begin ] --START--
INFO: Run Behavior\ReadHtmlCacheBehavior [ RunTime:0.000266s ]
INFO: [ app_begin ] --END-- [ RunTime:0.000468s ]
SQL: SHOW COLUMNS FROM `m_category` [ RunTime:0.0005s ]
SQL: UPDATE `m_category` SET `status`='1' WHERE `id` = 1 [ RunTime:0.0088s ]

[ 2015-03-27T14:44:29+08:00 ] 117.24.13.163 /index.php?s=/Admin/Category/changeCateStatus.html
INFO: [ app_begin ] --START--
INFO: Run Behavior\ReadHtmlCacheBehavior [ RunTime:0.000284s ]
INFO: [ app_begin ] --END-- [ RunTime:0.000487s ]
SQL: SHOW COLUMNS FROM `m_category` [ RunTime:0.0005s ]
SQL: UPDATE `m_category` SET `status`='0' WHERE `id` = 1 [ RunTime:0.0096s ]

[ 2015-03-27T14:44:32+08:00 ] 117.24.13.163 /index.php?s=/Admin/Category/changeCateStatus.html
INFO: [ app_begin ] --START--
INFO: Run Behavior\ReadHtmlCacheBehavior [ RunTime:0.000270s ]
INFO: [ app_begin ] --END-- [ RunTime:0.000492s ]
SQL: SHOW COLUMNS FROM `m_category` [ RunTime:0.0005s ]
SQL: UPDATE `m_category` SET `status`='0' WHERE `id` = 6 [ RunTime:0.0094s ]

[ 2015-03-27T14:44:34+08:00 ] 117.24.13.163 /index.php?s=/Admin/Category/changeCateStatus.html
INFO: [ app_begin ] --START--
INFO: Run Behavior\ReadHtmlCacheBehavior [ RunTime:0.000303s ]
INFO: [ app_begin ] --END-- [ RunTime:0.000506s ]
SQL: SHOW COLUMNS FROM `m_category` [ RunTime:0.0005s ]
SQL: UPDATE `m_category` SET `status`='1' WHERE `id` = 6 [ RunTime:0.0094s ]

[ 2015-03-27T14:44:39+08:00 ] 117.24.13.163 /index.php?s=/Admin/Category/changeCateStatus.html
INFO: [ app_begin ] --START--
INFO: Run Behavior\ReadHtmlCacheBehavior [ RunTime:0.000269s ]
INFO: [ app_begin ] --END-- [ RunTime:0.000474s ]
SQL: SHOW COLUMNS FROM `m_category` [ RunTime:0.0005s ]
SQL: UPDATE `m_category` SET `status`='1' WHERE `id` = 1 [ RunTime:0.0028s ]

[ 2015-03-27T14:51:30+08:00 ] 117.24.13.163 /index.php?s=/Admin/Category/del.html
INFO: [ app_begin ] --START--
INFO: Run Behavior\ReadHtmlCacheBehavior [ RunTime:0.000265s ]
INFO: [ app_begin ] --END-- [ RunTime:0.000467s ]
SQL: SHOW COLUMNS FROM `m_category` [ RunTime:0.0005s ]
SQL: SELECT COUNT(*) AS tp_count FROM `m_category` WHERE `pid` = 2 LIMIT 1   [ RunTime:0.0002s ]

[ 2015-03-27T14:51:37+08:00 ] 117.24.13.163 /index.php?s=/Admin/Category/del.html
INFO: [ app_begin ] --START--
INFO: Run Behavior\ReadHtmlCacheBehavior [ RunTime:0.000277s ]
INFO: [ app_begin ] --END-- [ RunTime:0.000537s ]
SQL: SHOW COLUMNS FROM `m_category` [ RunTime:0.0005s ]
SQL: SELECT COUNT(*) AS tp_count FROM `m_category` WHERE `pid` = 6 LIMIT 1   [ RunTime:0.0002s ]
SQL: DELETE FROM `m_category` WHERE `id` = 6 [ RunTime:0.0103s ]

[ 2015-03-27T14:51:56+08:00 ] 117.24.13.163 /index.php?s=/Admin/Category/del.html
INFO: [ app_begin ] --START--
INFO: Run Behavior\ReadHtmlCacheBehavior [ RunTime:0.000346s ]
INFO: [ app_begin ] --END-- [ RunTime:0.000553s ]
SQL: SHOW COLUMNS FROM `m_category` [ RunTime:0.0005s ]
SQL: SELECT COUNT(*) AS tp_count FROM `m_category` WHERE `pid` = 4 LIMIT 1   [ RunTime:0.0002s ]

[ 2015-03-27T14:52:01+08:00 ] 117.24.13.163 /index.php?s=/Admin/Category/del.html
INFO: [ app_begin ] --START--
INFO: Run Behavior\ReadHtmlCacheBehavior [ RunTime:0.000280s ]
INFO: [ app_begin ] --END-- [ RunTime:0.000484s ]
SQL: SHOW COLUMNS FROM `m_category` [ RunTime:0.0005s ]
SQL: SELECT COUNT(*) AS tp_count FROM `m_category` WHERE `pid` = 5 LIMIT 1   [ RunTime:0.0002s ]
SQL: DELETE FROM `m_category` WHERE `id` = 5 [ RunTime:0.0184s ]

[ 2015-03-27T14:57:57+08:00 ] 117.24.13.163 /index.php?s=/Admin/Member/index.html
ERR: 无法加载控制器:Member

[ 2015-03-27T15:06:24+08:00 ] 117.24.13.163 /index.php?s=/Admin/Auth/addModules.html
INFO: [ app_begin ] --START--
INFO: Run Behavior\ReadHtmlCacheBehavior [ RunTime:0.000278s ]
INFO: [ app_begin ] --END-- [ RunTime:0.000485s ]
SQL: SHOW COLUMNS FROM `m_modules` [ RunTime:0.0005s ]
SQL: INSERT INTO `m_modules` (`modules_name`,`link`,`sort`) VALUES ('文章管理','Admin/Article/index','9') [ RunTime:0.0093s ]

[ 2015-03-27T15:07:21+08:00 ] 117.24.13.163 /index.php?s=/Admin/Article/index.html
ERR: 无法加载控制器:Article

[ 2015-03-27T15:23:04+08:00 ] 117.24.13.163 /index.php?s=/Admin/Article/addArticle.html
ERR: 模板不存在:./Application/Admin/View/default/Article/addArticle.html

[ 2015-03-27T15:24:38+08:00 ] 117.24.13.163 /index.php?s=/Admin/Article/addCategory.html
ERR: 非法操作:addCategory

[ 2015-03-27T15:31:59+08:00 ] 117.24.13.163 /index.php?s=/Admin/Article/addCategory.html
ERR: 非法操作:addCategory

[ 2015-03-27T16:11:42+08:00 ] 117.24.13.163 /index.php?s=/Admin/Auth/addModules.html
INFO: [ app_begin ] --START--
INFO: Run Behavior\ReadHtmlCacheBehavior [ RunTime:0.000269s ]
INFO: [ app_begin ] --END-- [ RunTime:0.000482s ]
SQL: SHOW COLUMNS FROM `m_modules` [ RunTime:0.0005s ]
SQL: INSERT INTO `m_modules` (`modules_name`,`link`,`sort`) VALUES ('微信模块','Wechat/Index/index','10') [ RunTime:0.0089s ]

