[ 2015-09-28T17:01:58+08:00 ] 117.24.164.187 /index.php?s=/Out/signUp.html
INFO: [ app_begin ] --START--
INFO: Run Behavior\ReadHtmlCacheBehavior [ RunTime:0.000327s ]
INFO: Run Behavior\CheckLangBehavior [ RunTime:0.000269s ]
INFO: [ app_begin ] --END-- [ RunTime:0.000882s ]
SQL: SHOW COLUMNS FROM `m_outform` [ RunTime:0.0009s ]
SQL: INSERT INTO `m_outform` (`uid`,`signDate`,`startDate`,`expectedTime`,`outReason`,`createTime`) VALUES ('15','1443456000','1443456000','6h','sdgfsdfgdsfds','1443430918') [ RunTime:0.1743s ]

[ 2015-09-28T17:14:21+08:00 ] 117.24.164.187 /index.php?s=/Auth/addRole.html
INFO: [ app_begin ] --START--
INFO: Run Behavior\ReadHtmlCacheBehavior [ RunTime:0.000315s ]
INFO: Run Behavior\CheckLangBehavior [ RunTime:0.000261s ]
INFO: [ app_begin ] --END-- [ RunTime:0.000874s ]
SQL: SHOW COLUMNS FROM `m_auth_group` [ RunTime:0.0010s ]
SQL: SELECT * FROM `m_auth_group` WHERE `title` = '技术部' LIMIT 1   [ RunTime:0.0003s ]
SQL: INSERT INTO `m_auth_group` (`title`,`description`,`status`) VALUES ('技术部','普通管理员','0') [ RunTime:0.0003s ]

[ 2015-09-28T17:15:40+08:00 ] 117.24.164.187 /index.php?s=/Auth/changeRoleStatus.html
INFO: [ app_begin ] --START--
INFO: Run Behavior\ReadHtmlCacheBehavior [ RunTime:0.000317s ]
INFO: Run Behavior\CheckLangBehavior [ RunTime:0.000344s ]
INFO: [ app_begin ] --END-- [ RunTime:0.000953s ]
SQL: SHOW COLUMNS FROM `m_auth_group` [ RunTime:0.0008s ]
SQL: UPDATE `m_auth_group` SET `status`='1' WHERE `id` = 12 [ RunTime:0.0003s ]

[ 2015-09-28T17:38:00+08:00 ] 117.24.164.187 /index.php?s=/Out/signUp.html
INFO: [ app_begin ] --START--
INFO: Run Behavior\ReadHtmlCacheBehavior [ RunTime:0.000360s ]
INFO: Run Behavior\CheckLangBehavior [ RunTime:0.000289s ]
INFO: [ app_begin ] --END-- [ RunTime:0.000946s ]
SQL: SHOW COLUMNS FROM `m_outform` [ RunTime:0.0009s ]
SQL: INSERT INTO `m_outform` (`uid`,`signDate`,`startDate`,`expectedTime`,`outReason`,`createTime`) VALUES ('15','1443456000','1443456000','6h','sdgfsdfgdsfds','1443433080') [ RunTime:0.0399s ]

