[ 2015-10-09T09:31:17+08:00 ] 117.24.24.45 /index.php?s=/Upcard/index.html
INFO: [ app_begin ] --START--
INFO: Run Behavior\ReadHtmlCacheBehavior [ RunTime:0.000332s ]
INFO: Run Behavior\CheckLangBehavior [ RunTime:0.000344s ]
INFO: [ app_begin ] --END-- [ RunTime:0.001080s ]
SQL: SHOW COLUMNS FROM `m_auth_group_access` [ RunTime:0.0007s ]
SQL: SELECT `uid`,`group_id`,`title`,`rules` FROM m_auth_group_access a INNER JOIN m_auth_group g on a.group_id=g.id  WHERE ( a.uid='4' and g.status='1' )  [ RunTime:0.0004s ]
SQL: SHOW COLUMNS FROM `m_auth_rule` [ RunTime:0.0005s ]
SQL: SELECT `condition`,`name` FROM `m_auth_rule` WHERE `id` IN ('1','2','3','4','5','6','7','13','8','9','14','10','11','12') AND `type` = 1 AND `status` = 1  [ RunTime:0.0003s ]
INFO: [ view_parse ] --START--
INFO: [ template_filter ] --START--
INFO: Run Behavior\ContentReplaceBehavior [ RunTime:0.000214s ]
INFO: [ template_filter ] --END-- [ RunTime:0.000300s ]
NOTIC: [8] Undefined variable: result /alidata/www/miao/Application/Runtime/Cache/Staff/b70c5565ac6a45db5b9ad5cb526f2a32.php 第 601 行.
NOTIC: [8] Undefined variable: result /alidata/www/miao/Application/Runtime/Cache/Staff/b70c5565ac6a45db5b9ad5cb526f2a32.php 第 643 行.
INFO: Run Behavior\ParseTemplateBehavior [ RunTime:0.019170s ]
INFO: [ view_parse ] --END-- [ RunTime:0.019228s ]
INFO: [ view_filter ] --START--
INFO: Run Behavior\WriteHtmlCacheBehavior [ RunTime:0.000162s ]
INFO: [ view_filter ] --END-- [ RunTime:0.000209s ]
INFO: [ app_end ] --START--
INFO: Run Behavior\ShowPageTraceBehavior [ RunTime:0.000354s ]
INFO: [ app_end ] --END-- [ RunTime:0.000405s ]

[ 2015-10-09T09:31:20+08:00 ] 117.24.24.45 /index.php?s=/Upcard/index.html
INFO: [ app_begin ] --START--
INFO: Run Behavior\ReadHtmlCacheBehavior [ RunTime:0.000317s ]
INFO: Run Behavior\CheckLangBehavior [ RunTime:0.000290s ]
INFO: [ app_begin ] --END-- [ RunTime:0.000881s ]
SQL: SHOW COLUMNS FROM `m_auth_group_access` [ RunTime:0.0007s ]
SQL: SELECT `uid`,`group_id`,`title`,`rules` FROM m_auth_group_access a INNER JOIN m_auth_group g on a.group_id=g.id  WHERE ( a.uid='4' and g.status='1' )  [ RunTime:0.0003s ]
SQL: SHOW COLUMNS FROM `m_auth_rule` [ RunTime:0.0005s ]
SQL: SELECT `condition`,`name` FROM `m_auth_rule` WHERE `id` IN ('1','2','3','4','5','6','7','13','8','9','14','10','11','12') AND `type` = 1 AND `status` = 1  [ RunTime:0.0003s ]
INFO: [ view_parse ] --START--
INFO: [ template_filter ] --START--
INFO: Run Behavior\ContentReplaceBehavior [ RunTime:0.000175s ]
INFO: [ template_filter ] --END-- [ RunTime:0.000239s ]
NOTIC: [8] Undefined variable: result /alidata/www/miao/Application/Runtime/Cache/Staff/b70c5565ac6a45db5b9ad5cb526f2a32.php 第 601 行.
NOTIC: [8] Undefined variable: result /alidata/www/miao/Application/Runtime/Cache/Staff/b70c5565ac6a45db5b9ad5cb526f2a32.php 第 643 行.
INFO: Run Behavior\ParseTemplateBehavior [ RunTime:0.018846s ]
INFO: [ view_parse ] --END-- [ RunTime:0.018907s ]
INFO: [ view_filter ] --START--
INFO: Run Behavior\WriteHtmlCacheBehavior [ RunTime:0.000152s ]
INFO: [ view_filter ] --END-- [ RunTime:0.000197s ]
INFO: [ app_end ] --START--
INFO: Run Behavior\ShowPageTraceBehavior [ RunTime:0.000370s ]
INFO: [ app_end ] --END-- [ RunTime:0.000422s ]

[ 2015-10-09T09:53:09+08:00 ] 117.24.24.45 /index.php?s=/Upcard/lists.html
ERR: 模板不存在:./Application/Staff/View/Upcard/lists.html

[ 2015-10-09T10:09:28+08:00 ] 117.24.24.45 /index.php?s=/Public/changepwd.html
INFO: [ app_begin ] --START--
INFO: Run Behavior\ReadHtmlCacheBehavior [ RunTime:0.000360s ]
INFO: Run Behavior\CheckLangBehavior [ RunTime:0.000267s ]
INFO: [ app_begin ] --END-- [ RunTime:0.000900s ]

[ 2015-10-09T10:09:32+08:00 ] 117.24.24.45 /index.php?s=/Public/changepwd.html
INFO: [ app_begin ] --START--
INFO: Run Behavior\ReadHtmlCacheBehavior [ RunTime:0.000427s ]
INFO: Run Behavior\CheckLangBehavior [ RunTime:0.000326s ]
INFO: [ app_begin ] --END-- [ RunTime:0.001112s ]

[ 2015-10-09T10:09:45+08:00 ] 117.24.24.45 /index.php?s=/Public/changepwd.html
INFO: [ app_begin ] --START--
INFO: Run Behavior\ReadHtmlCacheBehavior [ RunTime:0.000351s ]
INFO: Run Behavior\CheckLangBehavior [ RunTime:0.000303s ]
INFO: [ app_begin ] --END-- [ RunTime:0.000989s ]

[ 2015-10-09T10:10:58+08:00 ] 117.24.24.45 /index.php?s=/Public/changepwd.html
INFO: [ app_begin ] --START--
INFO: Run Behavior\ReadHtmlCacheBehavior [ RunTime:0.000333s ]
INFO: Run Behavior\CheckLangBehavior [ RunTime:0.000293s ]
INFO: [ app_begin ] --END-- [ RunTime:0.000904s ]

[ 2015-10-09T10:10:59+08:00 ] 117.24.24.45 /index.php?s=/Public/changepwd.html
INFO: [ app_begin ] --START--
INFO: Run Behavior\ReadHtmlCacheBehavior [ RunTime:0.000340s ]
INFO: Run Behavior\CheckLangBehavior [ RunTime:0.000265s ]
INFO: [ app_begin ] --END-- [ RunTime:0.000875s ]

[ 2015-10-09T10:10:59+08:00 ] 117.24.24.45 /index.php?s=/Public/changepwd.html
INFO: [ app_begin ] --START--
INFO: Run Behavior\ReadHtmlCacheBehavior [ RunTime:0.000323s ]
INFO: Run Behavior\CheckLangBehavior [ RunTime:0.000294s ]
INFO: [ app_begin ] --END-- [ RunTime:0.000893s ]

[ 2015-10-09T10:11:00+08:00 ] 117.24.24.45 /index.php?s=/Public/changepwd.html
INFO: [ app_begin ] --START--
INFO: Run Behavior\ReadHtmlCacheBehavior [ RunTime:0.000344s ]
INFO: Run Behavior\CheckLangBehavior [ RunTime:0.000284s ]
INFO: [ app_begin ] --END-- [ RunTime:0.000957s ]

[ 2015-10-09T10:11:00+08:00 ] 117.24.24.45 /index.php?s=/Public/changepwd.html
INFO: [ app_begin ] --START--
INFO: Run Behavior\ReadHtmlCacheBehavior [ RunTime:0.000317s ]
INFO: Run Behavior\CheckLangBehavior [ RunTime:0.000268s ]
INFO: [ app_begin ] --END-- [ RunTime:0.000855s ]

[ 2015-10-09T10:11:00+08:00 ] 117.24.24.45 /index.php?s=/Public/changepwd.html
INFO: [ app_begin ] --START--
INFO: Run Behavior\ReadHtmlCacheBehavior [ RunTime:0.000385s ]
INFO: Run Behavior\CheckLangBehavior [ RunTime:0.000283s ]
INFO: [ app_begin ] --END-- [ RunTime:0.000959s ]

[ 2015-10-09T10:14:28+08:00 ] 117.24.24.45 /index.php?s=/Public/changepwd.html
INFO: [ app_begin ] --START--
INFO: Run Behavior\ReadHtmlCacheBehavior [ RunTime:0.000315s ]
INFO: Run Behavior\CheckLangBehavior [ RunTime:0.000290s ]
INFO: [ app_begin ] --END-- [ RunTime:0.000878s ]

[ 2015-10-09T10:15:44+08:00 ] 117.24.24.45 /index.php?s=/Public/changepwd.html
INFO: [ app_begin ] --START--
INFO: Run Behavior\ReadHtmlCacheBehavior [ RunTime:0.000455s ]
INFO: Run Behavior\CheckLangBehavior [ RunTime:0.000272s ]
INFO: [ app_begin ] --END-- [ RunTime:0.001017s ]

[ 2015-10-09T10:17:05+08:00 ] 117.24.24.45 /index.php?s=/Public/changepwd.html
INFO: [ app_begin ] --START--
INFO: Run Behavior\ReadHtmlCacheBehavior [ RunTime:0.000388s ]
INFO: Run Behavior\CheckLangBehavior [ RunTime:0.000267s ]
INFO: [ app_begin ] --END-- [ RunTime:0.000927s ]
NOTIC: [8] Undefined variable: oassword /alidata/www/miao/Application/Staff/Controller/PublicController.class.php 第 58 行.

[ 2015-10-09T10:18:46+08:00 ] 117.24.24.45 /index.php?s=/Public/changepwd.html
INFO: [ app_begin ] --START--
INFO: Run Behavior\ReadHtmlCacheBehavior [ RunTime:0.000442s ]
INFO: Run Behavior\CheckLangBehavior [ RunTime:0.000423s ]
INFO: [ app_begin ] --END-- [ RunTime:0.001183s ]
NOTIC: [8] Undefined variable: oassword /alidata/www/miao/Application/Staff/Controller/PublicController.class.php 第 58 行.

[ 2015-10-09T10:20:43+08:00 ] 117.24.24.45 /index.php?s=/Public/changepwd.html
INFO: [ app_begin ] --START--
INFO: Run Behavior\ReadHtmlCacheBehavior [ RunTime:0.000322s ]
INFO: Run Behavior\CheckLangBehavior [ RunTime:0.000316s ]
INFO: [ app_begin ] --END-- [ RunTime:0.000930s ]
NOTIC: [8] Undefined variable: oassword /alidata/www/miao/Application/Staff/Controller/PublicController.class.php 第 58 行.

[ 2015-10-09T10:23:48+08:00 ] 117.24.24.45 /index.php?s=/Public/changepwd.html
INFO: [ app_begin ] --START--
INFO: Run Behavior\ReadHtmlCacheBehavior [ RunTime:0.000318s ]
INFO: Run Behavior\CheckLangBehavior [ RunTime:0.000262s ]
INFO: [ app_begin ] --END-- [ RunTime:0.000857s ]
NOTIC: [8] Undefined variable: oassword /alidata/www/miao/Application/Staff/Controller/PublicController.class.php 第 58 行.

[ 2015-10-09T10:25:42+08:00 ] 117.24.24.45 /index.php?s=/Public/changepwd.html
INFO: [ app_begin ] --START--
INFO: Run Behavior\ReadHtmlCacheBehavior [ RunTime:0.000326s ]
INFO: Run Behavior\CheckLangBehavior [ RunTime:0.000268s ]
INFO: [ app_begin ] --END-- [ RunTime:0.000897s ]
NOTIC: [8] Undefined variable: oassword /alidata/www/miao/Application/Staff/Controller/PublicController.class.php 第 58 行.

[ 2015-10-09T10:28:41+08:00 ] 117.24.24.45 /index.php?s=/Public/changepwd.html
INFO: [ app_begin ] --START--
INFO: Run Behavior\ReadHtmlCacheBehavior [ RunTime:0.000319s ]
INFO: Run Behavior\CheckLangBehavior [ RunTime:0.000271s ]
INFO: [ app_begin ] --END-- [ RunTime:0.000882s ]
NOTIC: [8] Undefined variable: oassword /alidata/www/miao/Application/Staff/Controller/PublicController.class.php 第 58 行.

[ 2015-10-09T10:33:44+08:00 ] 117.24.24.45 /index.php?s=/Public/changepwd.html
INFO: [ app_begin ] --START--
INFO: Run Behavior\ReadHtmlCacheBehavior [ RunTime:0.000352s ]
INFO: Run Behavior\CheckLangBehavior [ RunTime:0.000272s ]
INFO: [ app_begin ] --END-- [ RunTime:0.000902s ]
NOTIC: [8] Undefined variable: poassword /alidata/www/miao/Application/Staff/Controller/PublicController.class.php 第 58 行.

[ 2015-10-09T10:34:55+08:00 ] 117.24.24.45 /index.php?s=/Public/changepwd.html
INFO: [ app_begin ] --START--
INFO: Run Behavior\ReadHtmlCacheBehavior [ RunTime:0.000364s ]
INFO: Run Behavior\CheckLangBehavior [ RunTime:0.000299s ]
INFO: [ app_begin ] --END-- [ RunTime:0.000946s ]

[ 2015-10-09T11:00:46+08:00 ] 117.24.24.45 /index.php?s=/Public/changepwd.html
INFO: [ app_begin ] --START--
INFO: Run Behavior\ReadHtmlCacheBehavior [ RunTime:0.000354s ]
INFO: Run Behavior\CheckLangBehavior [ RunTime:0.000305s ]
INFO: [ app_begin ] --END-- [ RunTime:0.000987s ]

[ 2015-10-09T11:02:35+08:00 ] 117.24.24.45 /index.php?s=/Public/changepwd.html
INFO: [ app_begin ] --START--
INFO: Run Behavior\ReadHtmlCacheBehavior [ RunTime:0.000410s ]
INFO: Run Behavior\CheckLangBehavior [ RunTime:0.000281s ]
INFO: [ app_begin ] --END-- [ RunTime:0.000966s ]
SQL: SHOW COLUMNS FROM `m_user` [ RunTime:0.0009s ]
SQL: SELECT * FROM `m_user` WHERE ( uid=4 ) LIMIT 1   [ RunTime:0.0003s ]

[ 2015-10-09T11:15:09+08:00 ] 117.24.24.45 /index.php?s=/Public/changepwd.html
INFO: [ app_begin ] --START--
INFO: Run Behavior\ReadHtmlCacheBehavior [ RunTime:0.000418s ]
INFO: Run Behavior\CheckLangBehavior [ RunTime:0.000369s ]
INFO: [ app_begin ] --END-- [ RunTime:0.001058s ]
SQL: SHOW COLUMNS FROM `m_user` [ RunTime:0.0008s ]
SQL: SELECT * FROM `m_user` WHERE ( uid=4 ) LIMIT 1   [ RunTime:0.0003s ]

[ 2015-10-09T11:15:30+08:00 ] 117.24.24.45 /index.php?s=/Public/changepwd.html
INFO: [ app_begin ] --START--
INFO: Run Behavior\ReadHtmlCacheBehavior [ RunTime:0.000371s ]
INFO: Run Behavior\CheckLangBehavior [ RunTime:0.000336s ]
INFO: [ app_begin ] --END-- [ RunTime:0.000996s ]
SQL: SHOW COLUMNS FROM `m_user` [ RunTime:0.0009s ]
SQL: SELECT * FROM `m_user` WHERE ( uid=4 ) LIMIT 1   [ RunTime:0.0003s ]

[ 2015-10-09T11:17:15+08:00 ] 117.24.24.45 /index.php?s=/Public/changepwd.html
INFO: [ app_begin ] --START--
INFO: Run Behavior\ReadHtmlCacheBehavior [ RunTime:0.000402s ]
INFO: Run Behavior\CheckLangBehavior [ RunTime:0.000306s ]
INFO: [ app_begin ] --END-- [ RunTime:0.000991s ]
SQL: SHOW COLUMNS FROM `m_user` [ RunTime:0.0009s ]
SQL: SELECT * FROM `m_user` WHERE ( uid=4 ) LIMIT 1   [ RunTime:0.0003s ]

[ 2015-10-09T11:17:36+08:00 ] 117.24.24.45 /index.php?s=/Public/changepwd.html
INFO: [ app_begin ] --START--
INFO: Run Behavior\ReadHtmlCacheBehavior [ RunTime:0.000348s ]
INFO: Run Behavior\CheckLangBehavior [ RunTime:0.000302s ]
INFO: [ app_begin ] --END-- [ RunTime:0.000927s ]
SQL: SHOW COLUMNS FROM `m_user` [ RunTime:0.0010s ]
SQL: SELECT * FROM `m_user` WHERE ( uid=4 ) LIMIT 1   [ RunTime:0.0003s ]

[ 2015-10-09T11:27:28+08:00 ] 117.24.24.45 /index.php?s=/Public/changepwd.html
INFO: [ app_begin ] --START--
INFO: Run Behavior\ReadHtmlCacheBehavior [ RunTime:0.000376s ]
INFO: Run Behavior\CheckLangBehavior [ RunTime:0.000322s ]
INFO: [ app_begin ] --END-- [ RunTime:0.001018s ]
SQL: SHOW COLUMNS FROM `m_user` [ RunTime:0.0010s ]
SQL: SELECT * FROM `m_user` WHERE ( uid=4 ) LIMIT 1   [ RunTime:0.0003s ]

[ 2015-10-09T11:30:18+08:00 ] 117.24.24.45 /index.php?s=/Public/changepwd.html
INFO: [ app_begin ] --START--
INFO: Run Behavior\ReadHtmlCacheBehavior [ RunTime:0.000424s ]
INFO: Run Behavior\CheckLangBehavior [ RunTime:0.000286s ]
INFO: [ app_begin ] --END-- [ RunTime:0.001081s ]
SQL: SHOW COLUMNS FROM `m_user` [ RunTime:0.0009s ]
SQL: SELECT * FROM `m_user` WHERE ( uid=4 ) LIMIT 1   [ RunTime:0.0003s ]

[ 2015-10-09T11:34:14+08:00 ] 117.24.24.45 /index.php?s=/Public/changepwd.html
INFO: [ app_begin ] --START--
INFO: Run Behavior\ReadHtmlCacheBehavior [ RunTime:0.000375s ]
INFO: Run Behavior\CheckLangBehavior [ RunTime:0.000298s ]
INFO: [ app_begin ] --END-- [ RunTime:0.001018s ]
SQL: SHOW COLUMNS FROM `m_user` [ RunTime:0.0009s ]
SQL: SELECT * FROM `m_user` WHERE ( uid=4 ) LIMIT 1   [ RunTime:0.0003s ]

[ 2015-10-09T11:35:34+08:00 ] 117.24.24.45 /index.php?s=/Public/changepwd.html
INFO: [ app_begin ] --START--
INFO: Run Behavior\ReadHtmlCacheBehavior [ RunTime:0.000482s ]
INFO: Run Behavior\CheckLangBehavior [ RunTime:0.000425s ]
INFO: [ app_begin ] --END-- [ RunTime:0.001241s ]
SQL: SHOW COLUMNS FROM `m_user` [ RunTime:0.0009s ]
SQL: SELECT * FROM `m_user` WHERE ( uid=4 ) LIMIT 1   [ RunTime:0.0003s ]

[ 2015-10-09T11:37:16+08:00 ] 117.24.24.45 /index.php?s=/Public/changepwd.html
INFO: [ app_begin ] --START--
INFO: Run Behavior\ReadHtmlCacheBehavior [ RunTime:0.000316s ]
INFO: Run Behavior\CheckLangBehavior [ RunTime:0.000276s ]
INFO: [ app_begin ] --END-- [ RunTime:0.000890s ]
SQL: SHOW COLUMNS FROM `m_user` [ RunTime:0.0009s ]
SQL: SELECT * FROM `m_user` WHERE ( uid=4 ) LIMIT 1   [ RunTime:0.0003s ]

[ 2015-10-09T11:46:27+08:00 ] 117.24.24.45 /index.php?s=/Public/changepwd.html
INFO: [ app_begin ] --START--
INFO: Run Behavior\ReadHtmlCacheBehavior [ RunTime:0.000340s ]
INFO: Run Behavior\CheckLangBehavior [ RunTime:0.000272s ]
INFO: [ app_begin ] --END-- [ RunTime:0.000921s ]
SQL: SHOW COLUMNS FROM `m_user` [ RunTime:0.0009s ]
SQL: SELECT * FROM `m_user` WHERE ( uid=4 ) LIMIT 1   [ RunTime:0.0003s ]

[ 2015-10-09T11:46:47+08:00 ] 117.24.24.45 /index.php?s=/Public/changepwd.html
INFO: [ app_begin ] --START--
INFO: Run Behavior\ReadHtmlCacheBehavior [ RunTime:0.000322s ]
INFO: Run Behavior\CheckLangBehavior [ RunTime:0.000267s ]
INFO: [ app_begin ] --END-- [ RunTime:0.000887s ]
SQL: SHOW COLUMNS FROM `m_user` [ RunTime:0.0009s ]
SQL: SELECT * FROM `m_user` WHERE ( uid=4 ) LIMIT 1   [ RunTime:0.0003s ]

[ 2015-10-09T11:49:09+08:00 ] 117.24.24.45 /index.php?s=/Public/changepwd.html
INFO: [ app_begin ] --START--
INFO: Run Behavior\ReadHtmlCacheBehavior [ RunTime:0.000358s ]
INFO: Run Behavior\CheckLangBehavior [ RunTime:0.000272s ]
INFO: [ app_begin ] --END-- [ RunTime:0.000910s ]
SQL: SHOW COLUMNS FROM `m_user` [ RunTime:0.0009s ]
SQL: SELECT * FROM `m_user` WHERE ( uid=4 ) LIMIT 1   [ RunTime:0.0004s ]

[ 2015-10-09T11:49:22+08:00 ] 117.24.24.45 /index.php?s=/Public/changepwd.html
INFO: [ app_begin ] --START--
INFO: Run Behavior\ReadHtmlCacheBehavior [ RunTime:0.000370s ]
INFO: Run Behavior\CheckLangBehavior [ RunTime:0.000315s ]
INFO: [ app_begin ] --END-- [ RunTime:0.001029s ]
SQL: SHOW COLUMNS FROM `m_user` [ RunTime:0.0008s ]
SQL: SELECT * FROM `m_user` WHERE ( uid=4 ) LIMIT 1   [ RunTime:0.0003s ]

[ 2015-10-09T11:52:10+08:00 ] 117.24.24.45 /index.php?s=/Public/changepwd.html
INFO: [ app_begin ] --START--
INFO: Run Behavior\ReadHtmlCacheBehavior [ RunTime:0.000336s ]
INFO: Run Behavior\CheckLangBehavior [ RunTime:0.000292s ]
INFO: [ app_begin ] --END-- [ RunTime:0.000935s ]
SQL: SHOW COLUMNS FROM `m_user` [ RunTime:0.0011s ]
SQL: SELECT * FROM `m_user` WHERE ( uid=1 ) LIMIT 1   [ RunTime:0.0004s ]

[ 2015-10-09T11:52:14+08:00 ] 117.24.24.45 /index.php?s=/Public/changepwd.html
INFO: [ app_begin ] --START--
INFO: Run Behavior\ReadHtmlCacheBehavior [ RunTime:0.000346s ]
INFO: Run Behavior\CheckLangBehavior [ RunTime:0.000267s ]
INFO: [ app_begin ] --END-- [ RunTime:0.000914s ]
SQL: SHOW COLUMNS FROM `m_user` [ RunTime:0.0009s ]
SQL: SELECT * FROM `m_user` WHERE ( uid=1 ) LIMIT 1   [ RunTime:0.0003s ]

[ 2015-10-09T11:52:26+08:00 ] 117.24.24.45 /index.php?s=/Public/changepwd.html
INFO: [ app_begin ] --START--
INFO: Run Behavior\ReadHtmlCacheBehavior [ RunTime:0.000333s ]
INFO: Run Behavior\CheckLangBehavior [ RunTime:0.000275s ]
INFO: [ app_begin ] --END-- [ RunTime:0.000907s ]
SQL: SHOW COLUMNS FROM `m_user` [ RunTime:0.0009s ]
SQL: SELECT * FROM `m_user` WHERE ( uid=1 ) LIMIT 1   [ RunTime:0.0004s ]

[ 2015-10-09T11:52:51+08:00 ] 117.24.24.45 /index.php?s=/Public/changepwd.html
INFO: [ app_begin ] --START--
INFO: Run Behavior\ReadHtmlCacheBehavior [ RunTime:0.000315s ]
INFO: Run Behavior\CheckLangBehavior [ RunTime:0.000260s ]
INFO: [ app_begin ] --END-- [ RunTime:0.000856s ]
SQL: SHOW COLUMNS FROM `m_user` [ RunTime:0.0009s ]
SQL: SELECT * FROM `m_user` WHERE ( uid=1 ) LIMIT 1   [ RunTime:0.0003s ]

[ 2015-10-09T11:52:54+08:00 ] 117.24.24.45 /index.php?s=/Public/changepwd.html
INFO: [ app_begin ] --START--
INFO: Run Behavior\ReadHtmlCacheBehavior [ RunTime:0.000348s ]
INFO: Run Behavior\CheckLangBehavior [ RunTime:0.000267s ]
INFO: [ app_begin ] --END-- [ RunTime:0.000915s ]
SQL: SHOW COLUMNS FROM `m_user` [ RunTime:0.0008s ]
SQL: SELECT * FROM `m_user` WHERE ( uid=1 ) LIMIT 1   [ RunTime:0.0003s ]

[ 2015-10-09T11:52:57+08:00 ] 117.24.24.45 /index.php?s=/Public/changepwd.html
INFO: [ app_begin ] --START--
INFO: Run Behavior\ReadHtmlCacheBehavior [ RunTime:0.000316s ]
INFO: Run Behavior\CheckLangBehavior [ RunTime:0.000264s ]
INFO: [ app_begin ] --END-- [ RunTime:0.000886s ]
SQL: SHOW COLUMNS FROM `m_user` [ RunTime:0.0009s ]
SQL: SELECT * FROM `m_user` WHERE ( uid=1 ) LIMIT 1   [ RunTime:0.0003s ]

[ 2015-10-09T11:53:55+08:00 ] 117.24.24.45 /index.php?s=/Public/changepwd.html
INFO: [ app_begin ] --START--
INFO: Run Behavior\ReadHtmlCacheBehavior [ RunTime:0.000351s ]
INFO: Run Behavior\CheckLangBehavior [ RunTime:0.000333s ]
INFO: [ app_begin ] --END-- [ RunTime:0.000965s ]
SQL: SHOW COLUMNS FROM `m_user` [ RunTime:0.0010s ]
SQL: SELECT * FROM `m_user` WHERE ( uid=4 ) LIMIT 1   [ RunTime:0.0003s ]

[ 2015-10-09T11:55:36+08:00 ] 117.24.24.45 /index.php?s=/Public/changepwd.html
INFO: [ app_begin ] --START--
INFO: Run Behavior\ReadHtmlCacheBehavior [ RunTime:0.000358s ]
INFO: Run Behavior\CheckLangBehavior [ RunTime:0.000281s ]
INFO: [ app_begin ] --END-- [ RunTime:0.000973s ]
SQL: SHOW COLUMNS FROM `m_user` [ RunTime:0.0009s ]
SQL: SELECT * FROM `m_user` WHERE ( uid=1 ) LIMIT 1   [ RunTime:0.0003s ]

[ 2015-10-09T11:56:17+08:00 ] 117.24.24.45 /index.php?s=/Public/changepwd.html
INFO: [ app_begin ] --START--
INFO: Run Behavior\ReadHtmlCacheBehavior [ RunTime:0.000380s ]
INFO: Run Behavior\CheckLangBehavior [ RunTime:0.000312s ]
INFO: [ app_begin ] --END-- [ RunTime:0.000999s ]
SQL: SHOW COLUMNS FROM `m_user` [ RunTime:0.0009s ]
SQL: SELECT * FROM `m_user` WHERE ( uid=4 ) LIMIT 1   [ RunTime:0.0003s ]

[ 2015-10-09T11:56:24+08:00 ] 117.24.24.45 /index.php?s=/Public/changepwd.html
INFO: [ app_begin ] --START--
INFO: Run Behavior\ReadHtmlCacheBehavior [ RunTime:0.000334s ]
INFO: Run Behavior\CheckLangBehavior [ RunTime:0.000269s ]
INFO: [ app_begin ] --END-- [ RunTime:0.000902s ]
SQL: SHOW COLUMNS FROM `m_user` [ RunTime:0.0013s ]
SQL: SELECT * FROM `m_user` WHERE ( uid=4 ) LIMIT 1   [ RunTime:0.0004s ]

[ 2015-10-09T11:57:00+08:00 ] 117.24.24.45 /index.php?s=/Public/changepwd.html
INFO: [ app_begin ] --START--
INFO: Run Behavior\ReadHtmlCacheBehavior [ RunTime:0.000364s ]
INFO: Run Behavior\CheckLangBehavior [ RunTime:0.000270s ]
INFO: [ app_begin ] --END-- [ RunTime:0.000909s ]
SQL: SHOW COLUMNS FROM `m_user` [ RunTime:0.0009s ]
SQL: SELECT * FROM `m_user` WHERE ( uid=4 ) LIMIT 1   [ RunTime:0.0003s ]

[ 2015-10-09T11:58:52+08:00 ] 117.24.24.45 /index.php?s=/Public/changepwd.html
INFO: [ app_begin ] --START--
INFO: Run Behavior\ReadHtmlCacheBehavior [ RunTime:0.000321s ]
INFO: Run Behavior\CheckLangBehavior [ RunTime:0.000292s ]
INFO: [ app_begin ] --END-- [ RunTime:0.000890s ]
SQL: SHOW COLUMNS FROM `m_user` [ RunTime:0.0010s ]
SQL: SELECT * FROM `m_user` WHERE ( uid=1 ) LIMIT 1   [ RunTime:0.0003s ]

[ 2015-10-09T12:00:29+08:00 ] 117.24.26.122 /index.php?s=/Public/changepwd.html
INFO: [ app_begin ] --START--
INFO: Run Behavior\ReadHtmlCacheBehavior [ RunTime:0.000331s ]
INFO: Run Behavior\CheckLangBehavior [ RunTime:0.000272s ]
INFO: [ app_begin ] --END-- [ RunTime:0.000914s ]
SQL: SHOW COLUMNS FROM `m_user` [ RunTime:0.0009s ]
SQL: SELECT * FROM `m_user` WHERE ( uid=4 ) LIMIT 1   [ RunTime:0.0003s ]

[ 2015-10-09T12:00:36+08:00 ] 117.24.26.122 /index.php?s=/Public/changepwd.html
INFO: [ app_begin ] --START--
INFO: Run Behavior\ReadHtmlCacheBehavior [ RunTime:0.000323s ]
INFO: Run Behavior\CheckLangBehavior [ RunTime:0.000291s ]
INFO: [ app_begin ] --END-- [ RunTime:0.000884s ]
SQL: SHOW COLUMNS FROM `m_user` [ RunTime:0.0008s ]
SQL: SELECT * FROM `m_user` WHERE ( uid=4 ) LIMIT 1   [ RunTime:0.0003s ]

[ 2015-10-09T12:00:39+08:00 ] 117.24.26.122 /index.php?s=/Public/changepwd.html
INFO: [ app_begin ] --START--
INFO: Run Behavior\ReadHtmlCacheBehavior [ RunTime:0.000353s ]
INFO: Run Behavior\CheckLangBehavior [ RunTime:0.000297s ]
INFO: [ app_begin ] --END-- [ RunTime:0.001027s ]
SQL: SHOW COLUMNS FROM `m_user` [ RunTime:0.0009s ]
SQL: SELECT * FROM `m_user` WHERE ( uid=4 ) LIMIT 1   [ RunTime:0.0003s ]

[ 2015-10-09T12:00:50+08:00 ] 117.24.26.122 /index.php?s=/Public/changepwd.html
INFO: [ app_begin ] --START--
INFO: Run Behavior\ReadHtmlCacheBehavior [ RunTime:0.000357s ]
INFO: Run Behavior\CheckLangBehavior [ RunTime:0.000311s ]
INFO: [ app_begin ] --END-- [ RunTime:0.000942s ]
SQL: SHOW COLUMNS FROM `m_user` [ RunTime:0.0009s ]
SQL: SELECT * FROM `m_user` WHERE ( uid=4 ) LIMIT 1   [ RunTime:0.0003s ]

[ 2015-10-09T12:00:52+08:00 ] 117.24.26.122 /index.php?s=/Public/changepwd.html
INFO: [ app_begin ] --START--
INFO: Run Behavior\ReadHtmlCacheBehavior [ RunTime:0.000478s ]
INFO: Run Behavior\CheckLangBehavior [ RunTime:0.000292s ]
INFO: [ app_begin ] --END-- [ RunTime:0.001113s ]
SQL: SHOW COLUMNS FROM `m_user` [ RunTime:0.0009s ]
SQL: SELECT * FROM `m_user` WHERE ( uid=4 ) LIMIT 1   [ RunTime:0.0003s ]

[ 2015-10-09T13:35:00+08:00 ] 117.24.24.45 /index.php?s=/Public/changepwd.html
INFO: [ app_begin ] --START--
INFO: Run Behavior\ReadHtmlCacheBehavior [ RunTime:0.000356s ]
INFO: Run Behavior\CheckLangBehavior [ RunTime:0.000271s ]
INFO: [ app_begin ] --END-- [ RunTime:0.000929s ]
SQL: SHOW COLUMNS FROM `m_user` [ RunTime:0.0010s ]
SQL: SELECT * FROM `m_user` WHERE ( uid=4 ) LIMIT 1   [ RunTime:0.0003s ]

[ 2015-10-09T13:35:23+08:00 ] 117.24.24.45 /index.php?s=/Public/changepwd.html
INFO: [ app_begin ] --START--
INFO: Run Behavior\ReadHtmlCacheBehavior [ RunTime:0.000328s ]
INFO: Run Behavior\CheckLangBehavior [ RunTime:0.000296s ]
INFO: [ app_begin ] --END-- [ RunTime:0.000933s ]
SQL: SHOW COLUMNS FROM `m_user` [ RunTime:0.0009s ]
SQL: SELECT * FROM `m_user` WHERE ( uid=4 ) LIMIT 1   [ RunTime:0.0003s ]

[ 2015-10-09T13:40:08+08:00 ] 117.24.24.45 /index.php?s=/Public/changepwd.html
INFO: [ app_begin ] --START--
INFO: Run Behavior\ReadHtmlCacheBehavior [ RunTime:0.000315s ]
INFO: Run Behavior\CheckLangBehavior [ RunTime:0.000291s ]
INFO: [ app_begin ] --END-- [ RunTime:0.000881s ]
SQL: SHOW COLUMNS FROM `m_user` [ RunTime:0.0009s ]
SQL: SELECT * FROM `m_user` WHERE ( uid=4 ) LIMIT 1   [ RunTime:0.0003s ]

[ 2015-10-09T13:40:20+08:00 ] 117.24.24.45 /index.php?s=/Public/changepwd.html
INFO: [ app_begin ] --START--
INFO: Run Behavior\ReadHtmlCacheBehavior [ RunTime:0.000354s ]
INFO: Run Behavior\CheckLangBehavior [ RunTime:0.000613s ]
INFO: [ app_begin ] --END-- [ RunTime:0.001331s ]
SQL: SHOW COLUMNS FROM `m_user` [ RunTime:0.0009s ]
SQL: SELECT * FROM `m_user` WHERE ( uid=4 ) LIMIT 1   [ RunTime:0.0003s ]

[ 2015-10-09T13:40:33+08:00 ] 117.24.24.45 /index.php?s=/Public/changepwd.html
INFO: [ app_begin ] --START--
INFO: Run Behavior\ReadHtmlCacheBehavior [ RunTime:0.000327s ]
INFO: Run Behavior\CheckLangBehavior [ RunTime:0.000268s ]
INFO: [ app_begin ] --END-- [ RunTime:0.000875s ]
SQL: SHOW COLUMNS FROM `m_user` [ RunTime:0.0014s ]
SQL: SELECT * FROM `m_user` WHERE ( uid=4 ) LIMIT 1   [ RunTime:0.0004s ]

[ 2015-10-09T13:41:25+08:00 ] 117.24.24.45 /index.php?s=/Public/changepwd.html
INFO: [ app_begin ] --START--
INFO: Run Behavior\ReadHtmlCacheBehavior [ RunTime:0.000344s ]
INFO: Run Behavior\CheckLangBehavior [ RunTime:0.000269s ]
INFO: [ app_begin ] --END-- [ RunTime:0.000896s ]
SQL: SHOW COLUMNS FROM `m_user` [ RunTime:0.0014s ]
SQL: SELECT * FROM `m_user` WHERE ( uid=4 ) LIMIT 1   [ RunTime:0.0004s ]

[ 2015-10-09T13:41:31+08:00 ] 117.24.24.45 /index.php?s=/Public/changepwd.html
INFO: [ app_begin ] --START--
INFO: Run Behavior\ReadHtmlCacheBehavior [ RunTime:0.000345s ]
INFO: Run Behavior\CheckLangBehavior [ RunTime:0.000270s ]
INFO: [ app_begin ] --END-- [ RunTime:0.000891s ]
SQL: SHOW COLUMNS FROM `m_user` [ RunTime:0.0009s ]
SQL: SELECT * FROM `m_user` WHERE ( uid=4 ) LIMIT 1   [ RunTime:0.0003s ]

[ 2015-10-09T13:51:32+08:00 ] 117.24.24.45 /index.php?s=/Public/changepwd.html
INFO: [ app_begin ] --START--
INFO: Run Behavior\ReadHtmlCacheBehavior [ RunTime:0.000538s ]
INFO: Run Behavior\CheckLangBehavior [ RunTime:0.000480s ]
INFO: [ app_begin ] --END-- [ RunTime:0.001483s ]
SQL: SHOW COLUMNS FROM `m_user` [ RunTime:0.0010s ]
SQL: SELECT * FROM `m_user` WHERE ( uid=4 ) LIMIT 1   [ RunTime:0.0003s ]

[ 2015-10-09T13:51:51+08:00 ] 117.24.24.45 /index.php?s=/Public/changepwd.html
INFO: [ app_begin ] --START--
INFO: Run Behavior\ReadHtmlCacheBehavior [ RunTime:0.000341s ]
INFO: Run Behavior\CheckLangBehavior [ RunTime:0.000275s ]
INFO: [ app_begin ] --END-- [ RunTime:0.000889s ]
SQL: SHOW COLUMNS FROM `m_user` [ RunTime:0.0009s ]
SQL: SELECT * FROM `m_user` WHERE ( uid=4 ) LIMIT 1   [ RunTime:0.0003s ]

[ 2015-10-09T14:01:38+08:00 ] 117.24.24.45 /index.php?s=/Public/changepwd.html
INFO: [ app_begin ] --START--
INFO: Run Behavior\ReadHtmlCacheBehavior [ RunTime:0.000340s ]
INFO: Run Behavior\CheckLangBehavior [ RunTime:0.000273s ]
INFO: [ app_begin ] --END-- [ RunTime:0.000915s ]
SQL: SHOW COLUMNS FROM `m_user` [ RunTime:0.0009s ]
SQL: SELECT * FROM `m_user` WHERE ( uid=4 ) LIMIT 1   [ RunTime:0.0004s ]
SQL: UPDATE `m_user` SET `password`='96e79218965eb72c92a549dd5a330112' WHERE ( uid=4 ) [ RunTime:0.1367s ]

[ 2015-10-09T14:02:32+08:00 ] 117.24.24.45 /index.php?s=/Public/changepwd.html
INFO: [ app_begin ] --START--
INFO: Run Behavior\ReadHtmlCacheBehavior [ RunTime:0.000386s ]
INFO: Run Behavior\CheckLangBehavior [ RunTime:0.000276s ]
INFO: [ app_begin ] --END-- [ RunTime:0.000953s ]
SQL: SHOW COLUMNS FROM `m_user` [ RunTime:0.0012s ]
SQL: SELECT * FROM `m_user` WHERE ( uid=4 ) LIMIT 1   [ RunTime:0.0004s ]

[ 2015-10-09T14:03:00+08:00 ] 117.24.24.45 /index.php?s=/Public/changepwd.html
INFO: [ app_begin ] --START--
INFO: Run Behavior\ReadHtmlCacheBehavior [ RunTime:0.000329s ]
INFO: Run Behavior\CheckLangBehavior [ RunTime:0.000306s ]
INFO: [ app_begin ] --END-- [ RunTime:0.000923s ]
SQL: SHOW COLUMNS FROM `m_user` [ RunTime:0.0008s ]
SQL: SELECT * FROM `m_user` WHERE ( uid=4 ) LIMIT 1   [ RunTime:0.0003s ]
SQL: UPDATE `m_user` SET `password`='cb3bf8ea6d5e1ed288b9a825043ed011' WHERE ( uid=4 ) [ RunTime:0.0146s ]

[ 2015-10-09T14:05:06+08:00 ] 117.24.24.45 /index.php?s=/Public/changepwd.html
INFO: [ app_begin ] --START--
INFO: Run Behavior\ReadHtmlCacheBehavior [ RunTime:0.000361s ]
INFO: Run Behavior\CheckLangBehavior [ RunTime:0.000301s ]
INFO: [ app_begin ] --END-- [ RunTime:0.000961s ]
SQL: SHOW COLUMNS FROM `m_user` [ RunTime:0.0010s ]
SQL: SELECT * FROM `m_user` WHERE ( uid=4 ) LIMIT 1   [ RunTime:0.0003s ]
SQL: UPDATE `m_user` SET `password`='cb3bf8ea6d5e1ed288b9a825043ed011' WHERE ( uid=4 ) [ RunTime:0.0131s ]

[ 2015-10-09T14:06:54+08:00 ] 117.24.24.45 /index.php?s=/Public/changepwd.html
INFO: [ app_begin ] --START--
INFO: Run Behavior\ReadHtmlCacheBehavior [ RunTime:0.000461s ]
INFO: Run Behavior\CheckLangBehavior [ RunTime:0.000285s ]
INFO: [ app_begin ] --END-- [ RunTime:0.001075s ]
SQL: SHOW COLUMNS FROM `m_user` [ RunTime:0.0009s ]
SQL: SELECT * FROM `m_user` WHERE ( uid=1 ) LIMIT 1   [ RunTime:0.0003s ]

[ 2015-10-09T14:07:07+08:00 ] 117.24.24.45 /index.php?s=/Public/changepwd.html
INFO: [ app_begin ] --START--
INFO: Run Behavior\ReadHtmlCacheBehavior [ RunTime:0.000355s ]
INFO: Run Behavior\CheckLangBehavior [ RunTime:0.000268s ]
INFO: [ app_begin ] --END-- [ RunTime:0.000896s ]
SQL: SHOW COLUMNS FROM `m_user` [ RunTime:0.0009s ]
SQL: SELECT * FROM `m_user` WHERE ( uid=1 ) LIMIT 1   [ RunTime:0.0003s ]

[ 2015-10-09T14:35:25+08:00 ] 117.24.24.45 /index.php?s=/Public/changepwd.html
INFO: [ app_begin ] --START--
INFO: Run Behavior\ReadHtmlCacheBehavior [ RunTime:0.000331s ]
INFO: Run Behavior\CheckLangBehavior [ RunTime:0.000271s ]
INFO: [ app_begin ] --END-- [ RunTime:0.000897s ]
SQL: SHOW COLUMNS FROM `m_user` [ RunTime:0.0009s ]
SQL: SELECT * FROM `m_user` WHERE ( uid=4 ) LIMIT 1   [ RunTime:0.0003s ]

[ 2015-10-09T14:36:09+08:00 ] 117.24.24.45 /index.php?s=/Public/changepwd.html
INFO: [ app_begin ] --START--
INFO: Run Behavior\ReadHtmlCacheBehavior [ RunTime:0.000491s ]
INFO: Run Behavior\CheckLangBehavior [ RunTime:0.000326s ]
INFO: [ app_begin ] --END-- [ RunTime:0.001308s ]
SQL: SHOW COLUMNS FROM `m_user` [ RunTime:0.0013s ]
SQL: SELECT * FROM `m_user` WHERE ( uid=4 ) LIMIT 1   [ RunTime:0.0003s ]

[ 2015-10-09T14:36:10+08:00 ] 117.24.24.45 /index.php?s=/Public/changepwd.html
INFO: [ app_begin ] --START--
INFO: Run Behavior\ReadHtmlCacheBehavior [ RunTime:0.000347s ]
INFO: Run Behavior\CheckLangBehavior [ RunTime:0.000270s ]
INFO: [ app_begin ] --END-- [ RunTime:0.000905s ]
SQL: SHOW COLUMNS FROM `m_user` [ RunTime:0.0009s ]
SQL: SELECT * FROM `m_user` WHERE ( uid=4 ) LIMIT 1   [ RunTime:0.0003s ]

[ 2015-10-09T14:36:12+08:00 ] 117.24.24.45 /index.php?s=/Public/changepwd.html
INFO: [ app_begin ] --START--
INFO: Run Behavior\ReadHtmlCacheBehavior [ RunTime:0.000318s ]
INFO: Run Behavior\CheckLangBehavior [ RunTime:0.000292s ]
INFO: [ app_begin ] --END-- [ RunTime:0.000894s ]
SQL: SHOW COLUMNS FROM `m_user` [ RunTime:0.0009s ]
SQL: SELECT * FROM `m_user` WHERE ( uid=4 ) LIMIT 1   [ RunTime:0.0003s ]

[ 2015-10-09T14:36:16+08:00 ] 117.24.24.45 /index.php?s=/Public/changepwd.html
INFO: [ app_begin ] --START--
INFO: Run Behavior\ReadHtmlCacheBehavior [ RunTime:0.000323s ]
INFO: Run Behavior\CheckLangBehavior [ RunTime:0.000267s ]
INFO: [ app_begin ] --END-- [ RunTime:0.000888s ]
SQL: SHOW COLUMNS FROM `m_user` [ RunTime:0.0016s ]
SQL: SELECT * FROM `m_user` WHERE ( uid=4 ) LIMIT 1   [ RunTime:0.0007s ]

[ 2015-10-09T14:36:17+08:00 ] 117.24.24.45 /index.php?s=/Public/changepwd.html
INFO: [ app_begin ] --START--
INFO: Run Behavior\ReadHtmlCacheBehavior [ RunTime:0.000351s ]
INFO: Run Behavior\CheckLangBehavior [ RunTime:0.000270s ]
INFO: [ app_begin ] --END-- [ RunTime:0.000904s ]
SQL: SHOW COLUMNS FROM `m_user` [ RunTime:0.0010s ]
SQL: SELECT * FROM `m_user` WHERE ( uid=4 ) LIMIT 1   [ RunTime:0.0003s ]

[ 2015-10-09T14:36:20+08:00 ] 117.24.24.45 /index.php?s=/Public/changepwd.html
INFO: [ app_begin ] --START--
INFO: Run Behavior\ReadHtmlCacheBehavior [ RunTime:0.000346s ]
INFO: Run Behavior\CheckLangBehavior [ RunTime:0.000272s ]
INFO: [ app_begin ] --END-- [ RunTime:0.000921s ]
SQL: SHOW COLUMNS FROM `m_user` [ RunTime:0.0009s ]
SQL: SELECT * FROM `m_user` WHERE ( uid=4 ) LIMIT 1   [ RunTime:0.0003s ]

[ 2015-10-09T14:36:20+08:00 ] 117.24.24.45 /index.php?s=/Public/changepwd.html
INFO: [ app_begin ] --START--
INFO: Run Behavior\ReadHtmlCacheBehavior [ RunTime:0.000362s ]
INFO: Run Behavior\CheckLangBehavior [ RunTime:0.000321s ]
INFO: [ app_begin ] --END-- [ RunTime:0.000977s ]
SQL: SHOW COLUMNS FROM `m_user` [ RunTime:0.0009s ]
SQL: SELECT * FROM `m_user` WHERE ( uid=4 ) LIMIT 1   [ RunTime:0.0003s ]

[ 2015-10-09T15:09:11+08:00 ] 117.24.24.45 /index.php?s=/Public/changepwd.html
INFO: [ app_begin ] --START--
INFO: Run Behavior\ReadHtmlCacheBehavior [ RunTime:0.000321s ]
INFO: Run Behavior\CheckLangBehavior [ RunTime:0.000265s ]
INFO: [ app_begin ] --END-- [ RunTime:0.000892s ]
SQL: SHOW COLUMNS FROM `m_user` [ RunTime:0.0008s ]
SQL: SELECT * FROM `m_user` WHERE ( uid=4 ) LIMIT 1   [ RunTime:0.0003s ]

[ 2015-10-09T15:09:32+08:00 ] 117.24.24.45 /index.php?s=/Public/changepwd.html
INFO: [ app_begin ] --START--
INFO: Run Behavior\ReadHtmlCacheBehavior [ RunTime:0.000340s ]
INFO: Run Behavior\CheckLangBehavior [ RunTime:0.000276s ]
INFO: [ app_begin ] --END-- [ RunTime:0.000896s ]
SQL: SHOW COLUMNS FROM `m_user` [ RunTime:0.0013s ]
SQL: SELECT * FROM `m_user` WHERE ( uid=4 ) LIMIT 1   [ RunTime:0.0004s ]

[ 2015-10-09T15:09:33+08:00 ] 117.24.24.45 /index.php?s=/Public/changepwd.html
INFO: [ app_begin ] --START--
INFO: Run Behavior\ReadHtmlCacheBehavior [ RunTime:0.000320s ]
INFO: Run Behavior\CheckLangBehavior [ RunTime:0.000292s ]
INFO: [ app_begin ] --END-- [ RunTime:0.000887s ]
SQL: SHOW COLUMNS FROM `m_user` [ RunTime:0.0012s ]
SQL: SELECT * FROM `m_user` WHERE ( uid=4 ) LIMIT 1   [ RunTime:0.0004s ]

[ 2015-10-09T15:09:39+08:00 ] 117.24.24.45 /index.php?s=/Public/changepwd.html
INFO: [ app_begin ] --START--
INFO: Run Behavior\ReadHtmlCacheBehavior [ RunTime:0.000327s ]
INFO: Run Behavior\CheckLangBehavior [ RunTime:0.000293s ]
INFO: [ app_begin ] --END-- [ RunTime:0.000901s ]
SQL: SHOW COLUMNS FROM `m_user` [ RunTime:0.0009s ]
SQL: SELECT * FROM `m_user` WHERE ( uid=4 ) LIMIT 1   [ RunTime:0.0003s ]

[ 2015-10-09T15:09:42+08:00 ] 117.24.24.45 /index.php?s=/Public/changepwd.html
INFO: [ app_begin ] --START--
INFO: Run Behavior\ReadHtmlCacheBehavior [ RunTime:0.000369s ]
INFO: Run Behavior\CheckLangBehavior [ RunTime:0.000268s ]
INFO: [ app_begin ] --END-- [ RunTime:0.000914s ]
SQL: SHOW COLUMNS FROM `m_user` [ RunTime:0.0008s ]
SQL: SELECT * FROM `m_user` WHERE ( uid=4 ) LIMIT 1   [ RunTime:0.0003s ]

[ 2015-10-09T15:09:43+08:00 ] 117.24.24.45 /index.php?s=/Public/changepwd.html
INFO: [ app_begin ] --START--
INFO: Run Behavior\ReadHtmlCacheBehavior [ RunTime:0.000315s ]
INFO: Run Behavior\CheckLangBehavior [ RunTime:0.000267s ]
INFO: [ app_begin ] --END-- [ RunTime:0.000874s ]
SQL: SHOW COLUMNS FROM `m_user` [ RunTime:0.0009s ]
SQL: SELECT * FROM `m_user` WHERE ( uid=4 ) LIMIT 1   [ RunTime:0.0003s ]

[ 2015-10-09T15:09:44+08:00 ] 117.24.24.45 /index.php?s=/Public/changepwd.html
INFO: [ app_begin ] --START--
INFO: Run Behavior\ReadHtmlCacheBehavior [ RunTime:0.000342s ]
INFO: Run Behavior\CheckLangBehavior [ RunTime:0.000266s ]
INFO: [ app_begin ] --END-- [ RunTime:0.000902s ]
SQL: SHOW COLUMNS FROM `m_user` [ RunTime:0.0009s ]
SQL: SELECT * FROM `m_user` WHERE ( uid=4 ) LIMIT 1   [ RunTime:0.0003s ]

[ 2015-10-09T15:09:46+08:00 ] 117.24.24.45 /index.php?s=/Public/changepwd.html
INFO: [ app_begin ] --START--
INFO: Run Behavior\ReadHtmlCacheBehavior [ RunTime:0.000348s ]
INFO: Run Behavior\CheckLangBehavior [ RunTime:0.000273s ]
INFO: [ app_begin ] --END-- [ RunTime:0.000897s ]
SQL: SHOW COLUMNS FROM `m_user` [ RunTime:0.0010s ]
SQL: SELECT * FROM `m_user` WHERE ( uid=4 ) LIMIT 1   [ RunTime:0.0003s ]

[ 2015-10-09T15:09:47+08:00 ] 117.24.24.45 /index.php?s=/Public/changepwd.html
INFO: [ app_begin ] --START--
INFO: Run Behavior\ReadHtmlCacheBehavior [ RunTime:0.000320s ]
INFO: Run Behavior\CheckLangBehavior [ RunTime:0.000267s ]
INFO: [ app_begin ] --END-- [ RunTime:0.000883s ]
SQL: SHOW COLUMNS FROM `m_user` [ RunTime:0.0009s ]
SQL: SELECT * FROM `m_user` WHERE ( uid=4 ) LIMIT 1   [ RunTime:0.0003s ]

[ 2015-10-09T15:09:48+08:00 ] 117.24.24.45 /index.php?s=/Public/changepwd.html
INFO: [ app_begin ] --START--
INFO: Run Behavior\ReadHtmlCacheBehavior [ RunTime:0.000345s ]
INFO: Run Behavior\CheckLangBehavior [ RunTime:0.000275s ]
INFO: [ app_begin ] --END-- [ RunTime:0.000930s ]
SQL: SHOW COLUMNS FROM `m_user` [ RunTime:0.0009s ]
SQL: SELECT * FROM `m_user` WHERE ( uid=4 ) LIMIT 1   [ RunTime:0.0003s ]

[ 2015-10-09T15:29:56+08:00 ] 117.24.24.45 /index.php?s=/Public/checkpwd.html
INFO: [ app_begin ] --START--
INFO: Run Behavior\ReadHtmlCacheBehavior [ RunTime:0.000319s ]
INFO: Run Behavior\CheckLangBehavior [ RunTime:0.000291s ]
INFO: [ app_begin ] --END-- [ RunTime:0.000883s ]
ERR: 非法操作:checkpwd

[ 2015-10-09T15:33:08+08:00 ] 117.24.24.45 /index.php?s=/Public/checkpwd.html
INFO: [ app_begin ] --START--
INFO: Run Behavior\ReadHtmlCacheBehavior [ RunTime:0.000347s ]
INFO: Run Behavior\CheckLangBehavior [ RunTime:0.000266s ]
INFO: [ app_begin ] --END-- [ RunTime:0.000885s ]
ERR: 非法操作:checkpwd

[ 2015-10-09T15:34:26+08:00 ] 117.24.24.45 /index.php?s=/Public/checkpwd.html
INFO: [ app_begin ] --START--
INFO: Run Behavior\ReadHtmlCacheBehavior [ RunTime:0.000572s ]
INFO: Run Behavior\CheckLangBehavior [ RunTime:0.000439s ]
INFO: [ app_begin ] --END-- [ RunTime:0.001327s ]
SQL: SHOW COLUMNS FROM `m_user` [ RunTime:0.0010s ]
SQL: SELECT * FROM `m_user` WHERE ( uid=4 ) LIMIT 1   [ RunTime:0.0003s ]
INFO: [ app_end ] --START--
INFO: Run Behavior\ShowPageTraceBehavior [ RunTime:0.000401s ]
INFO: [ app_end ] --END-- [ RunTime:0.000457s ]

[ 2015-10-09T15:35:05+08:00 ] 117.24.24.45 /index.php?s=/Public/checkpwd.html
INFO: [ app_begin ] --START--
INFO: Run Behavior\ReadHtmlCacheBehavior [ RunTime:0.000592s ]
INFO: Run Behavior\CheckLangBehavior [ RunTime:0.000460s ]
INFO: [ app_begin ] --END-- [ RunTime:0.001504s ]
SQL: SHOW COLUMNS FROM `m_user` [ RunTime:0.0009s ]
SQL: SELECT * FROM `m_user` WHERE ( uid=4 ) LIMIT 1   [ RunTime:0.0003s ]
INFO: [ app_end ] --START--
INFO: Run Behavior\ShowPageTraceBehavior [ RunTime:0.000506s ]
INFO: [ app_end ] --END-- [ RunTime:0.000563s ]

[ 2015-10-09T15:35:05+08:00 ] 117.24.24.45 /index.php?s=/Public/checkpwd.html
INFO: [ app_begin ] --START--
INFO: Run Behavior\ReadHtmlCacheBehavior [ RunTime:0.000315s ]
INFO: Run Behavior\CheckLangBehavior [ RunTime:0.000265s ]
INFO: [ app_begin ] --END-- [ RunTime:0.000870s ]
SQL: SHOW COLUMNS FROM `m_user` [ RunTime:0.0009s ]
SQL: SELECT * FROM `m_user` WHERE ( uid=4 ) LIMIT 1   [ RunTime:0.0003s ]
INFO: [ app_end ] --START--
INFO: Run Behavior\ShowPageTraceBehavior [ RunTime:0.000467s ]
INFO: [ app_end ] --END-- [ RunTime:0.000524s ]

[ 2015-10-09T15:35:06+08:00 ] 117.24.24.45 /index.php?s=/Public/checkpwd.html
INFO: [ app_begin ] --START--
INFO: Run Behavior\ReadHtmlCacheBehavior [ RunTime:0.000343s ]
INFO: Run Behavior\CheckLangBehavior [ RunTime:0.000265s ]
INFO: [ app_begin ] --END-- [ RunTime:0.000876s ]
SQL: SHOW COLUMNS FROM `m_user` [ RunTime:0.0012s ]
SQL: SELECT * FROM `m_user` WHERE ( uid=4 ) LIMIT 1   [ RunTime:0.0004s ]
INFO: [ app_end ] --START--
INFO: Run Behavior\ShowPageTraceBehavior [ RunTime:0.000687s ]
INFO: [ app_end ] --END-- [ RunTime:0.000778s ]

[ 2015-10-09T15:35:06+08:00 ] 117.24.24.45 /index.php?s=/Public/checkpwd.html
INFO: [ app_begin ] --START--
INFO: Run Behavior\ReadHtmlCacheBehavior [ RunTime:0.000352s ]
INFO: Run Behavior\CheckLangBehavior [ RunTime:0.000274s ]
INFO: [ app_begin ] --END-- [ RunTime:0.000896s ]
SQL: SHOW COLUMNS FROM `m_user` [ RunTime:0.0008s ]
SQL: SELECT * FROM `m_user` WHERE ( uid=4 ) LIMIT 1   [ RunTime:0.0003s ]
INFO: [ app_end ] --START--
INFO: Run Behavior\ShowPageTraceBehavior [ RunTime:0.000453s ]
INFO: [ app_end ] --END-- [ RunTime:0.000512s ]

[ 2015-10-09T15:35:06+08:00 ] 117.24.24.45 /index.php?s=/Public/checkpwd.html
INFO: [ app_begin ] --START--
INFO: Run Behavior\ReadHtmlCacheBehavior [ RunTime:0.000397s ]
INFO: Run Behavior\CheckLangBehavior [ RunTime:0.000272s ]
INFO: [ app_begin ] --END-- [ RunTime:0.000991s ]
SQL: SHOW COLUMNS FROM `m_user` [ RunTime:0.0013s ]
SQL: SELECT * FROM `m_user` WHERE ( uid=4 ) LIMIT 1   [ RunTime:0.0004s ]
INFO: [ app_end ] --START--
INFO: Run Behavior\ShowPageTraceBehavior [ RunTime:0.000777s ]
INFO: [ app_end ] --END-- [ RunTime:0.000869s ]

[ 2015-10-09T15:35:14+08:00 ] 117.24.24.45 /index.php?s=/Public/checkpwd.html
INFO: [ app_begin ] --START--
INFO: Run Behavior\ReadHtmlCacheBehavior [ RunTime:0.000364s ]
INFO: Run Behavior\CheckLangBehavior [ RunTime:0.000311s ]
INFO: [ app_begin ] --END-- [ RunTime:0.000965s ]
SQL: SHOW COLUMNS FROM `m_user` [ RunTime:0.0009s ]
SQL: SELECT * FROM `m_user` WHERE ( uid=4 ) LIMIT 1   [ RunTime:0.0003s ]
INFO: [ app_end ] --START--
INFO: Run Behavior\ShowPageTraceBehavior [ RunTime:0.000510s ]
INFO: [ app_end ] --END-- [ RunTime:0.000572s ]

[ 2015-10-09T15:35:15+08:00 ] 117.24.24.45 /index.php?s=/Public/checkpwd.html
INFO: [ app_begin ] --START--
INFO: Run Behavior\ReadHtmlCacheBehavior [ RunTime:0.000344s ]
INFO: Run Behavior\CheckLangBehavior [ RunTime:0.000262s ]
INFO: [ app_begin ] --END-- [ RunTime:0.000876s ]
SQL: SHOW COLUMNS FROM `m_user` [ RunTime:0.0008s ]
SQL: SELECT * FROM `m_user` WHERE ( uid=4 ) LIMIT 1   [ RunTime:0.0003s ]
INFO: [ app_end ] --START--
INFO: Run Behavior\ShowPageTraceBehavior [ RunTime:0.000429s ]
INFO: [ app_end ] --END-- [ RunTime:0.000482s ]

[ 2015-10-09T15:35:20+08:00 ] 117.24.24.45 /index.php?s=/Public/checkpwd.html
INFO: [ app_begin ] --START--
INFO: Run Behavior\ReadHtmlCacheBehavior [ RunTime:0.000356s ]
INFO: Run Behavior\CheckLangBehavior [ RunTime:0.000269s ]
INFO: [ app_begin ] --END-- [ RunTime:0.000908s ]
SQL: SHOW COLUMNS FROM `m_user` [ RunTime:0.0009s ]
SQL: SELECT * FROM `m_user` WHERE ( uid=4 ) LIMIT 1   [ RunTime:0.0003s ]
INFO: [ app_end ] --START--
INFO: Run Behavior\ShowPageTraceBehavior [ RunTime:0.000454s ]
INFO: [ app_end ] --END-- [ RunTime:0.000516s ]

[ 2015-10-09T15:35:22+08:00 ] 117.24.24.45 /index.php?s=/Public/checkpwd.html
INFO: [ app_begin ] --START--
INFO: Run Behavior\ReadHtmlCacheBehavior [ RunTime:0.000336s ]
INFO: Run Behavior\CheckLangBehavior [ RunTime:0.000300s ]
INFO: [ app_begin ] --END-- [ RunTime:0.000912s ]
SQL: SHOW COLUMNS FROM `m_user` [ RunTime:0.0009s ]
SQL: SELECT * FROM `m_user` WHERE ( uid=4 ) LIMIT 1   [ RunTime:0.0003s ]
INFO: [ app_end ] --START--
INFO: Run Behavior\ShowPageTraceBehavior [ RunTime:0.000436s ]
INFO: [ app_end ] --END-- [ RunTime:0.000493s ]

[ 2015-10-09T15:35:22+08:00 ] 117.24.24.45 /index.php?s=/Public/checkpwd.html
INFO: [ app_begin ] --START--
INFO: Run Behavior\ReadHtmlCacheBehavior [ RunTime:0.000346s ]
INFO: Run Behavior\CheckLangBehavior [ RunTime:0.000266s ]
INFO: [ app_begin ] --END-- [ RunTime:0.000919s ]
SQL: SHOW COLUMNS FROM `m_user` [ RunTime:0.0011s ]
SQL: SELECT * FROM `m_user` WHERE ( uid=4 ) LIMIT 1   [ RunTime:0.0004s ]
INFO: [ app_end ] --START--
INFO: Run Behavior\ShowPageTraceBehavior [ RunTime:0.000689s ]
INFO: [ app_end ] --END-- [ RunTime:0.000772s ]

[ 2015-10-09T15:35:22+08:00 ] 117.24.24.45 /index.php?s=/Public/checkpwd.html
INFO: [ app_begin ] --START--
INFO: Run Behavior\ReadHtmlCacheBehavior [ RunTime:0.000320s ]
INFO: Run Behavior\CheckLangBehavior [ RunTime:0.000268s ]
INFO: [ app_begin ] --END-- [ RunTime:0.000874s ]
SQL: SHOW COLUMNS FROM `m_user` [ RunTime:0.0008s ]
SQL: SELECT * FROM `m_user` WHERE ( uid=4 ) LIMIT 1   [ RunTime:0.0003s ]
INFO: [ app_end ] --START--
INFO: Run Behavior\ShowPageTraceBehavior [ RunTime:0.000402s ]
INFO: [ app_end ] --END-- [ RunTime:0.000455s ]

[ 2015-10-09T15:35:30+08:00 ] 117.24.24.45 /index.php?s=/Public/checkpwd.html
INFO: [ app_begin ] --START--
INFO: Run Behavior\ReadHtmlCacheBehavior [ RunTime:0.000319s ]
INFO: Run Behavior\CheckLangBehavior [ RunTime:0.000279s ]
INFO: [ app_begin ] --END-- [ RunTime:0.000875s ]
SQL: SHOW COLUMNS FROM `m_user` [ RunTime:0.0009s ]
SQL: SELECT * FROM `m_user` WHERE ( uid=4 ) LIMIT 1   [ RunTime:0.0003s ]
INFO: [ app_end ] --START--
INFO: Run Behavior\ShowPageTraceBehavior [ RunTime:0.000405s ]
INFO: [ app_end ] --END-- [ RunTime:0.000462s ]

[ 2015-10-09T15:35:30+08:00 ] 117.24.24.45 /index.php?s=/Public/checkpwd.html
INFO: [ app_begin ] --START--
INFO: Run Behavior\ReadHtmlCacheBehavior [ RunTime:0.000404s ]
INFO: Run Behavior\CheckLangBehavior [ RunTime:0.000291s ]
INFO: [ app_begin ] --END-- [ RunTime:0.000977s ]
SQL: SHOW COLUMNS FROM `m_user` [ RunTime:0.0009s ]
SQL: SELECT * FROM `m_user` WHERE ( uid=4 ) LIMIT 1   [ RunTime:0.0003s ]
INFO: [ app_end ] --START--
INFO: Run Behavior\ShowPageTraceBehavior [ RunTime:0.000534s ]
INFO: [ app_end ] --END-- [ RunTime:0.000594s ]

[ 2015-10-09T15:35:31+08:00 ] 117.24.24.45 /index.php?s=/Public/checkpwd.html
INFO: [ app_begin ] --START--
INFO: Run Behavior\ReadHtmlCacheBehavior [ RunTime:0.000323s ]
INFO: Run Behavior\CheckLangBehavior [ RunTime:0.000273s ]
INFO: [ app_begin ] --END-- [ RunTime:0.000921s ]
SQL: SHOW COLUMNS FROM `m_user` [ RunTime:0.0009s ]
SQL: SELECT * FROM `m_user` WHERE ( uid=4 ) LIMIT 1   [ RunTime:0.0003s ]
INFO: [ app_end ] --START--
INFO: Run Behavior\ShowPageTraceBehavior [ RunTime:0.000490s ]
INFO: [ app_end ] --END-- [ RunTime:0.000551s ]

[ 2015-10-09T15:35:31+08:00 ] 117.24.24.45 /index.php?s=/Public/checkpwd.html
INFO: [ app_begin ] --START--
INFO: Run Behavior\ReadHtmlCacheBehavior [ RunTime:0.000366s ]
INFO: Run Behavior\CheckLangBehavior [ RunTime:0.000331s ]
INFO: [ app_begin ] --END-- [ RunTime:0.001091s ]
SQL: SHOW COLUMNS FROM `m_user` [ RunTime:0.0012s ]
SQL: SELECT * FROM `m_user` WHERE ( uid=4 ) LIMIT 1   [ RunTime:0.0004s ]
INFO: [ app_end ] --START--
INFO: Run Behavior\ShowPageTraceBehavior [ RunTime:0.000701s ]
INFO: [ app_end ] --END-- [ RunTime:0.000787s ]

[ 2015-10-09T15:35:31+08:00 ] 117.24.24.45 /index.php?s=/Public/checkpwd.html
INFO: [ app_begin ] --START--
INFO: Run Behavior\ReadHtmlCacheBehavior [ RunTime:0.000316s ]
INFO: Run Behavior\CheckLangBehavior [ RunTime:0.000296s ]
INFO: [ app_begin ] --END-- [ RunTime:0.000936s ]
SQL: SHOW COLUMNS FROM `m_user` [ RunTime:0.0008s ]
SQL: SELECT * FROM `m_user` WHERE ( uid=4 ) LIMIT 1   [ RunTime:0.0003s ]
INFO: [ app_end ] --START--
INFO: Run Behavior\ShowPageTraceBehavior [ RunTime:0.000400s ]
INFO: [ app_end ] --END-- [ RunTime:0.000456s ]

[ 2015-10-09T15:36:20+08:00 ] 117.24.24.45 /index.php?s=/Public/checkpwd.html
INFO: [ app_begin ] --START--
INFO: Run Behavior\ReadHtmlCacheBehavior [ RunTime:0.000347s ]
INFO: Run Behavior\CheckLangBehavior [ RunTime:0.000284s ]
INFO: [ app_begin ] --END-- [ RunTime:0.000907s ]
SQL: SHOW COLUMNS FROM `m_user` [ RunTime:0.0009s ]
SQL: SELECT * FROM `m_user` WHERE ( uid=4 ) LIMIT 1   [ RunTime:0.0003s ]
INFO: [ app_end ] --START--
INFO: Run Behavior\ShowPageTraceBehavior [ RunTime:0.000457s ]
INFO: [ app_end ] --END-- [ RunTime:0.000527s ]

[ 2015-10-09T15:36:21+08:00 ] 117.24.24.45 /index.php?s=/Public/checkpwd.html
INFO: [ app_begin ] --START--
INFO: Run Behavior\ReadHtmlCacheBehavior [ RunTime:0.000562s ]
INFO: Run Behavior\CheckLangBehavior [ RunTime:0.000401s ]
INFO: [ app_begin ] --END-- [ RunTime:0.001280s ]
SQL: SHOW COLUMNS FROM `m_user` [ RunTime:0.0009s ]
SQL: SELECT * FROM `m_user` WHERE ( uid=4 ) LIMIT 1   [ RunTime:0.0003s ]
INFO: [ app_end ] --START--
INFO: Run Behavior\ShowPageTraceBehavior [ RunTime:0.000408s ]
INFO: [ app_end ] --END-- [ RunTime:0.000466s ]

[ 2015-10-09T15:42:04+08:00 ] 117.24.24.45 /index.php?s=/Public/checkpwd.html&oldpassword=dfsd
INFO: [ app_begin ] --START--
INFO: Run Behavior\ReadHtmlCacheBehavior [ RunTime:0.000392s ]
INFO: Run Behavior\CheckLangBehavior [ RunTime:0.000270s ]
INFO: [ app_begin ] --END-- [ RunTime:0.000975s ]
SQL: SHOW COLUMNS FROM `m_user` [ RunTime:0.0009s ]
SQL: SELECT * FROM `m_user` WHERE ( uid=4 ) LIMIT 1   [ RunTime:0.0003s ]
INFO: [ app_end ] --START--
INFO: Run Behavior\ShowPageTraceBehavior [ RunTime:0.000472s ]
INFO: [ app_end ] --END-- [ RunTime:0.000529s ]

[ 2015-10-09T15:42:10+08:00 ] 117.24.24.45 /index.php?s=/Public/checkpwd.html&oldpassword=dfs
INFO: [ app_begin ] --START--
INFO: Run Behavior\ReadHtmlCacheBehavior [ RunTime:0.000340s ]
INFO: Run Behavior\CheckLangBehavior [ RunTime:0.000273s ]
INFO: [ app_begin ] --END-- [ RunTime:0.000916s ]
SQL: SHOW COLUMNS FROM `m_user` [ RunTime:0.0010s ]
SQL: SELECT * FROM `m_user` WHERE ( uid=4 ) LIMIT 1   [ RunTime:0.0003s ]
INFO: [ app_end ] --START--
INFO: Run Behavior\ShowPageTraceBehavior [ RunTime:0.000458s ]
INFO: [ app_end ] --END-- [ RunTime:0.000514s ]

[ 2015-10-09T15:42:10+08:00 ] 117.24.24.45 /index.php?s=/Public/checkpwd.html&oldpassword=df
INFO: [ app_begin ] --START--
INFO: Run Behavior\ReadHtmlCacheBehavior [ RunTime:0.000453s ]
INFO: Run Behavior\CheckLangBehavior [ RunTime:0.000333s ]
INFO: [ app_begin ] --END-- [ RunTime:0.001332s ]
SQL: SHOW COLUMNS FROM `m_user` [ RunTime:0.0009s ]
SQL: SELECT * FROM `m_user` WHERE ( uid=4 ) LIMIT 1   [ RunTime:0.0003s ]
INFO: [ app_end ] --START--
INFO: Run Behavior\ShowPageTraceBehavior [ RunTime:0.000434s ]
INFO: [ app_end ] --END-- [ RunTime:0.000491s ]

[ 2015-10-09T15:42:10+08:00 ] 117.24.24.45 /index.php?s=/Public/checkpwd.html&oldpassword=d
INFO: [ app_begin ] --START--
INFO: Run Behavior\ReadHtmlCacheBehavior [ RunTime:0.000361s ]
INFO: Run Behavior\CheckLangBehavior [ RunTime:0.000269s ]
INFO: [ app_begin ] --END-- [ RunTime:0.000907s ]
SQL: SHOW COLUMNS FROM `m_user` [ RunTime:0.0009s ]
SQL: SELECT * FROM `m_user` WHERE ( uid=4 ) LIMIT 1   [ RunTime:0.0003s ]
INFO: [ app_end ] --START--
INFO: Run Behavior\ShowPageTraceBehavior [ RunTime:0.000497s ]
INFO: [ app_end ] --END-- [ RunTime:0.000553s ]

[ 2015-10-09T15:42:12+08:00 ] 117.24.24.45 /index.php?s=/Public/checkpwd.html&oldpassword=df
INFO: [ app_begin ] --START--
INFO: Run Behavior\ReadHtmlCacheBehavior [ RunTime:0.000363s ]
INFO: Run Behavior\CheckLangBehavior [ RunTime:0.000271s ]
INFO: [ app_begin ] --END-- [ RunTime:0.000923s ]
SQL: SHOW COLUMNS FROM `m_user` [ RunTime:0.0009s ]
SQL: SELECT * FROM `m_user` WHERE ( uid=4 ) LIMIT 1   [ RunTime:0.0003s ]
INFO: [ app_end ] --START--
INFO: Run Behavior\ShowPageTraceBehavior [ RunTime:0.000458s ]
INFO: [ app_end ] --END-- [ RunTime:0.000550s ]

[ 2015-10-09T15:42:12+08:00 ] 117.24.24.45 /index.php?s=/Public/checkpwd.html&oldpassword=dfd
INFO: [ app_begin ] --START--
INFO: Run Behavior\ReadHtmlCacheBehavior [ RunTime:0.000595s ]
INFO: Run Behavior\CheckLangBehavior [ RunTime:0.000451s ]
INFO: [ app_begin ] --END-- [ RunTime:0.001489s ]
SQL: SHOW COLUMNS FROM `m_user` [ RunTime:0.0014s ]
SQL: SELECT * FROM `m_user` WHERE ( uid=4 ) LIMIT 1   [ RunTime:0.0004s ]
INFO: [ app_end ] --START--
INFO: Run Behavior\ShowPageTraceBehavior [ RunTime:0.000749s ]
INFO: [ app_end ] --END-- [ RunTime:0.000852s ]

[ 2015-10-09T15:42:20+08:00 ] 117.24.24.45 /index.php?s=/Public/checkpwd.html&oldpassword=2
INFO: [ app_begin ] --START--
INFO: Run Behavior\ReadHtmlCacheBehavior [ RunTime:0.000324s ]
INFO: Run Behavior\CheckLangBehavior [ RunTime:0.000291s ]
INFO: [ app_begin ] --END-- [ RunTime:0.000895s ]
SQL: SHOW COLUMNS FROM `m_user` [ RunTime:0.0009s ]
SQL: SELECT * FROM `m_user` WHERE ( uid=4 ) LIMIT 1   [ RunTime:0.0004s ]
INFO: [ app_end ] --START--
INFO: Run Behavior\ShowPageTraceBehavior [ RunTime:0.000409s ]
INFO: [ app_end ] --END-- [ RunTime:0.000464s ]

[ 2015-10-09T15:42:21+08:00 ] 117.24.24.45 /index.php?s=/Public/checkpwd.html&oldpassword=20
INFO: [ app_begin ] --START--
INFO: Run Behavior\ReadHtmlCacheBehavior [ RunTime:0.000333s ]
INFO: Run Behavior\CheckLangBehavior [ RunTime:0.000314s ]
INFO: [ app_begin ] --END-- [ RunTime:0.000921s ]
SQL: SHOW COLUMNS FROM `m_user` [ RunTime:0.0010s ]
SQL: SELECT * FROM `m_user` WHERE ( uid=4 ) LIMIT 1   [ RunTime:0.0003s ]
INFO: [ app_end ] --START--
INFO: Run Behavior\ShowPageTraceBehavior [ RunTime:0.000546s ]
INFO: [ app_end ] --END-- [ RunTime:0.000615s ]

[ 2015-10-09T15:42:22+08:00 ] 117.24.24.45 /index.php?s=/Public/checkpwd.html&oldpassword=201
INFO: [ app_begin ] --START--
INFO: Run Behavior\ReadHtmlCacheBehavior [ RunTime:0.000327s ]
INFO: Run Behavior\CheckLangBehavior [ RunTime:0.000337s ]
INFO: [ app_begin ] --END-- [ RunTime:0.000970s ]
SQL: SHOW COLUMNS FROM `m_user` [ RunTime:0.0008s ]
SQL: SELECT * FROM `m_user` WHERE ( uid=4 ) LIMIT 1   [ RunTime:0.0003s ]
INFO: [ app_end ] --START--
INFO: Run Behavior\ShowPageTraceBehavior [ RunTime:0.000413s ]
INFO: [ app_end ] --END-- [ RunTime:0.000469s ]

[ 2015-10-09T15:42:23+08:00 ] 117.24.24.45 /index.php?s=/Public/checkpwd.html&oldpassword=2015
INFO: [ app_begin ] --START--
INFO: Run Behavior\ReadHtmlCacheBehavior [ RunTime:0.000498s ]
INFO: Run Behavior\CheckLangBehavior [ RunTime:0.000306s ]
INFO: [ app_begin ] --END-- [ RunTime:0.001112s ]
SQL: SHOW COLUMNS FROM `m_user` [ RunTime:0.0009s ]
SQL: SELECT * FROM `m_user` WHERE ( uid=4 ) LIMIT 1   [ RunTime:0.0003s ]
INFO: [ app_end ] --START--
INFO: Run Behavior\ShowPageTraceBehavior [ RunTime:0.000433s ]
INFO: [ app_end ] --END-- [ RunTime:0.000492s ]

[ 2015-10-09T15:42:23+08:00 ] 117.24.24.45 /index.php?s=/Public/checkpwd.html&oldpassword=20150
INFO: [ app_begin ] --START--
INFO: Run Behavior\ReadHtmlCacheBehavior [ RunTime:0.000327s ]
INFO: Run Behavior\CheckLangBehavior [ RunTime:0.000287s ]
INFO: [ app_begin ] --END-- [ RunTime:0.000910s ]
SQL: SHOW COLUMNS FROM `m_user` [ RunTime:0.0010s ]
SQL: SELECT * FROM `m_user` WHERE ( uid=4 ) LIMIT 1   [ RunTime:0.0004s ]
INFO: [ app_end ] --START--
INFO: Run Behavior\ShowPageTraceBehavior [ RunTime:0.000730s ]
INFO: [ app_end ] --END-- [ RunTime:0.000812s ]

[ 2015-10-09T15:42:24+08:00 ] 117.24.24.45 /index.php?s=/Public/checkpwd.html&oldpassword=201502
INFO: [ app_begin ] --START--
INFO: Run Behavior\ReadHtmlCacheBehavior [ RunTime:0.000526s ]
INFO: Run Behavior\CheckLangBehavior [ RunTime:0.000319s ]
INFO: [ app_begin ] --END-- [ RunTime:0.001149s ]
SQL: SHOW COLUMNS FROM `m_user` [ RunTime:0.0008s ]
SQL: SELECT * FROM `m_user` WHERE ( uid=4 ) LIMIT 1   [ RunTime:0.0003s ]
INFO: [ app_end ] --START--
INFO: Run Behavior\ShowPageTraceBehavior [ RunTime:0.000430s ]
INFO: [ app_end ] --END-- [ RunTime:0.000482s ]

[ 2015-10-09T15:42:24+08:00 ] 117.24.24.45 /index.php?s=/Public/checkpwd.html&oldpassword=2015021
INFO: [ app_begin ] --START--
INFO: Run Behavior\ReadHtmlCacheBehavior [ RunTime:0.000349s ]
INFO: Run Behavior\CheckLangBehavior [ RunTime:0.000272s ]
INFO: [ app_begin ] --END-- [ RunTime:0.000895s ]
SQL: SHOW COLUMNS FROM `m_user` [ RunTime:0.0009s ]
SQL: SELECT * FROM `m_user` WHERE ( uid=4 ) LIMIT 1   [ RunTime:0.0003s ]
INFO: [ app_end ] --START--
INFO: Run Behavior\ShowPageTraceBehavior [ RunTime:0.000504s ]
INFO: [ app_end ] --END-- [ RunTime:0.000562s ]

[ 2015-10-09T15:45:25+08:00 ] 117.24.24.45 /index.php?s=/Public/checkpwd.html
INFO: [ app_begin ] --START--
INFO: Run Behavior\ReadHtmlCacheBehavior [ RunTime:0.000326s ]
INFO: Run Behavior\CheckLangBehavior [ RunTime:0.000266s ]
INFO: [ app_begin ] --END-- [ RunTime:0.000957s ]
SQL: SHOW COLUMNS FROM `m_user` [ RunTime:0.0009s ]
SQL: SELECT * FROM `m_user` WHERE ( uid=4 ) LIMIT 1   [ RunTime:0.0003s ]
INFO: [ app_end ] --START--
INFO: Run Behavior\ShowPageTraceBehavior [ RunTime:0.000414s ]
INFO: [ app_end ] --END-- [ RunTime:0.000471s ]

[ 2015-10-09T15:45:33+08:00 ] 117.24.24.45 /index.php?s=/Public/checkpwd.html
INFO: [ app_begin ] --START--
INFO: Run Behavior\ReadHtmlCacheBehavior [ RunTime:0.000382s ]
INFO: Run Behavior\CheckLangBehavior [ RunTime:0.000313s ]
INFO: [ app_begin ] --END-- [ RunTime:0.000967s ]
SQL: SHOW COLUMNS FROM `m_user` [ RunTime:0.0009s ]
SQL: SELECT * FROM `m_user` WHERE ( uid=4 ) LIMIT 1   [ RunTime:0.0003s ]
INFO: [ app_end ] --START--
INFO: Run Behavior\ShowPageTraceBehavior [ RunTime:0.000476s ]
INFO: [ app_end ] --END-- [ RunTime:0.000535s ]

[ 2015-10-09T15:45:35+08:00 ] 117.24.24.45 /index.php?s=/Public/checkpwd.html
INFO: [ app_begin ] --START--
INFO: Run Behavior\ReadHtmlCacheBehavior [ RunTime:0.000329s ]
INFO: Run Behavior\CheckLangBehavior [ RunTime:0.000269s ]
INFO: [ app_begin ] --END-- [ RunTime:0.000902s ]
SQL: SHOW COLUMNS FROM `m_user` [ RunTime:0.0009s ]
SQL: SELECT * FROM `m_user` WHERE ( uid=4 ) LIMIT 1   [ RunTime:0.0003s ]
INFO: [ app_end ] --START--
INFO: Run Behavior\ShowPageTraceBehavior [ RunTime:0.000372s ]
INFO: [ app_end ] --END-- [ RunTime:0.000426s ]

[ 2015-10-09T15:45:40+08:00 ] 117.24.24.45 /index.php?s=/Public/checkpwd.html
INFO: [ app_begin ] --START--
INFO: Run Behavior\ReadHtmlCacheBehavior [ RunTime:0.000549s ]
INFO: Run Behavior\CheckLangBehavior [ RunTime:0.000427s ]
INFO: [ app_begin ] --END-- [ RunTime:0.001295s ]
SQL: SHOW COLUMNS FROM `m_user` [ RunTime:0.0013s ]
SQL: SELECT * FROM `m_user` WHERE ( uid=4 ) LIMIT 1   [ RunTime:0.0003s ]
INFO: [ app_end ] --START--
INFO: Run Behavior\ShowPageTraceBehavior [ RunTime:0.000505s ]
INFO: [ app_end ] --END-- [ RunTime:0.000600s ]

[ 2015-10-09T15:45:42+08:00 ] 117.24.24.45 /index.php?s=/Public/checkpwd.html
INFO: [ app_begin ] --START--
INFO: Run Behavior\ReadHtmlCacheBehavior [ RunTime:0.000322s ]
INFO: Run Behavior\CheckLangBehavior [ RunTime:0.000271s ]
INFO: [ app_begin ] --END-- [ RunTime:0.000921s ]
SQL: SHOW COLUMNS FROM `m_user` [ RunTime:0.0012s ]
SQL: SELECT * FROM `m_user` WHERE ( uid=4 ) LIMIT 1   [ RunTime:0.0003s ]
INFO: [ app_end ] --START--
INFO: Run Behavior\ShowPageTraceBehavior [ RunTime:0.000515s ]
INFO: [ app_end ] --END-- [ RunTime:0.000578s ]

[ 2015-10-09T15:45:42+08:00 ] 117.24.24.45 /index.php?s=/Public/checkpwd.html
INFO: [ app_begin ] --START--
INFO: Run Behavior\ReadHtmlCacheBehavior [ RunTime:0.000328s ]
INFO: Run Behavior\CheckLangBehavior [ RunTime:0.000297s ]
INFO: [ app_begin ] --END-- [ RunTime:0.000931s ]
SQL: SHOW COLUMNS FROM `m_user` [ RunTime:0.0010s ]
SQL: SELECT * FROM `m_user` WHERE ( uid=4 ) LIMIT 1   [ RunTime:0.0003s ]
INFO: [ app_end ] --START--
INFO: Run Behavior\ShowPageTraceBehavior [ RunTime:0.000526s ]
INFO: [ app_end ] --END-- [ RunTime:0.000591s ]

[ 2015-10-09T15:45:43+08:00 ] 117.24.24.45 /index.php?s=/Public/checkpwd.html
INFO: [ app_begin ] --START--
INFO: Run Behavior\ReadHtmlCacheBehavior [ RunTime:0.000338s ]
INFO: Run Behavior\CheckLangBehavior [ RunTime:0.000298s ]
INFO: [ app_begin ] --END-- [ RunTime:0.000933s ]
SQL: SHOW COLUMNS FROM `m_user` [ RunTime:0.0009s ]
SQL: SELECT * FROM `m_user` WHERE ( uid=4 ) LIMIT 1   [ RunTime:0.0003s ]
INFO: [ app_end ] --START--
INFO: Run Behavior\ShowPageTraceBehavior [ RunTime:0.000566s ]
INFO: [ app_end ] --END-- [ RunTime:0.000634s ]

[ 2015-10-09T15:45:46+08:00 ] 117.24.24.45 /index.php?s=/Public/checkpwd.html
INFO: [ app_begin ] --START--
INFO: Run Behavior\ReadHtmlCacheBehavior [ RunTime:0.000351s ]
INFO: Run Behavior\CheckLangBehavior [ RunTime:0.000268s ]
INFO: [ app_begin ] --END-- [ RunTime:0.000891s ]
SQL: SHOW COLUMNS FROM `m_user` [ RunTime:0.0010s ]
SQL: SELECT * FROM `m_user` WHERE ( uid=4 ) LIMIT 1   [ RunTime:0.0003s ]
INFO: [ app_end ] --START--
INFO: Run Behavior\ShowPageTraceBehavior [ RunTime:0.000451s ]
INFO: [ app_end ] --END-- [ RunTime:0.000510s ]

[ 2015-10-09T15:45:47+08:00 ] 117.24.24.45 /index.php?s=/Public/checkpwd.html
INFO: [ app_begin ] --START--
INFO: Run Behavior\ReadHtmlCacheBehavior [ RunTime:0.000325s ]
INFO: Run Behavior\CheckLangBehavior [ RunTime:0.000294s ]
INFO: [ app_begin ] --END-- [ RunTime:0.000893s ]
SQL: SHOW COLUMNS FROM `m_user` [ RunTime:0.0009s ]
SQL: SELECT * FROM `m_user` WHERE ( uid=4 ) LIMIT 1   [ RunTime:0.0003s ]
INFO: [ app_end ] --START--
INFO: Run Behavior\ShowPageTraceBehavior [ RunTime:0.000415s ]
INFO: [ app_end ] --END-- [ RunTime:0.000469s ]

[ 2015-10-09T15:45:47+08:00 ] 117.24.24.45 /index.php?s=/Public/checkpwd.html
INFO: [ app_begin ] --START--
INFO: Run Behavior\ReadHtmlCacheBehavior [ RunTime:0.000319s ]
INFO: Run Behavior\CheckLangBehavior [ RunTime:0.000267s ]
INFO: [ app_begin ] --END-- [ RunTime:0.000860s ]
SQL: SHOW COLUMNS FROM `m_user` [ RunTime:0.0009s ]
SQL: SELECT * FROM `m_user` WHERE ( uid=4 ) LIMIT 1   [ RunTime:0.0003s ]
INFO: [ app_end ] --START--
INFO: Run Behavior\ShowPageTraceBehavior [ RunTime:0.000627s ]
INFO: [ app_end ] --END-- [ RunTime:0.000716s ]

[ 2015-10-09T15:45:48+08:00 ] 117.24.24.45 /index.php?s=/Public/checkpwd.html
INFO: [ app_begin ] --START--
INFO: Run Behavior\ReadHtmlCacheBehavior [ RunTime:0.000330s ]
INFO: Run Behavior\CheckLangBehavior [ RunTime:0.000267s ]
INFO: [ app_begin ] --END-- [ RunTime:0.000889s ]
SQL: SHOW COLUMNS FROM `m_user` [ RunTime:0.0009s ]
SQL: SELECT * FROM `m_user` WHERE ( uid=4 ) LIMIT 1   [ RunTime:0.0003s ]
INFO: [ app_end ] --START--
INFO: Run Behavior\ShowPageTraceBehavior [ RunTime:0.000391s ]
INFO: [ app_end ] --END-- [ RunTime:0.000445s ]

[ 2015-10-09T15:45:50+08:00 ] 117.24.24.45 /index.php?s=/Public/checkpwd.html
INFO: [ app_begin ] --START--
INFO: Run Behavior\ReadHtmlCacheBehavior [ RunTime:0.000335s ]
INFO: Run Behavior\CheckLangBehavior [ RunTime:0.000298s ]
INFO: [ app_begin ] --END-- [ RunTime:0.000915s ]
SQL: SHOW COLUMNS FROM `m_user` [ RunTime:0.0008s ]
SQL: SELECT * FROM `m_user` WHERE ( uid=4 ) LIMIT 1   [ RunTime:0.0003s ]
INFO: [ app_end ] --START--
INFO: Run Behavior\ShowPageTraceBehavior [ RunTime:0.000452s ]
INFO: [ app_end ] --END-- [ RunTime:0.000512s ]

[ 2015-10-09T15:45:52+08:00 ] 117.24.24.45 /index.php?s=/Public/checkpwd.html
INFO: [ app_begin ] --START--
INFO: Run Behavior\ReadHtmlCacheBehavior [ RunTime:0.000367s ]
INFO: Run Behavior\CheckLangBehavior [ RunTime:0.000267s ]
INFO: [ app_begin ] --END-- [ RunTime:0.000932s ]
SQL: SHOW COLUMNS FROM `m_user` [ RunTime:0.0008s ]
SQL: SELECT * FROM `m_user` WHERE ( uid=4 ) LIMIT 1   [ RunTime:0.0003s ]
INFO: [ app_end ] --START--
INFO: Run Behavior\ShowPageTraceBehavior [ RunTime:0.000391s ]
INFO: [ app_end ] --END-- [ RunTime:0.000444s ]

[ 2015-10-09T15:46:14+08:00 ] 117.24.24.45 /index.php?s=/Public/checkpwd.html
INFO: [ app_begin ] --START--
INFO: Run Behavior\ReadHtmlCacheBehavior [ RunTime:0.000315s ]
INFO: Run Behavior\CheckLangBehavior [ RunTime:0.000298s ]
INFO: [ app_begin ] --END-- [ RunTime:0.000886s ]
SQL: SHOW COLUMNS FROM `m_user` [ RunTime:0.0010s ]
SQL: SELECT * FROM `m_user` WHERE ( uid=4 ) LIMIT 1   [ RunTime:0.0003s ]
INFO: [ app_end ] --START--
INFO: Run Behavior\ShowPageTraceBehavior [ RunTime:0.000488s ]
INFO: [ app_end ] --END-- [ RunTime:0.000543s ]

[ 2015-10-09T15:46:14+08:00 ] 117.24.24.45 /index.php?s=/Public/checkpwd.html
INFO: [ app_begin ] --START--
INFO: Run Behavior\ReadHtmlCacheBehavior [ RunTime:0.000460s ]
INFO: Run Behavior\CheckLangBehavior [ RunTime:0.000292s ]
INFO: [ app_begin ] --END-- [ RunTime:0.001169s ]
SQL: SHOW COLUMNS FROM `m_user` [ RunTime:0.0009s ]
SQL: SELECT * FROM `m_user` WHERE ( uid=4 ) LIMIT 1   [ RunTime:0.0003s ]
INFO: [ app_end ] --START--
INFO: Run Behavior\ShowPageTraceBehavior [ RunTime:0.000648s ]
INFO: [ app_end ] --END-- [ RunTime:0.000734s ]

[ 2015-10-09T15:46:16+08:00 ] 117.24.24.45 /index.php?s=/Public/checkpwd.html
INFO: [ app_begin ] --START--
INFO: Run Behavior\ReadHtmlCacheBehavior [ RunTime:0.000320s ]
INFO: Run Behavior\CheckLangBehavior [ RunTime:0.000267s ]
INFO: [ app_begin ] --END-- [ RunTime:0.000895s ]
SQL: SHOW COLUMNS FROM `m_user` [ RunTime:0.0015s ]
SQL: SELECT * FROM `m_user` WHERE ( uid=4 ) LIMIT 1   [ RunTime:0.0004s ]
INFO: [ app_end ] --START--
INFO: Run Behavior\ShowPageTraceBehavior [ RunTime:0.000855s ]
INFO: [ app_end ] --END-- [ RunTime:0.000956s ]

[ 2015-10-09T15:46:16+08:00 ] 117.24.24.45 /index.php?s=/Public/checkpwd.html
INFO: [ app_begin ] --START--
INFO: Run Behavior\ReadHtmlCacheBehavior [ RunTime:0.000314s ]
INFO: Run Behavior\CheckLangBehavior [ RunTime:0.000287s ]
INFO: [ app_begin ] --END-- [ RunTime:0.000873s ]
SQL: SHOW COLUMNS FROM `m_user` [ RunTime:0.0009s ]
SQL: SELECT * FROM `m_user` WHERE ( uid=4 ) LIMIT 1   [ RunTime:0.0003s ]
INFO: [ app_end ] --START--
INFO: Run Behavior\ShowPageTraceBehavior [ RunTime:0.000480s ]
INFO: [ app_end ] --END-- [ RunTime:0.000544s ]

[ 2015-10-09T15:46:17+08:00 ] 117.24.24.45 /index.php?s=/Public/checkpwd.html
INFO: [ app_begin ] --START--
INFO: Run Behavior\ReadHtmlCacheBehavior [ RunTime:0.000323s ]
INFO: Run Behavior\CheckLangBehavior [ RunTime:0.000294s ]
INFO: [ app_begin ] --END-- [ RunTime:0.000886s ]
SQL: SHOW COLUMNS FROM `m_user` [ RunTime:0.0008s ]
SQL: SELECT * FROM `m_user` WHERE ( uid=4 ) LIMIT 1   [ RunTime:0.0003s ]
INFO: [ app_end ] --START--
INFO: Run Behavior\ShowPageTraceBehavior [ RunTime:0.000678s ]
INFO: [ app_end ] --END-- [ RunTime:0.000746s ]

[ 2015-10-09T15:46:18+08:00 ] 117.24.24.45 /index.php?s=/Public/checkpwd.html
INFO: [ app_begin ] --START--
INFO: Run Behavior\ReadHtmlCacheBehavior [ RunTime:0.000338s ]
INFO: Run Behavior\CheckLangBehavior [ RunTime:0.000276s ]
INFO: [ app_begin ] --END-- [ RunTime:0.000899s ]
SQL: SHOW COLUMNS FROM `m_user` [ RunTime:0.0009s ]
SQL: SELECT * FROM `m_user` WHERE ( uid=4 ) LIMIT 1   [ RunTime:0.0003s ]
INFO: [ app_end ] --START--
INFO: Run Behavior\ShowPageTraceBehavior [ RunTime:0.000468s ]
INFO: [ app_end ] --END-- [ RunTime:0.000526s ]

[ 2015-10-09T15:46:19+08:00 ] 117.24.24.45 /index.php?s=/Public/checkpwd.html
INFO: [ app_begin ] --START--
INFO: Run Behavior\ReadHtmlCacheBehavior [ RunTime:0.000320s ]
INFO: Run Behavior\CheckLangBehavior [ RunTime:0.000293s ]
INFO: [ app_begin ] --END-- [ RunTime:0.000887s ]
SQL: SHOW COLUMNS FROM `m_user` [ RunTime:0.0010s ]
SQL: SELECT * FROM `m_user` WHERE ( uid=4 ) LIMIT 1   [ RunTime:0.0003s ]
INFO: [ app_end ] --START--
INFO: Run Behavior\ShowPageTraceBehavior [ RunTime:0.000454s ]
INFO: [ app_end ] --END-- [ RunTime:0.000511s ]

[ 2015-10-09T15:46:19+08:00 ] 117.24.24.45 /index.php?s=/Public/checkpwd.html
INFO: [ app_begin ] --START--
INFO: Run Behavior\ReadHtmlCacheBehavior [ RunTime:0.000341s ]
INFO: Run Behavior\CheckLangBehavior [ RunTime:0.000342s ]
INFO: [ app_begin ] --END-- [ RunTime:0.000980s ]
SQL: SHOW COLUMNS FROM `m_user` [ RunTime:0.0009s ]
SQL: SELECT * FROM `m_user` WHERE ( uid=4 ) LIMIT 1   [ RunTime:0.0003s ]
INFO: [ app_end ] --START--
INFO: Run Behavior\ShowPageTraceBehavior [ RunTime:0.000447s ]
INFO: [ app_end ] --END-- [ RunTime:0.000506s ]

[ 2015-10-09T15:49:32+08:00 ] 117.24.24.45 /index.php?s=/Public/checkpwd.html
INFO: [ app_begin ] --START--
INFO: Run Behavior\ReadHtmlCacheBehavior [ RunTime:0.000542s ]
INFO: Run Behavior\CheckLangBehavior [ RunTime:0.000450s ]
INFO: [ app_begin ] --END-- [ RunTime:0.001400s ]
SQL: SHOW COLUMNS FROM `m_user` [ RunTime:0.0010s ]
SQL: SELECT * FROM `m_user` WHERE ( uid=4 ) LIMIT 1   [ RunTime:0.0003s ]
INFO: [ app_end ] --START--
INFO: Run Behavior\ShowPageTraceBehavior [ RunTime:0.000469s ]
INFO: [ app_end ] --END-- [ RunTime:0.000532s ]

[ 2015-10-09T15:49:38+08:00 ] 117.24.24.45 /index.php?s=/Public/checkpwd.html
INFO: [ app_begin ] --START--
INFO: Run Behavior\ReadHtmlCacheBehavior [ RunTime:0.000346s ]
INFO: Run Behavior\CheckLangBehavior [ RunTime:0.000267s ]
INFO: [ app_begin ] --END-- [ RunTime:0.000892s ]
SQL: SHOW COLUMNS FROM `m_user` [ RunTime:0.0009s ]
SQL: SELECT * FROM `m_user` WHERE ( uid=4 ) LIMIT 1   [ RunTime:0.0003s ]
INFO: [ app_end ] --START--
INFO: Run Behavior\ShowPageTraceBehavior [ RunTime:0.000634s ]
INFO: [ app_end ] --END-- [ RunTime:0.000697s ]

[ 2015-10-09T15:49:38+08:00 ] 117.24.24.45 /index.php?s=/Public/checkpwd.html
INFO: [ app_begin ] --START--
INFO: Run Behavior\ReadHtmlCacheBehavior [ RunTime:0.000319s ]
INFO: Run Behavior\CheckLangBehavior [ RunTime:0.000291s ]
INFO: [ app_begin ] --END-- [ RunTime:0.000908s ]
SQL: SHOW COLUMNS FROM `m_user` [ RunTime:0.0012s ]
SQL: SELECT * FROM `m_user` WHERE ( uid=4 ) LIMIT 1   [ RunTime:0.0003s ]
INFO: [ app_end ] --START--
INFO: Run Behavior\ShowPageTraceBehavior [ RunTime:0.000449s ]
INFO: [ app_end ] --END-- [ RunTime:0.000523s ]

[ 2015-10-09T15:49:38+08:00 ] 117.24.24.45 /index.php?s=/Public/checkpwd.html
INFO: [ app_begin ] --START--
INFO: Run Behavior\ReadHtmlCacheBehavior [ RunTime:0.000357s ]
INFO: Run Behavior\CheckLangBehavior [ RunTime:0.000282s ]
INFO: [ app_begin ] --END-- [ RunTime:0.000983s ]
SQL: SHOW COLUMNS FROM `m_user` [ RunTime:0.0009s ]
SQL: SELECT * FROM `m_user` WHERE ( uid=4 ) LIMIT 1   [ RunTime:0.0003s ]
INFO: [ app_end ] --START--
INFO: Run Behavior\ShowPageTraceBehavior [ RunTime:0.000436s ]
INFO: [ app_end ] --END-- [ RunTime:0.000498s ]

[ 2015-10-09T15:49:38+08:00 ] 117.24.24.45 /index.php?s=/Public/checkpwd.html
INFO: [ app_begin ] --START--
INFO: Run Behavior\ReadHtmlCacheBehavior [ RunTime:0.000562s ]
INFO: Run Behavior\CheckLangBehavior [ RunTime:0.000445s ]
INFO: [ app_begin ] --END-- [ RunTime:0.001452s ]
SQL: SHOW COLUMNS FROM `m_user` [ RunTime:0.0009s ]
SQL: SELECT * FROM `m_user` WHERE ( uid=4 ) LIMIT 1   [ RunTime:0.0003s ]
INFO: [ app_end ] --START--
INFO: Run Behavior\ShowPageTraceBehavior [ RunTime:0.000570s ]
INFO: [ app_end ] --END-- [ RunTime:0.000629s ]

[ 2015-10-09T15:49:39+08:00 ] 117.24.24.45 /index.php?s=/Public/checkpwd.html
INFO: [ app_begin ] --START--
INFO: Run Behavior\ReadHtmlCacheBehavior [ RunTime:0.000366s ]
INFO: Run Behavior\CheckLangBehavior [ RunTime:0.000262s ]
INFO: [ app_begin ] --END-- [ RunTime:0.000926s ]
SQL: SHOW COLUMNS FROM `m_user` [ RunTime:0.0009s ]
SQL: SELECT * FROM `m_user` WHERE ( uid=4 ) LIMIT 1   [ RunTime:0.0003s ]
INFO: [ app_end ] --START--
INFO: Run Behavior\ShowPageTraceBehavior [ RunTime:0.000390s ]
INFO: [ app_end ] --END-- [ RunTime:0.000454s ]

[ 2015-10-09T15:49:39+08:00 ] 117.24.24.45 /index.php?s=/Public/checkpwd.html
INFO: [ app_begin ] --START--
INFO: Run Behavior\ReadHtmlCacheBehavior [ RunTime:0.000326s ]
INFO: Run Behavior\CheckLangBehavior [ RunTime:0.000290s ]
INFO: [ app_begin ] --END-- [ RunTime:0.000893s ]
SQL: SHOW COLUMNS FROM `m_user` [ RunTime:0.0009s ]
SQL: SELECT * FROM `m_user` WHERE ( uid=4 ) LIMIT 1   [ RunTime:0.0003s ]
INFO: [ app_end ] --START--
INFO: Run Behavior\ShowPageTraceBehavior [ RunTime:0.000427s ]
INFO: [ app_end ] --END-- [ RunTime:0.000484s ]

[ 2015-10-09T15:49:42+08:00 ] 117.24.24.45 /index.php?s=/Public/checkpwd.html
INFO: [ app_begin ] --START--
INFO: Run Behavior\ReadHtmlCacheBehavior [ RunTime:0.000322s ]
INFO: Run Behavior\CheckLangBehavior [ RunTime:0.000327s ]
INFO: [ app_begin ] --END-- [ RunTime:0.000923s ]
SQL: SHOW COLUMNS FROM `m_user` [ RunTime:0.0009s ]
SQL: SELECT * FROM `m_user` WHERE ( uid=4 ) LIMIT 1   [ RunTime:0.0003s ]
INFO: [ app_end ] --START--
INFO: Run Behavior\ShowPageTraceBehavior [ RunTime:0.000460s ]
INFO: [ app_end ] --END-- [ RunTime:0.000524s ]

[ 2015-10-09T15:49:42+08:00 ] 117.24.24.45 /index.php?s=/Public/checkpwd.html
INFO: [ app_begin ] --START--
INFO: Run Behavior\ReadHtmlCacheBehavior [ RunTime:0.000346s ]
INFO: Run Behavior\CheckLangBehavior [ RunTime:0.000264s ]
INFO: [ app_begin ] --END-- [ RunTime:0.000887s ]
SQL: SHOW COLUMNS FROM `m_user` [ RunTime:0.0009s ]
SQL: SELECT * FROM `m_user` WHERE ( uid=4 ) LIMIT 1   [ RunTime:0.0003s ]
INFO: [ app_end ] --START--
INFO: Run Behavior\ShowPageTraceBehavior [ RunTime:0.000468s ]
INFO: [ app_end ] --END-- [ RunTime:0.000528s ]

[ 2015-10-09T15:49:43+08:00 ] 117.24.24.45 /index.php?s=/Public/checkpwd.html
INFO: [ app_begin ] --START--
INFO: Run Behavior\ReadHtmlCacheBehavior [ RunTime:0.000317s ]
INFO: Run Behavior\CheckLangBehavior [ RunTime:0.000261s ]
INFO: [ app_begin ] --END-- [ RunTime:0.000871s ]
SQL: SHOW COLUMNS FROM `m_user` [ RunTime:0.0008s ]
SQL: SELECT * FROM `m_user` WHERE ( uid=4 ) LIMIT 1   [ RunTime:0.0003s ]
INFO: [ app_end ] --START--
INFO: Run Behavior\ShowPageTraceBehavior [ RunTime:0.000387s ]
INFO: [ app_end ] --END-- [ RunTime:0.000445s ]

[ 2015-10-09T15:49:44+08:00 ] 117.24.24.45 /index.php?s=/Public/checkpwd.html
INFO: [ app_begin ] --START--
INFO: Run Behavior\ReadHtmlCacheBehavior [ RunTime:0.000328s ]
INFO: Run Behavior\CheckLangBehavior [ RunTime:0.000269s ]
INFO: [ app_begin ] --END-- [ RunTime:0.000905s ]
SQL: SHOW COLUMNS FROM `m_user` [ RunTime:0.0009s ]
SQL: SELECT * FROM `m_user` WHERE ( uid=4 ) LIMIT 1   [ RunTime:0.0003s ]
INFO: [ app_end ] --START--
INFO: Run Behavior\ShowPageTraceBehavior [ RunTime:0.000445s ]
INFO: [ app_end ] --END-- [ RunTime:0.000504s ]

[ 2015-10-09T15:49:45+08:00 ] 117.24.24.45 /index.php?s=/Public/checkpwd.html
INFO: [ app_begin ] --START--
INFO: Run Behavior\ReadHtmlCacheBehavior [ RunTime:0.000378s ]
INFO: Run Behavior\CheckLangBehavior [ RunTime:0.000279s ]
INFO: [ app_begin ] --END-- [ RunTime:0.000997s ]
SQL: SHOW COLUMNS FROM `m_user` [ RunTime:0.0008s ]
SQL: SELECT * FROM `m_user` WHERE ( uid=4 ) LIMIT 1   [ RunTime:0.0003s ]
INFO: [ app_end ] --START--
INFO: Run Behavior\ShowPageTraceBehavior [ RunTime:0.000394s ]
INFO: [ app_end ] --END-- [ RunTime:0.000446s ]

[ 2015-10-09T15:49:45+08:00 ] 117.24.24.45 /index.php?s=/Public/checkpwd.html
INFO: [ app_begin ] --START--
INFO: Run Behavior\ReadHtmlCacheBehavior [ RunTime:0.000335s ]
INFO: Run Behavior\CheckLangBehavior [ RunTime:0.000344s ]
INFO: [ app_begin ] --END-- [ RunTime:0.000974s ]
SQL: SHOW COLUMNS FROM `m_user` [ RunTime:0.0009s ]
SQL: SELECT * FROM `m_user` WHERE ( uid=4 ) LIMIT 1   [ RunTime:0.0004s ]
INFO: [ app_end ] --START--
INFO: Run Behavior\ShowPageTraceBehavior [ RunTime:0.000438s ]
INFO: [ app_end ] --END-- [ RunTime:0.000502s ]

[ 2015-10-09T15:52:18+08:00 ] 117.24.24.45 /index.php?s=/Public/checkpwd.html
INFO: [ app_begin ] --START--
INFO: Run Behavior\ReadHtmlCacheBehavior [ RunTime:0.000342s ]
INFO: Run Behavior\CheckLangBehavior [ RunTime:0.000266s ]
INFO: [ app_begin ] --END-- [ RunTime:0.000910s ]
SQL: SHOW COLUMNS FROM `m_user` [ RunTime:0.0009s ]
SQL: SELECT * FROM `m_user` WHERE ( uid=4 ) LIMIT 1   [ RunTime:0.0003s ]
INFO: [ app_end ] --START--
INFO: Run Behavior\ShowPageTraceBehavior [ RunTime:0.000397s ]
INFO: [ app_end ] --END-- [ RunTime:0.000453s ]

[ 2015-10-09T15:53:24+08:00 ] 117.24.24.45 /index.php?s=/Public/checkpwd.html
INFO: [ app_begin ] --START--
INFO: Run Behavior\ReadHtmlCacheBehavior [ RunTime:0.000327s ]
INFO: Run Behavior\CheckLangBehavior [ RunTime:0.000356s ]
INFO: [ app_begin ] --END-- [ RunTime:0.000960s ]
SQL: SHOW COLUMNS FROM `m_user` [ RunTime:0.0009s ]
SQL: SELECT * FROM `m_user` WHERE ( uid=1 ) LIMIT 1   [ RunTime:0.0003s ]
INFO: [ app_end ] --START--
INFO: Run Behavior\ShowPageTraceBehavior [ RunTime:0.000473s ]
INFO: [ app_end ] --END-- [ RunTime:0.000534s ]

[ 2015-10-09T15:53:27+08:00 ] 117.24.24.45 /index.php?s=/Public/checkpwd.html
INFO: [ app_begin ] --START--
INFO: Run Behavior\ReadHtmlCacheBehavior [ RunTime:0.000337s ]
INFO: Run Behavior\CheckLangBehavior [ RunTime:0.000270s ]
INFO: [ app_begin ] --END-- [ RunTime:0.000936s ]
SQL: SHOW COLUMNS FROM `m_user` [ RunTime:0.0008s ]
SQL: SELECT * FROM `m_user` WHERE ( uid=1 ) LIMIT 1   [ RunTime:0.0003s ]
INFO: [ app_end ] --START--
INFO: Run Behavior\ShowPageTraceBehavior [ RunTime:0.000384s ]
INFO: [ app_end ] --END-- [ RunTime:0.000437s ]

[ 2015-10-09T15:53:29+08:00 ] 117.24.24.45 /index.php?s=/Public/checkpwd.html
INFO: [ app_begin ] --START--
INFO: Run Behavior\ReadHtmlCacheBehavior [ RunTime:0.000342s ]
INFO: Run Behavior\CheckLangBehavior [ RunTime:0.000268s ]
INFO: [ app_begin ] --END-- [ RunTime:0.000883s ]
SQL: SHOW COLUMNS FROM `m_user` [ RunTime:0.0010s ]
SQL: SELECT * FROM `m_user` WHERE ( uid=1 ) LIMIT 1   [ RunTime:0.0004s ]
INFO: [ app_end ] --START--
INFO: Run Behavior\ShowPageTraceBehavior [ RunTime:0.000516s ]
INFO: [ app_end ] --END-- [ RunTime:0.000588s ]

[ 2015-10-09T15:53:30+08:00 ] 117.24.24.45 /index.php?s=/Public/checkpwd.html
INFO: [ app_begin ] --START--
INFO: Run Behavior\ReadHtmlCacheBehavior [ RunTime:0.000351s ]
INFO: Run Behavior\CheckLangBehavior [ RunTime:0.000266s ]
INFO: [ app_begin ] --END-- [ RunTime:0.000890s ]
SQL: SHOW COLUMNS FROM `m_user` [ RunTime:0.0013s ]
SQL: SELECT * FROM `m_user` WHERE ( uid=1 ) LIMIT 1   [ RunTime:0.0004s ]
INFO: [ app_end ] --START--
INFO: Run Behavior\ShowPageTraceBehavior [ RunTime:0.000738s ]
INFO: [ app_end ] --END-- [ RunTime:0.000830s ]

[ 2015-10-09T16:02:56+08:00 ] 117.24.24.45 /index.php?s=/Public/checkpwd.html
INFO: [ app_begin ] --START--
INFO: Run Behavior\ReadHtmlCacheBehavior [ RunTime:0.000353s ]
INFO: Run Behavior\CheckLangBehavior [ RunTime:0.000299s ]
INFO: [ app_begin ] --END-- [ RunTime:0.000929s ]
SQL: SHOW COLUMNS FROM `m_user` [ RunTime:0.0009s ]
SQL: SELECT * FROM `m_user` WHERE ( uid=1 ) LIMIT 1   [ RunTime:0.0003s ]
INFO: [ app_end ] --START--
INFO: Run Behavior\ShowPageTraceBehavior [ RunTime:0.000436s ]
INFO: [ app_end ] --END-- [ RunTime:0.000494s ]

[ 2015-10-09T16:02:59+08:00 ] 117.24.24.45 /index.php?s=/Public/checkpwd.html
INFO: [ app_begin ] --START--
INFO: Run Behavior\ReadHtmlCacheBehavior [ RunTime:0.000358s ]
INFO: Run Behavior\CheckLangBehavior [ RunTime:0.000292s ]
INFO: [ app_begin ] --END-- [ RunTime:0.000920s ]
SQL: SHOW COLUMNS FROM `m_user` [ RunTime:0.0009s ]
SQL: SELECT * FROM `m_user` WHERE ( uid=1 ) LIMIT 1   [ RunTime:0.0003s ]
INFO: [ app_end ] --START--
INFO: Run Behavior\ShowPageTraceBehavior [ RunTime:0.000581s ]
INFO: [ app_end ] --END-- [ RunTime:0.000639s ]

[ 2015-10-09T16:02:59+08:00 ] 117.24.24.45 /index.php?s=/Public/checkpwd.html
INFO: [ app_begin ] --START--
INFO: Run Behavior\ReadHtmlCacheBehavior [ RunTime:0.000316s ]
INFO: Run Behavior\CheckLangBehavior [ RunTime:0.000264s ]
INFO: [ app_begin ] --END-- [ RunTime:0.000849s ]
SQL: SHOW COLUMNS FROM `m_user` [ RunTime:0.0009s ]
SQL: SELECT * FROM `m_user` WHERE ( uid=1 ) LIMIT 1   [ RunTime:0.0003s ]
INFO: [ app_end ] --START--
INFO: Run Behavior\ShowPageTraceBehavior [ RunTime:0.000504s ]
INFO: [ app_end ] --END-- [ RunTime:0.000562s ]

[ 2015-10-09T16:15:39+08:00 ] 117.24.24.45 /index.php?s=/Auth/changeRoleStatus.html
INFO: [ app_begin ] --START--
INFO: Run Behavior\ReadHtmlCacheBehavior [ RunTime:0.000352s ]
INFO: Run Behavior\CheckLangBehavior [ RunTime:0.000296s ]
INFO: [ app_begin ] --END-- [ RunTime:0.000934s ]
SQL: SHOW COLUMNS FROM `m_auth_group_access` [ RunTime:0.0006s ]
SQL: SELECT `uid`,`group_id`,`title`,`rules` FROM m_auth_group_access a INNER JOIN m_auth_group g on a.group_id=g.id  WHERE ( a.uid='1' and g.status='1' )  [ RunTime:0.0003s ]
SQL: SHOW COLUMNS FROM `m_auth_rule` [ RunTime:0.0005s ]
SQL: SELECT `condition`,`name` FROM `m_auth_rule` WHERE `id` IN ('1','2','3','4','5','6','7','13','8','9','14','10','11','12') AND `type` = 1 AND `status` = 1  [ RunTime:0.0003s ]

[ 2015-10-09T16:15:57+08:00 ] 117.24.24.45 /index.php?s=/Auth/changeRoleStatus.html
INFO: [ app_begin ] --START--
INFO: Run Behavior\ReadHtmlCacheBehavior [ RunTime:0.000352s ]
INFO: Run Behavior\CheckLangBehavior [ RunTime:0.000270s ]
INFO: [ app_begin ] --END-- [ RunTime:0.000900s ]
SQL: SHOW COLUMNS FROM `m_auth_group` [ RunTime:0.0010s ]
SQL: UPDATE `m_auth_group` SET `status`='0' WHERE `id` = 1 [ RunTime:0.0003s ]

[ 2015-10-09T16:16:00+08:00 ] 117.24.24.45 /index.php?s=/Auth/changeRoleStatus.html
INFO: [ app_begin ] --START--
INFO: Run Behavior\ReadHtmlCacheBehavior [ RunTime:0.000355s ]
INFO: Run Behavior\CheckLangBehavior [ RunTime:0.000268s ]
INFO: [ app_begin ] --END-- [ RunTime:0.000901s ]
SQL: SHOW COLUMNS FROM `m_auth_group` [ RunTime:0.0007s ]
SQL: UPDATE `m_auth_group` SET `status`='1' WHERE `id` = 1 [ RunTime:0.0003s ]

[ 2015-10-09T17:53:30+08:00 ] 117.24.24.45 /index.php?s=/Public/changepwd.html
INFO: [ app_begin ] --START--
INFO: Run Behavior\ReadHtmlCacheBehavior [ RunTime:0.000368s ]
INFO: Run Behavior\CheckLangBehavior [ RunTime:0.000264s ]
INFO: [ app_begin ] --END-- [ RunTime:0.000907s ]
SQL: SHOW COLUMNS FROM `m_user` [ RunTime:0.0009s ]
SQL: SELECT * FROM `m_user` WHERE ( uid=4 ) LIMIT 1   [ RunTime:0.0003s ]
SQL: UPDATE `m_user` SET `password`='7fa8282ad93047a4d6fe6111c93b308a' WHERE ( uid=4 ) [ RunTime:0.0860s ]

[ 2015-10-09T17:53:43+08:00 ] 117.24.24.45 /index.php?s=/Public/changepwd.html
INFO: [ app_begin ] --START--
INFO: Run Behavior\ReadHtmlCacheBehavior [ RunTime:0.000325s ]
INFO: Run Behavior\CheckLangBehavior [ RunTime:0.000270s ]
INFO: [ app_begin ] --END-- [ RunTime:0.000908s ]
SQL: SHOW COLUMNS FROM `m_user` [ RunTime:0.0009s ]
SQL: SELECT * FROM `m_user` WHERE ( uid=4 ) LIMIT 1   [ RunTime:0.0003s ]

[ 2015-10-09T17:54:14+08:00 ] 117.24.24.45 /index.php?s=/Public/changepwd.html
INFO: [ app_begin ] --START--
INFO: Run Behavior\ReadHtmlCacheBehavior [ RunTime:0.000449s ]
INFO: Run Behavior\CheckLangBehavior [ RunTime:0.000301s ]
INFO: [ app_begin ] --END-- [ RunTime:0.001053s ]
SQL: SHOW COLUMNS FROM `m_user` [ RunTime:0.0010s ]
SQL: SELECT * FROM `m_user` WHERE ( uid=4 ) LIMIT 1   [ RunTime:0.0003s ]
SQL: UPDATE `m_user` SET `password`='cb3bf8ea6d5e1ed288b9a825043ed011' WHERE ( uid=4 ) [ RunTime:0.0232s ]

[ 2015-10-09T17:55:53+08:00 ] 117.24.24.45 /index.php?s=/Public/changepwd.html
INFO: [ app_begin ] --START--
INFO: Run Behavior\ReadHtmlCacheBehavior [ RunTime:0.000316s ]
INFO: Run Behavior\CheckLangBehavior [ RunTime:0.000266s ]
INFO: [ app_begin ] --END-- [ RunTime:0.000859s ]
SQL: SHOW COLUMNS FROM `m_user` [ RunTime:0.0009s ]
SQL: SELECT * FROM `m_user` WHERE ( uid=4 ) LIMIT 1   [ RunTime:0.0003s ]

[ 2015-10-09T17:59:21+08:00 ] 117.24.24.45 /index.php?s=/Upcard/lists.html
ERR: 模板不存在:./Application/Staff/View/Upcard/lists.html

