[ 2015-10-07T10:00:08+08:00 ] 117.24.165.34 /index.php?s=/upcard/lists.html
ERR: 模板不存在:./Application/Staff/View/Upcard/lists.html

[ 2015-10-07T11:53:44+08:00 ] 117.24.24.45 /index.php?s=/Auth/group/uid/3.html
ERR: 模板不存在:./Application/Staff/View/Auth/group.html

[ 2015-10-07T11:53:44+08:00 ] 117.24.24.45 /index.php?s=/Auth/group/uid/3.html
ERR: 模板不存在:./Application/Staff/View/Auth/group.html

[ 2015-10-07T11:53:59+08:00 ] 117.24.24.45 /index.php?s=/Auth/group/uid/3.html
ERR: 模板不存在:./Application/Staff/View/Auth/group.html

[ 2015-10-07T11:54:00+08:00 ] 117.24.24.45 /index.php?s=/Auth/group/uid/3.html
ERR: 模板不存在:./Application/Staff/View/Auth/group.html

[ 2015-10-07T11:55:06+08:00 ] 117.24.24.45 /index.php?s=/Auth/group/uid/3.html
ERR: 模板不存在:./Application/Staff/View/Auth/group.html

[ 2015-10-07T11:55:06+08:00 ] 117.24.24.45 /index.php?s=/Auth/group/uid/3.html
ERR: 模板不存在:./Application/Staff/View/Auth/group.html

[ 2015-10-07T13:42:58+08:00 ] 117.24.24.45 /index.php?s=/upcard/lists.html
ERR: 模板不存在:./Application/Staff/View/Upcard/lists.html

[ 2015-10-07T14:09:20+08:00 ] 117.24.24.45 /index.php?s=/upcard/lists.html
ERR: 模板不存在:./Application/Staff/View/Upcard/lists.html

[ 2015-10-07T14:09:20+08:00 ] 117.24.24.45 /index.php?s=/upcard/lists.html
ERR: 模板不存在:./Application/Staff/View/Upcard/lists.html

[ 2015-10-07T14:19:47+08:00 ] 117.24.24.45 /index.php?s=/Out/signUp.html
INFO: [ app_begin ] --START--
INFO: Run Behavior\ReadHtmlCacheBehavior [ RunTime:0.000323s ]
INFO: Run Behavior\CheckLangBehavior [ RunTime:0.000269s ]
INFO: [ app_begin ] --END-- [ RunTime:0.000901s ]
SQL: SHOW COLUMNS FROM `m_outform` [ RunTime:0.0010s ]
SQL: INSERT INTO `m_outform` (`uid`,`signDate`,`startDate`,`expectedTime`,`outReason`,`createTime`) VALUES ('0','0','1444579200','2h','fdf','1444198787') [ RunTime:0.0414s ]

[ 2015-10-07T14:36:26+08:00 ] 117.24.24.45 /index.php?s=/Auth/addModules.html
INFO: [ app_begin ] --START--
INFO: Run Behavior\ReadHtmlCacheBehavior [ RunTime:0.000358s ]
INFO: Run Behavior\CheckLangBehavior [ RunTime:0.000272s ]
INFO: [ app_begin ] --END-- [ RunTime:0.000913s ]
SQL: SHOW COLUMNS FROM `m_modules` [ RunTime:0.0008s ]
SQL: INSERT INTO `m_modules` (`modules_name`,`link`,`sort`) VALUES ('用户管理','Staff/User/lists','10') [ RunTime:0.0511s ]

[ 2015-10-07T14:37:16+08:00 ] 117.24.24.45 /index.php?s=/Auth/addModules.html
INFO: [ app_begin ] --START--
INFO: Run Behavior\ReadHtmlCacheBehavior [ RunTime:0.000315s ]
INFO: Run Behavior\CheckLangBehavior [ RunTime:0.000289s ]
INFO: [ app_begin ] --END-- [ RunTime:0.000896s ]
SQL: SHOW COLUMNS FROM `m_modules` [ RunTime:0.0007s ]
SQL: INSERT INTO `m_modules` (`modules_name`,`link`,`sort`) VALUES ('权限管理','Staff/Auth/index','11') [ RunTime:0.0231s ]

[ 2015-10-07T14:38:05+08:00 ] 117.24.24.45 /index.php?s=/Auth/addModules.html
INFO: [ app_begin ] --START--
INFO: Run Behavior\ReadHtmlCacheBehavior [ RunTime:0.000403s ]
INFO: Run Behavior\CheckLangBehavior [ RunTime:0.000294s ]
INFO: [ app_begin ] --END-- [ RunTime:0.001004s ]
SQL: SHOW COLUMNS FROM `m_modules` [ RunTime:0.0008s ]
SQL: INSERT INTO `m_modules` (`modules_name`,`link`,`sort`) VALUES ('补卡管理','Staff/Upcard/lists','9') [ RunTime:0.0220s ]

[ 2015-10-07T14:39:41+08:00 ] 117.24.24.45 /index.php?s=/Auth/addNode.html
INFO: [ app_begin ] --START--
INFO: Run Behavior\ReadHtmlCacheBehavior [ RunTime:0.000319s ]
INFO: Run Behavior\CheckLangBehavior [ RunTime:0.000265s ]
INFO: [ app_begin ] --END-- [ RunTime:0.000868s ]
SQL: SHOW COLUMNS FROM `m_auth_rule` [ RunTime:0.0008s ]
SQL: INSERT INTO `m_auth_rule` (`name`,`title`,`status`,`condition`,`type`,`mid`) VALUES ('用户列表','Staff/User/index','1','','1','1') [ RunTime:0.0003s ]

[ 2015-10-07T14:40:02+08:00 ] 117.24.24.45 /index.php?s=/Auth/addNode.html
INFO: [ app_begin ] --START--
INFO: Run Behavior\ReadHtmlCacheBehavior [ RunTime:0.000339s ]
INFO: Run Behavior\CheckLangBehavior [ RunTime:0.000293s ]
INFO: [ app_begin ] --END-- [ RunTime:0.000939s ]
SQL: SHOW COLUMNS FROM `m_auth_rule` [ RunTime:0.0009s ]
SQL: INSERT INTO `m_auth_rule` (`name`,`title`,`status`,`condition`,`type`,`mid`) VALUES ('添加用户','Staff/User/addUser','1','','1','1') [ RunTime:0.0003s ]

[ 2015-10-07T14:42:30+08:00 ] 117.24.24.45 /index.php?s=/Auth/addNode.html
INFO: [ app_begin ] --START--
INFO: Run Behavior\ReadHtmlCacheBehavior [ RunTime:0.000336s ]
INFO: Run Behavior\CheckLangBehavior [ RunTime:0.000272s ]
INFO: [ app_begin ] --END-- [ RunTime:0.000933s ]
SQL: SHOW COLUMNS FROM `m_auth_rule` [ RunTime:0.0012s ]
SQL: INSERT INTO `m_auth_rule` (`name`,`title`,`status`,`condition`,`type`,`mid`) VALUES ('角色列表','Staff/Auth/index','1','','1','2') [ RunTime:0.0004s ]

[ 2015-10-07T14:42:58+08:00 ] 117.24.24.45 /index.php?s=/Auth/addNode.html
INFO: [ app_begin ] --START--
INFO: Run Behavior\ReadHtmlCacheBehavior [ RunTime:0.000352s ]
INFO: Run Behavior\CheckLangBehavior [ RunTime:0.000383s ]
INFO: [ app_begin ] --END-- [ RunTime:0.001093s ]
SQL: SHOW COLUMNS FROM `m_auth_rule` [ RunTime:0.0008s ]
SQL: INSERT INTO `m_auth_rule` (`name`,`title`,`status`,`condition`,`type`,`mid`) VALUES ('添加角色','Staff/Auth/addRole','1','','1','2') [ RunTime:0.0003s ]

[ 2015-10-07T14:43:18+08:00 ] 117.24.24.45 /index.php?s=/Auth/addNode.html
INFO: [ app_begin ] --START--
INFO: Run Behavior\ReadHtmlCacheBehavior [ RunTime:0.000332s ]
INFO: Run Behavior\CheckLangBehavior [ RunTime:0.000300s ]
INFO: [ app_begin ] --END-- [ RunTime:0.000925s ]
SQL: SHOW COLUMNS FROM `m_auth_rule` [ RunTime:0.0010s ]
SQL: INSERT INTO `m_auth_rule` (`name`,`title`,`status`,`condition`,`type`,`mid`) VALUES ('节点列表','Staff/Auth/node','1','','1','2') [ RunTime:0.0004s ]

[ 2015-10-07T14:43:40+08:00 ] 117.24.24.45 /index.php?s=/Auth/addNode.html
INFO: [ app_begin ] --START--
INFO: Run Behavior\ReadHtmlCacheBehavior [ RunTime:0.000317s ]
INFO: Run Behavior\CheckLangBehavior [ RunTime:0.000287s ]
INFO: [ app_begin ] --END-- [ RunTime:0.000879s ]
SQL: SHOW COLUMNS FROM `m_auth_rule` [ RunTime:0.0008s ]
SQL: INSERT INTO `m_auth_rule` (`name`,`title`,`status`,`condition`,`type`,`mid`) VALUES ('添加节点','Staff/Auth/addNode','1','','1','2') [ RunTime:0.0003s ]

[ 2015-10-07T14:45:02+08:00 ] 117.24.24.45 /index.php?s=/Auth/addNode.html
INFO: [ app_begin ] --START--
INFO: Run Behavior\ReadHtmlCacheBehavior [ RunTime:0.000335s ]
INFO: Run Behavior\CheckLangBehavior [ RunTime:0.000275s ]
INFO: [ app_begin ] --END-- [ RunTime:0.000962s ]
SQL: SHOW COLUMNS FROM `m_auth_rule` [ RunTime:0.0008s ]
SQL: INSERT INTO `m_auth_rule` (`name`,`title`,`status`,`condition`,`type`,`mid`) VALUES ('禁止/启用管理员','Staff/User/deny','1','','1','1') [ RunTime:0.0003s ]

[ 2015-10-07T14:49:04+08:00 ] 117.24.24.45 /index.php?s=/Auth/addNode.html
INFO: [ app_begin ] --START--
INFO: Run Behavior\ReadHtmlCacheBehavior [ RunTime:0.000362s ]
INFO: Run Behavior\CheckLangBehavior [ RunTime:0.000270s ]
INFO: [ app_begin ] --END-- [ RunTime:0.000918s ]
SQL: SHOW COLUMNS FROM `m_auth_rule` [ RunTime:0.0009s ]
SQL: INSERT INTO `m_auth_rule` (`name`,`title`,`status`,`condition`,`type`,`mid`) VALUES ('Staff/User/index','用户列表','1','','1','1') [ RunTime:0.0003s ]

[ 2015-10-07T14:49:27+08:00 ] 117.24.24.45 /index.php?s=/Auth/addNode.html
INFO: [ app_begin ] --START--
INFO: Run Behavior\ReadHtmlCacheBehavior [ RunTime:0.000316s ]
INFO: Run Behavior\CheckLangBehavior [ RunTime:0.000265s ]
INFO: [ app_begin ] --END-- [ RunTime:0.000881s ]
SQL: SHOW COLUMNS FROM `m_auth_rule` [ RunTime:0.0008s ]
SQL: INSERT INTO `m_auth_rule` (`name`,`title`,`status`,`condition`,`type`,`mid`) VALUES ('Staff/User/addUser','添加用户','1','','1','1') [ RunTime:0.0003s ]

[ 2015-10-07T14:49:53+08:00 ] 117.24.24.45 /index.php?s=/Auth/addNode.html
INFO: [ app_begin ] --START--
INFO: Run Behavior\ReadHtmlCacheBehavior [ RunTime:0.000352s ]
INFO: Run Behavior\CheckLangBehavior [ RunTime:0.000269s ]
INFO: [ app_begin ] --END-- [ RunTime:0.000906s ]
SQL: SHOW COLUMNS FROM `m_auth_rule` [ RunTime:0.0008s ]
SQL: INSERT INTO `m_auth_rule` (`name`,`title`,`status`,`condition`,`type`,`mid`) VALUES ('Staff/User/deny','禁止/启用管理员','1','','1','1') [ RunTime:0.0003s ]

[ 2015-10-07T14:50:43+08:00 ] 117.24.24.45 /index.php?s=/Auth/addNode.html
INFO: [ app_begin ] --START--
INFO: Run Behavior\ReadHtmlCacheBehavior [ RunTime:0.000318s ]
INFO: Run Behavior\CheckLangBehavior [ RunTime:0.000264s ]
INFO: [ app_begin ] --END-- [ RunTime:0.000882s ]
SQL: SHOW COLUMNS FROM `m_auth_rule` [ RunTime:0.0008s ]
SQL: INSERT INTO `m_auth_rule` (`name`,`title`,`status`,`condition`,`type`,`mid`) VALUES ('Staff/Auth/index','角色列表','1','','1','2') [ RunTime:0.0003s ]

[ 2015-10-07T14:51:00+08:00 ] 117.24.24.45 /index.php?s=/Auth/addNode.html
INFO: [ app_begin ] --START--
INFO: Run Behavior\ReadHtmlCacheBehavior [ RunTime:0.000351s ]
INFO: Run Behavior\CheckLangBehavior [ RunTime:0.000308s ]
INFO: [ app_begin ] --END-- [ RunTime:0.000947s ]
SQL: SHOW COLUMNS FROM `m_auth_rule` [ RunTime:0.0008s ]
SQL: INSERT INTO `m_auth_rule` (`name`,`title`,`status`,`condition`,`type`,`mid`) VALUES ('Staff/Auth/addRole','添加角色','1','','1','2') [ RunTime:0.0003s ]

[ 2015-10-07T14:51:20+08:00 ] 117.24.24.45 /index.php?s=/Auth/addNode.html
INFO: [ app_begin ] --START--
INFO: Run Behavior\ReadHtmlCacheBehavior [ RunTime:0.000328s ]
INFO: Run Behavior\CheckLangBehavior [ RunTime:0.000295s ]
INFO: [ app_begin ] --END-- [ RunTime:0.000907s ]
SQL: SHOW COLUMNS FROM `m_auth_rule` [ RunTime:0.0008s ]
SQL: INSERT INTO `m_auth_rule` (`name`,`title`,`status`,`condition`,`type`,`mid`) VALUES ('Staff/Auth/node','节点列表','1','','1','2') [ RunTime:0.0003s ]

[ 2015-10-07T14:51:31+08:00 ] 117.24.24.45 /index.php?s=/Auth/addNode.html
INFO: [ app_begin ] --START--
INFO: Run Behavior\ReadHtmlCacheBehavior [ RunTime:0.000314s ]
INFO: Run Behavior\CheckLangBehavior [ RunTime:0.000287s ]
INFO: [ app_begin ] --END-- [ RunTime:0.000877s ]
SQL: SHOW COLUMNS FROM `m_auth_rule` [ RunTime:0.0008s ]
SQL: INSERT INTO `m_auth_rule` (`name`,`title`,`status`,`condition`,`type`,`mid`) VALUES ('Staff/Auth/addNode','添加节点','1','','1','2') [ RunTime:0.0003s ]

[ 2015-10-07T14:52:34+08:00 ] 117.24.24.45 /index.php?s=/Auth/addNode.html
INFO: [ app_begin ] --START--
INFO: Run Behavior\ReadHtmlCacheBehavior [ RunTime:0.000322s ]
INFO: Run Behavior\CheckLangBehavior [ RunTime:0.000347s ]
INFO: [ app_begin ] --END-- [ RunTime:0.000976s ]
SQL: SHOW COLUMNS FROM `m_auth_rule` [ RunTime:0.0011s ]
SQL: INSERT INTO `m_auth_rule` (`name`,`title`,`status`,`condition`,`type`,`mid`) VALUES ('Staff/Upcard/index','提单','1','','1','3') [ RunTime:0.0004s ]

[ 2015-10-07T14:52:50+08:00 ] 117.24.24.45 /index.php?s=/Auth/addNode.html
INFO: [ app_begin ] --START--
INFO: Run Behavior\ReadHtmlCacheBehavior [ RunTime:0.000340s ]
INFO: Run Behavior\CheckLangBehavior [ RunTime:0.000274s ]
INFO: [ app_begin ] --END-- [ RunTime:0.001029s ]
SQL: SHOW COLUMNS FROM `m_auth_rule` [ RunTime:0.0008s ]
SQL: INSERT INTO `m_auth_rule` (`name`,`title`,`status`,`condition`,`type`,`mid`) VALUES ('Staff/Upcard/lists','补卡列表','1','','1','3') [ RunTime:0.0003s ]

[ 2015-10-07T14:53:16+08:00 ] 117.24.24.45 /index.php?s=/Auth/addModules.html
INFO: [ app_begin ] --START--
INFO: Run Behavior\ReadHtmlCacheBehavior [ RunTime:0.000315s ]
INFO: Run Behavior\CheckLangBehavior [ RunTime:0.000264s ]
INFO: [ app_begin ] --END-- [ RunTime:0.000880s ]
SQL: SHOW COLUMNS FROM `m_modules` [ RunTime:0.0008s ]
SQL: INSERT INTO `m_modules` (`modules_name`,`link`,`sort`) VALUES ('主页','Staff/Index/index','0') [ RunTime:0.0118s ]

[ 2015-10-07T14:53:44+08:00 ] 117.24.24.45 /index.php?s=/Auth/addNode.html
INFO: [ app_begin ] --START--
INFO: Run Behavior\ReadHtmlCacheBehavior [ RunTime:0.000363s ]
INFO: Run Behavior\CheckLangBehavior [ RunTime:0.000265s ]
INFO: [ app_begin ] --END-- [ RunTime:0.000955s ]
SQL: SHOW COLUMNS FROM `m_auth_rule` [ RunTime:0.0008s ]
SQL: INSERT INTO `m_auth_rule` (`name`,`title`,`status`,`condition`,`type`,`mid`) VALUES ('Staff/Index/index','主页','1','','1','4') [ RunTime:0.0003s ]

[ 2015-10-07T15:24:06+08:00 ] 117.24.24.45 /index.php?s=/Auth/addRole.html
INFO: [ app_begin ] --START--
INFO: Run Behavior\ReadHtmlCacheBehavior [ RunTime:0.000324s ]
INFO: Run Behavior\CheckLangBehavior [ RunTime:0.000301s ]
INFO: [ app_begin ] --END-- [ RunTime:0.000906s ]
SQL: SHOW COLUMNS FROM `m_auth_group` [ RunTime:0.0008s ]
SQL: SELECT * FROM `m_auth_group` WHERE `title` = '总监' LIMIT 1   [ RunTime:0.0002s ]
SQL: INSERT INTO `m_auth_group` (`title`,`description`,`status`) VALUES ('总监','高级管理员','0') [ RunTime:0.0003s ]

[ 2015-10-07T15:24:20+08:00 ] 117.24.24.45 /index.php?s=/Auth/addRole.html
INFO: [ app_begin ] --START--
INFO: Run Behavior\ReadHtmlCacheBehavior [ RunTime:0.000396s ]
INFO: Run Behavior\CheckLangBehavior [ RunTime:0.000267s ]
INFO: [ app_begin ] --END-- [ RunTime:0.000942s ]
SQL: SHOW COLUMNS FROM `m_auth_group` [ RunTime:0.0007s ]
SQL: SELECT * FROM `m_auth_group` WHERE `title` = '行政部' LIMIT 1   [ RunTime:0.0002s ]
SQL: INSERT INTO `m_auth_group` (`title`,`description`,`status`) VALUES ('行政部','普通管理员','0') [ RunTime:0.0002s ]

[ 2015-10-07T15:24:27+08:00 ] 117.24.24.45 /index.php?s=/Auth/addRole.html
INFO: [ app_begin ] --START--
INFO: Run Behavior\ReadHtmlCacheBehavior [ RunTime:0.000317s ]
INFO: Run Behavior\CheckLangBehavior [ RunTime:0.000304s ]
INFO: [ app_begin ] --END-- [ RunTime:0.000907s ]
SQL: SHOW COLUMNS FROM `m_auth_group` [ RunTime:0.0008s ]
SQL: SELECT * FROM `m_auth_group` WHERE `title` = '业务部' LIMIT 1   [ RunTime:0.0002s ]
SQL: INSERT INTO `m_auth_group` (`title`,`description`,`status`) VALUES ('业务部','普通管理员','0') [ RunTime:0.0002s ]

[ 2015-10-07T15:24:32+08:00 ] 117.24.24.45 /index.php?s=/Auth/addRole.html
INFO: [ app_begin ] --START--
INFO: Run Behavior\ReadHtmlCacheBehavior [ RunTime:0.000599s ]
INFO: Run Behavior\CheckLangBehavior [ RunTime:0.000410s ]
INFO: [ app_begin ] --END-- [ RunTime:0.001510s ]
SQL: SHOW COLUMNS FROM `m_auth_group` [ RunTime:0.0007s ]
SQL: SELECT * FROM `m_auth_group` WHERE `title` = '技术部' LIMIT 1   [ RunTime:0.0002s ]
SQL: INSERT INTO `m_auth_group` (`title`,`description`,`status`) VALUES ('技术部','普通管理员','0') [ RunTime:0.0049s ]

[ 2015-10-07T15:27:03+08:00 ] 117.24.24.45 /index.php?s=/Auth/changeRoleStatus.html
INFO: [ app_begin ] --START--
INFO: Run Behavior\ReadHtmlCacheBehavior [ RunTime:0.000379s ]
INFO: Run Behavior\CheckLangBehavior [ RunTime:0.000274s ]
INFO: [ app_begin ] --END-- [ RunTime:0.000936s ]
SQL: SHOW COLUMNS FROM `m_auth_group` [ RunTime:0.0008s ]
SQL: UPDATE `m_auth_group` SET `status`='1' WHERE `id` = 2 [ RunTime:0.0003s ]

[ 2015-10-07T15:27:05+08:00 ] 117.24.24.45 /index.php?s=/Auth/changeRoleStatus.html
INFO: [ app_begin ] --START--
INFO: Run Behavior\ReadHtmlCacheBehavior [ RunTime:0.000323s ]
INFO: Run Behavior\CheckLangBehavior [ RunTime:0.000267s ]
INFO: [ app_begin ] --END-- [ RunTime:0.000896s ]
SQL: SHOW COLUMNS FROM `m_auth_group` [ RunTime:0.0008s ]
SQL: UPDATE `m_auth_group` SET `status`='1' WHERE `id` = 3 [ RunTime:0.0003s ]

[ 2015-10-07T15:27:07+08:00 ] 117.24.24.45 /index.php?s=/Auth/changeRoleStatus.html
INFO: [ app_begin ] --START--
INFO: Run Behavior\ReadHtmlCacheBehavior [ RunTime:0.000362s ]
INFO: Run Behavior\CheckLangBehavior [ RunTime:0.000298s ]
INFO: [ app_begin ] --END-- [ RunTime:0.000972s ]
SQL: SHOW COLUMNS FROM `m_auth_group` [ RunTime:0.0008s ]
SQL: UPDATE `m_auth_group` SET `status`='1' WHERE `id` = 4 [ RunTime:0.0003s ]

[ 2015-10-07T15:27:09+08:00 ] 117.24.24.45 /index.php?s=/Auth/changeRoleStatus.html
INFO: [ app_begin ] --START--
INFO: Run Behavior\ReadHtmlCacheBehavior [ RunTime:0.000321s ]
INFO: Run Behavior\CheckLangBehavior [ RunTime:0.000272s ]
INFO: [ app_begin ] --END-- [ RunTime:0.000985s ]
SQL: SHOW COLUMNS FROM `m_auth_group` [ RunTime:0.0008s ]
SQL: UPDATE `m_auth_group` SET `status`='1' WHERE `id` = 1 [ RunTime:0.0003s ]

[ 2015-10-07T15:53:09+08:00 ] 117.24.24.45 /index.php?s=/Auth/addModules.html
INFO: [ app_begin ] --START--
INFO: Run Behavior\ReadHtmlCacheBehavior [ RunTime:0.000323s ]
INFO: Run Behavior\CheckLangBehavior [ RunTime:0.000308s ]
INFO: [ app_begin ] --END-- [ RunTime:0.000914s ]
SQL: SHOW COLUMNS FROM `m_modules` [ RunTime:0.0007s ]
SQL: INSERT INTO `m_modules` (`modules_name`,`link`,`sort`) VALUES ('外出管理','Staff/Out/lists','2') [ RunTime:0.0304s ]

[ 2015-10-07T15:53:35+08:00 ] 117.24.24.45 /index.php?s=/Auth/addNode.html
INFO: [ app_begin ] --START--
INFO: Run Behavior\ReadHtmlCacheBehavior [ RunTime:0.000341s ]
INFO: Run Behavior\CheckLangBehavior [ RunTime:0.000305s ]
INFO: [ app_begin ] --END-- [ RunTime:0.000927s ]
SQL: SHOW COLUMNS FROM `m_auth_rule` [ RunTime:0.0009s ]
SQL: INSERT INTO `m_auth_rule` (`name`,`title`,`status`,`condition`,`type`,`mid`) VALUES ('Staff/Out/lists','外出列表','1','','1','5') [ RunTime:0.0003s ]

[ 2015-10-07T15:53:46+08:00 ] 117.24.24.45 /index.php?s=/Auth/addNode.html
INFO: [ app_begin ] --START--
INFO: Run Behavior\ReadHtmlCacheBehavior [ RunTime:0.000346s ]
INFO: Run Behavior\CheckLangBehavior [ RunTime:0.000269s ]
INFO: [ app_begin ] --END-- [ RunTime:0.000888s ]
SQL: SHOW COLUMNS FROM `m_auth_rule` [ RunTime:0.0012s ]
SQL: INSERT INTO `m_auth_rule` (`name`,`title`,`status`,`condition`,`type`,`mid`) VALUES ('Staff/Out/index','外出提单','1','','1','5') [ RunTime:0.0004s ]

[ 2015-10-07T16:02:01+08:00 ] 117.24.24.45 /index.php?s=/Auth/addNode.html
INFO: [ app_begin ] --START--
INFO: Run Behavior\ReadHtmlCacheBehavior [ RunTime:0.000363s ]
INFO: Run Behavior\CheckLangBehavior [ RunTime:0.000301s ]
INFO: [ app_begin ] --END-- [ RunTime:0.001038s ]
SQL: SHOW COLUMNS FROM `m_auth_group_access` [ RunTime:0.0010s ]
SQL: SELECT `uid`,`group_id`,`title`,`rules` FROM m_auth_group_access a INNER JOIN m_auth_group g on a.group_id=g.id  WHERE ( a.uid='4' and g.status='1' )  [ RunTime:0.0004s ]
SQL: SHOW COLUMNS FROM `m_auth_rule` [ RunTime:0.0008s ]
SQL: SELECT `condition`,`name` FROM `m_auth_rule` WHERE `id` IN ('1','2','3','4','5','6','7','8','9','10','11','12') AND `type` = 1 AND `status` = 1  [ RunTime:0.0003s ]
SQL: SHOW COLUMNS FROM `m_auth_rule` [ RunTime:0.0008s ]
SQL: INSERT INTO `m_auth_rule` (`name`,`title`,`status`,`condition`,`type`,`mid`) VALUES ('Staff/Auth/toGroup','成员授权','1','','1','2') [ RunTime:0.0003s ]

[ 2015-10-07T17:42:35+08:00 ] 117.24.24.45 /index.php?s=/Staff/lists.html
ERR: 无法加载控制器:Staff

[ 2015-10-07T17:42:35+08:00 ] 117.24.24.45 /index.php?s=/Staff/lists.html
ERR: 无法加载控制器:Staff

[ 2015-10-07T17:53:54+08:00 ] 117.24.24.45 /index.php?s=/Out/signUp.html
INFO: [ app_begin ] --START--
INFO: Run Behavior\ReadHtmlCacheBehavior [ RunTime:0.000336s ]
INFO: Run Behavior\CheckLangBehavior [ RunTime:0.000294s ]
INFO: [ app_begin ] --END-- [ RunTime:0.000936s ]
SQL: SHOW COLUMNS FROM `m_auth_group_access` [ RunTime:0.0007s ]
SQL: SELECT `uid`,`group_id`,`title`,`rules` FROM m_auth_group_access a INNER JOIN m_auth_group g on a.group_id=g.id  WHERE ( a.uid='3' and g.status='1' )  [ RunTime:0.0003s ]
SQL: SHOW COLUMNS FROM `m_auth_rule` [ RunTime:0.0006s ]
SQL: SELECT `condition`,`name` FROM `m_auth_rule` WHERE `id` IN ('1','2','3','8','9','10') AND `type` = 1 AND `status` = 1  [ RunTime:0.0002s ]

[ 2015-10-07T17:53:59+08:00 ] 117.24.24.45 /index.php?s=/Out/signUp.html
INFO: [ app_begin ] --START--
INFO: Run Behavior\ReadHtmlCacheBehavior [ RunTime:0.000334s ]
INFO: Run Behavior\CheckLangBehavior [ RunTime:0.000282s ]
INFO: [ app_begin ] --END-- [ RunTime:0.000962s ]
SQL: SHOW COLUMNS FROM `m_auth_group_access` [ RunTime:0.0007s ]
SQL: SELECT `uid`,`group_id`,`title`,`rules` FROM m_auth_group_access a INNER JOIN m_auth_group g on a.group_id=g.id  WHERE ( a.uid='3' and g.status='1' )  [ RunTime:0.0003s ]
SQL: SHOW COLUMNS FROM `m_auth_rule` [ RunTime:0.0006s ]
SQL: SELECT `condition`,`name` FROM `m_auth_rule` WHERE `id` IN ('1','2','3','8','9','10') AND `type` = 1 AND `status` = 1  [ RunTime:0.0002s ]

[ 2015-10-07T17:54:05+08:00 ] 117.24.24.45 /index.php?s=/Out/signUp.html
INFO: [ app_begin ] --START--
INFO: Run Behavior\ReadHtmlCacheBehavior [ RunTime:0.000340s ]
INFO: Run Behavior\CheckLangBehavior [ RunTime:0.000268s ]
INFO: [ app_begin ] --END-- [ RunTime:0.000878s ]
SQL: SHOW COLUMNS FROM `m_auth_group_access` [ RunTime:0.0008s ]
SQL: SELECT `uid`,`group_id`,`title`,`rules` FROM m_auth_group_access a INNER JOIN m_auth_group g on a.group_id=g.id  WHERE ( a.uid='3' and g.status='1' )  [ RunTime:0.0004s ]
SQL: SHOW COLUMNS FROM `m_auth_rule` [ RunTime:0.0007s ]
SQL: SELECT `condition`,`name` FROM `m_auth_rule` WHERE `id` IN ('1','2','3','8','9','10') AND `type` = 1 AND `status` = 1  [ RunTime:0.0003s ]

[ 2015-10-07T17:54:09+08:00 ] 117.24.24.45 /index.php?s=/Out/signUp.html
INFO: [ app_begin ] --START--
INFO: Run Behavior\ReadHtmlCacheBehavior [ RunTime:0.000353s ]
INFO: Run Behavior\CheckLangBehavior [ RunTime:0.000275s ]
INFO: [ app_begin ] --END-- [ RunTime:0.000903s ]
SQL: SHOW COLUMNS FROM `m_auth_group_access` [ RunTime:0.0007s ]
SQL: SELECT `uid`,`group_id`,`title`,`rules` FROM m_auth_group_access a INNER JOIN m_auth_group g on a.group_id=g.id  WHERE ( a.uid='3' and g.status='1' )  [ RunTime:0.0003s ]
SQL: SHOW COLUMNS FROM `m_auth_rule` [ RunTime:0.0005s ]
SQL: SELECT `condition`,`name` FROM `m_auth_rule` WHERE `id` IN ('1','2','3','8','9','10') AND `type` = 1 AND `status` = 1  [ RunTime:0.0002s ]

