[ 2015-10-17T00:53:49+08:00 ] 175.43.29.116 /index.php?s=/User/addUser.html
INFO: [ app_begin ] --START--
INFO: Run Behavior\ReadHtmlCacheBehavior [ RunTime:0.000406s ]
INFO: Run Behavior\CheckLangBehavior [ RunTime:0.000272s ]
INFO: [ app_begin ] --END-- [ RunTime:0.000973s ]

[ 2015-10-17T00:54:08+08:00 ] 175.43.29.116 /index.php?s=/User/addUser.html
INFO: [ app_begin ] --START--
INFO: Run Behavior\ReadHtmlCacheBehavior [ RunTime:0.000368s ]
INFO: Run Behavior\CheckLangBehavior [ RunTime:0.000273s ]
INFO: [ app_begin ] --END-- [ RunTime:0.000953s ]

[ 2015-10-17T00:56:08+08:00 ] 175.43.29.116 /index.php?s=/User/addUser.html
INFO: [ app_begin ] --START--
INFO: Run Behavior\ReadHtmlCacheBehavior [ RunTime:0.000349s ]
INFO: Run Behavior\CheckLangBehavior [ RunTime:0.000304s ]
INFO: [ app_begin ] --END-- [ RunTime:0.000928s ]
SQL: SHOW COLUMNS FROM `m_user` [ RunTime:0.0009s ]
ERR: SQLSTATE[42S22]: Column not found: 1054 Unknown column 'marriage' in 'field list'

[ 2015-10-17T00:59:41+08:00 ] 175.43.29.116 /index.php?s=/User/addUser.html
INFO: [ app_begin ] --START--
INFO: Run Behavior\ReadHtmlCacheBehavior [ RunTime:0.000359s ]
INFO: Run Behavior\CheckLangBehavior [ RunTime:0.000320s ]
INFO: [ app_begin ] --END-- [ RunTime:0.000964s ]

[ 2015-10-17T01:00:19+08:00 ] 175.43.29.116 /index.php?s=/User/addUser.html
INFO: [ app_begin ] --START--
INFO: Run Behavior\ReadHtmlCacheBehavior [ RunTime:0.000392s ]
INFO: Run Behavior\CheckLangBehavior [ RunTime:0.000284s ]
INFO: [ app_begin ] --END-- [ RunTime:0.000976s ]
SQL: SHOW COLUMNS FROM `m_user` [ RunTime:0.0010s ]
NOTIC: [8] Undefined offset: 0 /alidata/www/miao/ThinkPHP/Library/Think/Db/Driver.class.php 第 792 行.
SQL: INSERT INTO `m_user` (`number`,`username`,`nickname`,`password`,`sex`,`email`,`mobile`,`qq`,`last_login_time`,`last_login_ip`,`status`) VALUES ('1111','test01','dsfds','8ddcff3a80f4189ca1c9d4d902c3c909','0','11@qq.com','15060611657','11','1445014819','175.43.29.116','1') [ RunTime:0.0865s ]

[ 2015-10-17T01:06:11+08:00 ] 175.43.29.116 /index.php?s=/User/addUser.html
INFO: [ app_begin ] --START--
INFO: Run Behavior\ReadHtmlCacheBehavior [ RunTime:0.000340s ]
INFO: Run Behavior\CheckLangBehavior [ RunTime:0.000277s ]
INFO: [ app_begin ] --END-- [ RunTime:0.000958s ]
SQL: SHOW COLUMNS FROM `m_user` [ RunTime:0.0009s ]
NOTIC: [8] Undefined offset: 0 /alidata/www/miao/ThinkPHP/Library/Think/Db/Driver.class.php 第 792 行.
SQL: INSERT INTO `m_user` (`number`,`username`,`nickname`,`password`,`sex`,`email`,`mobile`,`qq`,`last_login_time`,`last_login_ip`,`status`) VALUES ('1111','test01','dsfds','8ddcff3a80f4189ca1c9d4d902c3c909','0','11@qq.com','15060611657','11','1445015170','175.43.29.116','1') [ RunTime:0.0481s ]

[ 2015-10-17T01:07:17+08:00 ] 175.43.29.116 /index.php?s=/User/addUser.html
INFO: [ app_begin ] --START--
INFO: Run Behavior\ReadHtmlCacheBehavior [ RunTime:0.000326s ]
INFO: Run Behavior\CheckLangBehavior [ RunTime:0.000270s ]
INFO: [ app_begin ] --END-- [ RunTime:0.000892s ]
SQL: SHOW COLUMNS FROM `m_user` [ RunTime:0.0015s ]
NOTIC: [8] Undefined offset: 0 /alidata/www/miao/ThinkPHP/Library/Think/Db/Driver.class.php 第 792 行.
SQL: INSERT INTO `m_user` (`number`,`username`,`nickname`,`password`,`sex`,`email`,`mobile`,`qq`,`last_login_time`,`last_login_ip`,`status`) VALUES ('1111','test01','dsfds','8ddcff3a80f4189ca1c9d4d902c3c909','0','11@qq.com','15060611657','11','1445015237','175.43.29.116','1') [ RunTime:0.0269s ]

[ 2015-10-17T01:08:02+08:00 ] 175.43.29.116 /index.php?s=/User/addUser.html
INFO: [ app_begin ] --START--
INFO: Run Behavior\ReadHtmlCacheBehavior [ RunTime:0.000351s ]
INFO: Run Behavior\CheckLangBehavior [ RunTime:0.000274s ]
INFO: [ app_begin ] --END-- [ RunTime:0.000900s ]
SQL: SHOW COLUMNS FROM `m_user` [ RunTime:0.0009s ]
NOTIC: [8] Undefined offset: 0 /alidata/www/miao/ThinkPHP/Library/Think/Db/Driver.class.php 第 792 行.
SQL: INSERT INTO `m_user` (`number`,`username`,`nickname`,`password`,`sex`,`email`,`mobile`,`qq`,`last_login_time`,`last_login_ip`,`status`) VALUES ('1111','test01','dsfds','8ddcff3a80f4189ca1c9d4d902c3c909','0','11@qq.com','15060611657','11','1445015282','175.43.29.116','1') [ RunTime:0.0549s ]

[ 2015-10-17T01:08:55+08:00 ] 175.43.29.116 /index.php?s=/User/addUser.html
INFO: [ app_begin ] --START--
INFO: Run Behavior\ReadHtmlCacheBehavior [ RunTime:0.000426s ]
INFO: Run Behavior\CheckLangBehavior [ RunTime:0.000304s ]
INFO: [ app_begin ] --END-- [ RunTime:0.001012s ]
SQL: SHOW COLUMNS FROM `m_user` [ RunTime:0.0009s ]
NOTIC: [8] Undefined offset: 0 /alidata/www/miao/ThinkPHP/Library/Think/Db/Driver.class.php 第 792 行.
SQL: INSERT INTO `m_user` (`number`,`username`,`nickname`,`password`,`sex`,`email`,`mobile`,`qq`,`last_login_time`,`last_login_ip`,`status`) VALUES ('1111','test01','dsfds','8ddcff3a80f4189ca1c9d4d902c3c909','0','11@qq.com','15060611657','11','1445015335','175.43.29.116','1') [ RunTime:0.0160s ]

[ 2015-10-17T01:14:24+08:00 ] 175.43.29.116 /index.php?s=/User/addUser.html
INFO: [ app_begin ] --START--
INFO: Run Behavior\ReadHtmlCacheBehavior [ RunTime:0.000323s ]
INFO: Run Behavior\CheckLangBehavior [ RunTime:0.000318s ]
INFO: [ app_begin ] --END-- [ RunTime:0.000946s ]
SQL: SHOW COLUMNS FROM `m_user` [ RunTime:0.0009s ]
NOTIC: [8] Undefined offset: 0 /alidata/www/miao/ThinkPHP/Library/Think/Db/Driver.class.php 第 792 行.
SQL: INSERT INTO `m_user` (`number`,`username`,`nickname`,`password`,`sex`,`email`,`mobile`,`qq`,`last_login_time`,`last_login_ip`,`status`) VALUES ('1111','test01','dsfds','8ddcff3a80f4189ca1c9d4d902c3c909','0','11@qq.com','15060611657','11','1445015664','175.43.29.116','1') [ RunTime:0.0165s ]

[ 2015-10-17T01:15:00+08:00 ] 175.43.29.116 /index.php?s=/User/addUser.html
INFO: [ app_begin ] --START--
INFO: Run Behavior\ReadHtmlCacheBehavior [ RunTime:0.000322s ]
INFO: Run Behavior\CheckLangBehavior [ RunTime:0.000297s ]
INFO: [ app_begin ] --END-- [ RunTime:0.000925s ]
SQL: SHOW COLUMNS FROM `m_user` [ RunTime:0.0009s ]
NOTIC: [8] Undefined offset: 0 /alidata/www/miao/ThinkPHP/Library/Think/Db/Driver.class.php 第 792 行.
SQL: INSERT INTO `m_user` (`number`,`username`,`nickname`,`password`,`sex`,`email`,`mobile`,`qq`,`last_login_time`,`last_login_ip`,`status`) VALUES ('1111','test01','dsfds','8ddcff3a80f4189ca1c9d4d902c3c909','0','11@qq.com','15060611657','11','1445015700','175.43.29.116','1') [ RunTime:0.0209s ]

[ 2015-10-17T01:16:18+08:00 ] 175.43.29.116 /index.php?s=/User/addUser.html
INFO: [ app_begin ] --START--
INFO: Run Behavior\ReadHtmlCacheBehavior [ RunTime:0.000420s ]
INFO: Run Behavior\CheckLangBehavior [ RunTime:0.000299s ]
INFO: [ app_begin ] --END-- [ RunTime:0.001005s ]
SQL: SHOW COLUMNS FROM `m_user` [ RunTime:0.0010s ]
NOTIC: [8] Undefined offset: 0 /alidata/www/miao/ThinkPHP/Library/Think/Db/Driver.class.php 第 792 行.
SQL: INSERT INTO `m_user` (`number`,`username`,`nickname`,`password`,`sex`,`email`,`mobile`,`qq`,`last_login_time`,`last_login_ip`,`status`) VALUES ('1111','test01','dsfds','8ddcff3a80f4189ca1c9d4d902c3c909','0','11@qq.com','15060611657','11','1445015778','175.43.29.116','1') [ RunTime:0.0163s ]

[ 2015-10-17T01:17:31+08:00 ] 175.43.29.116 /index.php?s=/User/addUser.html
INFO: [ app_begin ] --START--
INFO: Run Behavior\ReadHtmlCacheBehavior [ RunTime:0.000326s ]
INFO: Run Behavior\CheckLangBehavior [ RunTime:0.000293s ]
INFO: [ app_begin ] --END-- [ RunTime:0.000894s ]
SQL: SHOW COLUMNS FROM `m_user` [ RunTime:0.0011s ]
NOTIC: [8] Undefined offset: 0 /alidata/www/miao/ThinkPHP/Library/Think/Db/Driver.class.php 第 792 行.
SQL: INSERT INTO `m_user` (`number`,`username`,`nickname`,`password`,`sex`,`email`,`mobile`,`qq`,`last_login_time`,`last_login_ip`,`status`) VALUES ('1111','test01','dsfds','8ddcff3a80f4189ca1c9d4d902c3c909','0','11@qq.com','15060611657','11','1445015851','175.43.29.116','1') [ RunTime:0.0250s ]

[ 2015-10-17T01:18:29+08:00 ] 175.43.29.116 /index.php?s=/User/addUser.html
INFO: [ app_begin ] --START--
INFO: Run Behavior\ReadHtmlCacheBehavior [ RunTime:0.000461s ]
INFO: Run Behavior\CheckLangBehavior [ RunTime:0.000376s ]
INFO: [ app_begin ] --END-- [ RunTime:0.001338s ]
SQL: SHOW COLUMNS FROM `m_user` [ RunTime:0.0009s ]
NOTIC: [8] Undefined offset: 0 /alidata/www/miao/ThinkPHP/Library/Think/Db/Driver.class.php 第 792 行.
SQL: INSERT INTO `m_user` (`number`,`username`,`nickname`,`password`,`sex`,`email`,`mobile`,`qq`,`last_login_time`,`last_login_ip`,`status`) VALUES ('1111','test01','dsfds','8ddcff3a80f4189ca1c9d4d902c3c909','0','11@qq.com','15060611657','11','1445015909','175.43.29.116','1') [ RunTime:0.0230s ]
SQL: SHOW COLUMNS FROM `m_userinfo` [ RunTime:0.0010s ]

[ 2015-10-17T01:23:13+08:00 ] 175.43.29.116 /index.php?s=/User/addUser.html
INFO: [ app_begin ] --START--
INFO: Run Behavior\ReadHtmlCacheBehavior [ RunTime:0.000333s ]
INFO: Run Behavior\CheckLangBehavior [ RunTime:0.000361s ]
INFO: [ app_begin ] --END-- [ RunTime:0.000968s ]
SQL: SHOW COLUMNS FROM `m_userinfo` [ RunTime:0.0009s ]
NOTIC: [8] Undefined offset: 0 /alidata/www/miao/ThinkPHP/Library/Think/Db/Driver.class.php 第 792 行.
SQL: INSERT INTO `m_userinfo` (`marriage`,`identity`,`birth`,`address`,`households`,`platform`,`stay`,`entry`,`quit`,`contract`,`startcon`,`endcon`,`starttrial`,`endtrial`) VALUES ('0','1111111111111111','1973','11111122','21222222222','122','0','2015','2015','112112323232','2015','2015','2015','2015') [ RunTime:0.0448s ]
SQL: SHOW COLUMNS FROM `m_user` [ RunTime:0.0009s ]

[ 2015-10-17T01:28:26+08:00 ] 175.43.29.116 /index.php?s=/User/addUser.html
INFO: [ app_begin ] --START--
INFO: Run Behavior\ReadHtmlCacheBehavior [ RunTime:0.000364s ]
INFO: Run Behavior\CheckLangBehavior [ RunTime:0.000283s ]
INFO: [ app_begin ] --END-- [ RunTime:0.000923s ]
NOTIC: [8] Use of undefined constant BELONGS_TO - assumed 'BELONGS_TO' /alidata/www/miao/ThinkPHP/Common/functions.php 第 588 行.
SQL: SHOW COLUMNS FROM `m_userinfo` [ RunTime:0.0010s ]
NOTIC: [8] Undefined offset: 0 /alidata/www/miao/ThinkPHP/Library/Think/Db/Driver.class.php 第 792 行.
SQL: INSERT INTO `m_userinfo` (`marriage`,`identity`,`birth`,`address`,`households`,`platform`,`stay`,`entry`,`quit`,`contract`,`startcon`,`endcon`,`starttrial`,`endtrial`) VALUES ('0','1111111111111111','1973','11111122','21222222222','122','0','2015','2015','112112323232','2015','2015','2015','2015') [ RunTime:0.0165s ]
SQL: SHOW COLUMNS FROM `m_user` [ RunTime:0.0015s ]

[ 2015-10-17T01:30:41+08:00 ] 175.43.29.116 /index.php?s=/User/addUser.html
INFO: [ app_begin ] --START--
INFO: Run Behavior\ReadHtmlCacheBehavior [ RunTime:0.000359s ]
INFO: Run Behavior\CheckLangBehavior [ RunTime:0.000273s ]
INFO: [ app_begin ] --END-- [ RunTime:0.000913s ]
SQL: SHOW COLUMNS FROM `m_userinfo` [ RunTime:0.0012s ]
NOTIC: [8] Undefined offset: 0 /alidata/www/miao/ThinkPHP/Library/Think/Db/Driver.class.php 第 792 行.
SQL: INSERT INTO `m_userinfo` (`marriage`,`identity`,`birth`,`address`,`households`,`platform`,`stay`,`entry`,`quit`,`contract`,`startcon`,`endcon`,`starttrial`,`endtrial`) VALUES ('0','1111111111111111','1973','11111122','21222222222','122','0','2015','2015','112112323232','2015','2015','2015','2015') [ RunTime:0.0238s ]
SQL: SHOW COLUMNS FROM `m_user` [ RunTime:0.0009s ]

[ 2015-10-17T01:31:14+08:00 ] 175.43.29.116 /index.php?s=/User/addUser.html
INFO: [ app_begin ] --START--
INFO: Run Behavior\ReadHtmlCacheBehavior [ RunTime:0.000328s ]
INFO: Run Behavior\CheckLangBehavior [ RunTime:0.000274s ]
INFO: [ app_begin ] --END-- [ RunTime:0.000915s ]
SQL: SHOW COLUMNS FROM `m_userinfo` [ RunTime:0.0011s ]
NOTIC: [8] Undefined offset: 0 /alidata/www/miao/ThinkPHP/Library/Think/Db/Driver.class.php 第 792 行.
SQL: INSERT INTO `m_userinfo` (`marriage`,`identity`,`birth`,`address`,`households`,`platform`,`stay`,`entry`,`quit`,`contract`,`startcon`,`endcon`,`starttrial`,`endtrial`) VALUES ('0','1111111111111111','1973','11111122','21222222222','122','0','2015','2015','112112323232','2015','2015','2015','2015') [ RunTime:0.0206s ]
SQL: SHOW COLUMNS FROM `m_user` [ RunTime:0.0012s ]

[ 2015-10-17T01:32:25+08:00 ] 175.43.29.116 /index.php?s=/User/addUser.html
INFO: [ app_begin ] --START--
INFO: Run Behavior\ReadHtmlCacheBehavior [ RunTime:0.000448s ]
INFO: Run Behavior\CheckLangBehavior [ RunTime:0.000289s ]
INFO: [ app_begin ] --END-- [ RunTime:0.001101s ]
SQL: SHOW COLUMNS FROM `m_userinfo` [ RunTime:0.0010s ]
NOTIC: [8] Undefined offset: 0 /alidata/www/miao/ThinkPHP/Library/Think/Db/Driver.class.php 第 792 行.
SQL: INSERT INTO `m_userinfo` (`marriage`,`identity`,`birth`,`address`,`households`,`platform`,`stay`,`entry`,`quit`,`contract`,`startcon`,`endcon`,`starttrial`,`endtrial`) VALUES ('0','1111111111111111','1973','11111122','21222222222','122','0','2015','2015','112112323232','2015','2015','2015','2015') [ RunTime:0.0179s ]
SQL: SHOW COLUMNS FROM `m_user` [ RunTime:0.0014s ]

[ 2015-10-17T01:34:33+08:00 ] 175.43.29.116 /index.php?s=/User/addUser.html
INFO: [ app_begin ] --START--
INFO: Run Behavior\ReadHtmlCacheBehavior [ RunTime:0.000398s ]
INFO: Run Behavior\CheckLangBehavior [ RunTime:0.000288s ]
INFO: [ app_begin ] --END-- [ RunTime:0.000991s ]
SQL: SHOW COLUMNS FROM `m_userinfo` [ RunTime:0.0015s ]
NOTIC: [8] Undefined offset: 0 /alidata/www/miao/ThinkPHP/Library/Think/Db/Driver.class.php 第 792 行.
SQL: INSERT INTO `m_userinfo` (`marriage`,`identity`,`birth`,`address`,`households`,`platform`,`stay`,`entry`,`quit`,`contract`,`startcon`,`endcon`,`starttrial`,`endtrial`) VALUES ('0','1111111111111111','1973','11111122','21222222222','122','0','2015','2015','112112323232','2015','2015','2015','2015') [ RunTime:0.0183s ]
SQL: SHOW COLUMNS FROM `m_user` [ RunTime:0.0009s ]

[ 2015-10-17T01:35:17+08:00 ] 175.43.29.116 /index.php?s=/User/addUser.html
INFO: [ app_begin ] --START--
INFO: Run Behavior\ReadHtmlCacheBehavior [ RunTime:0.000384s ]
INFO: Run Behavior\CheckLangBehavior [ RunTime:0.000316s ]
INFO: [ app_begin ] --END-- [ RunTime:0.000986s ]
SQL: SHOW COLUMNS FROM `m_userinfo` [ RunTime:0.0010s ]
NOTIC: [8] Undefined offset: 0 /alidata/www/miao/ThinkPHP/Library/Think/Db/Driver.class.php 第 792 行.
SQL: INSERT INTO `m_userinfo` (`marriage`,`identity`,`birth`,`address`,`households`,`platform`,`stay`,`entry`,`quit`,`contract`,`startcon`,`endcon`,`starttrial`,`endtrial`) VALUES ('0','1111111111111111','1973','11111122','21222222222','122','0','2015','2015','112112323232','2015','2015','2015','2015') [ RunTime:0.0146s ]
SQL: SHOW COLUMNS FROM `m_user` [ RunTime:0.0007s ]

[ 2015-10-17T01:35:48+08:00 ] 175.43.29.116 /index.php?s=/User/addUser.html
INFO: [ app_begin ] --START--
INFO: Run Behavior\ReadHtmlCacheBehavior [ RunTime:0.000388s ]
INFO: Run Behavior\CheckLangBehavior [ RunTime:0.000267s ]
INFO: [ app_begin ] --END-- [ RunTime:0.000926s ]
SQL: SHOW COLUMNS FROM `m_userinfo` [ RunTime:0.0014s ]
NOTIC: [8] Undefined offset: 0 /alidata/www/miao/ThinkPHP/Library/Think/Db/Driver.class.php 第 792 行.
SQL: INSERT INTO `m_userinfo` (`marriage`,`identity`,`birth`,`address`,`households`,`platform`,`stay`,`entry`,`quit`,`contract`,`startcon`,`endcon`,`starttrial`,`endtrial`) VALUES ('0','1111111111111111','1973','11111122','21222222222','122','0','2015','2015','112112323232','2015','2015','2015','2015') [ RunTime:0.0452s ]

[ 2015-10-17T01:36:47+08:00 ] 175.43.29.116 /index.php?s=/User/addUser.html
INFO: [ app_begin ] --START--
INFO: Run Behavior\ReadHtmlCacheBehavior [ RunTime:0.000348s ]
INFO: Run Behavior\CheckLangBehavior [ RunTime:0.000264s ]
INFO: [ app_begin ] --END-- [ RunTime:0.000892s ]
SQL: SHOW COLUMNS FROM `m_userinfo` [ RunTime:0.0010s ]
NOTIC: [8] Undefined offset: 0 /alidata/www/miao/ThinkPHP/Library/Think/Db/Driver.class.php 第 792 行.
SQL: INSERT INTO `m_userinfo` (`marriage`,`identity`,`birth`,`address`,`households`,`platform`,`stay`,`entry`,`quit`,`contract`,`startcon`,`endcon`,`starttrial`,`endtrial`) VALUES ('0','1111111111111111','1973','11111122','21222222222','122','0','2015','2015','112112323232','2015','2015','2015','2015') [ RunTime:0.0145s ]

[ 2015-10-17T01:40:02+08:00 ] 175.43.29.116 /index.php?s=/User/addUser.html
INFO: [ app_begin ] --START--
INFO: Run Behavior\ReadHtmlCacheBehavior [ RunTime:0.000330s ]
INFO: Run Behavior\CheckLangBehavior [ RunTime:0.000270s ]
INFO: [ app_begin ] --END-- [ RunTime:0.000908s ]
SQL: SHOW COLUMNS FROM `m_userinfo` [ RunTime:0.0010s ]
NOTIC: [8] Undefined offset: 0 /alidata/www/miao/ThinkPHP/Library/Think/Db/Driver.class.php 第 792 行.
SQL: INSERT INTO `m_userinfo` (`marriage`,`identity`,`birth`,`address`,`households`,`platform`,`stay`,`entry`,`quit`,`contract`,`startcon`,`endcon`,`starttrial`,`endtrial`) VALUES ('0','1111111111111111','1973','11111122','21222222222','122','0','2015','2015','112112323232','2015','2015','2015','2015') [ RunTime:0.0182s ]

[ 2015-10-17T01:41:26+08:00 ] 175.43.29.116 /index.php?s=/User/addUser.html
INFO: [ app_begin ] --START--
INFO: Run Behavior\ReadHtmlCacheBehavior [ RunTime:0.000323s ]
INFO: Run Behavior\CheckLangBehavior [ RunTime:0.000369s ]
INFO: [ app_begin ] --END-- [ RunTime:0.000964s ]
SQL: SHOW COLUMNS FROM `m_userinfo` [ RunTime:0.0012s ]
NOTIC: [8] Undefined offset: 0 /alidata/www/miao/ThinkPHP/Library/Think/Db/Driver.class.php 第 792 行.
SQL: INSERT INTO `m_userinfo` (`marriage`,`identity`,`birth`,`address`,`households`,`platform`,`stay`,`entry`,`quit`,`contract`,`startcon`,`endcon`,`starttrial`,`endtrial`) VALUES ('0','1111111111111111','1973','11111122','21222222222','122','0','2015','2015','112112323232','2015','2015','2015','2015') [ RunTime:0.0160s ]

[ 2015-10-17T01:52:07+08:00 ] 175.43.29.116 /index.php?s=/User/addUser.html
INFO: [ app_begin ] --START--
INFO: Run Behavior\ReadHtmlCacheBehavior [ RunTime:0.000382s ]
INFO: Run Behavior\CheckLangBehavior [ RunTime:0.000324s ]
INFO: [ app_begin ] --END-- [ RunTime:0.001009s ]
SQL: SHOW COLUMNS FROM `m_userinfo` [ RunTime:0.0010s ]
NOTIC: [8] Undefined offset: 0 /alidata/www/miao/ThinkPHP/Library/Think/Db/Driver.class.php 第 792 行.
SQL: INSERT INTO `m_userinfo` (`marriage`,`identity`,`birth`,`address`,`households`,`platform`,`stay`,`entry`,`quit`,`contract`,`startcon`,`endcon`,`starttrial`,`endtrial`) VALUES ('0','1111111111111111','1973','11111122','21222222222','122','0','2015','2015','112112323232','2015','2015','2015','2015') [ RunTime:0.0320s ]
NOTIC: [8] Undefined index: mapping_name /alidata/www/miao/ThinkPHP/Library/Think/Model/RelationModel.class.php 第 259 行.
SQL: SHOW COLUMNS FROM `m_user` [ RunTime:0.0009s ]

[ 2015-10-17T01:56:07+08:00 ] 175.43.29.116 /index.php?s=/User/addUser.html
INFO: [ app_begin ] --START--
INFO: Run Behavior\ReadHtmlCacheBehavior [ RunTime:0.000383s ]
INFO: Run Behavior\CheckLangBehavior [ RunTime:0.000284s ]
INFO: [ app_begin ] --END-- [ RunTime:0.001007s ]
SQL: SHOW COLUMNS FROM `m_user` [ RunTime:0.0008s ]
SQL: INSERT INTO `m_user` (`number`,`username`,`nickname`,`password`,`sex`,`email`,`mobile`,`qq`,`last_login_time`,`last_login_ip`,`status`) VALUES ('1111','test01','dsfds','8ddcff3a80f4189ca1c9d4d902c3c909','0','11@qq.com','15060611657','11','1445018167','175.43.29.116','1') [ RunTime:0.0169s ]
SQL: SHOW COLUMNS FROM `m_userinfo` [ RunTime:0.0010s ]
SQL: INSERT INTO `m_userinfo` (`marriage`,`identity`,`birth`,`address`,`households`,`platform`,`stay`,`entry`,`quit`,`contract`,`startcon`,`endcon`,`starttrial`,`endtrial`,`uid`) VALUES ('0','1111111111111111','1973','11111122','21222222222','122','0','2015','2015','112112323232','2015','2015','2015','2015','9') [ RunTime:0.0349s ]

[ 2015-10-17T14:09:39+08:00 ] 120.33.62.14 /index.php?s=/User/addUser.html
INFO: [ app_begin ] --START--
INFO: Run Behavior\ReadHtmlCacheBehavior [ RunTime:0.000327s ]
INFO: Run Behavior\CheckLangBehavior [ RunTime:0.000289s ]
INFO: [ app_begin ] --END-- [ RunTime:0.000926s ]

[ 2015-10-17T14:09:59+08:00 ] 120.33.62.14 /index.php?s=/User/addUser.html
INFO: [ app_begin ] --START--
INFO: Run Behavior\ReadHtmlCacheBehavior [ RunTime:0.000318s ]
INFO: Run Behavior\CheckLangBehavior [ RunTime:0.000266s ]
INFO: [ app_begin ] --END-- [ RunTime:0.000856s ]

[ 2015-10-17T14:11:48+08:00 ] 120.33.62.14 /index.php?s=/User/addUser.html
INFO: [ app_begin ] --START--
INFO: Run Behavior\ReadHtmlCacheBehavior [ RunTime:0.000333s ]
INFO: Run Behavior\CheckLangBehavior [ RunTime:0.000271s ]
INFO: [ app_begin ] --END-- [ RunTime:0.000967s ]

[ 2015-10-17T14:13:13+08:00 ] 120.33.62.14 /index.php?s=/User/addUser.html
INFO: [ app_begin ] --START--
INFO: Run Behavior\ReadHtmlCacheBehavior [ RunTime:0.000364s ]
INFO: Run Behavior\CheckLangBehavior [ RunTime:0.000281s ]
INFO: [ app_begin ] --END-- [ RunTime:0.000990s ]

[ 2015-10-17T14:14:57+08:00 ] 120.33.62.14 /index.php?s=/User/addUser.html
INFO: [ app_begin ] --START--
INFO: Run Behavior\ReadHtmlCacheBehavior [ RunTime:0.000365s ]
INFO: Run Behavior\CheckLangBehavior [ RunTime:0.000313s ]
INFO: [ app_begin ] --END-- [ RunTime:0.000989s ]

[ 2015-10-17T14:17:42+08:00 ] 120.33.62.14 /index.php?s=/User/addUser.html
INFO: [ app_begin ] --START--
INFO: Run Behavior\ReadHtmlCacheBehavior [ RunTime:0.000345s ]
INFO: Run Behavior\CheckLangBehavior [ RunTime:0.000262s ]
INFO: [ app_begin ] --END-- [ RunTime:0.000878s ]
SQL: SHOW COLUMNS FROM `m_user` [ RunTime:0.0009s ]
SQL: INSERT INTO `m_user` (`number`,`username`,`nickname`,`sex`,`email`,`mobile`,`qq`,`last_login_time`,`last_login_ip`,`status`) VALUES ('2015021','陈俊伟','Will','0','76782126@qq.com','13275056507','76782126','1445062662','120.33.62.14','1') [ RunTime:0.1363s ]
SQL: SHOW COLUMNS FROM `m_userinfo` [ RunTime:0.0011s ]
SQL: INSERT INTO `m_userinfo` (`marriage`,`identity`,`birth`,`address`,`households`,`platform`,`stay`,`entry`,`quit`,`contract`,`startcon`,`endcon`,`starttrial`,`endtrial`,`uid`) VALUES ('1','3333333333333333','631123200','泉州洛江','泉州','22222222','1','1442246400','1571932800','22222222','1442246400','1568476800','1442246400','1447603200','10') [ RunTime:0.0131s ]

[ 2015-10-17T17:16:44+08:00 ] 120.33.62.14 /index.php?s=/Upcard/index.html
ERR: SQLSTATE[42S02]: Base table or view not found: 1146 Table 'm_.auth_group_access' doesn't exist

[ 2015-10-17T17:17:47+08:00 ] 120.33.62.14 /index.php?s=/Upcard/index.html
ERR: SQLSTATE[42000]: Syntax error or access violation: 1064 You have an error in your SQL syntax; check the manual that corresponds to your MySQL server version for the right syntax to use near ''m_'.auth_group_access ON m_user.uid=m_auth_group_access.uid  WHERE `group_id` =' at line 1

[ 2015-10-17T17:18:11+08:00 ] 120.33.62.14 /index.php?s=/Upcard/index.html
ERR: SQLSTATE[42000]: Syntax error or access violation: 1064 You have an error in your SQL syntax; check the manual that corresponds to your MySQL server version for the right syntax to use near ''m_'auth_group_access ON m_user.uid=m_auth_group_access.uid  WHERE `group_id` = ' at line 1

[ 2015-10-17T17:18:50+08:00 ] 120.33.62.14 /index.php?s=/Upcard/index.html
ERR: SQLSTATE[42000]: Syntax error or access violation: 1064 You have an error in your SQL syntax; check the manual that corresponds to your MySQL server version for the right syntax to use near '\'m_\'auth_group_access ON m_user.uid=m_auth_group_access.uid  WHERE `group_id` ' at line 1

[ 2015-10-17T17:19:27+08:00 ] 120.33.62.14 /index.php?s=/Upcard/index.html
ERR: SQLSTATE[42000]: Syntax error or access violation: 1064 You have an error in your SQL syntax; check the manual that corresponds to your MySQL server version for the right syntax to use near '"m_"auth_group_access ON m_user.uid=m_auth_group_access.uid  WHERE `group_id` = ' at line 1

[ 2015-10-17T17:23:09+08:00 ] 120.33.62.14 /index.php?s=/Upcard/index.html
ERR: SQLSTATE[42000]: Syntax error or access violation: 1064 You have an error in your SQL syntax; check the manual that corresponds to your MySQL server version for the right syntax to use near 'user.uid='m_'auth_group_access.uid  WHERE `group_id` = 5' at line 1

[ 2015-10-17T17:24:31+08:00 ] 120.33.62.14 /index.php?s=/Upcard/index.html
ERR: SQLSTATE[42000]: Syntax error or access violation: 1064 You have an error in your SQL syntax; check the manual that corresponds to your MySQL server version for the right syntax to use near '.user.uid="$prex".auth_group_access.uid  WHERE `group_id` = 5' at line 1

[ 2015-10-17T17:34:09+08:00 ] 120.33.62.14 /index.php?s=/Upcard/index.html
ERR: SQLSTATE[42000]: Syntax error or access violation: 1064 You have an error in your SQL syntax; check the manual that corresponds to your MySQL server version for the right syntax to use near '\.user.uid=m_\.auth_group_access.uid  WHERE `group_id` = 5' at line 1

[ 2015-10-17T17:37:25+08:00 ] 120.33.62.14 /index.php?s=/Upcard/index.html
ERR: SQLSTATE[42000]: Syntax error or access violation: 1064 You have an error in your SQL syntax; check the manual that corresponds to your MySQL server version for the right syntax to use near 'user.uid="$prex"auth_group_access.uid  WHERE `group_id` = 5' at line 1

[ 2015-10-17T17:37:55+08:00 ] 120.33.62.14 /index.php?s=/Upcard/index.html
ERR: SQLSTATE[42000]: Syntax error or access violation: 1064 You have an error in your SQL syntax; check the manual that corresponds to your MySQL server version for the right syntax to use near '\"$prex\"user.uid=\"$prex\"auth_group_access.uid  WHERE `group_id` = 5' at line 1

[ 2015-10-17T17:38:25+08:00 ] 120.33.62.14 /index.php?s=/Upcard/index.html
ERR: SQLSTATE[42000]: Syntax error or access violation: 1064 You have an error in your SQL syntax; check the manual that corresponds to your MySQL server version for the right syntax to use near 'user.uid="m_"auth_group_access.uid  WHERE `group_id` = 5' at line 1

[ 2015-10-17T17:41:36+08:00 ] 120.33.62.14 /index.php?s=/Upcard/index.html
ERR: SQLSTATE[42000]: Syntax error or access violation: 1064 You have an error in your SQL syntax; check the manual that corresponds to your MySQL server version for the right syntax to use near '\user.uid=$prex\auth_group_access.uid  WHERE `group_id` = 5' at line 1

[ 2015-10-17T17:45:30+08:00 ] 120.33.62.14 /index.php?s=/Upcard/index.html
ERR: SQLSTATE[42000]: Syntax error or access violation: 1064 You have an error in your SQL syntax; check the manual that corresponds to your MySQL server version for the right syntax to use near '.uid=m_auth_group_access.uid  WHERE `group_id` = 5' at line 1

[ 2015-10-17T17:47:37+08:00 ] 120.33.62.14 /index.php?s=/Upcard/index.html
ERR: SQLSTATE[42000]: Syntax error or access violation: 1064 You have an error in your SQL syntax; check the manual that corresponds to your MySQL server version for the right syntax to use near '.uid=m_auth_group_access.uid  WHERE `group_id` = 5' at line 1

[ 2015-10-17T17:50:28+08:00 ] 120.33.62.14 /index.php?s=/Upcard/index.html
ERR: SQLSTATE[42000]: Syntax error or access violation: 1064 You have an error in your SQL syntax; check the manual that corresponds to your MySQL server version for the right syntax to use near '.uid=m_auth_group_access.uid  WHERE `group_id` = 5' at line 1

[ 2015-10-17T17:50:48+08:00 ] 120.33.62.14 /index.php?s=/Upcard/index.html
ERR: SQLSTATE[42000]: Syntax error or access violation: 1064 You have an error in your SQL syntax; check the manual that corresponds to your MySQL server version for the right syntax to use near '.uid=m_auth_group_access.uid  WHERE `group_id` = 5' at line 1

[ 2015-10-17T17:53:49+08:00 ] 120.33.62.14 /index.php?s=/Upcard/index.html
ERR: SQLSTATE[42000]: Syntax error or access violation: 1064 You have an error in your SQL syntax; check the manual that corresponds to your MySQL server version for the right syntax to use near '.uid=m_auth_group_access.uid  WHERE `group_id` = 5' at line 1

