[ 2015-10-08T11:30:53+08:00 ] 117.24.24.45 /index.php?s=/Out/signUp.html
INFO: [ app_begin ] --START--
INFO: Run Behavior\ReadHtmlCacheBehavior [ RunTime:0.000353s ]
INFO: Run Behavior\CheckLangBehavior [ RunTime:0.000270s ]
INFO: [ app_begin ] --END-- [ RunTime:0.000898s ]
SQL: SHOW COLUMNS FROM `m_auth_group_access` [ RunTime:0.0007s ]
SQL: SELECT `uid`,`group_id`,`title`,`rules` FROM m_auth_group_access a INNER JOIN m_auth_group g on a.group_id=g.id  WHERE ( a.uid='4' and g.status='1' )  [ RunTime:0.0003s ]
SQL: SHOW COLUMNS FROM `m_auth_rule` [ RunTime:0.0005s ]
SQL: SELECT `condition`,`name` FROM `m_auth_rule` WHERE `id` IN ('1','2','3','4','5','6','7','13','8','9','10','11','12') AND `type` = 1 AND `status` = 1  [ RunTime:0.0002s ]

[ 2015-10-08T11:45:11+08:00 ] 117.24.24.45 /index.php?s=/Out/signUp.html
INFO: [ app_begin ] --START--
INFO: Run Behavior\ReadHtmlCacheBehavior [ RunTime:0.000320s ]
INFO: Run Behavior\CheckLangBehavior [ RunTime:0.000266s ]
INFO: [ app_begin ] --END-- [ RunTime:0.000883s ]
SQL: SHOW COLUMNS FROM `m_auth_group_access` [ RunTime:0.0008s ]
SQL: SELECT `uid`,`group_id`,`title`,`rules` FROM m_auth_group_access a INNER JOIN m_auth_group g on a.group_id=g.id  WHERE ( a.uid='4' and g.status='1' )  [ RunTime:0.0004s ]
SQL: SHOW COLUMNS FROM `m_auth_rule` [ RunTime:0.0006s ]
SQL: SELECT `condition`,`name` FROM `m_auth_rule` WHERE `id` IN ('1','2','3','4','5','6','7','13','8','9','10','11','12') AND `type` = 1 AND `status` = 1  [ RunTime:0.0002s ]

[ 2015-10-08T11:48:19+08:00 ] 117.24.24.45 /index.php?s=/Auth/addNode.html
INFO: [ app_begin ] --START--
INFO: Run Behavior\ReadHtmlCacheBehavior [ RunTime:0.000353s ]
INFO: Run Behavior\CheckLangBehavior [ RunTime:0.000272s ]
INFO: [ app_begin ] --END-- [ RunTime:0.000954s ]
SQL: SHOW COLUMNS FROM `m_auth_rule` [ RunTime:0.0008s ]
SQL: INSERT INTO `m_auth_rule` (`name`,`title`,`status`,`condition`,`type`,`mid`) VALUES ('Staff/Upcard/signUp','提交补卡单','1','','1','3') [ RunTime:0.0003s ]

[ 2015-10-08T11:49:21+08:00 ] 117.24.24.45 /index.php?s=/upcard/lists.html
ERR: 模板不存在:./Application/Staff/View/Upcard/lists.html

[ 2015-10-08T11:53:23+08:00 ] 117.24.24.45 /index.php?s=/Out/signUp.html
INFO: [ app_begin ] --START--
INFO: Run Behavior\ReadHtmlCacheBehavior [ RunTime:0.000330s ]
INFO: Run Behavior\CheckLangBehavior [ RunTime:0.000269s ]
INFO: [ app_begin ] --END-- [ RunTime:0.000908s ]
SQL: SHOW COLUMNS FROM `m_auth_group_access` [ RunTime:0.0009s ]
SQL: SELECT `uid`,`group_id`,`title`,`rules` FROM m_auth_group_access a INNER JOIN m_auth_group g on a.group_id=g.id  WHERE ( a.uid='1' and g.status='1' )  [ RunTime:0.0004s ]
SQL: SHOW COLUMNS FROM `m_auth_rule` [ RunTime:0.0008s ]
SQL: SELECT `condition`,`name` FROM `m_auth_rule` WHERE `id` IN ('1','2','3','4','5','6','7','13','8','9','14','10','11','12') AND `type` = 1 AND `status` = 1  [ RunTime:0.0003s ]

[ 2015-10-08T11:53:58+08:00 ] 117.24.24.45 /index.php?s=/Out/signUp.html
INFO: [ app_begin ] --START--
INFO: Run Behavior\ReadHtmlCacheBehavior [ RunTime:0.000448s ]
INFO: Run Behavior\CheckLangBehavior [ RunTime:0.000284s ]
INFO: [ app_begin ] --END-- [ RunTime:0.001009s ]
SQL: SHOW COLUMNS FROM `m_auth_group_access` [ RunTime:0.0007s ]
SQL: SELECT `uid`,`group_id`,`title`,`rules` FROM m_auth_group_access a INNER JOIN m_auth_group g on a.group_id=g.id  WHERE ( a.uid='1' and g.status='1' )  [ RunTime:0.0003s ]
SQL: SHOW COLUMNS FROM `m_auth_rule` [ RunTime:0.0008s ]
SQL: SELECT `condition`,`name` FROM `m_auth_rule` WHERE `id` IN ('1','2','3','4','5','6','7','13','8','9','14','10','11','12') AND `type` = 1 AND `status` = 1  [ RunTime:0.0003s ]

[ 2015-10-08T11:55:05+08:00 ] 117.24.24.45 /index.php?s=/Out/signUp.html
INFO: [ app_begin ] --START--
INFO: Run Behavior\ReadHtmlCacheBehavior [ RunTime:0.000326s ]
INFO: Run Behavior\CheckLangBehavior [ RunTime:0.000294s ]
INFO: [ app_begin ] --END-- [ RunTime:0.000903s ]
SQL: SHOW COLUMNS FROM `m_auth_group_access` [ RunTime:0.0010s ]
SQL: SELECT `uid`,`group_id`,`title`,`rules` FROM m_auth_group_access a INNER JOIN m_auth_group g on a.group_id=g.id  WHERE ( a.uid='1' and g.status='1' )  [ RunTime:0.0005s ]
SQL: SHOW COLUMNS FROM `m_auth_rule` [ RunTime:0.0009s ]
SQL: SELECT `condition`,`name` FROM `m_auth_rule` WHERE `id` IN ('1','2','3','4','5','6','7','13','8','9','14','10','11','12') AND `type` = 1 AND `status` = 1  [ RunTime:0.0005s ]

[ 2015-10-08T11:55:33+08:00 ] 117.24.24.45 /index.php?s=/Upcard/signUp.html
INFO: [ app_begin ] --START--
INFO: Run Behavior\ReadHtmlCacheBehavior [ RunTime:0.000342s ]
INFO: Run Behavior\CheckLangBehavior [ RunTime:0.000318s ]
INFO: [ app_begin ] --END-- [ RunTime:0.001002s ]
SQL: SHOW COLUMNS FROM `m_auth_group_access` [ RunTime:0.0007s ]
SQL: SELECT `uid`,`group_id`,`title`,`rules` FROM m_auth_group_access a INNER JOIN m_auth_group g on a.group_id=g.id  WHERE ( a.uid='1' and g.status='1' )  [ RunTime:0.0004s ]
SQL: SHOW COLUMNS FROM `m_auth_rule` [ RunTime:0.0005s ]
SQL: SELECT `condition`,`name` FROM `m_auth_rule` WHERE `id` IN ('1','2','3','4','5','6','7','13','8','9','14','10','11','12') AND `type` = 1 AND `status` = 1  [ RunTime:0.0003s ]

[ 2015-10-08T11:56:26+08:00 ] 117.24.24.45 /index.php?s=/Upcard/signUp.html
INFO: [ app_begin ] --START--
INFO: Run Behavior\ReadHtmlCacheBehavior [ RunTime:0.000390s ]
INFO: Run Behavior\CheckLangBehavior [ RunTime:0.000266s ]
INFO: [ app_begin ] --END-- [ RunTime:0.000924s ]
SQL: SHOW COLUMNS FROM `m_auth_group_access` [ RunTime:0.0007s ]
SQL: SELECT `uid`,`group_id`,`title`,`rules` FROM m_auth_group_access a INNER JOIN m_auth_group g on a.group_id=g.id  WHERE ( a.uid='1' and g.status='1' )  [ RunTime:0.0003s ]
SQL: SHOW COLUMNS FROM `m_auth_rule` [ RunTime:0.0005s ]
SQL: SELECT `condition`,`name` FROM `m_auth_rule` WHERE `id` IN ('1','2','3','4','5','6','7','13','8','9','14','10','11','12') AND `type` = 1 AND `status` = 1  [ RunTime:0.0002s ]

[ 2015-10-08T11:56:49+08:00 ] 117.24.24.45 /index.php?s=/Upcard/signUp.html
INFO: [ app_begin ] --START--
INFO: Run Behavior\ReadHtmlCacheBehavior [ RunTime:0.000309s ]
INFO: Run Behavior\CheckLangBehavior [ RunTime:0.000263s ]
INFO: [ app_begin ] --END-- [ RunTime:0.000839s ]
SQL: SHOW COLUMNS FROM `m_auth_group_access` [ RunTime:0.0007s ]
SQL: SELECT `uid`,`group_id`,`title`,`rules` FROM m_auth_group_access a INNER JOIN m_auth_group g on a.group_id=g.id  WHERE ( a.uid='1' and g.status='1' )  [ RunTime:0.0003s ]
SQL: SHOW COLUMNS FROM `m_auth_rule` [ RunTime:0.0006s ]
SQL: SELECT `condition`,`name` FROM `m_auth_rule` WHERE `id` IN ('1','2','3','4','5','6','7','13','8','9','14','10','11','12') AND `type` = 1 AND `status` = 1  [ RunTime:0.0002s ]

[ 2015-10-08T11:57:38+08:00 ] 117.24.24.45 /index.php?s=/Upcard/signUp.html
INFO: [ app_begin ] --START--
INFO: Run Behavior\ReadHtmlCacheBehavior [ RunTime:0.000367s ]
INFO: Run Behavior\CheckLangBehavior [ RunTime:0.000271s ]
INFO: [ app_begin ] --END-- [ RunTime:0.001055s ]
SQL: SHOW COLUMNS FROM `m_auth_group_access` [ RunTime:0.0006s ]
SQL: SELECT `uid`,`group_id`,`title`,`rules` FROM m_auth_group_access a INNER JOIN m_auth_group g on a.group_id=g.id  WHERE ( a.uid='1' and g.status='1' )  [ RunTime:0.0003s ]
SQL: SHOW COLUMNS FROM `m_auth_rule` [ RunTime:0.0005s ]
SQL: SELECT `condition`,`name` FROM `m_auth_rule` WHERE `id` IN ('1','2','3','4','5','6','7','13','8','9','14','10','11','12') AND `type` = 1 AND `status` = 1  [ RunTime:0.0003s ]

[ 2015-10-08T11:58:35+08:00 ] 117.24.24.45 /index.php?s=/Upcard/signUp.html
INFO: [ app_begin ] --START--
INFO: Run Behavior\ReadHtmlCacheBehavior [ RunTime:0.000344s ]
INFO: Run Behavior\CheckLangBehavior [ RunTime:0.000280s ]
INFO: [ app_begin ] --END-- [ RunTime:0.000950s ]
SQL: SHOW COLUMNS FROM `m_auth_group_access` [ RunTime:0.0007s ]
SQL: SELECT `uid`,`group_id`,`title`,`rules` FROM m_auth_group_access a INNER JOIN m_auth_group g on a.group_id=g.id  WHERE ( a.uid='1' and g.status='1' )  [ RunTime:0.0003s ]
SQL: SHOW COLUMNS FROM `m_auth_rule` [ RunTime:0.0006s ]
SQL: SELECT `condition`,`name` FROM `m_auth_rule` WHERE `id` IN ('1','2','3','4','5','6','7','13','8','9','14','10','11','12') AND `type` = 1 AND `status` = 1  [ RunTime:0.0002s ]

[ 2015-10-08T11:59:20+08:00 ] 117.24.24.45 /index.php?s=/Upcard/signUp.html
INFO: [ app_begin ] --START--
INFO: Run Behavior\ReadHtmlCacheBehavior [ RunTime:0.000337s ]
INFO: Run Behavior\CheckLangBehavior [ RunTime:0.000265s ]
INFO: [ app_begin ] --END-- [ RunTime:0.000874s ]
SQL: SHOW COLUMNS FROM `m_auth_group_access` [ RunTime:0.0007s ]
SQL: SELECT `uid`,`group_id`,`title`,`rules` FROM m_auth_group_access a INNER JOIN m_auth_group g on a.group_id=g.id  WHERE ( a.uid='1' and g.status='1' )  [ RunTime:0.0003s ]
SQL: SHOW COLUMNS FROM `m_auth_rule` [ RunTime:0.0006s ]
SQL: SELECT `condition`,`name` FROM `m_auth_rule` WHERE `id` IN ('1','2','3','4','5','6','7','13','8','9','14','10','11','12') AND `type` = 1 AND `status` = 1  [ RunTime:0.0003s ]
SQL: SHOW COLUMNS FROM `m_upcard` [ RunTime:0.0005s ]
SQL: INSERT INTO `m_upcard` (`uid`,`signTime`,`upcardTime`,`managersignal`,`directorsignal`,`colleagueText`,`reason`) VALUES ('1','1444233600','2,3,4','0','0','','dsfgsd') [ RunTime:0.0290s ]

[ 2015-10-08T14:40:35+08:00 ] 117.24.24.45 /index.php?s=/Upcard/signUp.html
INFO: [ app_begin ] --START--
INFO: Run Behavior\ReadHtmlCacheBehavior [ RunTime:0.000323s ]
INFO: Run Behavior\CheckLangBehavior [ RunTime:0.000292s ]
INFO: [ app_begin ] --END-- [ RunTime:0.000918s ]
SQL: SHOW COLUMNS FROM `m_auth_group_access` [ RunTime:0.0007s ]
SQL: SELECT `uid`,`group_id`,`title`,`rules` FROM m_auth_group_access a INNER JOIN m_auth_group g on a.group_id=g.id  WHERE ( a.uid='4' and g.status='1' )  [ RunTime:0.0004s ]
SQL: SHOW COLUMNS FROM `m_auth_rule` [ RunTime:0.0005s ]
SQL: SELECT `condition`,`name` FROM `m_auth_rule` WHERE `id` IN ('1','2','3','4','5','6','7','13','8','9','14','10','11','12') AND `type` = 1 AND `status` = 1  [ RunTime:0.0002s ]

[ 2015-10-08T14:40:42+08:00 ] 117.24.24.45 /index.php?s=/Upcard/signUp.html
INFO: [ app_begin ] --START--
INFO: Run Behavior\ReadHtmlCacheBehavior [ RunTime:0.000326s ]
INFO: Run Behavior\CheckLangBehavior [ RunTime:0.000267s ]
INFO: [ app_begin ] --END-- [ RunTime:0.000907s ]
SQL: SHOW COLUMNS FROM `m_auth_group_access` [ RunTime:0.0008s ]
SQL: SELECT `uid`,`group_id`,`title`,`rules` FROM m_auth_group_access a INNER JOIN m_auth_group g on a.group_id=g.id  WHERE ( a.uid='4' and g.status='1' )  [ RunTime:0.0003s ]
SQL: SHOW COLUMNS FROM `m_auth_rule` [ RunTime:0.0005s ]
SQL: SELECT `condition`,`name` FROM `m_auth_rule` WHERE `id` IN ('1','2','3','4','5','6','7','13','8','9','14','10','11','12') AND `type` = 1 AND `status` = 1  [ RunTime:0.0002s ]

[ 2015-10-08T14:40:59+08:00 ] 117.24.24.45 /index.php?s=/Upcard/signUp.html
INFO: [ app_begin ] --START--
INFO: Run Behavior\ReadHtmlCacheBehavior [ RunTime:0.000330s ]
INFO: Run Behavior\CheckLangBehavior [ RunTime:0.000299s ]
INFO: [ app_begin ] --END-- [ RunTime:0.000910s ]
SQL: SHOW COLUMNS FROM `m_auth_group_access` [ RunTime:0.0008s ]
SQL: SELECT `uid`,`group_id`,`title`,`rules` FROM m_auth_group_access a INNER JOIN m_auth_group g on a.group_id=g.id  WHERE ( a.uid='4' and g.status='1' )  [ RunTime:0.0004s ]
SQL: SHOW COLUMNS FROM `m_auth_rule` [ RunTime:0.0005s ]
SQL: SELECT `condition`,`name` FROM `m_auth_rule` WHERE `id` IN ('1','2','3','4','5','6','7','13','8','9','14','10','11','12') AND `type` = 1 AND `status` = 1  [ RunTime:0.0002s ]

[ 2015-10-08T14:42:27+08:00 ] 117.24.24.45 /index.php?s=/Upcard/signUp.html
INFO: [ app_begin ] --START--
INFO: Run Behavior\ReadHtmlCacheBehavior [ RunTime:0.000348s ]
INFO: Run Behavior\CheckLangBehavior [ RunTime:0.000267s ]
INFO: [ app_begin ] --END-- [ RunTime:0.000901s ]
SQL: SHOW COLUMNS FROM `m_auth_group_access` [ RunTime:0.0006s ]
SQL: SELECT `uid`,`group_id`,`title`,`rules` FROM m_auth_group_access a INNER JOIN m_auth_group g on a.group_id=g.id  WHERE ( a.uid='4' and g.status='1' )  [ RunTime:0.0004s ]
SQL: SHOW COLUMNS FROM `m_auth_rule` [ RunTime:0.0005s ]
SQL: SELECT `condition`,`name` FROM `m_auth_rule` WHERE `id` IN ('1','2','3','4','5','6','7','13','8','9','14','10','11','12') AND `type` = 1 AND `status` = 1  [ RunTime:0.0002s ]
SQL: SHOW COLUMNS FROM `m_upcard` [ RunTime:0.0006s ]
SQL: INSERT INTO `m_upcard` (`uid`,`signTime`,`upcardTime`,`managersignal`,`directorsignal`,`colleagueText`,`reason`) VALUES ('4','1445356800','2','0','0','','ggggggggg') [ RunTime:0.0688s ]

[ 2015-10-08T14:43:57+08:00 ] 117.24.24.45 /index.php?s=/Upcard/signUp.html
INFO: [ app_begin ] --START--
INFO: Run Behavior\ReadHtmlCacheBehavior [ RunTime:0.000316s ]
INFO: Run Behavior\CheckLangBehavior [ RunTime:0.000262s ]
INFO: [ app_begin ] --END-- [ RunTime:0.000870s ]
SQL: SHOW COLUMNS FROM `m_auth_group_access` [ RunTime:0.0007s ]
SQL: SELECT `uid`,`group_id`,`title`,`rules` FROM m_auth_group_access a INNER JOIN m_auth_group g on a.group_id=g.id  WHERE ( a.uid='4' and g.status='1' )  [ RunTime:0.0003s ]
SQL: SHOW COLUMNS FROM `m_auth_rule` [ RunTime:0.0005s ]
SQL: SELECT `condition`,`name` FROM `m_auth_rule` WHERE `id` IN ('1','2','3','4','5','6','7','13','8','9','14','10','11','12') AND `type` = 1 AND `status` = 1  [ RunTime:0.0002s ]

[ 2015-10-08T14:44:03+08:00 ] 117.24.24.45 /index.php?s=/Upcard/signUp.html
INFO: [ app_begin ] --START--
INFO: Run Behavior\ReadHtmlCacheBehavior [ RunTime:0.000393s ]
INFO: Run Behavior\CheckLangBehavior [ RunTime:0.000289s ]
INFO: [ app_begin ] --END-- [ RunTime:0.000956s ]
SQL: SHOW COLUMNS FROM `m_auth_group_access` [ RunTime:0.0007s ]
SQL: SELECT `uid`,`group_id`,`title`,`rules` FROM m_auth_group_access a INNER JOIN m_auth_group g on a.group_id=g.id  WHERE ( a.uid='4' and g.status='1' )  [ RunTime:0.0004s ]
SQL: SHOW COLUMNS FROM `m_auth_rule` [ RunTime:0.0005s ]
SQL: SELECT `condition`,`name` FROM `m_auth_rule` WHERE `id` IN ('1','2','3','4','5','6','7','13','8','9','14','10','11','12') AND `type` = 1 AND `status` = 1  [ RunTime:0.0003s ]

[ 2015-10-08T14:44:05+08:00 ] 117.24.24.45 /index.php?s=/Upcard/signUp.html
INFO: [ app_begin ] --START--
INFO: Run Behavior\ReadHtmlCacheBehavior [ RunTime:0.000420s ]
INFO: Run Behavior\CheckLangBehavior [ RunTime:0.000303s ]
INFO: [ app_begin ] --END-- [ RunTime:0.001034s ]
SQL: SHOW COLUMNS FROM `m_auth_group_access` [ RunTime:0.0007s ]
SQL: SELECT `uid`,`group_id`,`title`,`rules` FROM m_auth_group_access a INNER JOIN m_auth_group g on a.group_id=g.id  WHERE ( a.uid='4' and g.status='1' )  [ RunTime:0.0003s ]
SQL: SHOW COLUMNS FROM `m_auth_rule` [ RunTime:0.0006s ]
SQL: SELECT `condition`,`name` FROM `m_auth_rule` WHERE `id` IN ('1','2','3','4','5','6','7','13','8','9','14','10','11','12') AND `type` = 1 AND `status` = 1  [ RunTime:0.0003s ]

[ 2015-10-08T14:44:05+08:00 ] 117.24.24.45 /index.php?s=/Upcard/signUp.html
INFO: [ app_begin ] --START--
INFO: Run Behavior\ReadHtmlCacheBehavior [ RunTime:0.000332s ]
INFO: Run Behavior\CheckLangBehavior [ RunTime:0.000305s ]
INFO: [ app_begin ] --END-- [ RunTime:0.000987s ]
SQL: SHOW COLUMNS FROM `m_auth_group_access` [ RunTime:0.0009s ]
SQL: SELECT `uid`,`group_id`,`title`,`rules` FROM m_auth_group_access a INNER JOIN m_auth_group g on a.group_id=g.id  WHERE ( a.uid='4' and g.status='1' )  [ RunTime:0.0005s ]
SQL: SHOW COLUMNS FROM `m_auth_rule` [ RunTime:0.0007s ]
SQL: SELECT `condition`,`name` FROM `m_auth_rule` WHERE `id` IN ('1','2','3','4','5','6','7','13','8','9','14','10','11','12') AND `type` = 1 AND `status` = 1  [ RunTime:0.0004s ]

[ 2015-10-08T14:44:23+08:00 ] 117.24.24.45 /index.php?s=/Upcard/signUp.html
INFO: [ app_begin ] --START--
INFO: Run Behavior\ReadHtmlCacheBehavior [ RunTime:0.000320s ]
INFO: Run Behavior\CheckLangBehavior [ RunTime:0.000297s ]
INFO: [ app_begin ] --END-- [ RunTime:0.000896s ]
SQL: SHOW COLUMNS FROM `m_auth_group_access` [ RunTime:0.0007s ]
SQL: SELECT `uid`,`group_id`,`title`,`rules` FROM m_auth_group_access a INNER JOIN m_auth_group g on a.group_id=g.id  WHERE ( a.uid='4' and g.status='1' )  [ RunTime:0.0003s ]
SQL: SHOW COLUMNS FROM `m_auth_rule` [ RunTime:0.0005s ]
SQL: SELECT `condition`,`name` FROM `m_auth_rule` WHERE `id` IN ('1','2','3','4','5','6','7','13','8','9','14','10','11','12') AND `type` = 1 AND `status` = 1  [ RunTime:0.0003s ]

[ 2015-10-08T14:44:25+08:00 ] 117.24.24.45 /index.php?s=/Upcard/signUp.html
INFO: [ app_begin ] --START--
INFO: Run Behavior\ReadHtmlCacheBehavior [ RunTime:0.000311s ]
INFO: Run Behavior\CheckLangBehavior [ RunTime:0.000301s ]
INFO: [ app_begin ] --END-- [ RunTime:0.000880s ]
SQL: SHOW COLUMNS FROM `m_auth_group_access` [ RunTime:0.0007s ]
SQL: SELECT `uid`,`group_id`,`title`,`rules` FROM m_auth_group_access a INNER JOIN m_auth_group g on a.group_id=g.id  WHERE ( a.uid='4' and g.status='1' )  [ RunTime:0.0003s ]
SQL: SHOW COLUMNS FROM `m_auth_rule` [ RunTime:0.0005s ]
SQL: SELECT `condition`,`name` FROM `m_auth_rule` WHERE `id` IN ('1','2','3','4','5','6','7','13','8','9','14','10','11','12') AND `type` = 1 AND `status` = 1  [ RunTime:0.0003s ]

[ 2015-10-08T14:44:26+08:00 ] 117.24.24.45 /index.php?s=/Upcard/signUp.html
INFO: [ app_begin ] --START--
INFO: Run Behavior\ReadHtmlCacheBehavior [ RunTime:0.000348s ]
INFO: Run Behavior\CheckLangBehavior [ RunTime:0.000294s ]
INFO: [ app_begin ] --END-- [ RunTime:0.000917s ]
SQL: SHOW COLUMNS FROM `m_auth_group_access` [ RunTime:0.0006s ]
SQL: SELECT `uid`,`group_id`,`title`,`rules` FROM m_auth_group_access a INNER JOIN m_auth_group g on a.group_id=g.id  WHERE ( a.uid='4' and g.status='1' )  [ RunTime:0.0004s ]
SQL: SHOW COLUMNS FROM `m_auth_rule` [ RunTime:0.0005s ]
SQL: SELECT `condition`,`name` FROM `m_auth_rule` WHERE `id` IN ('1','2','3','4','5','6','7','13','8','9','14','10','11','12') AND `type` = 1 AND `status` = 1  [ RunTime:0.0003s ]

[ 2015-10-08T14:44:26+08:00 ] 117.24.24.45 /index.php?s=/Upcard/signUp.html
INFO: [ app_begin ] --START--
INFO: Run Behavior\ReadHtmlCacheBehavior [ RunTime:0.000330s ]
INFO: Run Behavior\CheckLangBehavior [ RunTime:0.000265s ]
INFO: [ app_begin ] --END-- [ RunTime:0.000893s ]
SQL: SHOW COLUMNS FROM `m_auth_group_access` [ RunTime:0.0008s ]
SQL: SELECT `uid`,`group_id`,`title`,`rules` FROM m_auth_group_access a INNER JOIN m_auth_group g on a.group_id=g.id  WHERE ( a.uid='4' and g.status='1' )  [ RunTime:0.0004s ]
SQL: SHOW COLUMNS FROM `m_auth_rule` [ RunTime:0.0006s ]
SQL: SELECT `condition`,`name` FROM `m_auth_rule` WHERE `id` IN ('1','2','3','4','5','6','7','13','8','9','14','10','11','12') AND `type` = 1 AND `status` = 1  [ RunTime:0.0003s ]

[ 2015-10-08T14:44:27+08:00 ] 117.24.24.45 /index.php?s=/Upcard/signUp.html
INFO: [ app_begin ] --START--
INFO: Run Behavior\ReadHtmlCacheBehavior [ RunTime:0.000505s ]
INFO: Run Behavior\CheckLangBehavior [ RunTime:0.000459s ]
INFO: [ app_begin ] --END-- [ RunTime:0.001284s ]
SQL: SHOW COLUMNS FROM `m_auth_group_access` [ RunTime:0.0008s ]
SQL: SELECT `uid`,`group_id`,`title`,`rules` FROM m_auth_group_access a INNER JOIN m_auth_group g on a.group_id=g.id  WHERE ( a.uid='4' and g.status='1' )  [ RunTime:0.0004s ]
SQL: SHOW COLUMNS FROM `m_auth_rule` [ RunTime:0.0007s ]
SQL: SELECT `condition`,`name` FROM `m_auth_rule` WHERE `id` IN ('1','2','3','4','5','6','7','13','8','9','14','10','11','12') AND `type` = 1 AND `status` = 1  [ RunTime:0.0003s ]

[ 2015-10-08T14:45:03+08:00 ] 117.24.24.45 /index.php?s=/Upcard/signUp.html
INFO: [ app_begin ] --START--
INFO: Run Behavior\ReadHtmlCacheBehavior [ RunTime:0.000366s ]
INFO: Run Behavior\CheckLangBehavior [ RunTime:0.000275s ]
INFO: [ app_begin ] --END-- [ RunTime:0.000939s ]
SQL: SHOW COLUMNS FROM `m_auth_group_access` [ RunTime:0.0007s ]
SQL: SELECT `uid`,`group_id`,`title`,`rules` FROM m_auth_group_access a INNER JOIN m_auth_group g on a.group_id=g.id  WHERE ( a.uid='4' and g.status='1' )  [ RunTime:0.0003s ]
SQL: SHOW COLUMNS FROM `m_auth_rule` [ RunTime:0.0005s ]
SQL: SELECT `condition`,`name` FROM `m_auth_rule` WHERE `id` IN ('1','2','3','4','5','6','7','13','8','9','14','10','11','12') AND `type` = 1 AND `status` = 1  [ RunTime:0.0003s ]

[ 2015-10-08T14:45:04+08:00 ] 117.24.24.45 /index.php?s=/Upcard/signUp.html
INFO: [ app_begin ] --START--
INFO: Run Behavior\ReadHtmlCacheBehavior [ RunTime:0.000555s ]
INFO: Run Behavior\CheckLangBehavior [ RunTime:0.000478s ]
INFO: [ app_begin ] --END-- [ RunTime:0.001512s ]
SQL: SHOW COLUMNS FROM `m_auth_group_access` [ RunTime:0.0009s ]
SQL: SELECT `uid`,`group_id`,`title`,`rules` FROM m_auth_group_access a INNER JOIN m_auth_group g on a.group_id=g.id  WHERE ( a.uid='4' and g.status='1' )  [ RunTime:0.0004s ]
SQL: SHOW COLUMNS FROM `m_auth_rule` [ RunTime:0.0008s ]
SQL: SELECT `condition`,`name` FROM `m_auth_rule` WHERE `id` IN ('1','2','3','4','5','6','7','13','8','9','14','10','11','12') AND `type` = 1 AND `status` = 1  [ RunTime:0.0004s ]

[ 2015-10-08T14:45:04+08:00 ] 117.24.24.45 /index.php?s=/Upcard/signUp.html
INFO: [ app_begin ] --START--
INFO: Run Behavior\ReadHtmlCacheBehavior [ RunTime:0.000346s ]
INFO: Run Behavior\CheckLangBehavior [ RunTime:0.000287s ]
INFO: [ app_begin ] --END-- [ RunTime:0.000905s ]
SQL: SHOW COLUMNS FROM `m_auth_group_access` [ RunTime:0.0007s ]
SQL: SELECT `uid`,`group_id`,`title`,`rules` FROM m_auth_group_access a INNER JOIN m_auth_group g on a.group_id=g.id  WHERE ( a.uid='4' and g.status='1' )  [ RunTime:0.0003s ]
SQL: SHOW COLUMNS FROM `m_auth_rule` [ RunTime:0.0005s ]
SQL: SELECT `condition`,`name` FROM `m_auth_rule` WHERE `id` IN ('1','2','3','4','5','6','7','13','8','9','14','10','11','12') AND `type` = 1 AND `status` = 1  [ RunTime:0.0003s ]

[ 2015-10-08T14:45:05+08:00 ] 117.24.24.45 /index.php?s=/Upcard/signUp.html
INFO: [ app_begin ] --START--
INFO: Run Behavior\ReadHtmlCacheBehavior [ RunTime:0.000399s ]
INFO: Run Behavior\CheckLangBehavior [ RunTime:0.000278s ]
INFO: [ app_begin ] --END-- [ RunTime:0.000994s ]
SQL: SHOW COLUMNS FROM `m_auth_group_access` [ RunTime:0.0006s ]
SQL: SELECT `uid`,`group_id`,`title`,`rules` FROM m_auth_group_access a INNER JOIN m_auth_group g on a.group_id=g.id  WHERE ( a.uid='4' and g.status='1' )  [ RunTime:0.0004s ]
SQL: SHOW COLUMNS FROM `m_auth_rule` [ RunTime:0.0005s ]
SQL: SELECT `condition`,`name` FROM `m_auth_rule` WHERE `id` IN ('1','2','3','4','5','6','7','13','8','9','14','10','11','12') AND `type` = 1 AND `status` = 1  [ RunTime:0.0002s ]

[ 2015-10-08T14:45:05+08:00 ] 117.24.24.45 /index.php?s=/Upcard/signUp.html
INFO: [ app_begin ] --START--
INFO: Run Behavior\ReadHtmlCacheBehavior [ RunTime:0.000326s ]
INFO: Run Behavior\CheckLangBehavior [ RunTime:0.000268s ]
INFO: [ app_begin ] --END-- [ RunTime:0.000892s ]
SQL: SHOW COLUMNS FROM `m_auth_group_access` [ RunTime:0.0007s ]
SQL: SELECT `uid`,`group_id`,`title`,`rules` FROM m_auth_group_access a INNER JOIN m_auth_group g on a.group_id=g.id  WHERE ( a.uid='4' and g.status='1' )  [ RunTime:0.0003s ]
SQL: SHOW COLUMNS FROM `m_auth_rule` [ RunTime:0.0005s ]
SQL: SELECT `condition`,`name` FROM `m_auth_rule` WHERE `id` IN ('1','2','3','4','5','6','7','13','8','9','14','10','11','12') AND `type` = 1 AND `status` = 1  [ RunTime:0.0003s ]

[ 2015-10-08T14:45:05+08:00 ] 117.24.24.45 /index.php?s=/Upcard/signUp.html
INFO: [ app_begin ] --START--
INFO: Run Behavior\ReadHtmlCacheBehavior [ RunTime:0.000323s ]
INFO: Run Behavior\CheckLangBehavior [ RunTime:0.000286s ]
INFO: [ app_begin ] --END-- [ RunTime:0.000921s ]
SQL: SHOW COLUMNS FROM `m_auth_group_access` [ RunTime:0.0007s ]
SQL: SELECT `uid`,`group_id`,`title`,`rules` FROM m_auth_group_access a INNER JOIN m_auth_group g on a.group_id=g.id  WHERE ( a.uid='4' and g.status='1' )  [ RunTime:0.0003s ]
SQL: SHOW COLUMNS FROM `m_auth_rule` [ RunTime:0.0005s ]
SQL: SELECT `condition`,`name` FROM `m_auth_rule` WHERE `id` IN ('1','2','3','4','5','6','7','13','8','9','14','10','11','12') AND `type` = 1 AND `status` = 1  [ RunTime:0.0003s ]

[ 2015-10-08T14:45:06+08:00 ] 117.24.24.45 /index.php?s=/Upcard/signUp.html
INFO: [ app_begin ] --START--
INFO: Run Behavior\ReadHtmlCacheBehavior [ RunTime:0.000348s ]
INFO: Run Behavior\CheckLangBehavior [ RunTime:0.000264s ]
INFO: [ app_begin ] --END-- [ RunTime:0.000883s ]
SQL: SHOW COLUMNS FROM `m_auth_group_access` [ RunTime:0.0007s ]
SQL: SELECT `uid`,`group_id`,`title`,`rules` FROM m_auth_group_access a INNER JOIN m_auth_group g on a.group_id=g.id  WHERE ( a.uid='4' and g.status='1' )  [ RunTime:0.0003s ]
SQL: SHOW COLUMNS FROM `m_auth_rule` [ RunTime:0.0005s ]
SQL: SELECT `condition`,`name` FROM `m_auth_rule` WHERE `id` IN ('1','2','3','4','5','6','7','13','8','9','14','10','11','12') AND `type` = 1 AND `status` = 1  [ RunTime:0.0002s ]

[ 2015-10-08T14:45:06+08:00 ] 117.24.24.45 /index.php?s=/Upcard/signUp.html
INFO: [ app_begin ] --START--
INFO: Run Behavior\ReadHtmlCacheBehavior [ RunTime:0.000366s ]
INFO: Run Behavior\CheckLangBehavior [ RunTime:0.000272s ]
INFO: [ app_begin ] --END-- [ RunTime:0.000916s ]
SQL: SHOW COLUMNS FROM `m_auth_group_access` [ RunTime:0.0007s ]
SQL: SELECT `uid`,`group_id`,`title`,`rules` FROM m_auth_group_access a INNER JOIN m_auth_group g on a.group_id=g.id  WHERE ( a.uid='4' and g.status='1' )  [ RunTime:0.0003s ]
SQL: SHOW COLUMNS FROM `m_auth_rule` [ RunTime:0.0005s ]
SQL: SELECT `condition`,`name` FROM `m_auth_rule` WHERE `id` IN ('1','2','3','4','5','6','7','13','8','9','14','10','11','12') AND `type` = 1 AND `status` = 1  [ RunTime:0.0003s ]

[ 2015-10-08T14:45:06+08:00 ] 117.24.24.45 /index.php?s=/Upcard/signUp.html
INFO: [ app_begin ] --START--
INFO: Run Behavior\ReadHtmlCacheBehavior [ RunTime:0.000326s ]
INFO: Run Behavior\CheckLangBehavior [ RunTime:0.000321s ]
INFO: [ app_begin ] --END-- [ RunTime:0.000954s ]
SQL: SHOW COLUMNS FROM `m_auth_group_access` [ RunTime:0.0007s ]
SQL: SELECT `uid`,`group_id`,`title`,`rules` FROM m_auth_group_access a INNER JOIN m_auth_group g on a.group_id=g.id  WHERE ( a.uid='4' and g.status='1' )  [ RunTime:0.0003s ]
SQL: SHOW COLUMNS FROM `m_auth_rule` [ RunTime:0.0005s ]
SQL: SELECT `condition`,`name` FROM `m_auth_rule` WHERE `id` IN ('1','2','3','4','5','6','7','13','8','9','14','10','11','12') AND `type` = 1 AND `status` = 1  [ RunTime:0.0002s ]

[ 2015-10-08T14:45:07+08:00 ] 117.24.24.45 /index.php?s=/Upcard/signUp.html
INFO: [ app_begin ] --START--
INFO: Run Behavior\ReadHtmlCacheBehavior [ RunTime:0.000320s ]
INFO: Run Behavior\CheckLangBehavior [ RunTime:0.000285s ]
INFO: [ app_begin ] --END-- [ RunTime:0.000904s ]
SQL: SHOW COLUMNS FROM `m_auth_group_access` [ RunTime:0.0006s ]
SQL: SELECT `uid`,`group_id`,`title`,`rules` FROM m_auth_group_access a INNER JOIN m_auth_group g on a.group_id=g.id  WHERE ( a.uid='4' and g.status='1' )  [ RunTime:0.0003s ]
SQL: SHOW COLUMNS FROM `m_auth_rule` [ RunTime:0.0006s ]
SQL: SELECT `condition`,`name` FROM `m_auth_rule` WHERE `id` IN ('1','2','3','4','5','6','7','13','8','9','14','10','11','12') AND `type` = 1 AND `status` = 1  [ RunTime:0.0003s ]

[ 2015-10-08T14:45:07+08:00 ] 117.24.24.45 /index.php?s=/Upcard/signUp.html
INFO: [ app_begin ] --START--
INFO: Run Behavior\ReadHtmlCacheBehavior [ RunTime:0.000322s ]
INFO: Run Behavior\CheckLangBehavior [ RunTime:0.000262s ]
INFO: [ app_begin ] --END-- [ RunTime:0.000881s ]
SQL: SHOW COLUMNS FROM `m_auth_group_access` [ RunTime:0.0007s ]
SQL: SELECT `uid`,`group_id`,`title`,`rules` FROM m_auth_group_access a INNER JOIN m_auth_group g on a.group_id=g.id  WHERE ( a.uid='4' and g.status='1' )  [ RunTime:0.0003s ]
SQL: SHOW COLUMNS FROM `m_auth_rule` [ RunTime:0.0005s ]
SQL: SELECT `condition`,`name` FROM `m_auth_rule` WHERE `id` IN ('1','2','3','4','5','6','7','13','8','9','14','10','11','12') AND `type` = 1 AND `status` = 1  [ RunTime:0.0002s ]

[ 2015-10-08T14:46:05+08:00 ] 117.24.24.45 /index.php?s=/Upcard/signUp.html
INFO: [ app_begin ] --START--
INFO: Run Behavior\ReadHtmlCacheBehavior [ RunTime:0.000578s ]
INFO: Run Behavior\CheckLangBehavior [ RunTime:0.000436s ]
INFO: [ app_begin ] --END-- [ RunTime:0.001463s ]
SQL: SHOW COLUMNS FROM `m_auth_group_access` [ RunTime:0.0007s ]
SQL: SELECT `uid`,`group_id`,`title`,`rules` FROM m_auth_group_access a INNER JOIN m_auth_group g on a.group_id=g.id  WHERE ( a.uid='4' and g.status='1' )  [ RunTime:0.0003s ]
SQL: SHOW COLUMNS FROM `m_auth_rule` [ RunTime:0.0006s ]
SQL: SELECT `condition`,`name` FROM `m_auth_rule` WHERE `id` IN ('1','2','3','4','5','6','7','13','8','9','14','10','11','12') AND `type` = 1 AND `status` = 1  [ RunTime:0.0002s ]
SQL: SHOW COLUMNS FROM `m_upcard` [ RunTime:0.0005s ]
SQL: INSERT INTO `m_upcard` (`uid`,`signTime`,`upcardTime`,`managersignal`,`directorsignal`,`colleagueText`,`reason`) VALUES ('4','1444924800','2','0','0','','dfda') [ RunTime:0.0378s ]

[ 2015-10-08T14:46:06+08:00 ] 117.24.24.45 /index.php?s=/Upcard/signUp.html
INFO: [ app_begin ] --START--
INFO: Run Behavior\ReadHtmlCacheBehavior [ RunTime:0.000325s ]
INFO: Run Behavior\CheckLangBehavior [ RunTime:0.000265s ]
INFO: [ app_begin ] --END-- [ RunTime:0.000892s ]
SQL: SHOW COLUMNS FROM `m_auth_group_access` [ RunTime:0.0007s ]
SQL: SELECT `uid`,`group_id`,`title`,`rules` FROM m_auth_group_access a INNER JOIN m_auth_group g on a.group_id=g.id  WHERE ( a.uid='4' and g.status='1' )  [ RunTime:0.0004s ]
SQL: SHOW COLUMNS FROM `m_auth_rule` [ RunTime:0.0006s ]
SQL: SELECT `condition`,`name` FROM `m_auth_rule` WHERE `id` IN ('1','2','3','4','5','6','7','13','8','9','14','10','11','12') AND `type` = 1 AND `status` = 1  [ RunTime:0.0003s ]
SQL: SHOW COLUMNS FROM `m_upcard` [ RunTime:0.0007s ]
SQL: INSERT INTO `m_upcard` (`uid`,`signTime`,`upcardTime`,`managersignal`,`directorsignal`,`colleagueText`,`reason`) VALUES ('4','1444924800','2','0','0','','dfda') [ RunTime:0.0169s ]

[ 2015-10-08T14:46:07+08:00 ] 117.24.24.45 /index.php?s=/Upcard/signUp.html
INFO: [ app_begin ] --START--
INFO: Run Behavior\ReadHtmlCacheBehavior [ RunTime:0.000344s ]
INFO: Run Behavior\CheckLangBehavior [ RunTime:0.000263s ]
INFO: [ app_begin ] --END-- [ RunTime:0.000879s ]
SQL: SHOW COLUMNS FROM `m_auth_group_access` [ RunTime:0.0007s ]
SQL: SELECT `uid`,`group_id`,`title`,`rules` FROM m_auth_group_access a INNER JOIN m_auth_group g on a.group_id=g.id  WHERE ( a.uid='4' and g.status='1' )  [ RunTime:0.0003s ]
SQL: SHOW COLUMNS FROM `m_auth_rule` [ RunTime:0.0005s ]
SQL: SELECT `condition`,`name` FROM `m_auth_rule` WHERE `id` IN ('1','2','3','4','5','6','7','13','8','9','14','10','11','12') AND `type` = 1 AND `status` = 1  [ RunTime:0.0003s ]
SQL: SHOW COLUMNS FROM `m_upcard` [ RunTime:0.0005s ]
SQL: INSERT INTO `m_upcard` (`uid`,`signTime`,`upcardTime`,`managersignal`,`directorsignal`,`colleagueText`,`reason`) VALUES ('4','1444924800','2','0','0','','dfda') [ RunTime:0.0368s ]

[ 2015-10-08T14:46:09+08:00 ] 117.24.24.45 /index.php?s=/Upcard/signUp.html
INFO: [ app_begin ] --START--
INFO: Run Behavior\ReadHtmlCacheBehavior [ RunTime:0.000388s ]
INFO: Run Behavior\CheckLangBehavior [ RunTime:0.000338s ]
INFO: [ app_begin ] --END-- [ RunTime:0.001017s ]
SQL: SHOW COLUMNS FROM `m_auth_group_access` [ RunTime:0.0007s ]
SQL: SELECT `uid`,`group_id`,`title`,`rules` FROM m_auth_group_access a INNER JOIN m_auth_group g on a.group_id=g.id  WHERE ( a.uid='4' and g.status='1' )  [ RunTime:0.0003s ]
SQL: SHOW COLUMNS FROM `m_auth_rule` [ RunTime:0.0005s ]
SQL: SELECT `condition`,`name` FROM `m_auth_rule` WHERE `id` IN ('1','2','3','4','5','6','7','13','8','9','14','10','11','12') AND `type` = 1 AND `status` = 1  [ RunTime:0.0003s ]
SQL: SHOW COLUMNS FROM `m_upcard` [ RunTime:0.0006s ]
SQL: INSERT INTO `m_upcard` (`uid`,`signTime`,`upcardTime`,`managersignal`,`directorsignal`,`colleagueText`,`reason`) VALUES ('4','1444924800','2','0','0','','dfda') [ RunTime:0.0145s ]

[ 2015-10-08T14:46:10+08:00 ] 117.24.24.45 /index.php?s=/Upcard/signUp.html
INFO: [ app_begin ] --START--
INFO: Run Behavior\ReadHtmlCacheBehavior [ RunTime:0.000316s ]
INFO: Run Behavior\CheckLangBehavior [ RunTime:0.000262s ]
INFO: [ app_begin ] --END-- [ RunTime:0.000873s ]
SQL: SHOW COLUMNS FROM `m_auth_group_access` [ RunTime:0.0007s ]
SQL: SELECT `uid`,`group_id`,`title`,`rules` FROM m_auth_group_access a INNER JOIN m_auth_group g on a.group_id=g.id  WHERE ( a.uid='4' and g.status='1' )  [ RunTime:0.0003s ]
SQL: SHOW COLUMNS FROM `m_auth_rule` [ RunTime:0.0005s ]
SQL: SELECT `condition`,`name` FROM `m_auth_rule` WHERE `id` IN ('1','2','3','4','5','6','7','13','8','9','14','10','11','12') AND `type` = 1 AND `status` = 1  [ RunTime:0.0005s ]
SQL: SHOW COLUMNS FROM `m_upcard` [ RunTime:0.0007s ]
SQL: INSERT INTO `m_upcard` (`uid`,`signTime`,`upcardTime`,`managersignal`,`directorsignal`,`colleagueText`,`reason`) VALUES ('4','1444924800','2','0','0','','dfda') [ RunTime:0.0272s ]

[ 2015-10-08T14:46:10+08:00 ] 117.24.24.45 /index.php?s=/Upcard/signUp.html
INFO: [ app_begin ] --START--
INFO: Run Behavior\ReadHtmlCacheBehavior [ RunTime:0.000384s ]
INFO: Run Behavior\CheckLangBehavior [ RunTime:0.000279s ]
INFO: [ app_begin ] --END-- [ RunTime:0.000963s ]
SQL: SHOW COLUMNS FROM `m_auth_group_access` [ RunTime:0.0007s ]
SQL: SELECT `uid`,`group_id`,`title`,`rules` FROM m_auth_group_access a INNER JOIN m_auth_group g on a.group_id=g.id  WHERE ( a.uid='4' and g.status='1' )  [ RunTime:0.0003s ]
SQL: SHOW COLUMNS FROM `m_auth_rule` [ RunTime:0.0005s ]
SQL: SELECT `condition`,`name` FROM `m_auth_rule` WHERE `id` IN ('1','2','3','4','5','6','7','13','8','9','14','10','11','12') AND `type` = 1 AND `status` = 1  [ RunTime:0.0002s ]
SQL: SHOW COLUMNS FROM `m_upcard` [ RunTime:0.0005s ]
SQL: INSERT INTO `m_upcard` (`uid`,`signTime`,`upcardTime`,`managersignal`,`directorsignal`,`colleagueText`,`reason`) VALUES ('4','1444924800','2','0','0','','dfda') [ RunTime:0.0295s ]

[ 2015-10-08T14:46:11+08:00 ] 117.24.24.45 /index.php?s=/Upcard/signUp.html
INFO: [ app_begin ] --START--
INFO: Run Behavior\ReadHtmlCacheBehavior [ RunTime:0.000315s ]
INFO: Run Behavior\CheckLangBehavior [ RunTime:0.000286s ]
INFO: [ app_begin ] --END-- [ RunTime:0.000871s ]
SQL: SHOW COLUMNS FROM `m_auth_group_access` [ RunTime:0.0007s ]
SQL: SELECT `uid`,`group_id`,`title`,`rules` FROM m_auth_group_access a INNER JOIN m_auth_group g on a.group_id=g.id  WHERE ( a.uid='4' and g.status='1' )  [ RunTime:0.0003s ]
SQL: SHOW COLUMNS FROM `m_auth_rule` [ RunTime:0.0005s ]
SQL: SELECT `condition`,`name` FROM `m_auth_rule` WHERE `id` IN ('1','2','3','4','5','6','7','13','8','9','14','10','11','12') AND `type` = 1 AND `status` = 1  [ RunTime:0.0003s ]
SQL: SHOW COLUMNS FROM `m_upcard` [ RunTime:0.0006s ]
SQL: INSERT INTO `m_upcard` (`uid`,`signTime`,`upcardTime`,`managersignal`,`directorsignal`,`colleagueText`,`reason`) VALUES ('4','1444924800','2','0','0','','dfda') [ RunTime:0.0133s ]

[ 2015-10-08T14:46:11+08:00 ] 117.24.24.45 /index.php?s=/Upcard/signUp.html
INFO: [ app_begin ] --START--
INFO: Run Behavior\ReadHtmlCacheBehavior [ RunTime:0.000323s ]
INFO: Run Behavior\CheckLangBehavior [ RunTime:0.000292s ]
INFO: [ app_begin ] --END-- [ RunTime:0.000927s ]
SQL: SHOW COLUMNS FROM `m_auth_group_access` [ RunTime:0.0007s ]
SQL: SELECT `uid`,`group_id`,`title`,`rules` FROM m_auth_group_access a INNER JOIN m_auth_group g on a.group_id=g.id  WHERE ( a.uid='4' and g.status='1' )  [ RunTime:0.0003s ]
SQL: SHOW COLUMNS FROM `m_auth_rule` [ RunTime:0.0005s ]
SQL: SELECT `condition`,`name` FROM `m_auth_rule` WHERE `id` IN ('1','2','3','4','5','6','7','13','8','9','14','10','11','12') AND `type` = 1 AND `status` = 1  [ RunTime:0.0003s ]
SQL: SHOW COLUMNS FROM `m_upcard` [ RunTime:0.0005s ]
SQL: INSERT INTO `m_upcard` (`uid`,`signTime`,`upcardTime`,`managersignal`,`directorsignal`,`colleagueText`,`reason`) VALUES ('4','1444924800','2','0','0','','dfda') [ RunTime:0.0140s ]

[ 2015-10-08T14:46:11+08:00 ] 117.24.24.45 /index.php?s=/Upcard/signUp.html
INFO: [ app_begin ] --START--
INFO: Run Behavior\ReadHtmlCacheBehavior [ RunTime:0.000319s ]
INFO: Run Behavior\CheckLangBehavior [ RunTime:0.000264s ]
INFO: [ app_begin ] --END-- [ RunTime:0.000859s ]
SQL: SHOW COLUMNS FROM `m_auth_group_access` [ RunTime:0.0007s ]
SQL: SELECT `uid`,`group_id`,`title`,`rules` FROM m_auth_group_access a INNER JOIN m_auth_group g on a.group_id=g.id  WHERE ( a.uid='4' and g.status='1' )  [ RunTime:0.0003s ]
SQL: SHOW COLUMNS FROM `m_auth_rule` [ RunTime:0.0005s ]
SQL: SELECT `condition`,`name` FROM `m_auth_rule` WHERE `id` IN ('1','2','3','4','5','6','7','13','8','9','14','10','11','12') AND `type` = 1 AND `status` = 1  [ RunTime:0.0002s ]
SQL: SHOW COLUMNS FROM `m_upcard` [ RunTime:0.0007s ]
SQL: INSERT INTO `m_upcard` (`uid`,`signTime`,`upcardTime`,`managersignal`,`directorsignal`,`colleagueText`,`reason`) VALUES ('4','1444924800','2','0','0','','dfda') [ RunTime:0.0144s ]

[ 2015-10-08T14:46:12+08:00 ] 117.24.24.45 /index.php?s=/Upcard/signUp.html
INFO: [ app_begin ] --START--
INFO: Run Behavior\ReadHtmlCacheBehavior [ RunTime:0.000368s ]
INFO: Run Behavior\CheckLangBehavior [ RunTime:0.000322s ]
INFO: [ app_begin ] --END-- [ RunTime:0.001047s ]
SQL: SHOW COLUMNS FROM `m_auth_group_access` [ RunTime:0.0007s ]
SQL: SELECT `uid`,`group_id`,`title`,`rules` FROM m_auth_group_access a INNER JOIN m_auth_group g on a.group_id=g.id  WHERE ( a.uid='4' and g.status='1' )  [ RunTime:0.0003s ]
SQL: SHOW COLUMNS FROM `m_auth_rule` [ RunTime:0.0007s ]
SQL: SELECT `condition`,`name` FROM `m_auth_rule` WHERE `id` IN ('1','2','3','4','5','6','7','13','8','9','14','10','11','12') AND `type` = 1 AND `status` = 1  [ RunTime:0.0003s ]
SQL: SHOW COLUMNS FROM `m_upcard` [ RunTime:0.0006s ]
SQL: INSERT INTO `m_upcard` (`uid`,`signTime`,`upcardTime`,`managersignal`,`directorsignal`,`colleagueText`,`reason`) VALUES ('4','1444924800','2','0','0','','dfda') [ RunTime:0.0170s ]

[ 2015-10-08T14:46:12+08:00 ] 117.24.24.45 /index.php?s=/Upcard/signUp.html
INFO: [ app_begin ] --START--
INFO: Run Behavior\ReadHtmlCacheBehavior [ RunTime:0.000345s ]
INFO: Run Behavior\CheckLangBehavior [ RunTime:0.000312s ]
INFO: [ app_begin ] --END-- [ RunTime:0.000937s ]
SQL: SHOW COLUMNS FROM `m_auth_group_access` [ RunTime:0.0009s ]
SQL: SELECT `uid`,`group_id`,`title`,`rules` FROM m_auth_group_access a INNER JOIN m_auth_group g on a.group_id=g.id  WHERE ( a.uid='4' and g.status='1' )  [ RunTime:0.0004s ]
SQL: SHOW COLUMNS FROM `m_auth_rule` [ RunTime:0.0008s ]
SQL: SELECT `condition`,`name` FROM `m_auth_rule` WHERE `id` IN ('1','2','3','4','5','6','7','13','8','9','14','10','11','12') AND `type` = 1 AND `status` = 1  [ RunTime:0.0004s ]
SQL: SHOW COLUMNS FROM `m_upcard` [ RunTime:0.0009s ]
SQL: INSERT INTO `m_upcard` (`uid`,`signTime`,`upcardTime`,`managersignal`,`directorsignal`,`colleagueText`,`reason`) VALUES ('4','1444924800','2','0','0','','dfda') [ RunTime:0.0135s ]

[ 2015-10-08T14:46:13+08:00 ] 117.24.24.45 /index.php?s=/Upcard/signUp.html
INFO: [ app_begin ] --START--
INFO: Run Behavior\ReadHtmlCacheBehavior [ RunTime:0.000353s ]
INFO: Run Behavior\CheckLangBehavior [ RunTime:0.000273s ]
INFO: [ app_begin ] --END-- [ RunTime:0.000956s ]
SQL: SHOW COLUMNS FROM `m_auth_group_access` [ RunTime:0.0007s ]
SQL: SELECT `uid`,`group_id`,`title`,`rules` FROM m_auth_group_access a INNER JOIN m_auth_group g on a.group_id=g.id  WHERE ( a.uid='4' and g.status='1' )  [ RunTime:0.0003s ]
SQL: SHOW COLUMNS FROM `m_auth_rule` [ RunTime:0.0005s ]
SQL: SELECT `condition`,`name` FROM `m_auth_rule` WHERE `id` IN ('1','2','3','4','5','6','7','13','8','9','14','10','11','12') AND `type` = 1 AND `status` = 1  [ RunTime:0.0003s ]
SQL: SHOW COLUMNS FROM `m_upcard` [ RunTime:0.0005s ]
SQL: INSERT INTO `m_upcard` (`uid`,`signTime`,`upcardTime`,`managersignal`,`directorsignal`,`colleagueText`,`reason`) VALUES ('4','1444924800','2','0','0','','dfda') [ RunTime:0.0134s ]

[ 2015-10-08T14:46:13+08:00 ] 117.24.24.45 /index.php?s=/Upcard/signUp.html
INFO: [ app_begin ] --START--
INFO: Run Behavior\ReadHtmlCacheBehavior [ RunTime:0.000537s ]
INFO: Run Behavior\CheckLangBehavior [ RunTime:0.000370s ]
INFO: [ app_begin ] --END-- [ RunTime:0.001219s ]
SQL: SHOW COLUMNS FROM `m_auth_group_access` [ RunTime:0.0007s ]
SQL: SELECT `uid`,`group_id`,`title`,`rules` FROM m_auth_group_access a INNER JOIN m_auth_group g on a.group_id=g.id  WHERE ( a.uid='4' and g.status='1' )  [ RunTime:0.0003s ]
SQL: SHOW COLUMNS FROM `m_auth_rule` [ RunTime:0.0005s ]
SQL: SELECT `condition`,`name` FROM `m_auth_rule` WHERE `id` IN ('1','2','3','4','5','6','7','13','8','9','14','10','11','12') AND `type` = 1 AND `status` = 1  [ RunTime:0.0003s ]
SQL: SHOW COLUMNS FROM `m_upcard` [ RunTime:0.0006s ]
SQL: INSERT INTO `m_upcard` (`uid`,`signTime`,`upcardTime`,`managersignal`,`directorsignal`,`colleagueText`,`reason`) VALUES ('4','1444924800','2','0','0','','dfda') [ RunTime:0.0550s ]

[ 2015-10-08T14:46:13+08:00 ] 117.24.24.45 /index.php?s=/Upcard/signUp.html
INFO: [ app_begin ] --START--
INFO: Run Behavior\ReadHtmlCacheBehavior [ RunTime:0.000367s ]
INFO: Run Behavior\CheckLangBehavior [ RunTime:0.000319s ]
INFO: [ app_begin ] --END-- [ RunTime:0.000981s ]
SQL: SHOW COLUMNS FROM `m_auth_group_access` [ RunTime:0.0007s ]
SQL: SELECT `uid`,`group_id`,`title`,`rules` FROM m_auth_group_access a INNER JOIN m_auth_group g on a.group_id=g.id  WHERE ( a.uid='4' and g.status='1' )  [ RunTime:0.0003s ]
SQL: SHOW COLUMNS FROM `m_auth_rule` [ RunTime:0.0005s ]
SQL: SELECT `condition`,`name` FROM `m_auth_rule` WHERE `id` IN ('1','2','3','4','5','6','7','13','8','9','14','10','11','12') AND `type` = 1 AND `status` = 1  [ RunTime:0.0003s ]
SQL: SHOW COLUMNS FROM `m_upcard` [ RunTime:0.0005s ]
SQL: INSERT INTO `m_upcard` (`uid`,`signTime`,`upcardTime`,`managersignal`,`directorsignal`,`colleagueText`,`reason`) VALUES ('4','1444924800','2','0','0','','dfda') [ RunTime:0.0142s ]

[ 2015-10-08T14:46:30+08:00 ] 117.24.24.45 /index.php?s=/Upcard/signUp.html
INFO: [ app_begin ] --START--
INFO: Run Behavior\ReadHtmlCacheBehavior [ RunTime:0.000606s ]
INFO: Run Behavior\CheckLangBehavior [ RunTime:0.000345s ]
INFO: [ app_begin ] --END-- [ RunTime:0.001316s ]
SQL: SHOW COLUMNS FROM `m_auth_group_access` [ RunTime:0.0006s ]
SQL: SELECT `uid`,`group_id`,`title`,`rules` FROM m_auth_group_access a INNER JOIN m_auth_group g on a.group_id=g.id  WHERE ( a.uid='4' and g.status='1' )  [ RunTime:0.0003s ]
SQL: SHOW COLUMNS FROM `m_auth_rule` [ RunTime:0.0005s ]
SQL: SELECT `condition`,`name` FROM `m_auth_rule` WHERE `id` IN ('1','2','3','4','5','6','7','13','8','9','14','10','11','12') AND `type` = 1 AND `status` = 1  [ RunTime:0.0003s ]
SQL: SHOW COLUMNS FROM `m_upcard` [ RunTime:0.0005s ]
SQL: INSERT INTO `m_upcard` (`uid`,`signTime`,`upcardTime`,`managersignal`,`directorsignal`,`colleagueText`,`reason`) VALUES ('4','1444924800','2','0','0','','dfda') [ RunTime:0.0118s ]

[ 2015-10-08T14:46:31+08:00 ] 117.24.24.45 /index.php?s=/Upcard/signUp.html
INFO: [ app_begin ] --START--
INFO: Run Behavior\ReadHtmlCacheBehavior [ RunTime:0.000323s ]
INFO: Run Behavior\CheckLangBehavior [ RunTime:0.000266s ]
INFO: [ app_begin ] --END-- [ RunTime:0.000885s ]
SQL: SHOW COLUMNS FROM `m_auth_group_access` [ RunTime:0.0007s ]
SQL: SELECT `uid`,`group_id`,`title`,`rules` FROM m_auth_group_access a INNER JOIN m_auth_group g on a.group_id=g.id  WHERE ( a.uid='4' and g.status='1' )  [ RunTime:0.0003s ]
SQL: SHOW COLUMNS FROM `m_auth_rule` [ RunTime:0.0005s ]
SQL: SELECT `condition`,`name` FROM `m_auth_rule` WHERE `id` IN ('1','2','3','4','5','6','7','13','8','9','14','10','11','12') AND `type` = 1 AND `status` = 1  [ RunTime:0.0002s ]
SQL: SHOW COLUMNS FROM `m_upcard` [ RunTime:0.0005s ]
SQL: INSERT INTO `m_upcard` (`uid`,`signTime`,`upcardTime`,`managersignal`,`directorsignal`,`colleagueText`,`reason`) VALUES ('4','1444924800','2','0','0','','dfda') [ RunTime:0.0310s ]

[ 2015-10-08T14:46:31+08:00 ] 117.24.24.45 /index.php?s=/Upcard/signUp.html
INFO: [ app_begin ] --START--
INFO: Run Behavior\ReadHtmlCacheBehavior [ RunTime:0.000329s ]
INFO: Run Behavior\CheckLangBehavior [ RunTime:0.000308s ]
INFO: [ app_begin ] --END-- [ RunTime:0.000929s ]
SQL: SHOW COLUMNS FROM `m_auth_group_access` [ RunTime:0.0008s ]
SQL: SELECT `uid`,`group_id`,`title`,`rules` FROM m_auth_group_access a INNER JOIN m_auth_group g on a.group_id=g.id  WHERE ( a.uid='4' and g.status='1' )  [ RunTime:0.0003s ]
SQL: SHOW COLUMNS FROM `m_auth_rule` [ RunTime:0.0007s ]
SQL: SELECT `condition`,`name` FROM `m_auth_rule` WHERE `id` IN ('1','2','3','4','5','6','7','13','8','9','14','10','11','12') AND `type` = 1 AND `status` = 1  [ RunTime:0.0003s ]
SQL: SHOW COLUMNS FROM `m_upcard` [ RunTime:0.0006s ]
SQL: INSERT INTO `m_upcard` (`uid`,`signTime`,`upcardTime`,`managersignal`,`directorsignal`,`colleagueText`,`reason`) VALUES ('4','1444924800','2','0','0','','dfda') [ RunTime:0.0173s ]

[ 2015-10-08T14:46:31+08:00 ] 117.24.24.45 /index.php?s=/Upcard/signUp.html
INFO: [ app_begin ] --START--
INFO: Run Behavior\ReadHtmlCacheBehavior [ RunTime:0.000335s ]
INFO: Run Behavior\CheckLangBehavior [ RunTime:0.000269s ]
INFO: [ app_begin ] --END-- [ RunTime:0.000903s ]
SQL: SHOW COLUMNS FROM `m_auth_group_access` [ RunTime:0.0007s ]
SQL: SELECT `uid`,`group_id`,`title`,`rules` FROM m_auth_group_access a INNER JOIN m_auth_group g on a.group_id=g.id  WHERE ( a.uid='4' and g.status='1' )  [ RunTime:0.0003s ]
SQL: SHOW COLUMNS FROM `m_auth_rule` [ RunTime:0.0006s ]
SQL: SELECT `condition`,`name` FROM `m_auth_rule` WHERE `id` IN ('1','2','3','4','5','6','7','13','8','9','14','10','11','12') AND `type` = 1 AND `status` = 1  [ RunTime:0.0002s ]
SQL: SHOW COLUMNS FROM `m_upcard` [ RunTime:0.0005s ]
SQL: INSERT INTO `m_upcard` (`uid`,`signTime`,`upcardTime`,`managersignal`,`directorsignal`,`colleagueText`,`reason`) VALUES ('4','1444924800','2','0','0','','dfda') [ RunTime:0.0167s ]

[ 2015-10-08T14:46:31+08:00 ] 117.24.24.45 /index.php?s=/Upcard/signUp.html
INFO: [ app_begin ] --START--
INFO: Run Behavior\ReadHtmlCacheBehavior [ RunTime:0.000323s ]
INFO: Run Behavior\CheckLangBehavior [ RunTime:0.000289s ]
INFO: [ app_begin ] --END-- [ RunTime:0.000889s ]
SQL: SHOW COLUMNS FROM `m_auth_group_access` [ RunTime:0.0007s ]
SQL: SELECT `uid`,`group_id`,`title`,`rules` FROM m_auth_group_access a INNER JOIN m_auth_group g on a.group_id=g.id  WHERE ( a.uid='4' and g.status='1' )  [ RunTime:0.0003s ]
SQL: SHOW COLUMNS FROM `m_auth_rule` [ RunTime:0.0005s ]
SQL: SELECT `condition`,`name` FROM `m_auth_rule` WHERE `id` IN ('1','2','3','4','5','6','7','13','8','9','14','10','11','12') AND `type` = 1 AND `status` = 1  [ RunTime:0.0003s ]
SQL: SHOW COLUMNS FROM `m_upcard` [ RunTime:0.0006s ]
SQL: INSERT INTO `m_upcard` (`uid`,`signTime`,`upcardTime`,`managersignal`,`directorsignal`,`colleagueText`,`reason`) VALUES ('4','1444924800','2','0','0','','dfda') [ RunTime:0.0264s ]

[ 2015-10-08T14:46:32+08:00 ] 117.24.24.45 /index.php?s=/Upcard/signUp.html
INFO: [ app_begin ] --START--
INFO: Run Behavior\ReadHtmlCacheBehavior [ RunTime:0.000316s ]
INFO: Run Behavior\CheckLangBehavior [ RunTime:0.000284s ]
INFO: [ app_begin ] --END-- [ RunTime:0.000877s ]
SQL: SHOW COLUMNS FROM `m_auth_group_access` [ RunTime:0.0007s ]
SQL: SELECT `uid`,`group_id`,`title`,`rules` FROM m_auth_group_access a INNER JOIN m_auth_group g on a.group_id=g.id  WHERE ( a.uid='4' and g.status='1' )  [ RunTime:0.0004s ]
SQL: SHOW COLUMNS FROM `m_auth_rule` [ RunTime:0.0006s ]
SQL: SELECT `condition`,`name` FROM `m_auth_rule` WHERE `id` IN ('1','2','3','4','5','6','7','13','8','9','14','10','11','12') AND `type` = 1 AND `status` = 1  [ RunTime:0.0003s ]
SQL: SHOW COLUMNS FROM `m_upcard` [ RunTime:0.0005s ]
SQL: INSERT INTO `m_upcard` (`uid`,`signTime`,`upcardTime`,`managersignal`,`directorsignal`,`colleagueText`,`reason`) VALUES ('4','1444924800','2','0','0','','dfda') [ RunTime:0.0152s ]

[ 2015-10-08T14:46:32+08:00 ] 117.24.24.45 /index.php?s=/Upcard/signUp.html
INFO: [ app_begin ] --START--
INFO: Run Behavior\ReadHtmlCacheBehavior [ RunTime:0.000394s ]
INFO: Run Behavior\CheckLangBehavior [ RunTime:0.000272s ]
INFO: [ app_begin ] --END-- [ RunTime:0.001089s ]
SQL: SHOW COLUMNS FROM `m_auth_group_access` [ RunTime:0.0007s ]
SQL: SELECT `uid`,`group_id`,`title`,`rules` FROM m_auth_group_access a INNER JOIN m_auth_group g on a.group_id=g.id  WHERE ( a.uid='4' and g.status='1' )  [ RunTime:0.0003s ]
SQL: SHOW COLUMNS FROM `m_auth_rule` [ RunTime:0.0005s ]
SQL: SELECT `condition`,`name` FROM `m_auth_rule` WHERE `id` IN ('1','2','3','4','5','6','7','13','8','9','14','10','11','12') AND `type` = 1 AND `status` = 1  [ RunTime:0.0003s ]
SQL: SHOW COLUMNS FROM `m_upcard` [ RunTime:0.0006s ]
SQL: INSERT INTO `m_upcard` (`uid`,`signTime`,`upcardTime`,`managersignal`,`directorsignal`,`colleagueText`,`reason`) VALUES ('4','1444924800','2','0','0','','dfda') [ RunTime:0.0157s ]

[ 2015-10-08T14:46:32+08:00 ] 117.24.24.45 /index.php?s=/Upcard/signUp.html
INFO: [ app_begin ] --START--
INFO: Run Behavior\ReadHtmlCacheBehavior [ RunTime:0.000349s ]
INFO: Run Behavior\CheckLangBehavior [ RunTime:0.000338s ]
INFO: [ app_begin ] --END-- [ RunTime:0.000982s ]
SQL: SHOW COLUMNS FROM `m_auth_group_access` [ RunTime:0.0010s ]
SQL: SELECT `uid`,`group_id`,`title`,`rules` FROM m_auth_group_access a INNER JOIN m_auth_group g on a.group_id=g.id  WHERE ( a.uid='4' and g.status='1' )  [ RunTime:0.0004s ]
SQL: SHOW COLUMNS FROM `m_auth_rule` [ RunTime:0.0009s ]
SQL: SELECT `condition`,`name` FROM `m_auth_rule` WHERE `id` IN ('1','2','3','4','5','6','7','13','8','9','14','10','11','12') AND `type` = 1 AND `status` = 1  [ RunTime:0.0004s ]
SQL: SHOW COLUMNS FROM `m_upcard` [ RunTime:0.0009s ]
SQL: INSERT INTO `m_upcard` (`uid`,`signTime`,`upcardTime`,`managersignal`,`directorsignal`,`colleagueText`,`reason`) VALUES ('4','1444924800','2','0','0','','dfda') [ RunTime:0.0199s ]

[ 2015-10-08T14:46:32+08:00 ] 117.24.24.45 /index.php?s=/Upcard/signUp.html
INFO: [ app_begin ] --START--
INFO: Run Behavior\ReadHtmlCacheBehavior [ RunTime:0.000338s ]
INFO: Run Behavior\CheckLangBehavior [ RunTime:0.000263s ]
INFO: [ app_begin ] --END-- [ RunTime:0.000910s ]
SQL: SHOW COLUMNS FROM `m_auth_group_access` [ RunTime:0.0007s ]
SQL: SELECT `uid`,`group_id`,`title`,`rules` FROM m_auth_group_access a INNER JOIN m_auth_group g on a.group_id=g.id  WHERE ( a.uid='4' and g.status='1' )  [ RunTime:0.0003s ]
SQL: SHOW COLUMNS FROM `m_auth_rule` [ RunTime:0.0005s ]
SQL: SELECT `condition`,`name` FROM `m_auth_rule` WHERE `id` IN ('1','2','3','4','5','6','7','13','8','9','14','10','11','12') AND `type` = 1 AND `status` = 1  [ RunTime:0.0003s ]
SQL: SHOW COLUMNS FROM `m_upcard` [ RunTime:0.0005s ]
SQL: INSERT INTO `m_upcard` (`uid`,`signTime`,`upcardTime`,`managersignal`,`directorsignal`,`colleagueText`,`reason`) VALUES ('4','1444924800','2','0','0','','dfda') [ RunTime:0.0420s ]

[ 2015-10-08T14:46:33+08:00 ] 117.24.24.45 /index.php?s=/Upcard/signUp.html
INFO: [ app_begin ] --START--
INFO: Run Behavior\ReadHtmlCacheBehavior [ RunTime:0.000518s ]
INFO: Run Behavior\CheckLangBehavior [ RunTime:0.000433s ]
INFO: [ app_begin ] --END-- [ RunTime:0.001401s ]
SQL: SHOW COLUMNS FROM `m_auth_group_access` [ RunTime:0.0007s ]
SQL: SELECT `uid`,`group_id`,`title`,`rules` FROM m_auth_group_access a INNER JOIN m_auth_group g on a.group_id=g.id  WHERE ( a.uid='4' and g.status='1' )  [ RunTime:0.0003s ]
SQL: SHOW COLUMNS FROM `m_auth_rule` [ RunTime:0.0005s ]
SQL: SELECT `condition`,`name` FROM `m_auth_rule` WHERE `id` IN ('1','2','3','4','5','6','7','13','8','9','14','10','11','12') AND `type` = 1 AND `status` = 1  [ RunTime:0.0003s ]
SQL: SHOW COLUMNS FROM `m_upcard` [ RunTime:0.0005s ]
SQL: INSERT INTO `m_upcard` (`uid`,`signTime`,`upcardTime`,`managersignal`,`directorsignal`,`colleagueText`,`reason`) VALUES ('4','1444924800','2','0','0','','dfda') [ RunTime:0.0154s ]

[ 2015-10-08T14:46:33+08:00 ] 117.24.24.45 /index.php?s=/Upcard/signUp.html
INFO: [ app_begin ] --START--
INFO: Run Behavior\ReadHtmlCacheBehavior [ RunTime:0.000316s ]
INFO: Run Behavior\CheckLangBehavior [ RunTime:0.000335s ]
INFO: [ app_begin ] --END-- [ RunTime:0.000956s ]
SQL: SHOW COLUMNS FROM `m_auth_group_access` [ RunTime:0.0007s ]
SQL: SELECT `uid`,`group_id`,`title`,`rules` FROM m_auth_group_access a INNER JOIN m_auth_group g on a.group_id=g.id  WHERE ( a.uid='4' and g.status='1' )  [ RunTime:0.0003s ]
SQL: SHOW COLUMNS FROM `m_auth_rule` [ RunTime:0.0005s ]
SQL: SELECT `condition`,`name` FROM `m_auth_rule` WHERE `id` IN ('1','2','3','4','5','6','7','13','8','9','14','10','11','12') AND `type` = 1 AND `status` = 1  [ RunTime:0.0002s ]
SQL: SHOW COLUMNS FROM `m_upcard` [ RunTime:0.0005s ]
SQL: INSERT INTO `m_upcard` (`uid`,`signTime`,`upcardTime`,`managersignal`,`directorsignal`,`colleagueText`,`reason`) VALUES ('4','1444924800','2','0','0','','dfda') [ RunTime:0.0144s ]

[ 2015-10-08T14:46:33+08:00 ] 117.24.24.45 /index.php?s=/Upcard/signUp.html
INFO: [ app_begin ] --START--
INFO: Run Behavior\ReadHtmlCacheBehavior [ RunTime:0.000407s ]
INFO: Run Behavior\CheckLangBehavior [ RunTime:0.000363s ]
INFO: [ app_begin ] --END-- [ RunTime:0.001060s ]
SQL: SHOW COLUMNS FROM `m_auth_group_access` [ RunTime:0.0007s ]
SQL: SELECT `uid`,`group_id`,`title`,`rules` FROM m_auth_group_access a INNER JOIN m_auth_group g on a.group_id=g.id  WHERE ( a.uid='4' and g.status='1' )  [ RunTime:0.0003s ]
SQL: SHOW COLUMNS FROM `m_auth_rule` [ RunTime:0.0005s ]
SQL: SELECT `condition`,`name` FROM `m_auth_rule` WHERE `id` IN ('1','2','3','4','5','6','7','13','8','9','14','10','11','12') AND `type` = 1 AND `status` = 1  [ RunTime:0.0003s ]
SQL: SHOW COLUMNS FROM `m_upcard` [ RunTime:0.0005s ]
SQL: INSERT INTO `m_upcard` (`uid`,`signTime`,`upcardTime`,`managersignal`,`directorsignal`,`colleagueText`,`reason`) VALUES ('4','1444924800','2','0','0','','dfda') [ RunTime:0.0162s ]

[ 2015-10-08T14:46:33+08:00 ] 117.24.24.45 /index.php?s=/Upcard/signUp.html
INFO: [ app_begin ] --START--
INFO: Run Behavior\ReadHtmlCacheBehavior [ RunTime:0.000343s ]
INFO: Run Behavior\CheckLangBehavior [ RunTime:0.000269s ]
INFO: [ app_begin ] --END-- [ RunTime:0.000923s ]
SQL: SHOW COLUMNS FROM `m_auth_group_access` [ RunTime:0.0007s ]
SQL: SELECT `uid`,`group_id`,`title`,`rules` FROM m_auth_group_access a INNER JOIN m_auth_group g on a.group_id=g.id  WHERE ( a.uid='4' and g.status='1' )  [ RunTime:0.0004s ]
SQL: SHOW COLUMNS FROM `m_auth_rule` [ RunTime:0.0005s ]
SQL: SELECT `condition`,`name` FROM `m_auth_rule` WHERE `id` IN ('1','2','3','4','5','6','7','13','8','9','14','10','11','12') AND `type` = 1 AND `status` = 1  [ RunTime:0.0002s ]
SQL: SHOW COLUMNS FROM `m_upcard` [ RunTime:0.0005s ]
SQL: INSERT INTO `m_upcard` (`uid`,`signTime`,`upcardTime`,`managersignal`,`directorsignal`,`colleagueText`,`reason`) VALUES ('4','1444924800','2','0','0','','dfda') [ RunTime:0.0149s ]

[ 2015-10-08T14:46:34+08:00 ] 117.24.24.45 /index.php?s=/Upcard/signUp.html
INFO: [ app_begin ] --START--
INFO: Run Behavior\ReadHtmlCacheBehavior [ RunTime:0.000338s ]
INFO: Run Behavior\CheckLangBehavior [ RunTime:0.000266s ]
INFO: [ app_begin ] --END-- [ RunTime:0.000921s ]
SQL: SHOW COLUMNS FROM `m_auth_group_access` [ RunTime:0.0007s ]
SQL: SELECT `uid`,`group_id`,`title`,`rules` FROM m_auth_group_access a INNER JOIN m_auth_group g on a.group_id=g.id  WHERE ( a.uid='4' and g.status='1' )  [ RunTime:0.0004s ]
SQL: SHOW COLUMNS FROM `m_auth_rule` [ RunTime:0.0005s ]
SQL: SELECT `condition`,`name` FROM `m_auth_rule` WHERE `id` IN ('1','2','3','4','5','6','7','13','8','9','14','10','11','12') AND `type` = 1 AND `status` = 1  [ RunTime:0.0004s ]
SQL: SHOW COLUMNS FROM `m_upcard` [ RunTime:0.0006s ]
SQL: INSERT INTO `m_upcard` (`uid`,`signTime`,`upcardTime`,`managersignal`,`directorsignal`,`colleagueText`,`reason`) VALUES ('4','1444924800','2','0','0','','dfda') [ RunTime:0.0143s ]

[ 2015-10-08T14:46:34+08:00 ] 117.24.24.45 /index.php?s=/Upcard/signUp.html
INFO: [ app_begin ] --START--
INFO: Run Behavior\ReadHtmlCacheBehavior [ RunTime:0.000359s ]
INFO: Run Behavior\CheckLangBehavior [ RunTime:0.000269s ]
INFO: [ app_begin ] --END-- [ RunTime:0.000936s ]
SQL: SHOW COLUMNS FROM `m_auth_group_access` [ RunTime:0.0007s ]
SQL: SELECT `uid`,`group_id`,`title`,`rules` FROM m_auth_group_access a INNER JOIN m_auth_group g on a.group_id=g.id  WHERE ( a.uid='4' and g.status='1' )  [ RunTime:0.0004s ]
SQL: SHOW COLUMNS FROM `m_auth_rule` [ RunTime:0.0005s ]
SQL: SELECT `condition`,`name` FROM `m_auth_rule` WHERE `id` IN ('1','2','3','4','5','6','7','13','8','9','14','10','11','12') AND `type` = 1 AND `status` = 1  [ RunTime:0.0003s ]
SQL: SHOW COLUMNS FROM `m_upcard` [ RunTime:0.0006s ]
SQL: INSERT INTO `m_upcard` (`uid`,`signTime`,`upcardTime`,`managersignal`,`directorsignal`,`colleagueText`,`reason`) VALUES ('4','1444924800','2','0','0','','dfda') [ RunTime:0.0195s ]

[ 2015-10-08T14:46:34+08:00 ] 117.24.24.45 /index.php?s=/Upcard/signUp.html
INFO: [ app_begin ] --START--
INFO: Run Behavior\ReadHtmlCacheBehavior [ RunTime:0.000315s ]
INFO: Run Behavior\CheckLangBehavior [ RunTime:0.000271s ]
INFO: [ app_begin ] --END-- [ RunTime:0.000880s ]
SQL: SHOW COLUMNS FROM `m_auth_group_access` [ RunTime:0.0006s ]
SQL: SELECT `uid`,`group_id`,`title`,`rules` FROM m_auth_group_access a INNER JOIN m_auth_group g on a.group_id=g.id  WHERE ( a.uid='4' and g.status='1' )  [ RunTime:0.0003s ]
SQL: SHOW COLUMNS FROM `m_auth_rule` [ RunTime:0.0006s ]
SQL: SELECT `condition`,`name` FROM `m_auth_rule` WHERE `id` IN ('1','2','3','4','5','6','7','13','8','9','14','10','11','12') AND `type` = 1 AND `status` = 1  [ RunTime:0.0002s ]
SQL: SHOW COLUMNS FROM `m_upcard` [ RunTime:0.0005s ]
SQL: INSERT INTO `m_upcard` (`uid`,`signTime`,`upcardTime`,`managersignal`,`directorsignal`,`colleagueText`,`reason`) VALUES ('4','1444924800','2','0','0','','dfda') [ RunTime:0.0195s ]

[ 2015-10-08T14:46:34+08:00 ] 117.24.24.45 /index.php?s=/Upcard/signUp.html
INFO: [ app_begin ] --START--
INFO: Run Behavior\ReadHtmlCacheBehavior [ RunTime:0.000337s ]
INFO: Run Behavior\CheckLangBehavior [ RunTime:0.000261s ]
INFO: [ app_begin ] --END-- [ RunTime:0.000898s ]
SQL: SHOW COLUMNS FROM `m_auth_group_access` [ RunTime:0.0007s ]
SQL: SELECT `uid`,`group_id`,`title`,`rules` FROM m_auth_group_access a INNER JOIN m_auth_group g on a.group_id=g.id  WHERE ( a.uid='4' and g.status='1' )  [ RunTime:0.0003s ]
SQL: SHOW COLUMNS FROM `m_auth_rule` [ RunTime:0.0005s ]
SQL: SELECT `condition`,`name` FROM `m_auth_rule` WHERE `id` IN ('1','2','3','4','5','6','7','13','8','9','14','10','11','12') AND `type` = 1 AND `status` = 1  [ RunTime:0.0002s ]
SQL: SHOW COLUMNS FROM `m_upcard` [ RunTime:0.0005s ]
SQL: INSERT INTO `m_upcard` (`uid`,`signTime`,`upcardTime`,`managersignal`,`directorsignal`,`colleagueText`,`reason`) VALUES ('4','1444924800','2','0','0','','dfda') [ RunTime:0.0155s ]

[ 2015-10-08T14:46:35+08:00 ] 117.24.24.45 /index.php?s=/Upcard/signUp.html
INFO: [ app_begin ] --START--
INFO: Run Behavior\ReadHtmlCacheBehavior [ RunTime:0.000504s ]
INFO: Run Behavior\CheckLangBehavior [ RunTime:0.000455s ]
INFO: [ app_begin ] --END-- [ RunTime:0.001427s ]
SQL: SHOW COLUMNS FROM `m_auth_group_access` [ RunTime:0.0009s ]
SQL: SELECT `uid`,`group_id`,`title`,`rules` FROM m_auth_group_access a INNER JOIN m_auth_group g on a.group_id=g.id  WHERE ( a.uid='4' and g.status='1' )  [ RunTime:0.0004s ]
SQL: SHOW COLUMNS FROM `m_auth_rule` [ RunTime:0.0005s ]
SQL: SELECT `condition`,`name` FROM `m_auth_rule` WHERE `id` IN ('1','2','3','4','5','6','7','13','8','9','14','10','11','12') AND `type` = 1 AND `status` = 1  [ RunTime:0.0003s ]
SQL: SHOW COLUMNS FROM `m_upcard` [ RunTime:0.0007s ]
SQL: INSERT INTO `m_upcard` (`uid`,`signTime`,`upcardTime`,`managersignal`,`directorsignal`,`colleagueText`,`reason`) VALUES ('4','1444924800','2','0','0','','dfda') [ RunTime:0.0196s ]

[ 2015-10-08T14:47:55+08:00 ] 117.24.24.45 /index.php?s=/Upcard/signUp.html
INFO: [ app_begin ] --START--
INFO: Run Behavior\ReadHtmlCacheBehavior [ RunTime:0.000330s ]
INFO: Run Behavior\CheckLangBehavior [ RunTime:0.000284s ]
INFO: [ app_begin ] --END-- [ RunTime:0.000897s ]
SQL: SHOW COLUMNS FROM `m_auth_group_access` [ RunTime:0.0007s ]
SQL: SELECT `uid`,`group_id`,`title`,`rules` FROM m_auth_group_access a INNER JOIN m_auth_group g on a.group_id=g.id  WHERE ( a.uid='4' and g.status='1' )  [ RunTime:0.0003s ]
SQL: SHOW COLUMNS FROM `m_auth_rule` [ RunTime:0.0006s ]
SQL: SELECT `condition`,`name` FROM `m_auth_rule` WHERE `id` IN ('1','2','3','4','5','6','7','13','8','9','14','10','11','12') AND `type` = 1 AND `status` = 1  [ RunTime:0.0002s ]
SQL: SHOW COLUMNS FROM `m_upcard` [ RunTime:0.0005s ]
SQL: INSERT INTO `m_upcard` (`uid`,`signTime`,`upcardTime`,`managersignal`,`directorsignal`,`colleagueText`,`reason`) VALUES ('4','1445443200','2','0','0','','dfd') [ RunTime:0.0166s ]

[ 2015-10-08T14:47:56+08:00 ] 117.24.24.45 /index.php?s=/Upcard/signUp.html
INFO: [ app_begin ] --START--
INFO: Run Behavior\ReadHtmlCacheBehavior [ RunTime:0.000573s ]
INFO: Run Behavior\CheckLangBehavior [ RunTime:0.000492s ]
INFO: [ app_begin ] --END-- [ RunTime:0.001519s ]
SQL: SHOW COLUMNS FROM `m_auth_group_access` [ RunTime:0.0007s ]
SQL: SELECT `uid`,`group_id`,`title`,`rules` FROM m_auth_group_access a INNER JOIN m_auth_group g on a.group_id=g.id  WHERE ( a.uid='4' and g.status='1' )  [ RunTime:0.0003s ]
SQL: SHOW COLUMNS FROM `m_auth_rule` [ RunTime:0.0005s ]
SQL: SELECT `condition`,`name` FROM `m_auth_rule` WHERE `id` IN ('1','2','3','4','5','6','7','13','8','9','14','10','11','12') AND `type` = 1 AND `status` = 1  [ RunTime:0.0002s ]
SQL: SHOW COLUMNS FROM `m_upcard` [ RunTime:0.0006s ]
SQL: INSERT INTO `m_upcard` (`uid`,`signTime`,`upcardTime`,`managersignal`,`directorsignal`,`colleagueText`,`reason`) VALUES ('4','1445443200','2','0','0','','dfd') [ RunTime:0.0366s ]

[ 2015-10-08T14:47:58+08:00 ] 117.24.24.45 /index.php?s=/Upcard/signUp.html
INFO: [ app_begin ] --START--
INFO: Run Behavior\ReadHtmlCacheBehavior [ RunTime:0.000324s ]
INFO: Run Behavior\CheckLangBehavior [ RunTime:0.000307s ]
INFO: [ app_begin ] --END-- [ RunTime:0.000907s ]
SQL: SHOW COLUMNS FROM `m_auth_group_access` [ RunTime:0.0007s ]
SQL: SELECT `uid`,`group_id`,`title`,`rules` FROM m_auth_group_access a INNER JOIN m_auth_group g on a.group_id=g.id  WHERE ( a.uid='4' and g.status='1' )  [ RunTime:0.0004s ]
SQL: SHOW COLUMNS FROM `m_auth_rule` [ RunTime:0.0005s ]
SQL: SELECT `condition`,`name` FROM `m_auth_rule` WHERE `id` IN ('1','2','3','4','5','6','7','13','8','9','14','10','11','12') AND `type` = 1 AND `status` = 1  [ RunTime:0.0002s ]
SQL: SHOW COLUMNS FROM `m_upcard` [ RunTime:0.0005s ]
SQL: INSERT INTO `m_upcard` (`uid`,`signTime`,`upcardTime`,`managersignal`,`directorsignal`,`colleagueText`,`reason`) VALUES ('4','1445443200','2','0','0','','dfd') [ RunTime:0.0431s ]

[ 2015-10-08T14:47:59+08:00 ] 117.24.24.45 /index.php?s=/Upcard/signUp.html
INFO: [ app_begin ] --START--
INFO: Run Behavior\ReadHtmlCacheBehavior [ RunTime:0.000319s ]
INFO: Run Behavior\CheckLangBehavior [ RunTime:0.000262s ]
INFO: [ app_begin ] --END-- [ RunTime:0.000873s ]
SQL: SHOW COLUMNS FROM `m_auth_group_access` [ RunTime:0.0007s ]
SQL: SELECT `uid`,`group_id`,`title`,`rules` FROM m_auth_group_access a INNER JOIN m_auth_group g on a.group_id=g.id  WHERE ( a.uid='4' and g.status='1' )  [ RunTime:0.0003s ]
SQL: SHOW COLUMNS FROM `m_auth_rule` [ RunTime:0.0005s ]
SQL: SELECT `condition`,`name` FROM `m_auth_rule` WHERE `id` IN ('1','2','3','4','5','6','7','13','8','9','14','10','11','12') AND `type` = 1 AND `status` = 1  [ RunTime:0.0003s ]
SQL: SHOW COLUMNS FROM `m_upcard` [ RunTime:0.0005s ]
SQL: INSERT INTO `m_upcard` (`uid`,`signTime`,`upcardTime`,`managersignal`,`directorsignal`,`colleagueText`,`reason`) VALUES ('4','1445443200','2','0','0','','dfd') [ RunTime:0.0185s ]

[ 2015-10-08T14:48:30+08:00 ] 117.24.24.45 /index.php?s=/Upcard/signUp.html
INFO: [ app_begin ] --START--
INFO: Run Behavior\ReadHtmlCacheBehavior [ RunTime:0.000366s ]
INFO: Run Behavior\CheckLangBehavior [ RunTime:0.000294s ]
INFO: [ app_begin ] --END-- [ RunTime:0.000951s ]
SQL: SHOW COLUMNS FROM `m_auth_group_access` [ RunTime:0.0010s ]
SQL: SELECT `uid`,`group_id`,`title`,`rules` FROM m_auth_group_access a INNER JOIN m_auth_group g on a.group_id=g.id  WHERE ( a.uid='4' and g.status='1' )  [ RunTime:0.0005s ]
SQL: SHOW COLUMNS FROM `m_auth_rule` [ RunTime:0.0009s ]
SQL: SELECT `condition`,`name` FROM `m_auth_rule` WHERE `id` IN ('1','2','3','4','5','6','7','13','8','9','14','10','11','12') AND `type` = 1 AND `status` = 1  [ RunTime:0.0004s ]
SQL: SHOW COLUMNS FROM `m_upcard` [ RunTime:0.0006s ]
SQL: INSERT INTO `m_upcard` (`uid`,`signTime`,`upcardTime`,`managersignal`,`directorsignal`,`colleagueText`,`reason`) VALUES ('4','1445356800','2','0','0','','dfdfdsdf') [ RunTime:0.0236s ]

[ 2015-10-08T15:02:03+08:00 ] 117.24.24.45 /index.php?s=/Upcard/signUp.html
INFO: [ app_begin ] --START--
INFO: Run Behavior\ReadHtmlCacheBehavior [ RunTime:0.000349s ]
INFO: Run Behavior\CheckLangBehavior [ RunTime:0.000267s ]
INFO: [ app_begin ] --END-- [ RunTime:0.000890s ]
SQL: SHOW COLUMNS FROM `m_auth_group_access` [ RunTime:0.0007s ]
SQL: SELECT `uid`,`group_id`,`title`,`rules` FROM m_auth_group_access a INNER JOIN m_auth_group g on a.group_id=g.id  WHERE ( a.uid='1' and g.status='1' )  [ RunTime:0.0004s ]
SQL: SHOW COLUMNS FROM `m_auth_rule` [ RunTime:0.0007s ]
SQL: SELECT `condition`,`name` FROM `m_auth_rule` WHERE `id` IN ('1','2','3','4','5','6','7','13','8','9','14','10','11','12') AND `type` = 1 AND `status` = 1  [ RunTime:0.0003s ]

[ 2015-10-08T15:02:25+08:00 ] 117.24.24.45 /index.php?s=/Upcard/signUp.html
INFO: [ app_begin ] --START--
INFO: Run Behavior\ReadHtmlCacheBehavior [ RunTime:0.000368s ]
INFO: Run Behavior\CheckLangBehavior [ RunTime:0.000306s ]
INFO: [ app_begin ] --END-- [ RunTime:0.000998s ]
SQL: SHOW COLUMNS FROM `m_auth_group_access` [ RunTime:0.0007s ]
SQL: SELECT `uid`,`group_id`,`title`,`rules` FROM m_auth_group_access a INNER JOIN m_auth_group g on a.group_id=g.id  WHERE ( a.uid='1' and g.status='1' )  [ RunTime:0.0003s ]
SQL: SHOW COLUMNS FROM `m_auth_rule` [ RunTime:0.0005s ]
SQL: SELECT `condition`,`name` FROM `m_auth_rule` WHERE `id` IN ('1','2','3','4','5','6','7','13','8','9','14','10','11','12') AND `type` = 1 AND `status` = 1  [ RunTime:0.0003s ]

[ 2015-10-08T15:02:57+08:00 ] 117.24.24.45 /index.php?s=/Upcard/signUp.html
INFO: [ app_begin ] --START--
INFO: Run Behavior\ReadHtmlCacheBehavior [ RunTime:0.000380s ]
INFO: Run Behavior\CheckLangBehavior [ RunTime:0.000345s ]
INFO: [ app_begin ] --END-- [ RunTime:0.001018s ]
SQL: SHOW COLUMNS FROM `m_auth_group_access` [ RunTime:0.0009s ]
SQL: SELECT `uid`,`group_id`,`title`,`rules` FROM m_auth_group_access a INNER JOIN m_auth_group g on a.group_id=g.id  WHERE ( a.uid='1' and g.status='1' )  [ RunTime:0.0004s ]
SQL: SHOW COLUMNS FROM `m_auth_rule` [ RunTime:0.0006s ]
SQL: SELECT `condition`,`name` FROM `m_auth_rule` WHERE `id` IN ('1','2','3','4','5','6','7','13','8','9','14','10','11','12') AND `type` = 1 AND `status` = 1  [ RunTime:0.0003s ]

[ 2015-10-08T15:03:15+08:00 ] 117.24.24.45 /index.php?s=/Upcard/signUp.html
INFO: [ app_begin ] --START--
INFO: Run Behavior\ReadHtmlCacheBehavior [ RunTime:0.000364s ]
INFO: Run Behavior\CheckLangBehavior [ RunTime:0.000281s ]
INFO: [ app_begin ] --END-- [ RunTime:0.000997s ]
SQL: SHOW COLUMNS FROM `m_auth_group_access` [ RunTime:0.0009s ]
SQL: SELECT `uid`,`group_id`,`title`,`rules` FROM m_auth_group_access a INNER JOIN m_auth_group g on a.group_id=g.id  WHERE ( a.uid='1' and g.status='1' )  [ RunTime:0.0004s ]
SQL: SHOW COLUMNS FROM `m_auth_rule` [ RunTime:0.0008s ]
SQL: SELECT `condition`,`name` FROM `m_auth_rule` WHERE `id` IN ('1','2','3','4','5','6','7','13','8','9','14','10','11','12') AND `type` = 1 AND `status` = 1  [ RunTime:0.0004s ]

[ 2015-10-08T15:03:42+08:00 ] 117.24.24.45 /index.php?s=/Upcard/signUp.html
INFO: [ app_begin ] --START--
INFO: Run Behavior\ReadHtmlCacheBehavior [ RunTime:0.000422s ]
INFO: Run Behavior\CheckLangBehavior [ RunTime:0.000293s ]
INFO: [ app_begin ] --END-- [ RunTime:0.001143s ]
SQL: SHOW COLUMNS FROM `m_auth_group_access` [ RunTime:0.0007s ]
SQL: SELECT `uid`,`group_id`,`title`,`rules` FROM m_auth_group_access a INNER JOIN m_auth_group g on a.group_id=g.id  WHERE ( a.uid='1' and g.status='1' )  [ RunTime:0.0003s ]
SQL: SHOW COLUMNS FROM `m_auth_rule` [ RunTime:0.0006s ]
SQL: SELECT `condition`,`name` FROM `m_auth_rule` WHERE `id` IN ('1','2','3','4','5','6','7','13','8','9','14','10','11','12') AND `type` = 1 AND `status` = 1  [ RunTime:0.0003s ]

[ 2015-10-08T15:04:27+08:00 ] 117.24.24.45 /index.php?s=/Upcard/signUp.html
INFO: [ app_begin ] --START--
INFO: Run Behavior\ReadHtmlCacheBehavior [ RunTime:0.000363s ]
INFO: Run Behavior\CheckLangBehavior [ RunTime:0.000286s ]
INFO: [ app_begin ] --END-- [ RunTime:0.000944s ]
SQL: SHOW COLUMNS FROM `m_auth_group_access` [ RunTime:0.0007s ]
SQL: SELECT `uid`,`group_id`,`title`,`rules` FROM m_auth_group_access a INNER JOIN m_auth_group g on a.group_id=g.id  WHERE ( a.uid='1' and g.status='1' )  [ RunTime:0.0003s ]
SQL: SHOW COLUMNS FROM `m_auth_rule` [ RunTime:0.0005s ]
SQL: SELECT `condition`,`name` FROM `m_auth_rule` WHERE `id` IN ('1','2','3','4','5','6','7','13','8','9','14','10','11','12') AND `type` = 1 AND `status` = 1  [ RunTime:0.0003s ]

[ 2015-10-08T15:04:49+08:00 ] 117.24.24.45 /index.php?s=/Upcard/signUp.html
INFO: [ app_begin ] --START--
INFO: Run Behavior\ReadHtmlCacheBehavior [ RunTime:0.000361s ]
INFO: Run Behavior\CheckLangBehavior [ RunTime:0.000287s ]
INFO: [ app_begin ] --END-- [ RunTime:0.000930s ]
SQL: SHOW COLUMNS FROM `m_auth_group_access` [ RunTime:0.0007s ]
SQL: SELECT `uid`,`group_id`,`title`,`rules` FROM m_auth_group_access a INNER JOIN m_auth_group g on a.group_id=g.id  WHERE ( a.uid='1' and g.status='1' )  [ RunTime:0.0003s ]
SQL: SHOW COLUMNS FROM `m_auth_rule` [ RunTime:0.0006s ]
SQL: SELECT `condition`,`name` FROM `m_auth_rule` WHERE `id` IN ('1','2','3','4','5','6','7','13','8','9','14','10','11','12') AND `type` = 1 AND `status` = 1  [ RunTime:0.0003s ]

[ 2015-10-08T15:05:06+08:00 ] 117.24.24.45 /index.php?s=/Upcard/signUp.html
INFO: [ app_begin ] --START--
INFO: Run Behavior\ReadHtmlCacheBehavior [ RunTime:0.000327s ]
INFO: Run Behavior\CheckLangBehavior [ RunTime:0.000272s ]
INFO: [ app_begin ] --END-- [ RunTime:0.000909s ]
SQL: SHOW COLUMNS FROM `m_auth_group_access` [ RunTime:0.0009s ]
SQL: SELECT `uid`,`group_id`,`title`,`rules` FROM m_auth_group_access a INNER JOIN m_auth_group g on a.group_id=g.id  WHERE ( a.uid='1' and g.status='1' )  [ RunTime:0.0008s ]
SQL: SHOW COLUMNS FROM `m_auth_rule` [ RunTime:0.0013s ]
SQL: SELECT `condition`,`name` FROM `m_auth_rule` WHERE `id` IN ('1','2','3','4','5','6','7','13','8','9','14','10','11','12') AND `type` = 1 AND `status` = 1  [ RunTime:0.0004s ]

[ 2015-10-08T15:05:23+08:00 ] 117.24.24.45 /index.php?s=/Upcard/signUp.html
INFO: [ app_begin ] --START--
INFO: Run Behavior\ReadHtmlCacheBehavior [ RunTime:0.000349s ]
INFO: Run Behavior\CheckLangBehavior [ RunTime:0.000271s ]
INFO: [ app_begin ] --END-- [ RunTime:0.000896s ]
SQL: SHOW COLUMNS FROM `m_auth_group_access` [ RunTime:0.0007s ]
SQL: SELECT `uid`,`group_id`,`title`,`rules` FROM m_auth_group_access a INNER JOIN m_auth_group g on a.group_id=g.id  WHERE ( a.uid='1' and g.status='1' )  [ RunTime:0.0003s ]
SQL: SHOW COLUMNS FROM `m_auth_rule` [ RunTime:0.0005s ]
SQL: SELECT `condition`,`name` FROM `m_auth_rule` WHERE `id` IN ('1','2','3','4','5','6','7','13','8','9','14','10','11','12') AND `type` = 1 AND `status` = 1  [ RunTime:0.0003s ]

[ 2015-10-08T15:07:05+08:00 ] 117.24.24.45 /index.php?s=/upcard/lists.html
ERR: 模板不存在:./Application/Staff/View/Upcard/lists.html

[ 2015-10-08T15:07:50+08:00 ] 117.24.24.45 /index.php?s=/upcard/lists.html
ERR: 模板不存在:./Application/Staff/View/Upcard/lists.html

[ 2015-10-08T15:08:38+08:00 ] 117.24.24.45 /index.php?s=/upcard/lists.html
ERR: 模板不存在:./Application/Staff/View/Upcard/lists.html

[ 2015-10-08T15:20:53+08:00 ] 117.24.24.45 /index.php?s=/Upcard/lists.html
ERR: 模板不存在:./Application/Staff/View/Upcard/lists.html

[ 2015-10-08T17:03:27+08:00 ] 117.24.24.45 /index.php?s=/Auth/addRole.html
INFO: [ app_begin ] --START--
INFO: Run Behavior\ReadHtmlCacheBehavior [ RunTime:0.000455s ]
INFO: Run Behavior\CheckLangBehavior [ RunTime:0.000390s ]
INFO: [ app_begin ] --END-- [ RunTime:0.001291s ]
SQL: SHOW COLUMNS FROM `m_auth_group_access` [ RunTime:0.0007s ]
SQL: SELECT `uid`,`group_id`,`title`,`rules` FROM m_auth_group_access a INNER JOIN m_auth_group g on a.group_id=g.id  WHERE ( a.uid='1' and g.status='1' )  [ RunTime:0.0003s ]
SQL: SHOW COLUMNS FROM `m_auth_rule` [ RunTime:0.0005s ]
SQL: SELECT `condition`,`name` FROM `m_auth_rule` WHERE `id` IN ('1','2','3','4','5','6','7','13','8','9','14','10','11','12') AND `type` = 1 AND `status` = 1  [ RunTime:0.0003s ]
SQL: SHOW COLUMNS FROM `m_auth_group` [ RunTime:0.0006s ]
SQL: SELECT * FROM `m_auth_group` WHERE `title` = '业务部经理' LIMIT 1   [ RunTime:0.0002s ]
SQL: INSERT INTO `m_auth_group` (`title`,`description`,`status`) VALUES ('业务部经理','普通管理员','0') [ RunTime:0.0002s ]

[ 2015-10-08T17:04:24+08:00 ] 117.24.24.45 /index.php?s=/Auth/changeRoleStatus.html
INFO: [ app_begin ] --START--
INFO: Run Behavior\ReadHtmlCacheBehavior [ RunTime:0.000500s ]
INFO: Run Behavior\CheckLangBehavior [ RunTime:0.000406s ]
INFO: [ app_begin ] --END-- [ RunTime:0.001349s ]
SQL: SHOW COLUMNS FROM `m_auth_group_access` [ RunTime:0.0007s ]
SQL: SELECT `uid`,`group_id`,`title`,`rules` FROM m_auth_group_access a INNER JOIN m_auth_group g on a.group_id=g.id  WHERE ( a.uid='1' and g.status='1' )  [ RunTime:0.0004s ]
SQL: SHOW COLUMNS FROM `m_auth_rule` [ RunTime:0.0005s ]
SQL: SELECT `condition`,`name` FROM `m_auth_rule` WHERE `id` IN ('1','2','3','4','5','6','7','13','8','9','14','10','11','12') AND `type` = 1 AND `status` = 1  [ RunTime:0.0002s ]

[ 2015-10-08T17:11:48+08:00 ] 117.24.24.45 /index.php?s=/Auth/changeRoleStatus.html
INFO: [ app_begin ] --START--
INFO: Run Behavior\ReadHtmlCacheBehavior [ RunTime:0.000323s ]
INFO: Run Behavior\CheckLangBehavior [ RunTime:0.000293s ]
INFO: [ app_begin ] --END-- [ RunTime:0.000890s ]
SQL: SHOW COLUMNS FROM `m_auth_group` [ RunTime:0.0009s ]
SQL: UPDATE `m_auth_group` SET `status`='1' WHERE `id` = 5 [ RunTime:0.0003s ]

