[ 2015-10-13T09:06:41+08:00 ] 117.24.24.45 /index.php?s=/Upcard/lists.html
ERR: 模板不存在:./Application/Staff/View/Upcard/lists.html

[ 2015-10-13T09:08:46+08:00 ] 117.24.24.45 /index.php?s=/Upcard/lists.html
ERR: 模板不存在:./Application/Staff/View/Upcard/lists.html

[ 2015-10-13T09:17:19+08:00 ] 117.24.24.45 /index.php?s=/Out/signUp.html
INFO: [ app_begin ] --START--
INFO: Run Behavior\ReadHtmlCacheBehavior [ RunTime:0.000477s ]
INFO: Run Behavior\CheckLangBehavior [ RunTime:0.000446s ]
INFO: [ app_begin ] --END-- [ RunTime:0.001316s ]
SQL: SHOW COLUMNS FROM `m_auth_group_access` [ RunTime:0.0007s ]
SQL: SELECT `uid`,`group_id`,`title`,`rules` FROM m_auth_group_access a INNER JOIN m_auth_group g on a.group_id=g.id  WHERE ( a.uid='4' and g.status='1' )  [ RunTime:0.0004s ]
SQL: SHOW COLUMNS FROM `m_auth_rule` [ RunTime:0.0005s ]
SQL: SELECT `condition`,`name` FROM `m_auth_rule` WHERE `id` IN ('1','2','3','4','5','6','7','13','16','8','9','14','10','11','12') AND `type` = 1 AND `status` = 1  [ RunTime:0.0002s ]

[ 2015-10-13T09:24:16+08:00 ] 117.24.24.45 /index.php?s=/Out/signUp.html
INFO: [ app_begin ] --START--
INFO: Run Behavior\ReadHtmlCacheBehavior [ RunTime:0.000321s ]
INFO: Run Behavior\CheckLangBehavior [ RunTime:0.000292s ]
INFO: [ app_begin ] --END-- [ RunTime:0.000885s ]
SQL: SHOW COLUMNS FROM `m_auth_group_access` [ RunTime:0.0007s ]
SQL: SELECT `uid`,`group_id`,`title`,`rules` FROM m_auth_group_access a INNER JOIN m_auth_group g on a.group_id=g.id  WHERE ( a.uid='1' and g.status='1' )  [ RunTime:0.0004s ]
SQL: SHOW COLUMNS FROM `m_auth_rule` [ RunTime:0.0005s ]
SQL: SELECT `condition`,`name` FROM `m_auth_rule` WHERE `id` IN ('1','2','3','4','5','6','7','13','16','8','9','14','10','11','12') AND `type` = 1 AND `status` = 1  [ RunTime:0.0003s ]

[ 2015-10-13T09:24:52+08:00 ] 117.24.24.45 /index.php?s=/Out/signUp.html
INFO: [ app_begin ] --START--
INFO: Run Behavior\ReadHtmlCacheBehavior [ RunTime:0.000385s ]
INFO: Run Behavior\CheckLangBehavior [ RunTime:0.000284s ]
INFO: [ app_begin ] --END-- [ RunTime:0.001005s ]
SQL: SHOW COLUMNS FROM `m_outform` [ RunTime:0.0013s ]
SQL: INSERT INTO `m_outform` (`uid`,`signDate`,`startDate`,`expectedTime`,`outReason`,`createTime`) VALUES ('1','1445270400','1444752000','2h','fdfdf','1444699492') [ RunTime:0.1268s ]

[ 2015-10-13T09:26:29+08:00 ] 117.24.24.45 /index.php?s=/Out/signUp.html
INFO: [ app_begin ] --START--
INFO: Run Behavior\ReadHtmlCacheBehavior [ RunTime:0.000376s ]
INFO: Run Behavior\CheckLangBehavior [ RunTime:0.000270s ]
INFO: [ app_begin ] --END-- [ RunTime:0.000937s ]
SQL: SHOW COLUMNS FROM `m_outform` [ RunTime:0.0009s ]
SQL: INSERT INTO `m_outform` (`uid`,`signDate`,`startDate`,`expectedTime`,`outReason`,`createTime`) VALUES ('1','1445443200','1445184000','1h','fdfs','1444699589') [ RunTime:0.0168s ]

[ 2015-10-13T09:37:15+08:00 ] 117.24.24.45 /index.php?s=/Upcard/signUp.html
INFO: [ app_begin ] --START--
INFO: Run Behavior\ReadHtmlCacheBehavior [ RunTime:0.000318s ]
INFO: Run Behavior\CheckLangBehavior [ RunTime:0.000323s ]
INFO: [ app_begin ] --END-- [ RunTime:0.000913s ]
SQL: SHOW COLUMNS FROM `m_upcard` [ RunTime:0.0008s ]
SQL: INSERT INTO `m_upcard` (`uid`,`signTime`,`upcardTime`,`managersignal`,`directorsignal`,`colleagueText`,`reason`) VALUES ('1','1445443200','1','0','0','','dfdsfd
') [ RunTime:0.0152s ]

[ 2015-10-13T09:37:15+08:00 ] 117.24.24.45 /index.php?s=/Upcard/lists.html
ERR: SQLSTATE[42S22]: Column not found: 1054 Unknown column 'createTime' in 'order clause'

[ 2015-10-13T09:42:38+08:00 ] 117.24.24.45 /index.php?s=/Upcard/signUp.html
INFO: [ app_begin ] --START--
INFO: Run Behavior\ReadHtmlCacheBehavior [ RunTime:0.000405s ]
INFO: Run Behavior\CheckLangBehavior [ RunTime:0.000286s ]
INFO: [ app_begin ] --END-- [ RunTime:0.001097s ]

[ 2015-10-13T09:42:52+08:00 ] 117.24.24.45 /index.php?s=/Upcard/signUp.html
INFO: [ app_begin ] --START--
INFO: Run Behavior\ReadHtmlCacheBehavior [ RunTime:0.000358s ]
INFO: Run Behavior\CheckLangBehavior [ RunTime:0.000340s ]
INFO: [ app_begin ] --END-- [ RunTime:0.000999s ]

[ 2015-10-13T09:43:09+08:00 ] 117.24.24.45 /index.php?s=/Upcard/signUp.html
INFO: [ app_begin ] --START--
INFO: Run Behavior\ReadHtmlCacheBehavior [ RunTime:0.000357s ]
INFO: Run Behavior\CheckLangBehavior [ RunTime:0.000323s ]
INFO: [ app_begin ] --END-- [ RunTime:0.001003s ]

[ 2015-10-13T09:43:18+08:00 ] 117.24.24.45 /index.php?s=/Upcard/signUp.html
INFO: [ app_begin ] --START--
INFO: Run Behavior\ReadHtmlCacheBehavior [ RunTime:0.000322s ]
INFO: Run Behavior\CheckLangBehavior [ RunTime:0.000266s ]
INFO: [ app_begin ] --END-- [ RunTime:0.000883s ]

[ 2015-10-13T09:44:00+08:00 ] 117.24.24.45 /index.php?s=/Upcard/signUp.html
INFO: [ app_begin ] --START--
INFO: Run Behavior\ReadHtmlCacheBehavior [ RunTime:0.000345s ]
INFO: Run Behavior\CheckLangBehavior [ RunTime:0.000270s ]
INFO: [ app_begin ] --END-- [ RunTime:0.000889s ]

[ 2015-10-13T09:44:49+08:00 ] 117.24.24.45 /index.php?s=/Upcard/signUp.html
INFO: [ app_begin ] --START--
INFO: Run Behavior\ReadHtmlCacheBehavior [ RunTime:0.000369s ]
INFO: Run Behavior\CheckLangBehavior [ RunTime:0.000268s ]
INFO: [ app_begin ] --END-- [ RunTime:0.000905s ]

[ 2015-10-13T09:44:54+08:00 ] 117.24.24.45 /index.php?s=/Upcard/signUp.html
INFO: [ app_begin ] --START--
INFO: Run Behavior\ReadHtmlCacheBehavior [ RunTime:0.000325s ]
INFO: Run Behavior\CheckLangBehavior [ RunTime:0.000271s ]
INFO: [ app_begin ] --END-- [ RunTime:0.000899s ]

[ 2015-10-13T09:45:11+08:00 ] 117.24.24.45 /index.php?s=/Upcard/signUp.html
INFO: [ app_begin ] --START--
INFO: Run Behavior\ReadHtmlCacheBehavior [ RunTime:0.000582s ]
INFO: Run Behavior\CheckLangBehavior [ RunTime:0.000451s ]
INFO: [ app_begin ] --END-- [ RunTime:0.001476s ]

[ 2015-10-13T09:50:56+08:00 ] 117.24.24.45 /index.php?s=/Upcard/signUp.html
INFO: [ app_begin ] --START--
INFO: Run Behavior\ReadHtmlCacheBehavior [ RunTime:0.000313s ]
INFO: Run Behavior\CheckLangBehavior [ RunTime:0.000289s ]
INFO: [ app_begin ] --END-- [ RunTime:0.000872s ]

[ 2015-10-13T09:55:25+08:00 ] 117.24.24.45 /index.php?s=/Upcard/signUp.html
INFO: [ app_begin ] --START--
INFO: Run Behavior\ReadHtmlCacheBehavior [ RunTime:0.000316s ]
INFO: Run Behavior\CheckLangBehavior [ RunTime:0.000268s ]
INFO: [ app_begin ] --END-- [ RunTime:0.000881s ]
SQL: SHOW COLUMNS FROM `m_upcard` [ RunTime:0.0008s ]
SQL: INSERT INTO `m_upcard` (`uid`,`signTime`,`upcardTime`,`managersignal`,`directorsignal`,`colleagueText`,`reason`) VALUES ('1','1445529600','1','0','0','','dfdsfd
') [ RunTime:0.0284s ]

[ 2015-10-13T09:57:24+08:00 ] 117.24.24.45 /index.php?s=/Upcard/signUp.html
INFO: [ app_begin ] --START--
INFO: Run Behavior\ReadHtmlCacheBehavior [ RunTime:0.000319s ]
INFO: Run Behavior\CheckLangBehavior [ RunTime:0.000295s ]
INFO: [ app_begin ] --END-- [ RunTime:0.000883s ]

[ 2015-10-13T10:03:35+08:00 ] 117.24.24.45 /index.php?s=/Upcard/index.html
ERR: SQLSTATE[23000]: Integrity constraint violation: 1052 Column 'uid' in field list is ambiguous

[ 2015-10-13T10:09:26+08:00 ] 117.24.24.45 /index.php?s=/Upcard/index.html
ERR: SQLSTATE[23000]: Integrity constraint violation: 1052 Column 'uid' in field list is ambiguous

[ 2015-10-13T10:09:46+08:00 ] 117.24.24.45 /index.php?s=/Upcard/index.html
ERR: SQLSTATE[23000]: Integrity constraint violation: 1052 Column 'uid' in field list is ambiguous

[ 2015-10-13T10:11:00+08:00 ] 117.24.24.45 /index.php?s=/Upcard/index.html
ERR: SQLSTATE[23000]: Integrity constraint violation: 1052 Column 'uid' in field list is ambiguous

[ 2015-10-13T10:15:21+08:00 ] 117.24.24.45 /index.php?s=/Upcard/index.html
ERR: SQLSTATE[23000]: Integrity constraint violation: 1052 Column 'uid' in field list is ambiguous

[ 2015-10-13T10:18:35+08:00 ] 117.24.24.45 /index.php?s=/Upcard/index.html
ERR: SQLSTATE[23000]: Integrity constraint violation: 1052 Column 'uid' in field list is ambiguous

[ 2015-10-13T10:19:23+08:00 ] 117.24.24.45 /index.php?s=/Upcard/index.html
ERR: SQLSTATE[23000]: Integrity constraint violation: 1052 Column 'uid' in field list is ambiguous

[ 2015-10-13T10:24:19+08:00 ] 117.24.24.45 /index.php?s=/Upcard/index.html
ERR: SQLSTATE[23000]: Integrity constraint violation: 1052 Column 'uid' in field list is ambiguous

[ 2015-10-13T10:27:09+08:00 ] 117.24.24.45 /index.php?s=/Upcard/index.html
ERR: SQLSTATE[23000]: Integrity constraint violation: 1052 Column 'uid' in field list is ambiguous

[ 2015-10-13T10:27:39+08:00 ] 117.24.24.45 /index.php?s=/Upcard/index.html
ERR: SQLSTATE[23000]: Integrity constraint violation: 1052 Column 'uid' in field list is ambiguous

[ 2015-10-13T10:28:23+08:00 ] 117.24.24.45 /index.php?s=/Upcard/index.html
ERR: SQLSTATE[23000]: Integrity constraint violation: 1052 Column 'uid' in field list is ambiguous

[ 2015-10-13T10:28:57+08:00 ] 117.24.24.45 /index.php?s=/Upcard/index.html
ERR: SQLSTATE[42S22]: Column not found: 1054 Unknown column 'm_user.uid' in 'on clause'

[ 2015-10-13T10:32:11+08:00 ] 117.24.24.45 /index.php?s=/Upcard/index.html
ERR: SQLSTATE[23000]: Integrity constraint violation: 1052 Column 'uid' in field list is ambiguous

[ 2015-10-13T10:34:51+08:00 ] 117.24.24.45 /index.php?s=/Upcard/index.html
ERR: SQLSTATE[23000]: Integrity constraint violation: 1052 Column 'uid' in field list is ambiguous

[ 2015-10-13T10:37:33+08:00 ] 117.24.24.45 /index.php?s=/Upcard/signUp.html
INFO: [ app_begin ] --START--
INFO: Run Behavior\ReadHtmlCacheBehavior [ RunTime:0.000342s ]
INFO: Run Behavior\CheckLangBehavior [ RunTime:0.000268s ]
INFO: [ app_begin ] --END-- [ RunTime:0.000884s ]

[ 2015-10-13T10:38:47+08:00 ] 117.24.24.45 /index.php?s=/Upcard/signUp.html
INFO: [ app_begin ] --START--
INFO: Run Behavior\ReadHtmlCacheBehavior [ RunTime:0.000350s ]
INFO: Run Behavior\CheckLangBehavior [ RunTime:0.000286s ]
INFO: [ app_begin ] --END-- [ RunTime:0.000935s ]
SQL: SHOW COLUMNS FROM `m_upcard` [ RunTime:0.0009s ]
SQL: INSERT INTO `m_upcard` (`uid`,`signTime`,`upcardTime`,`managersignal`,`directorsignal`,`colleagueText`,`reason`) VALUES ('1','1445961600','1','5','8','','dfdsfdsfdfdsaddf') [ RunTime:0.0425s ]

[ 2015-10-13T10:38:47+08:00 ] 117.24.24.45 /index.php?s=/Upcard/lists.html
ERR: SQLSTATE[42S22]: Column not found: 1054 Unknown column 'createTime' in 'order clause'

[ 2015-10-13T10:42:24+08:00 ] 117.24.24.45 /index.php?s=/Upcard/signUp.html
INFO: [ app_begin ] --START--
INFO: Run Behavior\ReadHtmlCacheBehavior [ RunTime:0.000352s ]
INFO: Run Behavior\CheckLangBehavior [ RunTime:0.000265s ]
INFO: [ app_begin ] --END-- [ RunTime:0.000891s ]
SQL: SHOW COLUMNS FROM `m_upcard` [ RunTime:0.0008s ]
SQL: INSERT INTO `m_upcard` (`uid`,`signTime`,`upcardTime`,`managersignal`,`directorsignal`,`colleagueText`,`reason`) VALUES ('1','1445356800','1','6','8','','dfdfs') [ RunTime:0.0216s ]

[ 2015-10-13T10:59:30+08:00 ] 117.24.24.45 /index.php?s=/Upcard/signUp.html
INFO: [ app_begin ] --START--
INFO: Run Behavior\ReadHtmlCacheBehavior [ RunTime:0.000350s ]
INFO: Run Behavior\CheckLangBehavior [ RunTime:0.000293s ]
INFO: [ app_begin ] --END-- [ RunTime:0.000918s ]
SQL: SHOW COLUMNS FROM `m_upcard` [ RunTime:0.0008s ]
SQL: INSERT INTO `m_upcard` (`uid`,`signTime`,`upcardTime`,`managersignal`,`directorsignal`,`colleagueText`,`reason`) VALUES ('1','1444752000','1','6','7','','fdfs') [ RunTime:0.0137s ]

[ 2015-10-13T11:05:13+08:00 ] 117.24.24.45 /index.php?s=/Upcard/signUp.html
INFO: [ app_begin ] --START--
INFO: Run Behavior\ReadHtmlCacheBehavior [ RunTime:0.000333s ]
INFO: Run Behavior\CheckLangBehavior [ RunTime:0.000289s ]
INFO: [ app_begin ] --END-- [ RunTime:0.000894s ]
SQL: SHOW COLUMNS FROM `m_upcard` [ RunTime:0.0008s ]
SQL: INSERT INTO `m_upcard` (`uid`,`signTime`,`upcardTime`,`managersignal`,`directorsignal`,`colleagueText`,`reason`) VALUES ('1','1444838400','1,2,3,4','6','7','','fd') [ RunTime:0.0339s ]

[ 2015-10-13T11:10:45+08:00 ] 117.24.24.45 /index.php?s=/Upcard/signUp.html
INFO: [ app_begin ] --START--
INFO: Run Behavior\ReadHtmlCacheBehavior [ RunTime:0.000358s ]
INFO: Run Behavior\CheckLangBehavior [ RunTime:0.000269s ]
INFO: [ app_begin ] --END-- [ RunTime:0.000907s ]
SQL: SHOW COLUMNS FROM `m_upcard` [ RunTime:0.0008s ]
SQL: INSERT INTO `m_upcard` (`uid`,`signTime`,`upcardTime`,`managersignal`,`directorsignal`,`colleagueText`,`reason`) VALUES ('1','1445529600','上午上班,上午下班,下午上班,下午下班','6','7','','dfds') [ RunTime:0.0154s ]

[ 2015-10-13T11:35:08+08:00 ] 117.24.24.45 /index.php?s=/Upcard/signUp.html
INFO: [ app_begin ] --START--
INFO: Run Behavior\ReadHtmlCacheBehavior [ RunTime:0.000316s ]
INFO: Run Behavior\CheckLangBehavior [ RunTime:0.000265s ]
INFO: [ app_begin ] --END-- [ RunTime:0.000873s ]
SQL: SHOW COLUMNS FROM `m_auth_group_access` [ RunTime:0.0007s ]
SQL: SELECT `uid`,`group_id`,`title`,`rules` FROM m_auth_group_access a INNER JOIN m_auth_group g on a.group_id=g.id  WHERE ( a.uid='3' and g.status='1' )  [ RunTime:0.0004s ]
SQL: SHOW COLUMNS FROM `m_auth_rule` [ RunTime:0.0008s ]
SQL: SELECT `condition`,`name` FROM `m_auth_rule` WHERE `id` IN ('1','2','3','8','9','10') AND `type` = 1 AND `status` = 1  [ RunTime:0.0003s ]

[ 2015-10-13T11:36:52+08:00 ] 117.24.24.45 /index.php?s=/Upcard/signUp.html
INFO: [ app_begin ] --START--
INFO: Run Behavior\ReadHtmlCacheBehavior [ RunTime:0.000348s ]
INFO: Run Behavior\CheckLangBehavior [ RunTime:0.000268s ]
INFO: [ app_begin ] --END-- [ RunTime:0.000896s ]
SQL: SHOW COLUMNS FROM `m_upcard` [ RunTime:0.0011s ]
SQL: INSERT INTO `m_upcard` (`uid`,`signTime`,`upcardTime`,`managersignal`,`directorsignal`,`colleagueText`,`reason`) VALUES ('3','1444752000','上午下班','6','8','','ertre') [ RunTime:0.0147s ]

[ 2015-10-13T13:50:29+08:00 ] 117.24.24.45 /index.php?s=/Upcard/signUp.html
INFO: [ app_begin ] --START--
INFO: Run Behavior\ReadHtmlCacheBehavior [ RunTime:0.000319s ]
INFO: Run Behavior\CheckLangBehavior [ RunTime:0.000296s ]
INFO: [ app_begin ] --END-- [ RunTime:0.000890s ]
SQL: SHOW COLUMNS FROM `m_upcard` [ RunTime:0.0009s ]
SQL: INSERT INTO `m_upcard` (`uid`,`signTime`,`upcardTime`,`managersignal`,`directorsignal`,`colleagueText`,`reason`) VALUES ('1','1444752000','上午下班;下午上班','5','8','','dfds') [ RunTime:0.0337s ]

[ 2015-10-13T14:15:36+08:00 ] 117.24.24.45 /index.php?s=/Upcard/signUp.html
INFO: [ app_begin ] --START--
INFO: Run Behavior\ReadHtmlCacheBehavior [ RunTime:0.000319s ]
INFO: Run Behavior\CheckLangBehavior [ RunTime:0.000290s ]
INFO: [ app_begin ] --END-- [ RunTime:0.000891s ]
SQL: SHOW COLUMNS FROM `m_upcard` [ RunTime:0.0009s ]
SQL: INSERT INTO `m_upcard` (`uid`,`signTime`,`upcardTime`,`managersignal`,`directorsignal`,`colleagueText`,`reason`,`mstatus`) VALUES ('1','1444752000','上午下班','6','7','','dfdsfsd','0') [ RunTime:0.0290s ]

[ 2015-10-13T14:15:55+08:00 ] 117.24.24.45 /index.php?s=/Upcard/signUp.html
INFO: [ app_begin ] --START--
INFO: Run Behavior\ReadHtmlCacheBehavior [ RunTime:0.000372s ]
INFO: Run Behavior\CheckLangBehavior [ RunTime:0.000278s ]
INFO: [ app_begin ] --END-- [ RunTime:0.000949s ]
SQL: SHOW COLUMNS FROM `m_upcard` [ RunTime:0.0010s ]
SQL: INSERT INTO `m_upcard` (`uid`,`signTime`,`upcardTime`,`managersignal`,`directorsignal`,`colleagueText`,`reason`,`mstatus`) VALUES ('1','1444752000','上午下班','6','7','','dfdsfsd','0') [ RunTime:0.0297s ]

[ 2015-10-13T14:20:56+08:00 ] 117.24.24.45 /index.php?s=/Upcard/signUp.html
INFO: [ app_begin ] --START--
INFO: Run Behavior\ReadHtmlCacheBehavior [ RunTime:0.000322s ]
INFO: Run Behavior\CheckLangBehavior [ RunTime:0.000280s ]
INFO: [ app_begin ] --END-- [ RunTime:0.000881s ]
SQL: SHOW COLUMNS FROM `m_upcard` [ RunTime:0.0009s ]
SQL: INSERT INTO `m_upcard` (`uid`,`signTime`,`upcardTime`,`managersignal`,`directorsignal`,`colleagueText`,`reason`,`mstatus`) VALUES ('1','1444752000','上午下班','6','7','','dfdsfsd','0') [ RunTime:0.0307s ]

[ 2015-10-13T14:21:00+08:00 ] 117.24.24.45 /index.php?s=/Upcard/lists.html
ERR: SQLSTATE[23000]: Integrity constraint violation: 1052 Column 'uid' in where clause is ambiguous

[ 2015-10-13T14:22:43+08:00 ] 117.24.24.45 /index.php?s=/Upcard/signUp.html
INFO: [ app_begin ] --START--
INFO: Run Behavior\ReadHtmlCacheBehavior [ RunTime:0.000409s ]
INFO: Run Behavior\CheckLangBehavior [ RunTime:0.000299s ]
INFO: [ app_begin ] --END-- [ RunTime:0.001014s ]
SQL: SHOW COLUMNS FROM `m_upcard` [ RunTime:0.0009s ]
SQL: INSERT INTO `m_upcard` (`uid`,`signTime`,`upcardTime`,`managersignal`,`directorsignal`,`colleagueText`,`reason`,`mstatus`) VALUES ('1','1444752000','上午下班','6','7','','dfdsfsd','0') [ RunTime:0.0252s ]

[ 2015-10-13T14:22:43+08:00 ] 117.24.24.45 /index.php?s=/Upcard/lists.html
ERR: SQLSTATE[42S22]: Column not found: 1054 Unknown column 'auth_group_access.uid' in 'where clause'

[ 2015-10-13T14:23:50+08:00 ] 117.24.24.45 /index.php?s=/Upcard/signUp.html
INFO: [ app_begin ] --START--
INFO: Run Behavior\ReadHtmlCacheBehavior [ RunTime:0.000344s ]
INFO: Run Behavior\CheckLangBehavior [ RunTime:0.000274s ]
INFO: [ app_begin ] --END-- [ RunTime:0.000920s ]
SQL: SHOW COLUMNS FROM `m_upcard` [ RunTime:0.0008s ]
SQL: INSERT INTO `m_upcard` (`uid`,`signTime`,`upcardTime`,`managersignal`,`directorsignal`,`colleagueText`,`reason`,`mstatus`) VALUES ('1','1444752000','上午下班','6','7','','dfdsfsd','0') [ RunTime:0.0468s ]

[ 2015-10-13T14:25:27+08:00 ] 117.24.24.45 /index.php?s=/Upcard/signUp.html
INFO: [ app_begin ] --START--
INFO: Run Behavior\ReadHtmlCacheBehavior [ RunTime:0.000506s ]
INFO: Run Behavior\CheckLangBehavior [ RunTime:0.000277s ]
INFO: [ app_begin ] --END-- [ RunTime:0.001124s ]
SQL: SHOW COLUMNS FROM `m_upcard` [ RunTime:0.0009s ]
SQL: INSERT INTO `m_upcard` (`uid`,`signTime`,`upcardTime`,`managersignal`,`directorsignal`,`colleagueText`,`reason`,`mstatus`) VALUES ('1','1444752000','上午下班','6','7','','dfdsfsd','0') [ RunTime:0.0205s ]

[ 2015-10-13T14:25:27+08:00 ] 117.24.24.45 /index.php?s=/Upcard/lists.html
ERR: SQLSTATE[23000]: Integrity constraint violation: 1052 Column 'uid' in where clause is ambiguous

[ 2015-10-13T14:28:17+08:00 ] 117.24.24.45 /index.php?s=/Upcard/lists.html
ERR: SQLSTATE[42S22]: Column not found: 1054 Unknown column 'auth_group_access_uid' in 'where clause'

[ 2015-10-13T14:28:29+08:00 ] 117.24.24.45 /index.php?s=/Upcard/signUp.html
INFO: [ app_begin ] --START--
INFO: Run Behavior\ReadHtmlCacheBehavior [ RunTime:0.000324s ]
INFO: Run Behavior\CheckLangBehavior [ RunTime:0.000341s ]
INFO: [ app_begin ] --END-- [ RunTime:0.000946s ]
SQL: SHOW COLUMNS FROM `m_upcard` [ RunTime:0.0010s ]
SQL: INSERT INTO `m_upcard` (`uid`,`signTime`,`upcardTime`,`managersignal`,`directorsignal`,`colleagueText`,`reason`,`mstatus`) VALUES ('1','1444752000','上午下班','6','7','','dfdsfsd','0') [ RunTime:0.0175s ]

[ 2015-10-13T14:28:30+08:00 ] 117.24.24.45 /index.php?s=/Upcard/lists.html
ERR: SQLSTATE[42S22]: Column not found: 1054 Unknown column 'auth_group_access_uid' in 'where clause'

[ 2015-10-13T14:33:53+08:00 ] 117.24.24.45 /index.php?s=/Upcard/signUp.html
INFO: [ app_begin ] --START--
INFO: Run Behavior\ReadHtmlCacheBehavior [ RunTime:0.000453s ]
INFO: Run Behavior\CheckLangBehavior [ RunTime:0.000304s ]
INFO: [ app_begin ] --END-- [ RunTime:0.001055s ]
SQL: SHOW COLUMNS FROM `m_upcard` [ RunTime:0.0008s ]
SQL: INSERT INTO `m_upcard` (`uid`,`signTime`,`upcardTime`,`managersignal`,`directorsignal`,`colleagueText`,`reason`,`mstatus`) VALUES ('1','1444752000','上午下班','6','7','','dfdsfsd','0') [ RunTime:0.0184s ]

[ 2015-10-13T14:33:53+08:00 ] 117.24.24.45 /index.php?s=/Upcard/lists.html
ERR: SQLSTATE[42000]: Syntax error or access violation: 1064 You have an error in your SQL syntax; check the manual that corresponds to your MySQL server version for the right syntax to use near '('uid') ) LIMIT 1' at line 1

[ 2015-10-13T14:35:14+08:00 ] 117.24.24.45 /index.php?s=/Upcard/signUp.html
INFO: [ app_begin ] --START--
INFO: Run Behavior\ReadHtmlCacheBehavior [ RunTime:0.000333s ]
INFO: Run Behavior\CheckLangBehavior [ RunTime:0.000314s ]
INFO: [ app_begin ] --END-- [ RunTime:0.000923s ]
SQL: SHOW COLUMNS FROM `m_upcard` [ RunTime:0.0008s ]
SQL: INSERT INTO `m_upcard` (`uid`,`signTime`,`upcardTime`,`managersignal`,`directorsignal`,`colleagueText`,`reason`,`mstatus`) VALUES ('1','1444752000','上午下班','6','7','','dfdsfsd','0') [ RunTime:0.0138s ]

[ 2015-10-13T14:35:15+08:00 ] 117.24.24.45 /index.php?s=/Upcard/lists.html
ERR: SQLSTATE[42000]: Syntax error or access violation: 1064 You have an error in your SQL syntax; check the manual that corresponds to your MySQL server version for the right syntax to use near 'uid')' ) LIMIT 1' at line 1

[ 2015-10-13T14:36:01+08:00 ] 117.24.24.45 /index.php?s=/Upcard/signUp.html
INFO: [ app_begin ] --START--
INFO: Run Behavior\ReadHtmlCacheBehavior [ RunTime:0.000360s ]
INFO: Run Behavior\CheckLangBehavior [ RunTime:0.000288s ]
INFO: [ app_begin ] --END-- [ RunTime:0.000959s ]
SQL: SHOW COLUMNS FROM `m_upcard` [ RunTime:0.0009s ]
SQL: INSERT INTO `m_upcard` (`uid`,`signTime`,`upcardTime`,`managersignal`,`directorsignal`,`colleagueText`,`reason`,`mstatus`) VALUES ('1','1444752000','上午下班','6','7','','dfdsfsd','0') [ RunTime:0.0213s ]

[ 2015-10-13T14:36:02+08:00 ] 117.24.24.45 /index.php?s=/Upcard/lists.html
ERR: SQLSTATE[42000]: Syntax error or access violation: 1064 You have an error in your SQL syntax; check the manual that corresponds to your MySQL server version for the right syntax to use near '('uid') ) LIMIT 1' at line 1

[ 2015-10-13T14:37:00+08:00 ] 117.24.24.45 /index.php?s=/Upcard/signUp.html
INFO: [ app_begin ] --START--
INFO: Run Behavior\ReadHtmlCacheBehavior [ RunTime:0.000335s ]
INFO: Run Behavior\CheckLangBehavior [ RunTime:0.000277s ]
INFO: [ app_begin ] --END-- [ RunTime:0.000956s ]
SQL: SHOW COLUMNS FROM `m_upcard` [ RunTime:0.0012s ]
SQL: INSERT INTO `m_upcard` (`uid`,`signTime`,`upcardTime`,`managersignal`,`directorsignal`,`colleagueText`,`reason`,`mstatus`) VALUES ('1','1444752000','上午下班','6','7','','dfdsfsd','0') [ RunTime:0.0163s ]

[ 2015-10-13T14:37:37+08:00 ] 117.24.24.45 /index.php?s=/Upcard/signUp.html
INFO: [ app_begin ] --START--
INFO: Run Behavior\ReadHtmlCacheBehavior [ RunTime:0.000319s ]
INFO: Run Behavior\CheckLangBehavior [ RunTime:0.000265s ]
INFO: [ app_begin ] --END-- [ RunTime:0.000898s ]
SQL: SHOW COLUMNS FROM `m_upcard` [ RunTime:0.0009s ]
SQL: INSERT INTO `m_upcard` (`uid`,`signTime`,`upcardTime`,`managersignal`,`directorsignal`,`colleagueText`,`reason`,`mstatus`) VALUES ('1','1444752000','上午下班','6','7','','dfdsfsd','0') [ RunTime:0.0448s ]

[ 2015-10-13T14:37:38+08:00 ] 117.24.24.45 /index.php?s=/Upcard/lists.html
ERR: SQLSTATE[42S22]: Column not found: 1054 Unknown column 'auth_group_access.uid' in 'where clause'

[ 2015-10-13T14:38:21+08:00 ] 117.24.24.45 /index.php?s=/Upcard/signUp.html
INFO: [ app_begin ] --START--
INFO: Run Behavior\ReadHtmlCacheBehavior [ RunTime:0.000323s ]
INFO: Run Behavior\CheckLangBehavior [ RunTime:0.000293s ]
INFO: [ app_begin ] --END-- [ RunTime:0.000926s ]
SQL: SHOW COLUMNS FROM `m_upcard` [ RunTime:0.0008s ]
SQL: INSERT INTO `m_upcard` (`uid`,`signTime`,`upcardTime`,`managersignal`,`directorsignal`,`colleagueText`,`reason`,`mstatus`) VALUES ('1','1444752000','上午下班','6','7','','dfdsfsd','0') [ RunTime:0.0143s ]

[ 2015-10-13T14:38:54+08:00 ] 117.24.24.45 /index.php?s=/Upcard/signUp.html
INFO: [ app_begin ] --START--
INFO: Run Behavior\ReadHtmlCacheBehavior [ RunTime:0.000334s ]
INFO: Run Behavior\CheckLangBehavior [ RunTime:0.000319s ]
INFO: [ app_begin ] --END-- [ RunTime:0.000946s ]
SQL: SHOW COLUMNS FROM `m_upcard` [ RunTime:0.0009s ]
SQL: INSERT INTO `m_upcard` (`uid`,`signTime`,`upcardTime`,`managersignal`,`directorsignal`,`colleagueText`,`reason`,`mstatus`) VALUES ('1','1444752000','上午下班','6','7','','dfdsfsd','0') [ RunTime:0.0146s ]

[ 2015-10-13T14:39:54+08:00 ] 117.24.24.45 /index.php?s=/Upcard/signUp.html
INFO: [ app_begin ] --START--
INFO: Run Behavior\ReadHtmlCacheBehavior [ RunTime:0.000361s ]
INFO: Run Behavior\CheckLangBehavior [ RunTime:0.000271s ]
INFO: [ app_begin ] --END-- [ RunTime:0.000917s ]
SQL: SHOW COLUMNS FROM `m_upcard` [ RunTime:0.0009s ]
SQL: INSERT INTO `m_upcard` (`uid`,`signTime`,`upcardTime`,`managersignal`,`directorsignal`,`colleagueText`,`reason`,`mstatus`) VALUES ('1','1444752000','上午下班','6','7','','dfdsfsd','0') [ RunTime:0.3241s ]

[ 2015-10-13T14:39:54+08:00 ] 117.24.24.45 /index.php?s=/Upcard/lists.html
ERR: SQLSTATE[42000]: Syntax error or access violation: 1064 You have an error in your SQL syntax; check the manual that corresponds to your MySQL server version for the right syntax to use near '('uid') ) LIMIT 1' at line 1

[ 2015-10-13T14:40:34+08:00 ] 117.24.24.45 /index.php?s=/Upcard/signUp.html
INFO: [ app_begin ] --START--
INFO: Run Behavior\ReadHtmlCacheBehavior [ RunTime:0.000337s ]
INFO: Run Behavior\CheckLangBehavior [ RunTime:0.000281s ]
INFO: [ app_begin ] --END-- [ RunTime:0.000928s ]

[ 2015-10-13T14:40:40+08:00 ] 117.24.24.45 /index.php?s=/Upcard/signUp.html
INFO: [ app_begin ] --START--
INFO: Run Behavior\ReadHtmlCacheBehavior [ RunTime:0.000327s ]
INFO: Run Behavior\CheckLangBehavior [ RunTime:0.000271s ]
INFO: [ app_begin ] --END-- [ RunTime:0.000898s ]

[ 2015-10-13T14:41:52+08:00 ] 117.24.24.45 /index.php?s=/Upcard/signUp.html
INFO: [ app_begin ] --START--
INFO: Run Behavior\ReadHtmlCacheBehavior [ RunTime:0.000347s ]
INFO: Run Behavior\CheckLangBehavior [ RunTime:0.000358s ]
INFO: [ app_begin ] --END-- [ RunTime:0.000979s ]
SQL: SHOW COLUMNS FROM `m_upcard` [ RunTime:0.0009s ]
SQL: INSERT INTO `m_upcard` (`uid`,`signTime`,`upcardTime`,`managersignal`,`directorsignal`,`colleagueText`,`reason`,`mstatus`) VALUES ('1','1444752000','上午下班','6','7','','dfdsfsd','0') [ RunTime:0.0165s ]

[ 2015-10-13T15:10:17+08:00 ] 117.24.24.45 /index.php?s=/Upcard/lists.html
ERR: SQLSTATE[42S22]: Column not found: 1054 Unknown column 'm_auth_group_access.uid' in 'where clause'

[ 2015-10-13T15:12:14+08:00 ] 117.24.24.45 /index.php?s=/Upcard/lists.html
ERR: SQLSTATE[42S22]: Column not found: 1054 Unknown column 'm_auth_group_access.uid' in 'where clause'

[ 2015-10-13T15:13:23+08:00 ] 117.24.24.45 /index.php?s=/Upcard/lists.html
ERR: SQLSTATE[42S22]: Column not found: 1054 Unknown column 'm_auth_group_access.uid' in 'where clause'

[ 2015-10-13T15:13:36+08:00 ] 117.24.24.45 /index.php?s=/Upcard/lists.html
ERR: SQLSTATE[42S22]: Column not found: 1054 Unknown column 'm_auth_group_access.uid' in 'where clause'

[ 2015-10-13T15:14:19+08:00 ] 117.24.24.45 /index.php?s=/Upcard/lists.html
ERR: SQLSTATE[42S22]: Column not found: 1054 Unknown column 'm_auth_group_access.uid' in 'where clause'

[ 2015-10-13T15:14:55+08:00 ] 117.24.24.45 /index.php?s=/Upcard/lists.html
ERR: SQLSTATE[42S22]: Column not found: 1054 Unknown column 'm_auth_group_access.uid' in 'where clause'

[ 2015-10-13T15:15:16+08:00 ] 117.24.24.45 /index.php?s=/Upcard/lists.html
ERR: SQLSTATE[42S22]: Column not found: 1054 Unknown column 'm_auth_group_access.uid' in 'where clause'

[ 2015-10-13T15:16:12+08:00 ] 117.24.24.45 /index.php?s=/Upcard/lists.html
ERR: SQLSTATE[42S22]: Column not found: 1054 Unknown column 'm_auth_group_access.uid' in 'where clause'

[ 2015-10-13T15:47:18+08:00 ] 117.24.24.45 /index.php?s=/Upcard/lists.html
ERR: SQLSTATE[42S22]: Column not found: 1054 Unknown column 'm_auth_group_access.uid' in 'where clause'

[ 2015-10-13T15:47:42+08:00 ] 117.24.24.45 /index.php?s=/Upcard/lists.html
ERR: SQLSTATE[42S22]: Column not found: 1054 Unknown column 'm_auth_group_access.uid' in 'where clause'

[ 2015-10-13T16:40:29+08:00 ] 117.24.24.45 /index.php?s=/Upcard/managersign.html&mstatus=1
INFO: [ app_begin ] --START--
INFO: Run Behavior\ReadHtmlCacheBehavior [ RunTime:0.000322s ]
INFO: Run Behavior\CheckLangBehavior [ RunTime:0.000269s ]
INFO: [ app_begin ] --END-- [ RunTime:0.000884s ]
SQL: SHOW COLUMNS FROM `m_upcard` [ RunTime:0.0008s ]
INFO: [ view_parse ] --START--
INFO: [ template_filter ] --START--
INFO: Run Behavior\ContentReplaceBehavior [ RunTime:0.000177s ]
INFO: [ template_filter ] --END-- [ RunTime:0.000274s ]
NOTIC: [8] Undefined variable: list /alidata/www/miao/Application/Runtime/Cache/Staff/1276d46bd0fac0cc9a631a26d88efdb6.php 第 644 行.
NOTIC: [8] Undefined variable: page /alidata/www/miao/Application/Runtime/Cache/Staff/1276d46bd0fac0cc9a631a26d88efdb6.php 第 671 行.
INFO: Run Behavior\ParseTemplateBehavior [ RunTime:0.019187s ]
INFO: [ view_parse ] --END-- [ RunTime:0.019237s ]
INFO: [ view_filter ] --START--
INFO: Run Behavior\WriteHtmlCacheBehavior [ RunTime:0.000145s ]
INFO: [ view_filter ] --END-- [ RunTime:0.000196s ]
INFO: [ app_end ] --START--
INFO: Run Behavior\ShowPageTraceBehavior [ RunTime:0.000360s ]
INFO: [ app_end ] --END-- [ RunTime:0.000415s ]

[ 2015-10-13T16:46:18+08:00 ] 117.24.24.45 /index.php?s=/Upcard/managersign.html&mstatus=1
INFO: [ app_begin ] --START--
INFO: Run Behavior\ReadHtmlCacheBehavior [ RunTime:0.000361s ]
INFO: Run Behavior\CheckLangBehavior [ RunTime:0.000269s ]
INFO: [ app_begin ] --END-- [ RunTime:0.000910s ]
SQL: SHOW COLUMNS FROM `m_upcard` [ RunTime:0.0016s ]
INFO: [ view_parse ] --START--
INFO: [ template_filter ] --START--
INFO: Run Behavior\ContentReplaceBehavior [ RunTime:0.000376s ]
INFO: [ template_filter ] --END-- [ RunTime:0.000502s ]
NOTIC: [8] Undefined variable: list /alidata/www/miao/Application/Runtime/Cache/Staff/1276d46bd0fac0cc9a631a26d88efdb6.php 第 644 行.
NOTIC: [8] Undefined variable: page /alidata/www/miao/Application/Runtime/Cache/Staff/1276d46bd0fac0cc9a631a26d88efdb6.php 第 671 行.
INFO: Run Behavior\ParseTemplateBehavior [ RunTime:0.022525s ]
INFO: [ view_parse ] --END-- [ RunTime:0.022600s ]
INFO: [ view_filter ] --START--
INFO: Run Behavior\WriteHtmlCacheBehavior [ RunTime:0.000161s ]
INFO: [ view_filter ] --END-- [ RunTime:0.000215s ]
INFO: [ app_end ] --START--
INFO: Run Behavior\ShowPageTraceBehavior [ RunTime:0.000388s ]
INFO: [ app_end ] --END-- [ RunTime:0.000446s ]

[ 2015-10-13T16:46:22+08:00 ] 117.24.24.45 /index.php?s=/Upcard/managersign.html&mstatus=1
INFO: [ app_begin ] --START--
INFO: Run Behavior\ReadHtmlCacheBehavior [ RunTime:0.000334s ]
INFO: Run Behavior\CheckLangBehavior [ RunTime:0.000287s ]
INFO: [ app_begin ] --END-- [ RunTime:0.001045s ]
SQL: SHOW COLUMNS FROM `m_upcard` [ RunTime:0.0008s ]
INFO: [ view_parse ] --START--
INFO: [ template_filter ] --START--
INFO: Run Behavior\ContentReplaceBehavior [ RunTime:0.000199s ]
INFO: [ template_filter ] --END-- [ RunTime:0.000294s ]
NOTIC: [8] Undefined variable: list /alidata/www/miao/Application/Runtime/Cache/Staff/1276d46bd0fac0cc9a631a26d88efdb6.php 第 644 行.
NOTIC: [8] Undefined variable: page /alidata/www/miao/Application/Runtime/Cache/Staff/1276d46bd0fac0cc9a631a26d88efdb6.php 第 671 行.
INFO: Run Behavior\ParseTemplateBehavior [ RunTime:0.019179s ]
INFO: [ view_parse ] --END-- [ RunTime:0.019228s ]
INFO: [ view_filter ] --START--
INFO: Run Behavior\WriteHtmlCacheBehavior [ RunTime:0.000142s ]
INFO: [ view_filter ] --END-- [ RunTime:0.000187s ]
INFO: [ app_end ] --START--
INFO: Run Behavior\ShowPageTraceBehavior [ RunTime:0.000352s ]
INFO: [ app_end ] --END-- [ RunTime:0.000414s ]

[ 2015-10-13T16:46:23+08:00 ] 117.24.24.45 /index.php?s=/Upcard/managersign.html&mstatus=1
INFO: [ app_begin ] --START--
INFO: Run Behavior\ReadHtmlCacheBehavior [ RunTime:0.000325s ]
INFO: Run Behavior\CheckLangBehavior [ RunTime:0.000291s ]
INFO: [ app_begin ] --END-- [ RunTime:0.000888s ]
SQL: SHOW COLUMNS FROM `m_upcard` [ RunTime:0.0008s ]
INFO: [ view_parse ] --START--
INFO: [ template_filter ] --START--
INFO: Run Behavior\ContentReplaceBehavior [ RunTime:0.000265s ]
INFO: [ template_filter ] --END-- [ RunTime:0.000398s ]
NOTIC: [8] Undefined variable: list /alidata/www/miao/Application/Runtime/Cache/Staff/1276d46bd0fac0cc9a631a26d88efdb6.php 第 644 行.
NOTIC: [8] Undefined variable: page /alidata/www/miao/Application/Runtime/Cache/Staff/1276d46bd0fac0cc9a631a26d88efdb6.php 第 671 行.
INFO: Run Behavior\ParseTemplateBehavior [ RunTime:0.022777s ]
INFO: [ view_parse ] --END-- [ RunTime:0.022830s ]
INFO: [ view_filter ] --START--
INFO: Run Behavior\WriteHtmlCacheBehavior [ RunTime:0.000157s ]
INFO: [ view_filter ] --END-- [ RunTime:0.000205s ]
INFO: [ app_end ] --START--
INFO: Run Behavior\ShowPageTraceBehavior [ RunTime:0.000394s ]
INFO: [ app_end ] --END-- [ RunTime:0.000451s ]

[ 2015-10-13T16:46:24+08:00 ] 117.24.24.45 /index.php?s=/Upcard/managersign.html&mstatus=1
INFO: [ app_begin ] --START--
INFO: Run Behavior\ReadHtmlCacheBehavior [ RunTime:0.000323s ]
INFO: Run Behavior\CheckLangBehavior [ RunTime:0.000264s ]
INFO: [ app_begin ] --END-- [ RunTime:0.000861s ]
SQL: SHOW COLUMNS FROM `m_upcard` [ RunTime:0.0008s ]
INFO: [ view_parse ] --START--
INFO: [ template_filter ] --START--
INFO: Run Behavior\ContentReplaceBehavior [ RunTime:0.000174s ]
INFO: [ template_filter ] --END-- [ RunTime:0.000238s ]
NOTIC: [8] Undefined variable: list /alidata/www/miao/Application/Runtime/Cache/Staff/1276d46bd0fac0cc9a631a26d88efdb6.php 第 644 行.
NOTIC: [8] Undefined variable: page /alidata/www/miao/Application/Runtime/Cache/Staff/1276d46bd0fac0cc9a631a26d88efdb6.php 第 671 行.
INFO: Run Behavior\ParseTemplateBehavior [ RunTime:0.019088s ]
INFO: [ view_parse ] --END-- [ RunTime:0.019140s ]
INFO: [ view_filter ] --START--
INFO: Run Behavior\WriteHtmlCacheBehavior [ RunTime:0.000142s ]
INFO: [ view_filter ] --END-- [ RunTime:0.000186s ]
INFO: [ app_end ] --START--
INFO: Run Behavior\ShowPageTraceBehavior [ RunTime:0.000381s ]
INFO: [ app_end ] --END-- [ RunTime:0.000436s ]

[ 2015-10-13T16:46:24+08:00 ] 117.24.24.45 /index.php?s=/Upcard/managersign.html&mstatus=1
INFO: [ app_begin ] --START--
INFO: Run Behavior\ReadHtmlCacheBehavior [ RunTime:0.000438s ]
INFO: Run Behavior\CheckLangBehavior [ RunTime:0.000282s ]
INFO: [ app_begin ] --END-- [ RunTime:0.001020s ]
SQL: SHOW COLUMNS FROM `m_upcard` [ RunTime:0.0008s ]
INFO: [ view_parse ] --START--
INFO: [ template_filter ] --START--
INFO: Run Behavior\ContentReplaceBehavior [ RunTime:0.000222s ]
INFO: [ template_filter ] --END-- [ RunTime:0.000287s ]
NOTIC: [8] Undefined variable: list /alidata/www/miao/Application/Runtime/Cache/Staff/1276d46bd0fac0cc9a631a26d88efdb6.php 第 644 行.
NOTIC: [8] Undefined variable: page /alidata/www/miao/Application/Runtime/Cache/Staff/1276d46bd0fac0cc9a631a26d88efdb6.php 第 671 行.
INFO: Run Behavior\ParseTemplateBehavior [ RunTime:0.019982s ]
INFO: [ view_parse ] --END-- [ RunTime:0.020043s ]
INFO: [ view_filter ] --START--
INFO: Run Behavior\WriteHtmlCacheBehavior [ RunTime:0.000132s ]
INFO: [ view_filter ] --END-- [ RunTime:0.000206s ]
INFO: [ app_end ] --START--
INFO: Run Behavior\ShowPageTraceBehavior [ RunTime:0.000357s ]
INFO: [ app_end ] --END-- [ RunTime:0.000410s ]

[ 2015-10-13T16:47:43+08:00 ] 117.24.24.45 /index.php?s=/Upcard/managersign.html&mstatus=1
INFO: [ app_begin ] --START--
INFO: Run Behavior\ReadHtmlCacheBehavior [ RunTime:0.000331s ]
INFO: Run Behavior\CheckLangBehavior [ RunTime:0.000300s ]
INFO: [ app_begin ] --END-- [ RunTime:0.000932s ]

[ 2015-10-13T16:47:45+08:00 ] 117.24.24.45 /index.php?s=/Upcard/managersign.html&mstatus=1
INFO: [ app_begin ] --START--
INFO: Run Behavior\ReadHtmlCacheBehavior [ RunTime:0.000478s ]
INFO: Run Behavior\CheckLangBehavior [ RunTime:0.000326s ]
INFO: [ app_begin ] --END-- [ RunTime:0.001406s ]

[ 2015-10-13T16:47:45+08:00 ] 117.24.24.45 /index.php?s=/Upcard/managersign.html&mstatus=1
INFO: [ app_begin ] --START--
INFO: Run Behavior\ReadHtmlCacheBehavior [ RunTime:0.000552s ]
INFO: Run Behavior\CheckLangBehavior [ RunTime:0.000363s ]
INFO: [ app_begin ] --END-- [ RunTime:0.001242s ]

[ 2015-10-13T16:47:46+08:00 ] 117.24.24.45 /index.php?s=/Upcard/managersign.html&mstatus=1
INFO: [ app_begin ] --START--
INFO: Run Behavior\ReadHtmlCacheBehavior [ RunTime:0.000374s ]
INFO: Run Behavior\CheckLangBehavior [ RunTime:0.000277s ]
INFO: [ app_begin ] --END-- [ RunTime:0.000946s ]

[ 2015-10-13T16:53:47+08:00 ] 117.24.24.45 /index.php?s=/Upcard/managersign.html&mstatus=1
INFO: [ app_begin ] --START--
INFO: Run Behavior\ReadHtmlCacheBehavior [ RunTime:0.000343s ]
INFO: Run Behavior\CheckLangBehavior [ RunTime:0.000291s ]
INFO: [ app_begin ] --END-- [ RunTime:0.000912s ]

[ 2015-10-13T16:54:34+08:00 ] 117.24.24.45 /index.php?s=/Upcard/managersign.html&mstatus=1
INFO: [ app_begin ] --START--
INFO: Run Behavior\ReadHtmlCacheBehavior [ RunTime:0.000323s ]
INFO: Run Behavior\CheckLangBehavior [ RunTime:0.000267s ]
INFO: [ app_begin ] --END-- [ RunTime:0.000893s ]

[ 2015-10-13T16:55:16+08:00 ] 117.24.24.45 /index.php?s=/Upcard/managersign.html&mstatus=1
INFO: [ app_begin ] --START--
INFO: Run Behavior\ReadHtmlCacheBehavior [ RunTime:0.000500s ]
INFO: Run Behavior\CheckLangBehavior [ RunTime:0.000302s ]
INFO: [ app_begin ] --END-- [ RunTime:0.001139s ]

[ 2015-10-13T16:57:24+08:00 ] 117.24.24.45 /index.php?s=/Upcard/managersign.html
INFO: [ app_begin ] --START--
INFO: Run Behavior\ReadHtmlCacheBehavior [ RunTime:0.000317s ]
INFO: Run Behavior\CheckLangBehavior [ RunTime:0.000286s ]
INFO: [ app_begin ] --END-- [ RunTime:0.000876s ]

[ 2015-10-13T16:57:26+08:00 ] 117.24.24.45 /index.php?s=/Upcard/managersign.html
INFO: [ app_begin ] --START--
INFO: Run Behavior\ReadHtmlCacheBehavior [ RunTime:0.000430s ]
INFO: Run Behavior\CheckLangBehavior [ RunTime:0.000367s ]
INFO: [ app_begin ] --END-- [ RunTime:0.001150s ]

[ 2015-10-13T16:57:55+08:00 ] 117.24.24.45 /index.php?s=/Upcard/managersign.html
INFO: [ app_begin ] --START--
INFO: Run Behavior\ReadHtmlCacheBehavior [ RunTime:0.000353s ]
INFO: Run Behavior\CheckLangBehavior [ RunTime:0.000274s ]
INFO: [ app_begin ] --END-- [ RunTime:0.000907s ]

[ 2015-10-13T16:58:35+08:00 ] 117.24.24.45 /index.php?s=/Upcard/managersign.html
INFO: [ app_begin ] --START--
INFO: Run Behavior\ReadHtmlCacheBehavior [ RunTime:0.000338s ]
INFO: Run Behavior\CheckLangBehavior [ RunTime:0.000287s ]
INFO: [ app_begin ] --END-- [ RunTime:0.000898s ]

[ 2015-10-13T16:59:46+08:00 ] 117.24.24.45 /index.php?s=/Upcard/managersign.html
INFO: [ app_begin ] --START--
INFO: Run Behavior\ReadHtmlCacheBehavior [ RunTime:0.000374s ]
INFO: Run Behavior\CheckLangBehavior [ RunTime:0.000302s ]
INFO: [ app_begin ] --END-- [ RunTime:0.000999s ]

[ 2015-10-13T17:10:06+08:00 ] 117.24.24.45 /index.php?s=/Upcard/managersign.html
INFO: [ app_begin ] --START--
INFO: Run Behavior\ReadHtmlCacheBehavior [ RunTime:0.000346s ]
INFO: Run Behavior\CheckLangBehavior [ RunTime:0.000325s ]
INFO: [ app_begin ] --END-- [ RunTime:0.000945s ]

[ 2015-10-13T17:11:34+08:00 ] 117.24.24.45 /index.php?s=/Upcard/managersign.html
INFO: [ app_begin ] --START--
INFO: Run Behavior\ReadHtmlCacheBehavior [ RunTime:0.000382s ]
INFO: Run Behavior\CheckLangBehavior [ RunTime:0.000328s ]
INFO: [ app_begin ] --END-- [ RunTime:0.001108s ]

[ 2015-10-13T17:12:06+08:00 ] 117.24.24.45 /index.php?s=/Upcard/managersign.html
INFO: [ app_begin ] --START--
INFO: Run Behavior\ReadHtmlCacheBehavior [ RunTime:0.000322s ]
INFO: Run Behavior\CheckLangBehavior [ RunTime:0.000286s ]
INFO: [ app_begin ] --END-- [ RunTime:0.000905s ]

[ 2015-10-13T17:15:23+08:00 ] 117.24.24.45 /index.php?s=/Upcard/managersign.html
INFO: [ app_begin ] --START--
INFO: Run Behavior\ReadHtmlCacheBehavior [ RunTime:0.000346s ]
INFO: Run Behavior\CheckLangBehavior [ RunTime:0.000358s ]
INFO: [ app_begin ] --END-- [ RunTime:0.001029s ]

[ 2015-10-13T17:19:25+08:00 ] 117.24.24.45 /index.php?s=/Upcard/managersign.html
INFO: [ app_begin ] --START--
INFO: Run Behavior\ReadHtmlCacheBehavior [ RunTime:0.000342s ]
INFO: Run Behavior\CheckLangBehavior [ RunTime:0.000270s ]
INFO: [ app_begin ] --END-- [ RunTime:0.000951s ]
SQL: SHOW COLUMNS FROM `m_upcard` [ RunTime:0.0009s ]
NOTIC: [8] Use of undefined constant uid - assumed 'uid' /alidata/www/miao/Application/Staff/Controller/UpcardController.class.php 第 65 行.
SQL: UPDATE `m_upcard` SET `mstatus`='1' WHERE `uid` = 1 [ RunTime:0.0876s ]
NOTIC: [2] Missing argument 1 for Think\Controller::ajaxReturn(), called in /alidata/www/miao/Application/Staff/Controller/UpcardController.class.php on line 66 and defined /alidata/www/miao/ThinkPHP/Library/Think/Controller.class.php 第 210 行.
NOTIC: [8] Undefined variable: data /alidata/www/miao/ThinkPHP/Library/Think/Controller.class.php 第 216 行.

[ 2015-10-13T17:48:22+08:00 ] 117.24.24.45 /index.php?s=/Upcard/signUp.html
INFO: [ app_begin ] --START--
INFO: Run Behavior\ReadHtmlCacheBehavior [ RunTime:0.000328s ]
INFO: Run Behavior\CheckLangBehavior [ RunTime:0.000316s ]
INFO: [ app_begin ] --END-- [ RunTime:0.000950s ]
SQL: SHOW COLUMNS FROM `m_upcard` [ RunTime:0.0009s ]
SQL: INSERT INTO `m_upcard` (`uid`,`signTime`,`upcardTime`,`managersignal`,`directorsignal`,`colleagueText`,`reason`) VALUES ('1','1445529600','上午上班','6','0','','fsdfds') [ RunTime:0.0305s ]

[ 2015-10-13T17:48:45+08:00 ] 117.24.24.45 /index.php?s=/Upcard/signUp.html
INFO: [ app_begin ] --START--
INFO: Run Behavior\ReadHtmlCacheBehavior [ RunTime:0.000588s ]
INFO: Run Behavior\CheckLangBehavior [ RunTime:0.000644s ]
INFO: [ app_begin ] --END-- [ RunTime:0.001727s ]
SQL: SHOW COLUMNS FROM `m_upcard` [ RunTime:0.0014s ]
SQL: INSERT INTO `m_upcard` (`uid`,`signTime`,`upcardTime`,`managersignal`,`directorsignal`,`colleagueText`,`reason`) VALUES ('1','1445529600','上午上班','6','0','','fsdfds') [ RunTime:0.0165s ]

[ 2015-10-13T17:49:36+08:00 ] 117.24.24.45 /index.php?s=/Upcard/managersign.html
INFO: [ app_begin ] --START--
INFO: Run Behavior\ReadHtmlCacheBehavior [ RunTime:0.000352s ]
INFO: Run Behavior\CheckLangBehavior [ RunTime:0.000373s ]
INFO: [ app_begin ] --END-- [ RunTime:0.001003s ]
SQL: SHOW COLUMNS FROM `m_upcard` [ RunTime:0.0009s ]
NOTIC: [8] Use of undefined constant id - assumed 'id' /alidata/www/miao/Application/Staff/Controller/UpcardController.class.php 第 65 行.
NOTIC: [8] Undefined variable: id /alidata/www/miao/Application/Staff/Controller/UpcardController.class.php 第 65 行.
SQL: UPDATE `m_upcard` SET `mstatus`='1' WHERE `id` = null [ RunTime:0.0003s ]
NOTIC: [2] Missing argument 1 for Think\Controller::ajaxReturn(), called in /alidata/www/miao/Application/Staff/Controller/UpcardController.class.php on line 66 and defined /alidata/www/miao/ThinkPHP/Library/Think/Controller.class.php 第 210 行.
NOTIC: [8] Undefined variable: data /alidata/www/miao/ThinkPHP/Library/Think/Controller.class.php 第 216 行.

[ 2015-10-13T17:52:11+08:00 ] 117.24.24.45 /index.php?s=/Upcard/managersign.html
INFO: [ app_begin ] --START--
INFO: Run Behavior\ReadHtmlCacheBehavior [ RunTime:0.000323s ]
INFO: Run Behavior\CheckLangBehavior [ RunTime:0.000306s ]
INFO: [ app_begin ] --END-- [ RunTime:0.000899s ]
SQL: SHOW COLUMNS FROM `m_upcard` [ RunTime:0.0008s ]
NOTIC: [8] Use of undefined constant id - assumed 'id' /alidata/www/miao/Application/Staff/Controller/UpcardController.class.php 第 65 行.
SQL: UPDATE `m_upcard` SET `mstatus`='1' WHERE `id` = 0 [ RunTime:0.0003s ]
NOTIC: [2] Missing argument 1 for Think\Controller::ajaxReturn(), called in /alidata/www/miao/Application/Staff/Controller/UpcardController.class.php on line 66 and defined /alidata/www/miao/ThinkPHP/Library/Think/Controller.class.php 第 210 行.
NOTIC: [8] Undefined variable: data /alidata/www/miao/ThinkPHP/Library/Think/Controller.class.php 第 216 行.

[ 2015-10-13T17:54:10+08:00 ] 117.24.24.45 /index.php?s=/Upcard/managersign.html
INFO: [ app_begin ] --START--
INFO: Run Behavior\ReadHtmlCacheBehavior [ RunTime:0.000322s ]
INFO: Run Behavior\CheckLangBehavior [ RunTime:0.000289s ]
INFO: [ app_begin ] --END-- [ RunTime:0.000961s ]
SQL: SHOW COLUMNS FROM `m_upcard` [ RunTime:0.0008s ]
SQL: UPDATE `m_upcard` SET `mstatus`='1' WHERE `id` = 0 [ RunTime:0.0003s ]
NOTIC: [2] Missing argument 1 for Think\Controller::ajaxReturn(), called in /alidata/www/miao/Application/Staff/Controller/UpcardController.class.php on line 67 and defined /alidata/www/miao/ThinkPHP/Library/Think/Controller.class.php 第 210 行.
NOTIC: [8] Undefined variable: data /alidata/www/miao/ThinkPHP/Library/Think/Controller.class.php 第 216 行.

[ 2015-10-13T17:55:49+08:00 ] 117.24.24.45 /index.php?s=/Upcard/managersign.html
INFO: [ app_begin ] --START--
INFO: Run Behavior\ReadHtmlCacheBehavior [ RunTime:0.000324s ]
INFO: Run Behavior\CheckLangBehavior [ RunTime:0.000264s ]
INFO: [ app_begin ] --END-- [ RunTime:0.000865s ]

[ 2015-10-13T17:56:23+08:00 ] 117.24.24.45 /index.php?s=/Upcard/managersign.html
INFO: [ app_begin ] --START--
INFO: Run Behavior\ReadHtmlCacheBehavior [ RunTime:0.000347s ]
INFO: Run Behavior\CheckLangBehavior [ RunTime:0.000280s ]
INFO: [ app_begin ] --END-- [ RunTime:0.000959s ]

[ 2015-10-13T17:57:22+08:00 ] 117.24.24.45 /index.php?s=/Upcard/managersign.html
INFO: [ app_begin ] --START--
INFO: Run Behavior\ReadHtmlCacheBehavior [ RunTime:0.000335s ]
INFO: Run Behavior\CheckLangBehavior [ RunTime:0.000271s ]
INFO: [ app_begin ] --END-- [ RunTime:0.000932s ]

[ 2015-10-13T17:57:57+08:00 ] 117.24.24.45 /index.php?s=/Upcard/managersign.html
INFO: [ app_begin ] --START--
INFO: Run Behavior\ReadHtmlCacheBehavior [ RunTime:0.000319s ]
INFO: Run Behavior\CheckLangBehavior [ RunTime:0.000264s ]
INFO: [ app_begin ] --END-- [ RunTime:0.000879s ]
SQL: SHOW COLUMNS FROM `m_upcard` [ RunTime:0.0008s ]
SQL: UPDATE `m_upcard` SET `mstatus`='1' WHERE `id` = 1 [ RunTime:0.0003s ]
NOTIC: [2] Missing argument 1 for Think\Controller::ajaxReturn(), called in /alidata/www/miao/Application/Staff/Controller/UpcardController.class.php on line 66 and defined /alidata/www/miao/ThinkPHP/Library/Think/Controller.class.php 第 210 行.
NOTIC: [8] Undefined variable: data /alidata/www/miao/ThinkPHP/Library/Think/Controller.class.php 第 216 行.

[ 2015-10-13T18:01:19+08:00 ] 117.24.24.45 /index.php?s=/Upcard/managersign.html
INFO: [ app_begin ] --START--
INFO: Run Behavior\ReadHtmlCacheBehavior [ RunTime:0.000348s ]
INFO: Run Behavior\CheckLangBehavior [ RunTime:0.000270s ]
INFO: [ app_begin ] --END-- [ RunTime:0.000896s ]
SQL: SHOW COLUMNS FROM `m_upcard` [ RunTime:0.0009s ]
SQL: UPDATE `m_upcard` SET `mstatus`='1' WHERE `id` = 1 [ RunTime:0.0004s ]

[ 2015-10-13T18:07:05+08:00 ] 117.24.24.45 /index.php?s=/Upcard/managersign.html
INFO: [ app_begin ] --START--
INFO: Run Behavior\ReadHtmlCacheBehavior [ RunTime:0.000322s ]
INFO: Run Behavior\CheckLangBehavior [ RunTime:0.000287s ]
INFO: [ app_begin ] --END-- [ RunTime:0.000882s ]
SQL: SHOW COLUMNS FROM `m_upcard` [ RunTime:0.0008s ]
SQL: UPDATE `m_upcard` SET `mstatus`='1' WHERE `id` = 66 [ RunTime:0.0160s ]

