[ 2015-11-17T13:39:35+08:00 ] 120.33.62.118 /index.php?s=/Out/signDown.html
INFO: [ app_begin ] --START--
INFO: Run Behavior\ReadHtmlCacheBehavior [ RunTime:0.000356s ]
INFO: Run Behavior\CheckLangBehavior [ RunTime:0.000275s ]
INFO: [ app_begin ] --END-- [ RunTime:0.000973s ]
SQL: SHOW COLUMNS FROM `m_outform` [ RunTime:0.0009s ]
SQL: UPDATE `m_outform` SET `endDate`='1448380800',`expectedReason`='kjhh个，更好，，更何况，',`backTime`='1447738775',`status`='1' WHERE `id` = 15 [ RunTime:0.1548s ]

[ 2015-11-17T13:52:13+08:00 ] 120.33.62.118 /index.php?s=/Upcard/signUp.html
INFO: [ app_begin ] --START--
INFO: Run Behavior\ReadHtmlCacheBehavior [ RunTime:0.000365s ]
INFO: Run Behavior\CheckLangBehavior [ RunTime:0.000348s ]
INFO: [ app_begin ] --END-- [ RunTime:0.001027s ]
SQL: SHOW COLUMNS FROM `m_upcard` [ RunTime:0.0008s ]
SQL: INSERT INTO `m_upcard` (`uid`,`signTime`,`upcardTime`,`managersignal`,`directorsignal`,`colleagueText`,`reason`) VALUES ('10','1447862400','上午上班','6','7','','那个号那你们好久没呢') [ RunTime:0.0442s ]

[ 2015-11-17T14:02:41+08:00 ] 120.33.62.118 /index.php?s=/Out/signUp.html
INFO: [ app_begin ] --START--
INFO: Run Behavior\ReadHtmlCacheBehavior [ RunTime:0.000379s ]
INFO: Run Behavior\CheckLangBehavior [ RunTime:0.000274s ]
INFO: [ app_begin ] --END-- [ RunTime:0.001050s ]
SQL: SHOW COLUMNS FROM `m_outform` [ RunTime:0.0010s ]
SQL: INSERT INTO `m_outform` (`uid`,`signDate`,`startDate`,`expectedTime`,`outReason`,`createTime`) VALUES ('10','1448467200','1448899200','3h','vbnvcn','1447740161') [ RunTime:0.0278s ]

[ 2015-11-17T14:11:42+08:00 ] 120.33.62.118 /index.php?s=/Out/signDown.html
INFO: [ app_begin ] --START--
INFO: Run Behavior\ReadHtmlCacheBehavior [ RunTime:0.000347s ]
INFO: Run Behavior\CheckLangBehavior [ RunTime:0.000297s ]
INFO: [ app_begin ] --END-- [ RunTime:0.000944s ]
SQL: SHOW COLUMNS FROM `m_outform` [ RunTime:0.0008s ]
SQL: UPDATE `m_outform` SET `endDate`='1448208000',`expectedReason`='fdgdfg',`backTime`='1447740701',`status`='1' WHERE `id` = 16 [ RunTime:0.0334s ]

[ 2015-11-17T14:11:48+08:00 ] 120.33.62.118 /index.php?s=/Out/signDown.html
INFO: [ app_begin ] --START--
INFO: Run Behavior\ReadHtmlCacheBehavior [ RunTime:0.000381s ]
INFO: Run Behavior\CheckLangBehavior [ RunTime:0.000300s ]
INFO: [ app_begin ] --END-- [ RunTime:0.000964s ]
SQL: SHOW COLUMNS FROM `m_outform` [ RunTime:0.0009s ]
SQL: UPDATE `m_outform` SET `endDate`='1448208000',`expectedReason`='fdgdfg',`backTime`='1447740708',`status`='1' WHERE `id` = 16 [ RunTime:0.0292s ]

[ 2015-11-17T14:12:03+08:00 ] 120.33.62.118 /index.php?s=/Out/signUp.html
INFO: [ app_begin ] --START--
INFO: Run Behavior\ReadHtmlCacheBehavior [ RunTime:0.000346s ]
INFO: Run Behavior\CheckLangBehavior [ RunTime:0.000264s ]
INFO: [ app_begin ] --END-- [ RunTime:0.000888s ]
SQL: SHOW COLUMNS FROM `m_outform` [ RunTime:0.0009s ]
SQL: INSERT INTO `m_outform` (`uid`,`signDate`,`startDate`,`expectedTime`,`outReason`,`createTime`) VALUES ('10','1447862400','1448294400','5h','gbfdgdfg','1447740723') [ RunTime:0.0327s ]

[ 2015-11-17T16:22:14+08:00 ] 120.33.62.118 /index.php?s=/Off/signUp.html
INFO: [ app_begin ] --START--
INFO: Run Behavior\ReadHtmlCacheBehavior [ RunTime:0.000397s ]
INFO: Run Behavior\CheckLangBehavior [ RunTime:0.000289s ]
INFO: [ app_begin ] --END-- [ RunTime:0.000992s ]
SQL: SHOW COLUMNS FROM `m_off` [ RunTime:0.0008s ]
SQL: INSERT INTO `m_off` (`uid`,`signTime`,`startTime`,`endTime`,`days`,`type`,`managersignal`,`directorsignal`,`reason`) VALUES ('10','1447748521','1447776000','1448985600','14天0小时','2','6','7','古典风格') [ RunTime:0.1086s ]

[ 2015-11-17T16:30:11+08:00 ] 120.33.62.118 /index.php?s=/Out/lists.html
ERR: SQLSTATE[42S22]: Column not found: 1054 Unknown column 'createTime' in 'order clause'

[ 2015-11-17T16:32:23+08:00 ] 120.33.62.118 /index.php?s=/Out/lists.html
ERR: SQLSTATE[42S22]: Column not found: 1054 Unknown column 'createTime' in 'order clause'

