[ 2015-10-14T09:14:03+08:00 ] 117.24.24.45 /index.php?s=/Upcard/signUp.html
INFO: [ app_begin ] --START--
INFO: Run Behavior\ReadHtmlCacheBehavior [ RunTime:0.000332s ]
INFO: Run Behavior\CheckLangBehavior [ RunTime:0.000371s ]
INFO: [ app_begin ] --END-- [ RunTime:0.001007s ]
SQL: SHOW COLUMNS FROM `m_upcard` [ RunTime:0.0009s ]
SQL: INSERT INTO `m_upcard` (`uid`,`signTime`,`upcardTime`,`managersignal`,`directorsignal`,`colleagueText`,`reason`) VALUES ('4','1444838400','上午上班','6','0','','dfdsdf') [ RunTime:0.1590s ]

[ 2015-10-14T09:15:12+08:00 ] 117.24.24.45 /index.php?s=/Upcard/signUp.html
INFO: [ app_begin ] --START--
INFO: Run Behavior\ReadHtmlCacheBehavior [ RunTime:0.000399s ]
INFO: Run Behavior\CheckLangBehavior [ RunTime:0.000446s ]
INFO: [ app_begin ] --END-- [ RunTime:0.001169s ]
SQL: SHOW COLUMNS FROM `m_upcard` [ RunTime:0.0009s ]
SQL: INSERT INTO `m_upcard` (`uid`,`signTime`,`upcardTime`,`managersignal`,`directorsignal`,`colleagueText`,`reason`) VALUES ('4','1445443200','下午上班;下午下班','5','0','','dfdsgfg') [ RunTime:0.0156s ]

[ 2015-10-14T09:21:29+08:00 ] 117.24.24.45 /index.php?s=/Upcard/managersign.html
INFO: [ app_begin ] --START--
INFO: Run Behavior\ReadHtmlCacheBehavior [ RunTime:0.000334s ]
INFO: Run Behavior\CheckLangBehavior [ RunTime:0.000268s ]
INFO: [ app_begin ] --END-- [ RunTime:0.000908s ]
SQL: SHOW COLUMNS FROM `m_upcard` [ RunTime:0.0008s ]
SQL: UPDATE `m_upcard` SET `mstatus`='1' WHERE `id` = 69 [ RunTime:0.0153s ]

[ 2015-10-14T09:37:45+08:00 ] 117.24.24.45 /index.php?s=/Upcard/managersign.html
INFO: [ app_begin ] --START--
INFO: Run Behavior\ReadHtmlCacheBehavior [ RunTime:0.000335s ]
INFO: Run Behavior\CheckLangBehavior [ RunTime:0.000294s ]
INFO: [ app_begin ] --END-- [ RunTime:0.000899s ]
SQL: SHOW COLUMNS FROM `m_upcard` [ RunTime:0.0008s ]
SQL: UPDATE `m_upcard` SET `mstatus`='1' WHERE `id` = 68 [ RunTime:0.0208s ]

[ 2015-10-14T09:42:10+08:00 ] 117.24.24.45 /index.php?s=/Upcard/signUp.html
INFO: [ app_begin ] --START--
INFO: Run Behavior\ReadHtmlCacheBehavior [ RunTime:0.000399s ]
INFO: Run Behavior\CheckLangBehavior [ RunTime:0.000296s ]
INFO: [ app_begin ] --END-- [ RunTime:0.001010s ]
SQL: SHOW COLUMNS FROM `m_upcard` [ RunTime:0.0009s ]
SQL: INSERT INTO `m_upcard` (`uid`,`signTime`,`upcardTime`,`managersignal`,`directorsignal`,`colleagueText`,`reason`) VALUES ('4','1444838400','上午下班;下午上班','5','0','','fdsfdf') [ RunTime:0.0417s ]

[ 2015-10-14T09:42:22+08:00 ] 117.24.24.45 /index.php?s=/Upcard/managersign.html
INFO: [ app_begin ] --START--
INFO: Run Behavior\ReadHtmlCacheBehavior [ RunTime:0.000407s ]
INFO: Run Behavior\CheckLangBehavior [ RunTime:0.000285s ]
INFO: [ app_begin ] --END-- [ RunTime:0.000996s ]
SQL: SHOW COLUMNS FROM `m_upcard` [ RunTime:0.0009s ]
SQL: UPDATE `m_upcard` SET `mstatus`='1' WHERE `id` = 70 [ RunTime:0.0304s ]

[ 2015-10-14T09:45:05+08:00 ] 117.24.24.45 /index.php?s=/Upcard/signUp.html
INFO: [ app_begin ] --START--
INFO: Run Behavior\ReadHtmlCacheBehavior [ RunTime:0.000398s ]
INFO: Run Behavior\CheckLangBehavior [ RunTime:0.000299s ]
INFO: [ app_begin ] --END-- [ RunTime:0.000971s ]
SQL: SHOW COLUMNS FROM `m_upcard` [ RunTime:0.0009s ]
SQL: INSERT INTO `m_upcard` (`uid`,`signTime`,`upcardTime`,`managersignal`,`directorsignal`,`colleagueText`,`reason`) VALUES ('4','1444838400','上午上班;上午下班;下午上班','5','0','','hjgh') [ RunTime:0.0142s ]

[ 2015-10-14T09:45:10+08:00 ] 117.24.24.45 /index.php?s=/Upcard/managersign.html
INFO: [ app_begin ] --START--
INFO: Run Behavior\ReadHtmlCacheBehavior [ RunTime:0.000329s ]
INFO: Run Behavior\CheckLangBehavior [ RunTime:0.000270s ]
INFO: [ app_begin ] --END-- [ RunTime:0.000963s ]
SQL: SHOW COLUMNS FROM `m_upcard` [ RunTime:0.0009s ]
SQL: UPDATE `m_upcard` SET `mstatus`='1' WHERE `id` = 71 [ RunTime:0.0147s ]

[ 2015-10-14T09:49:02+08:00 ] 117.24.24.45 /index.php?s=/Upcard/signUp.html
INFO: [ app_begin ] --START--
INFO: Run Behavior\ReadHtmlCacheBehavior [ RunTime:0.000409s ]
INFO: Run Behavior\CheckLangBehavior [ RunTime:0.000273s ]
INFO: [ app_begin ] --END-- [ RunTime:0.000958s ]
SQL: SHOW COLUMNS FROM `m_upcard` [ RunTime:0.0009s ]
SQL: INSERT INTO `m_upcard` (`uid`,`signTime`,`upcardTime`,`managersignal`,`directorsignal`,`colleagueText`,`reason`) VALUES ('4','1445443200','上午下班;下午上班','5','0','','dfdsfdfdf') [ RunTime:0.0299s ]

[ 2015-10-14T09:49:09+08:00 ] 117.24.24.45 /index.php?s=/Upcard/managersign.html
INFO: [ app_begin ] --START--
INFO: Run Behavior\ReadHtmlCacheBehavior [ RunTime:0.000337s ]
INFO: Run Behavior\CheckLangBehavior [ RunTime:0.000266s ]
INFO: [ app_begin ] --END-- [ RunTime:0.000941s ]
SQL: SHOW COLUMNS FROM `m_upcard` [ RunTime:0.0009s ]
SQL: UPDATE `m_upcard` SET `mstatus`='1' WHERE `id` = 72 [ RunTime:0.0134s ]

[ 2015-10-14T09:56:52+08:00 ] 117.24.24.45 /index.php?s=/Upcard/signUp.html
INFO: [ app_begin ] --START--
INFO: Run Behavior\ReadHtmlCacheBehavior [ RunTime:0.000316s ]
INFO: Run Behavior\CheckLangBehavior [ RunTime:0.000286s ]
INFO: [ app_begin ] --END-- [ RunTime:0.000872s ]
SQL: SHOW COLUMNS FROM `m_upcard` [ RunTime:0.0009s ]
SQL: INSERT INTO `m_upcard` (`uid`,`signTime`,`upcardTime`,`managersignal`,`directorsignal`,`colleagueText`,`reason`) VALUES ('4','1444838400','上午下班;下午上班','6','0','','ddddddd') [ RunTime:0.0422s ]

[ 2015-10-14T09:56:59+08:00 ] 117.24.24.45 /index.php?s=/Upcard/managersign.html
INFO: [ app_begin ] --START--
INFO: Run Behavior\ReadHtmlCacheBehavior [ RunTime:0.000375s ]
INFO: Run Behavior\CheckLangBehavior [ RunTime:0.000301s ]
INFO: [ app_begin ] --END-- [ RunTime:0.001033s ]
SQL: SHOW COLUMNS FROM `m_upcard` [ RunTime:0.0011s ]
SQL: UPDATE `m_upcard` SET `mstatus`='1' WHERE `id` = 73 [ RunTime:0.0151s ]

[ 2015-10-14T10:01:28+08:00 ] 117.24.24.45 /index.php?s=/Upcard/signUp.html
INFO: [ app_begin ] --START--
INFO: Run Behavior\ReadHtmlCacheBehavior [ RunTime:0.000407s ]
INFO: Run Behavior\CheckLangBehavior [ RunTime:0.000295s ]
INFO: [ app_begin ] --END-- [ RunTime:0.001033s ]
SQL: SHOW COLUMNS FROM `m_upcard` [ RunTime:0.0008s ]
SQL: INSERT INTO `m_upcard` (`uid`,`signTime`,`upcardTime`,`managersignal`,`directorsignal`,`colleagueText`,`reason`) VALUES ('4','1445529600','上午下班;下午上班','6','0','','jjjjjj') [ RunTime:0.0237s ]

[ 2015-10-14T10:01:40+08:00 ] 117.24.24.45 /index.php?s=/Upcard/managersign.html
INFO: [ app_begin ] --START--
INFO: Run Behavior\ReadHtmlCacheBehavior [ RunTime:0.000403s ]
INFO: Run Behavior\CheckLangBehavior [ RunTime:0.000280s ]
INFO: [ app_begin ] --END-- [ RunTime:0.000992s ]
SQL: SHOW COLUMNS FROM `m_upcard` [ RunTime:0.0012s ]
SQL: UPDATE `m_upcard` SET `mstatus`='1' WHERE `id` = 74 [ RunTime:0.0176s ]

[ 2015-10-14T14:10:08+08:00 ] 120.33.62.14 /index.php?s=/Upcard/alists.html
ERR: 模板不存在:./Application/Staff/View/Upcard/alists.html

[ 2015-10-14T14:10:08+08:00 ] 120.33.62.14 /index.php?s=/Upcard/alists.html
ERR: 模板不存在:./Application/Staff/View/Upcard/alists.html

[ 2015-10-14T14:58:10+08:00 ] 120.33.62.14 /index.php?s=/Upcard/alists.html
ERR: SQLSTATE[23000]: Integrity constraint violation: 1052 Column 'uid' in field list is ambiguous

[ 2015-10-14T15:09:27+08:00 ] 120.33.62.14 /index.php?s=/Upcard/lists.html
ERR: SQLSTATE[23000]: Integrity constraint violation: 1052 Column 'uid' in where clause is ambiguous

[ 2015-10-14T15:10:30+08:00 ] 120.33.62.14 /index.php?s=/Upcard/lists.html
ERR: SQLSTATE[42S22]: Column not found: 1054 Unknown column 'm_user.uid' in 'where clause'

[ 2015-10-14T15:25:45+08:00 ] 120.33.62.14 /index.php?s=/Upcard/signUp.html
INFO: [ app_begin ] --START--
INFO: Run Behavior\ReadHtmlCacheBehavior [ RunTime:0.000344s ]
INFO: Run Behavior\CheckLangBehavior [ RunTime:0.000297s ]
INFO: [ app_begin ] --END-- [ RunTime:0.000914s ]

[ 2015-10-14T15:25:49+08:00 ] 120.33.62.14 /index.php?s=/Upcard/signUp.html
INFO: [ app_begin ] --START--
INFO: Run Behavior\ReadHtmlCacheBehavior [ RunTime:0.000362s ]
INFO: Run Behavior\CheckLangBehavior [ RunTime:0.000284s ]
INFO: [ app_begin ] --END-- [ RunTime:0.000920s ]

[ 2015-10-14T15:25:56+08:00 ] 120.33.62.14 /index.php?s=/Upcard/signUp.html
INFO: [ app_begin ] --START--
INFO: Run Behavior\ReadHtmlCacheBehavior [ RunTime:0.000386s ]
INFO: Run Behavior\CheckLangBehavior [ RunTime:0.000292s ]
INFO: [ app_begin ] --END-- [ RunTime:0.001000s ]

[ 2015-10-14T15:28:30+08:00 ] 120.33.62.14 /index.php?s=/Upcard/signUp.html
INFO: [ app_begin ] --START--
INFO: Run Behavior\ReadHtmlCacheBehavior [ RunTime:0.000329s ]
INFO: Run Behavior\CheckLangBehavior [ RunTime:0.000305s ]
INFO: [ app_begin ] --END-- [ RunTime:0.000910s ]

[ 2015-10-14T15:45:38+08:00 ] 120.33.62.14 /index.php?s=/Upcard/signUp.html
INFO: [ app_begin ] --START--
INFO: Run Behavior\ReadHtmlCacheBehavior [ RunTime:0.000420s ]
INFO: Run Behavior\CheckLangBehavior [ RunTime:0.000500s ]
INFO: [ app_begin ] --END-- [ RunTime:0.001247s ]

[ 2015-10-14T15:45:51+08:00 ] 120.33.62.14 /index.php?s=/Upcard/signUp.html
INFO: [ app_begin ] --START--
INFO: Run Behavior\ReadHtmlCacheBehavior [ RunTime:0.000315s ]
INFO: Run Behavior\CheckLangBehavior [ RunTime:0.000270s ]
INFO: [ app_begin ] --END-- [ RunTime:0.000880s ]

[ 2015-10-14T15:46:02+08:00 ] 120.33.62.14 /index.php?s=/Upcard/signUp.html
INFO: [ app_begin ] --START--
INFO: Run Behavior\ReadHtmlCacheBehavior [ RunTime:0.000319s ]
INFO: Run Behavior\CheckLangBehavior [ RunTime:0.000290s ]
INFO: [ app_begin ] --END-- [ RunTime:0.000881s ]

[ 2015-10-14T15:46:43+08:00 ] 120.33.62.14 /index.php?s=/Upcard/signUp.html
INFO: [ app_begin ] --START--
INFO: Run Behavior\ReadHtmlCacheBehavior [ RunTime:0.000323s ]
INFO: Run Behavior\CheckLangBehavior [ RunTime:0.000268s ]
INFO: [ app_begin ] --END-- [ RunTime:0.000893s ]
SQL: SHOW COLUMNS FROM `m_upcard` [ RunTime:0.0009s ]
SQL: INSERT INTO `m_upcard` (`uid`,`signTime`,`upcardTime`,`managersignal`,`directorsignal`,`colleagueText`,`reason`) VALUES ('4','1445529600','上午下班;下午上班','5','7','','ddsd') [ RunTime:0.0276s ]

[ 2015-10-14T15:55:41+08:00 ] 120.33.62.14 /index.php?s=/Upcard/signUp.html
INFO: [ app_begin ] --START--
INFO: Run Behavior\ReadHtmlCacheBehavior [ RunTime:0.000439s ]
INFO: Run Behavior\CheckLangBehavior [ RunTime:0.000348s ]
INFO: [ app_begin ] --END-- [ RunTime:0.001107s ]
SQL: SHOW COLUMNS FROM `m_upcard` [ RunTime:0.0008s ]
SQL: INSERT INTO `m_upcard` (`uid`,`signTime`,`upcardTime`,`managersignal`,`directorsignal`,`colleagueText`,`reason`) VALUES ('4','1445574876','上午下班;下午上班','6','7','','sfdfsdf') [ RunTime:0.0336s ]

[ 2015-10-14T16:36:10+08:00 ] 120.33.62.14 /index.php?s=/Upcard/managersign.html
INFO: [ app_begin ] --START--
INFO: Run Behavior\ReadHtmlCacheBehavior [ RunTime:0.000488s ]
INFO: Run Behavior\CheckLangBehavior [ RunTime:0.000396s ]
INFO: [ app_begin ] --END-- [ RunTime:0.001221s ]
SQL: SHOW COLUMNS FROM `m_upcard` [ RunTime:0.0008s ]
SQL: UPDATE `m_upcard` SET `mstatus`='1' WHERE `id` = 76 [ RunTime:0.0290s ]

[ 2015-10-14T17:11:51+08:00 ] 120.33.62.14 /index.php?s=/Upcard/signUp.html
INFO: [ app_begin ] --START--
INFO: Run Behavior\ReadHtmlCacheBehavior [ RunTime:0.000354s ]
INFO: Run Behavior\CheckLangBehavior [ RunTime:0.000267s ]
INFO: [ app_begin ] --END-- [ RunTime:0.000920s ]
SQL: SHOW COLUMNS FROM `m_upcard` [ RunTime:0.0010s ]
SQL: INSERT INTO `m_upcard` (`uid`,`signTime`,`upcardTime`,`managersignal`,`directorsignal`,`colleagueText`,`reason`) VALUES ('5','1445529600','','0','0','','') [ RunTime:0.0458s ]

[ 2015-10-14T17:11:51+08:00 ] 120.33.62.14 /index.php?s=/Attence/lists.html
ERR: 非法操作:lists

[ 2015-10-14T17:16:58+08:00 ] 120.33.62.14 /index.php?s=/Attence/import.html
INFO: [ app_begin ] --START--
INFO: Run Behavior\ReadHtmlCacheBehavior [ RunTime:0.000350s ]
INFO: Run Behavior\CheckLangBehavior [ RunTime:0.000269s ]
INFO: [ app_begin ] --END-- [ RunTime:0.000896s ]

[ 2015-10-14T17:19:24+08:00 ] 120.33.62.14 /index.php?s=/Attence/import.html
INFO: [ app_begin ] --START--
INFO: Run Behavior\ReadHtmlCacheBehavior [ RunTime:0.000362s ]
INFO: Run Behavior\CheckLangBehavior [ RunTime:0.000267s ]
INFO: [ app_begin ] --END-- [ RunTime:0.000904s ]

[ 2015-10-14T17:19:26+08:00 ] 120.33.62.14 /index.php?s=/Attence/import.html
INFO: [ app_begin ] --START--
INFO: Run Behavior\ReadHtmlCacheBehavior [ RunTime:0.000393s ]
INFO: Run Behavior\CheckLangBehavior [ RunTime:0.000273s ]
INFO: [ app_begin ] --END-- [ RunTime:0.000972s ]

[ 2015-10-14T17:19:27+08:00 ] 120.33.62.14 /index.php?s=/Attence/import.html
INFO: [ app_begin ] --START--
INFO: Run Behavior\ReadHtmlCacheBehavior [ RunTime:0.000371s ]
INFO: Run Behavior\CheckLangBehavior [ RunTime:0.000303s ]
INFO: [ app_begin ] --END-- [ RunTime:0.000964s ]

[ 2015-10-14T17:19:28+08:00 ] 120.33.62.14 /index.php?s=/Attence/import.html
INFO: [ app_begin ] --START--
INFO: Run Behavior\ReadHtmlCacheBehavior [ RunTime:0.000404s ]
INFO: Run Behavior\CheckLangBehavior [ RunTime:0.000283s ]
INFO: [ app_begin ] --END-- [ RunTime:0.000969s ]

[ 2015-10-14T17:19:29+08:00 ] 120.33.62.14 /index.php?s=/Attence/import.html
INFO: [ app_begin ] --START--
INFO: Run Behavior\ReadHtmlCacheBehavior [ RunTime:0.000351s ]
INFO: Run Behavior\CheckLangBehavior [ RunTime:0.000268s ]
INFO: [ app_begin ] --END-- [ RunTime:0.000895s ]

[ 2015-10-14T17:19:37+08:00 ] 120.33.62.14 /index.php?s=/Attence/import.html
INFO: [ app_begin ] --START--
INFO: Run Behavior\ReadHtmlCacheBehavior [ RunTime:0.000335s ]
INFO: Run Behavior\CheckLangBehavior [ RunTime:0.000276s ]
INFO: [ app_begin ] --END-- [ RunTime:0.000914s ]

[ 2015-10-14T17:20:50+08:00 ] 120.33.62.14 /index.php?s=/Upcard/directorsign.html
INFO: [ app_begin ] --START--
INFO: Run Behavior\ReadHtmlCacheBehavior [ RunTime:0.000319s ]
INFO: Run Behavior\CheckLangBehavior [ RunTime:0.000262s ]
INFO: [ app_begin ] --END-- [ RunTime:0.000870s ]
SQL: SHOW COLUMNS FROM `m_upcard` [ RunTime:0.0011s ]
SQL: UPDATE `m_upcard` SET `dstatus`='1' WHERE `id` = 76 [ RunTime:0.0348s ]

[ 2015-10-14T17:36:30+08:00 ] 120.33.62.14 /index.php?s=/Attence/import.html
INFO: [ app_begin ] --START--
INFO: Run Behavior\ReadHtmlCacheBehavior [ RunTime:0.000399s ]
INFO: Run Behavior\CheckLangBehavior [ RunTime:0.000285s ]
INFO: [ app_begin ] --END-- [ RunTime:0.000990s ]

[ 2015-10-14T17:37:40+08:00 ] 120.33.62.14 /index.php?s=/Attence/import.html
INFO: [ app_begin ] --START--
INFO: Run Behavior\ReadHtmlCacheBehavior [ RunTime:0.000347s ]
INFO: Run Behavior\CheckLangBehavior [ RunTime:0.000269s ]
INFO: [ app_begin ] --END-- [ RunTime:0.000890s ]

[ 2015-10-14T17:38:16+08:00 ] 120.33.62.14 /index.php?s=/Attence/import.html
INFO: [ app_begin ] --START--
INFO: Run Behavior\ReadHtmlCacheBehavior [ RunTime:0.000349s ]
INFO: Run Behavior\CheckLangBehavior [ RunTime:0.000323s ]
INFO: [ app_begin ] --END-- [ RunTime:0.001039s ]

[ 2015-10-14T17:38:22+08:00 ] 120.33.62.14 /index.php?s=/Attence/import.html
INFO: [ app_begin ] --START--
INFO: Run Behavior\ReadHtmlCacheBehavior [ RunTime:0.000340s ]
INFO: Run Behavior\CheckLangBehavior [ RunTime:0.000267s ]
INFO: [ app_begin ] --END-- [ RunTime:0.000877s ]

[ 2015-10-14T17:39:50+08:00 ] 120.33.62.14 /index.php?s=/Attence/import.html
INFO: [ app_begin ] --START--
INFO: Run Behavior\ReadHtmlCacheBehavior [ RunTime:0.000318s ]
INFO: Run Behavior\CheckLangBehavior [ RunTime:0.000281s ]
INFO: [ app_begin ] --END-- [ RunTime:0.000890s ]

[ 2015-10-14T17:39:53+08:00 ] 120.33.62.14 /index.php?s=/Attence/import.html
INFO: [ app_begin ] --START--
INFO: Run Behavior\ReadHtmlCacheBehavior [ RunTime:0.000323s ]
INFO: Run Behavior\CheckLangBehavior [ RunTime:0.000284s ]
INFO: [ app_begin ] --END-- [ RunTime:0.000910s ]

