[ 2015-10-24T09:58:48+08:00 ] 120.37.153.144 /index.php?s=/Off/signUp.html
INFO: [ app_begin ] --START--
INFO: Run Behavior\ReadHtmlCacheBehavior [ RunTime:0.000319s ]
INFO: Run Behavior\CheckLangBehavior [ RunTime:0.000292s ]
INFO: [ app_begin ] --END-- [ RunTime:0.000881s ]
SQL: SHOW COLUMNS FROM `m_off` [ RunTime:0.0009s ]
SQL: INSERT INTO `m_off` (`uid`,`signTime`,`startTime`,`endTime`,`days`,`type`,`managersignal`,`directorsignal`,`reason`) VALUES ('10','1445961600','1445443200','1445529600','1','2','5','7','dsd') [ RunTime:0.1649s ]

[ 2015-10-24T10:27:54+08:00 ] 120.37.153.144 /index.php?s=/Off/signUp.html
INFO: [ app_begin ] --START--
INFO: Run Behavior\ReadHtmlCacheBehavior [ RunTime:0.000361s ]
INFO: Run Behavior\CheckLangBehavior [ RunTime:0.000303s ]
INFO: [ app_begin ] --END-- [ RunTime:0.000964s ]
SQL: SHOW COLUMNS FROM `m_off` [ RunTime:0.0009s ]
SQL: INSERT INTO `m_off` (`uid`,`signTime`,`startTime`,`endTime`,`days`,`type`,`managersignal`,`directorsignal`,`reason`) VALUES ('1','1445788800','1446159600','1446248580','1','1','0','7','bfdbfdbfdbfdbfdbfdbfdbfdbfdbfdbfdbfdbfdbfdbfdbfdbfdbfdbfdbfdbfdbfdbfdbfdbfdbfdbfdbfdbfdbfdbfdbfdbfdbfdbfdbfdbfdbfdbfdbfdbfdbfdbfdbfdbfdbfdbfdbfdbfdbfdbfdbfdbfdbfdbfdbfdbfdbfdbfdbfdbfdbfdbfdbfdbfdbfdbfdbfdbfdbfdbfdbfdbfdbfdbfdbfdbfdbfdbfdbfd') [ RunTime:0.0829s ]

[ 2015-10-24T11:45:41+08:00 ] 120.37.153.144 /index.php?s=/Off/signUp.html
INFO: [ app_begin ] --START--
INFO: Run Behavior\ReadHtmlCacheBehavior [ RunTime:0.000358s ]
INFO: Run Behavior\CheckLangBehavior [ RunTime:0.000299s ]
INFO: [ app_begin ] --END-- [ RunTime:0.000952s ]
SQL: SHOW COLUMNS FROM `m_off` [ RunTime:0.0010s ]
SQL: INSERT INTO `m_off` (`uid`,`signTime`,`startTime`,`endTime`,`days`,`type`,`managersignal`,`directorsignal`,`reason`) VALUES ('10','1445658177','1444838400','1445788800','11','2','6','7','ddddddddddddddddddddddddd') [ RunTime:0.0593s ]

[ 2015-10-24T11:52:29+08:00 ] 120.37.153.144 /index.php?s=/Off/directorsign.html
INFO: [ app_begin ] --START--
INFO: Run Behavior\ReadHtmlCacheBehavior [ RunTime:0.000331s ]
INFO: Run Behavior\CheckLangBehavior [ RunTime:0.000382s ]
INFO: [ app_begin ] --END-- [ RunTime:0.000997s ]
SQL: SHOW COLUMNS FROM `m_upcard` [ RunTime:0.0008s ]
SQL: UPDATE `m_upcard` SET `dstatus`='1' WHERE `id` = 2 [ RunTime:0.0004s ]

[ 2015-10-24T11:55:37+08:00 ] 120.37.153.144 /index.php?s=/Off/directorsign.html
INFO: [ app_begin ] --START--
INFO: Run Behavior\ReadHtmlCacheBehavior [ RunTime:0.000447s ]
INFO: Run Behavior\CheckLangBehavior [ RunTime:0.000300s ]
INFO: [ app_begin ] --END-- [ RunTime:0.001049s ]
SQL: SHOW COLUMNS FROM `m_off` [ RunTime:0.0009s ]
SQL: UPDATE `m_off` SET `dstatus`='1' WHERE `id` = 2 [ RunTime:0.0136s ]

[ 2015-10-24T13:43:48+08:00 ] 120.37.153.144 /index.php?s=/Off/managersign.html
INFO: [ app_begin ] --START--
INFO: Run Behavior\ReadHtmlCacheBehavior [ RunTime:0.000508s ]
INFO: Run Behavior\CheckLangBehavior [ RunTime:0.000375s ]
INFO: [ app_begin ] --END-- [ RunTime:0.001284s ]
SQL: SHOW COLUMNS FROM `m_off` [ RunTime:0.0009s ]
SQL: UPDATE `m_off` SET `mstatus`='1' WHERE `id` = 3 [ RunTime:0.0832s ]

[ 2015-10-24T13:46:00+08:00 ] 120.37.153.144 /index.php?s=/Off/signUp.html
INFO: [ app_begin ] --START--
INFO: Run Behavior\ReadHtmlCacheBehavior [ RunTime:0.000472s ]
INFO: Run Behavior\CheckLangBehavior [ RunTime:0.000311s ]
INFO: [ app_begin ] --END-- [ RunTime:0.001093s ]
SQL: SHOW COLUMNS FROM `m_off` [ RunTime:0.0010s ]
SQL: INSERT INTO `m_off` (`uid`,`signTime`,`startTime`,`endTime`,`days`,`type`,`managersignal`,`directorsignal`,`reason`) VALUES ('5','1445665504','1445402073','1446281253','10','3','0','7','顶顶顶顶顶顶顶顶顶顶顶顶顶顶顶顶顶顶顶顶') [ RunTime:0.0407s ]

[ 2015-10-24T13:51:12+08:00 ] 120.37.153.144 /index.php?s=/Off/signUp.html
INFO: [ app_begin ] --START--
INFO: Run Behavior\ReadHtmlCacheBehavior [ RunTime:0.000506s ]
INFO: Run Behavior\CheckLangBehavior [ RunTime:0.000441s ]
INFO: [ app_begin ] --END-- [ RunTime:0.001448s ]
SQL: SHOW COLUMNS FROM `m_off` [ RunTime:0.0009s ]
SQL: INSERT INTO `m_off` (`uid`,`signTime`,`startTime`,`endTime`,`days`,`type`,`managersignal`,`directorsignal`,`reason`) VALUES ('5','1445665812','1445443200','1445961600','6','1','0','7','kklk') [ RunTime:0.0159s ]

[ 2015-10-24T13:55:38+08:00 ] 120.37.153.144 /index.php?s=/Off/signUp.html
INFO: [ app_begin ] --START--
INFO: Run Behavior\ReadHtmlCacheBehavior [ RunTime:0.000359s ]
INFO: Run Behavior\CheckLangBehavior [ RunTime:0.000284s ]
INFO: [ app_begin ] --END-- [ RunTime:0.000949s ]
SQL: SHOW COLUMNS FROM `m_off` [ RunTime:0.0009s ]
SQL: INSERT INTO `m_off` (`uid`,`signTime`,`startTime`,`endTime`,`days`,`type`,`managersignal`,`directorsignal`,`reason`) VALUES ('5','1445666125','1445443200','1446134400','8天0小时','1','0','8','hjhjhjh') [ RunTime:0.0163s ]

[ 2015-10-24T14:31:28+08:00 ] 120.37.153.144 /index.php?s=/User/index/uid/10.html
ERR: SQLSTATE[23000]: Integrity constraint violation: 1052 Column 'uid' in where clause is ambiguous

